Copyright 1986-2018 Xilinx, Inc. All Rights Reserved.
------------------------------------------------------------------------------------
| Tool Version : Vivado v.2018.2 (lin64) Build 2258646 Thu Jun 14 20:02:38 MDT 2018
| Date         : Sat Jun 15 12:13:51 2019
| Host         : anzThink running 64-bit Ubuntu 16.04.6 LTS
| Command      : upgrade_ip
| Device       : xc7z010clg225-1
------------------------------------------------------------------------------------

Upgrade Log for IP 'diagramm_ip_sha3v5_0_0'

1. Summary
----------

SUCCESS in the upgrade of diagramm_ip_sha3v5_0_0 (user.org:user:ip_sha3v5:1.0) from (Rev. 26) to (Rev. 27)






Copyright 1986-2018 Xilinx, Inc. All Rights Reserved.
------------------------------------------------------------------------------------
| Tool Version : Vivado v.2018.2 (lin64) Build 2258646 Thu Jun 14 20:02:38 MDT 2018
| Date         : Sat Jun 15 11:59:58 2019
| Host         : anzThink running 64-bit Ubuntu 16.04.6 LTS
| Command      : upgrade_ip
| Device       : xc7z010clg225-1
------------------------------------------------------------------------------------

Upgrade Log for IP 'diagramm_ip_sha3v5_0_0'

1. Summary
----------

SUCCESS in the upgrade of diagramm_ip_sha3v5_0_0 (user.org:user:ip_sha3v5:1.0) from (Rev. 25) to (Rev. 26)






Copyright 1986-2018 Xilinx, Inc. All Rights Reserved.
------------------------------------------------------------------------------------
| Tool Version : Vivado v.2018.2 (lin64) Build 2258646 Thu Jun 14 20:02:38 MDT 2018
| Date         : Sat Jun 15 11:26:45 2019
| Host         : anzThink running 64-bit Ubuntu 16.04.6 LTS
| Command      : upgrade_ip
| Device       : xc7z010clg225-1
------------------------------------------------------------------------------------

Upgrade Log for IP 'diagramm_ip_sha3v5_0_0'

1. Summary
----------

SUCCESS in the upgrade of diagramm_ip_sha3v5_0_0 (user.org:user:ip_sha3v5:1.0) from (Rev. 24) to (Rev. 25)






Copyright 1986-2018 Xilinx, Inc. All Rights Reserved.
------------------------------------------------------------------------------------
| Tool Version : Vivado v.2018.2 (lin64) Build 2258646 Thu Jun 14 20:02:38 MDT 2018
| Date         : Sat Jun 15 03:26:05 2019
| Host         : anzThink running 64-bit Ubuntu 16.04.6 LTS
| Command      : upgrade_ip
| Device       : xc7z010clg225-1
------------------------------------------------------------------------------------

Upgrade Log for IP 'diagramm_ip_sha3v5_0_0'

1. Summary
----------

SUCCESS in the upgrade of diagramm_ip_sha3v5_0_0 (user.org:user:ip_sha3v5:1.0) from (Rev. 23) to (Rev. 24)






Copyright 1986-2018 Xilinx, Inc. All Rights Reserved.
------------------------------------------------------------------------------------
| Tool Version : Vivado v.2018.2 (lin64) Build 2258646 Thu Jun 14 20:02:38 MDT 2018
| Date         : Sat Jun 15 03:14:34 2019
| Host         : anzThink running 64-bit Ubuntu 16.04.6 LTS
| Command      : upgrade_ip
| Device       : xc7z010clg225-1
------------------------------------------------------------------------------------

Upgrade Log for IP 'diagramm_ip_sha3v5_0_0'

1. Summary
----------

SUCCESS in the upgrade of diagramm_ip_sha3v5_0_0 (user.org:user:ip_sha3v5:1.0) from (Rev. 22) to (Rev. 23)






Copyright 1986-2018 Xilinx, Inc. All Rights Reserved.
------------------------------------------------------------------------------------
| Tool Version : Vivado v.2018.2 (lin64) Build 2258646 Thu Jun 14 20:02:38 MDT 2018
| Date         : Sat Jun 15 02:48:45 2019
| Host         : anzThink running 64-bit Ubuntu 16.04.6 LTS
| Command      : upgrade_ip
| Device       : xc7z010clg225-1
------------------------------------------------------------------------------------

Upgrade Log for IP 'diagramm_ip_sha3v5_0_0'

1. Summary
----------

SUCCESS in the upgrade of diagramm_ip_sha3v5_0_0 (user.org:user:ip_sha3v5:1.0) from (Rev. 21) to (Rev. 22)






Copyright 1986-2018 Xilinx, Inc. All Rights Reserved.
------------------------------------------------------------------------------------
| Tool Version : Vivado v.2018.2 (lin64) Build 2258646 Thu Jun 14 20:02:38 MDT 2018
| Date         : Sat Jun 15 02:37:19 2019
| Host         : anzThink running 64-bit Ubuntu 16.04.6 LTS
| Command      : upgrade_ip
| Device       : xc7z010clg225-1
------------------------------------------------------------------------------------

Upgrade Log for IP 'diagramm_ip_sha3v5_0_0'

1. Summary
----------

SUCCESS in the upgrade of diagramm_ip_sha3v5_0_0 (user.org:user:ip_sha3v5:1.0) from (Rev. 20) to (Rev. 21)






Copyright 1986-2018 Xilinx, Inc. All Rights Reserved.
------------------------------------------------------------------------------------
| Tool Version : Vivado v.2018.2 (lin64) Build 2258646 Thu Jun 14 20:02:38 MDT 2018
| Date         : Sat Jun 15 02:26:29 2019
| Host         : anzThink running 64-bit unknown
| Command      : upgrade_ip
| Device       : xc7z010clg225-1
------------------------------------------------------------------------------------

Upgrade Log for IP 'diagramm_ip_sha3v5_0_0'

1. Summary
----------

SUCCESS in the upgrade of diagramm_ip_sha3v5_0_0 (user.org:user:ip_sha3v5:1.0) from (Rev. 19) to (Rev. 20)






Copyright 1986-2018 Xilinx, Inc. All Rights Reserved.
------------------------------------------------------------------------------------
| Tool Version : Vivado v.2018.2 (lin64) Build 2258646 Thu Jun 14 20:02:38 MDT 2018
| Date         : Sat Jun 15 02:03:12 2019
| Host         : anzThink running 64-bit Ubuntu 16.04.6 LTS
| Command      : upgrade_ip
| Device       : xc7z010clg225-1
------------------------------------------------------------------------------------

Upgrade Log for IP 'diagramm_ip_sha3v5_0_0'

1. Summary
----------

SUCCESS in the upgrade of diagramm_ip_sha3v5_0_0 (user.org:user:ip_sha3v5:1.0) from (Rev. 18) to (Rev. 19)






Copyright 1986-2018 Xilinx, Inc. All Rights Reserved.
------------------------------------------------------------------------------------
| Tool Version : Vivado v.2018.2 (lin64) Build 2258646 Thu Jun 14 20:02:38 MDT 2018
| Date         : Sat Jun 15 01:47:18 2019
| Host         : anzThink running 64-bit Ubuntu 16.04.6 LTS
| Command      : upgrade_ip
| Device       : xc7z010clg225-1
------------------------------------------------------------------------------------

Upgrade Log for IP 'diagramm_ip_sha3v5_0_0'

1. Summary
----------

SUCCESS in the upgrade of diagramm_ip_sha3v5_0_0 (user.org:user:ip_sha3v5:1.0) from (Rev. 17) to (Rev. 18)






Copyright 1986-2018 Xilinx, Inc. All Rights Reserved.
------------------------------------------------------------------------------------
| Tool Version : Vivado v.2018.2 (lin64) Build 2258646 Thu Jun 14 20:02:38 MDT 2018
| Date         : Sat Jun 15 01:33:47 2019
| Host         : anzThink running 64-bit Ubuntu 16.04.6 LTS
| Command      : upgrade_ip
| Device       : xc7z010clg225-1
------------------------------------------------------------------------------------

Upgrade Log for IP 'diagramm_ip_sha3v5_0_0'

1. Summary
----------

SUCCESS in the upgrade of diagramm_ip_sha3v5_0_0 (user.org:user:ip_sha3v5:1.0) from (Rev. 16) to (Rev. 17)






Copyright 1986-2018 Xilinx, Inc. All Rights Reserved.
------------------------------------------------------------------------------------
| Tool Version : Vivado v.2018.2 (lin64) Build 2258646 Thu Jun 14 20:02:38 MDT 2018
| Date         : Sat Jun 15 01:22:18 2019
| Host         : anzThink running 64-bit Ubuntu 16.04.6 LTS
| Command      : upgrade_ip
| Device       : xc7z010clg225-1
------------------------------------------------------------------------------------

Upgrade Log for IP 'diagramm_ip_sha3v5_0_0'

1. Summary
----------

SUCCESS in the upgrade of diagramm_ip_sha3v5_0_0 (user.org:user:ip_sha3v5:1.0) from (Rev. 15) to (Rev. 16)






Copyright 1986-2018 Xilinx, Inc. All Rights Reserved.
------------------------------------------------------------------------------------
| Tool Version : Vivado v.2018.2 (lin64) Build 2258646 Thu Jun 14 20:02:38 MDT 2018
| Date         : Sat Jun 15 00:59:52 2019
| Host         : anzThink running 64-bit Ubuntu 16.04.6 LTS
| Command      : upgrade_ip
| Device       : xc7z010clg225-1
------------------------------------------------------------------------------------

Upgrade Log for IP 'diagramm_ip_sha3v5_0_0'

1. Summary
----------

SUCCESS in the upgrade of diagramm_ip_sha3v5_0_0 (user.org:user:ip_sha3v5:1.0) from (Rev. 14) to (Rev. 15)






Copyright 1986-2018 Xilinx, Inc. All Rights Reserved.
------------------------------------------------------------------------------------
| Tool Version : Vivado v.2018.2 (lin64) Build 2258646 Thu Jun 14 20:02:38 MDT 2018
| Date         : Fri Jun 14 23:48:08 2019
| Host         : anzThink running 64-bit Ubuntu 16.04.6 LTS
| Command      : upgrade_ip
| Device       : xc7z010clg225-1
------------------------------------------------------------------------------------

Upgrade Log for IP 'diagramm_ip_sha3v5_0_0'

1. Summary
----------

SUCCESS in the upgrade of diagramm_ip_sha3v5_0_0 (user.org:user:ip_sha3v5:1.0) from (Rev. 13) to (Rev. 14)






Copyright 1986-2018 Xilinx, Inc. All Rights Reserved.
------------------------------------------------------------------------------------
| Tool Version : Vivado v.2018.2 (lin64) Build 2258646 Thu Jun 14 20:02:38 MDT 2018
| Date         : Fri Jun 14 23:13:00 2019
| Host         : anzThink running 64-bit Ubuntu 16.04.6 LTS
| Command      : upgrade_ip
| Device       : xc7z010clg225-1
------------------------------------------------------------------------------------

Upgrade Log for IP 'diagramm_ip_sha3v5_0_0'

1. Summary
----------

SUCCESS in the upgrade of diagramm_ip_sha3v5_0_0 (user.org:user:ip_sha3v5:1.0) from (Rev. 12) to (Rev. 13)






Copyright 1986-2018 Xilinx, Inc. All Rights Reserved.
------------------------------------------------------------------------------------
| Tool Version : Vivado v.2018.2 (lin64) Build 2258646 Thu Jun 14 20:02:38 MDT 2018
| Date         : Fri Jun 14 22:59:25 2019
| Host         : anzThink running 64-bit Ubuntu 16.04.6 LTS
| Command      : upgrade_ip
| Device       : xc7z010clg225-1
------------------------------------------------------------------------------------

Upgrade Log for IP 'diagramm_ip_sha3v5_0_0'

1. Summary
----------

SUCCESS in the upgrade of diagramm_ip_sha3v5_0_0 (user.org:user:ip_sha3v5:1.0) from (Rev. 11) to (Rev. 12)






Copyright 1986-2018 Xilinx, Inc. All Rights Reserved.
------------------------------------------------------------------------------------
| Tool Version : Vivado v.2018.2 (lin64) Build 2258646 Thu Jun 14 20:02:38 MDT 2018
| Date         : Fri Jun 14 22:50:14 2019
| Host         : anzThink running 64-bit Ubuntu 16.04.6 LTS
| Command      : upgrade_ip
| Device       : xc7z010clg225-1
------------------------------------------------------------------------------------

Upgrade Log for IP 'diagramm_ip_sha3v5_0_0'

1. Summary
----------

SUCCESS in the upgrade of diagramm_ip_sha3v5_0_0 (user.org:user:ip_sha3v5:1.0) from (Rev. 10) to (Rev. 11)






Copyright 1986-2018 Xilinx, Inc. All Rights Reserved.
------------------------------------------------------------------------------------
| Tool Version : Vivado v.2018.2 (lin64) Build 2258646 Thu Jun 14 20:02:38 MDT 2018
| Date         : Fri Jun 14 22:38:11 2019
| Host         : anzThink running 64-bit Ubuntu 16.04.6 LTS
| Command      : upgrade_ip
| Device       : xc7z010clg225-1
------------------------------------------------------------------------------------

Upgrade Log for IP 'diagramm_ip_sha3v5_0_0'

1. Summary
----------

SUCCESS in the upgrade of diagramm_ip_sha3v5_0_0 (user.org:user:ip_sha3v5:1.0) from (Rev. 9) to (Rev. 10)






Copyright 1986-2018 Xilinx, Inc. All Rights Reserved.
------------------------------------------------------------------------------------
| Tool Version : Vivado v.2018.2 (lin64) Build 2258646 Thu Jun 14 20:02:38 MDT 2018
| Date         : Fri Jun 14 22:23:33 2019
| Host         : anzThink running 64-bit Ubuntu 16.04.6 LTS
| Command      : upgrade_ip
| Device       : xc7z010clg225-1
------------------------------------------------------------------------------------

Upgrade Log for IP 'diagramm_ip_sha3v5_0_0'

1. Summary
----------

SUCCESS in the upgrade of diagramm_ip_sha3v5_0_0 (user.org:user:ip_sha3v5:1.0) from (Rev. 8) to (Rev. 9)






Copyright 1986-2018 Xilinx, Inc. All Rights Reserved.
------------------------------------------------------------------------------------
| Tool Version : Vivado v.2018.2 (lin64) Build 2258646 Thu Jun 14 20:02:38 MDT 2018
| Date         : Fri Jun 14 21:50:49 2019
| Host         : anzThink running 64-bit Ubuntu 16.04.6 LTS
| Command      : upgrade_ip
| Device       : xc7z010clg225-1
------------------------------------------------------------------------------------

Upgrade Log for IP 'diagramm_ip_sha3v5_0_0'

1. Summary
----------

SUCCESS in the upgrade of diagramm_ip_sha3v5_0_0 (user.org:user:ip_sha3v5:1.0) from (Rev. 7) to (Rev. 8)






Copyright 1986-2018 Xilinx, Inc. All Rights Reserved.
------------------------------------------------------------------------------------
| Tool Version : Vivado v.2018.2 (lin64) Build 2258646 Thu Jun 14 20:02:38 MDT 2018
| Date         : Fri Jun 14 16:37:47 2019
| Host         : anzThink running 64-bit Ubuntu 16.04.6 LTS
| Command      : upgrade_ip
| Device       : xc7z010clg225-1
------------------------------------------------------------------------------------

Upgrade Log for IP 'diagramm_ip_sha3v5_0_0'

1. Summary
----------

SUCCESS in the upgrade of diagramm_ip_sha3v5_0_0 (user.org:user:ip_sha3v5:1.0) from (Rev. 6) to (Rev. 7)






Copyright 1986-2018 Xilinx, Inc. All Rights Reserved.
------------------------------------------------------------------------------------
| Tool Version : Vivado v.2018.2 (lin64) Build 2258646 Thu Jun 14 20:02:38 MDT 2018
| Date         : Fri Jun 14 15:35:55 2019
| Host         : anzThink running 64-bit Ubuntu 16.04.6 LTS
| Command      : upgrade_ip
| Device       : xc7z010clg225-1
------------------------------------------------------------------------------------

Upgrade Log for IP 'diagramm_ip_sha3v5_0_0'

1. Summary
----------

SUCCESS in the upgrade of diagramm_ip_sha3v5_0_0 (user.org:user:ip_sha3v5:1.0) from (Rev. 5) to (Rev. 6)






Copyright 1986-2018 Xilinx, Inc. All Rights Reserved.
------------------------------------------------------------------------------------
| Tool Version : Vivado v.2018.2 (lin64) Build 2258646 Thu Jun 14 20:02:38 MDT 2018
| Date         : Fri Jun 14 15:32:47 2019
| Host         : anzThink running 64-bit Ubuntu 16.04.6 LTS
| Command      : upgrade_ip
| Device       : xc7z010clg225-1
------------------------------------------------------------------------------------

Upgrade Log for IP 'diagramm_ip_sha3v5_0_0'

1. Summary
----------

SUCCESS in the upgrade of diagramm_ip_sha3v5_0_0 (user.org:user:ip_sha3v5:1.0) from (Rev. 4) to (Rev. 5)






Copyright 1986-2018 Xilinx, Inc. All Rights Reserved.
------------------------------------------------------------------------------------
| Tool Version : Vivado v.2018.2 (lin64) Build 2258646 Thu Jun 14 20:02:38 MDT 2018
| Date         : Fri Jun 14 14:02:59 2019
| Host         : anzThink running 64-bit Ubuntu 16.04.6 LTS
| Command      : upgrade_ip
| Device       : xc7z010clg225-1
------------------------------------------------------------------------------------

Upgrade Log for IP 'diagramm_ip_sha3v5_0_0'

1. Summary
----------

SUCCESS in the upgrade of diagramm_ip_sha3v5_0_0 (user.org:user:ip_sha3v5:1.0) from (Rev. 1) to (Rev. 4)

