
*** Running vivado
    with args -log diagramm_ip_sha3v5_0_0.vds -m64 -product Vivado -mode batch -messageDb vivado.pb -notrace -source diagramm_ip_sha3v5_0_0.tcl


****** Vivado v2018.2 (64-bit)
  **** SW Build 2258646 on Thu Jun 14 20:02:38 MDT 2018
  **** IP Build 2256618 on Thu Jun 14 22:10:49 MDT 2018
    ** Copyright 1986-2018 Xilinx, Inc. All Rights Reserved.

source diagramm_ip_sha3v5_0_0.tcl -notrace
Command: synth_design -top diagramm_ip_sha3v5_0_0 -part xc7z010clg225-1 -mode out_of_context
Starting synth_design
Attempting to get a license for feature 'Synthesis' and/or device 'xc7z010'
INFO: [Common 17-349] Got license for feature 'Synthesis' and/or device 'xc7z010'
INFO: Launching helper process for spawning children vivado processes
INFO: Helper process launched with PID 18211 
---------------------------------------------------------------------------------
Starting RTL Elaboration : Time (s): cpu = 00:00:01 ; elapsed = 00:00:02 . Memory (MB): peak = 1335.410 ; gain = 81.887 ; free physical = 261 ; free virtual = 3451
---------------------------------------------------------------------------------
INFO: [Synth 8-638] synthesizing module 'diagramm_ip_sha3v5_0_0' [/home/anzhelika/projekt/diplom/debug_progectv5/debug_sha3/debug_sha3.srcs/sources_1/bd/diagramm/ip/diagramm_ip_sha3v5_0_0/synth/diagramm_ip_sha3v5_0_0.vhd:82]
	Parameter C_S00_AXI_DATA_WIDTH bound to: 32 - type: integer 
	Parameter C_S00_AXI_ADDR_WIDTH bound to: 11 - type: integer 
INFO: [Synth 8-3491] module 'ip_sha3v5_v1_0' declared at '/home/anzhelika/projekt/diplom/debug_progectv5/debug_sha3/debug_sha3.srcs/sources_1/bd/diagramm/ipshared/7f9f/hdl/ip_sha3v5_v1_0.vhd:6' bound to instance 'U0' of component 'ip_sha3v5_v1_0' [/home/anzhelika/projekt/diplom/debug_progectv5/debug_sha3/debug_sha3.srcs/sources_1/bd/diagramm/ip/diagramm_ip_sha3v5_0_0/synth/diagramm_ip_sha3v5_0_0.vhd:146]
INFO: [Synth 8-638] synthesizing module 'ip_sha3v5_v1_0' [/home/anzhelika/projekt/diplom/debug_progectv5/debug_sha3/debug_sha3.srcs/sources_1/bd/diagramm/ipshared/7f9f/hdl/ip_sha3v5_v1_0.vhd:50]
	Parameter C_S00_AXI_DATA_WIDTH bound to: 32 - type: integer 
	Parameter C_S00_AXI_ADDR_WIDTH bound to: 11 - type: integer 
	Parameter C_S_AXI_DATA_WIDTH bound to: 32 - type: integer 
	Parameter C_S_AXI_ADDR_WIDTH bound to: 11 - type: integer 
INFO: [Synth 8-3491] module 'ip_sha3v5_v1_0_S00_AXI' declared at '/home/anzhelika/projekt/diplom/debug_progectv5/debug_sha3/debug_sha3.srcs/sources_1/bd/diagramm/ipshared/7f9f/hdl/ip_sha3v5_v1_0_S00_AXI.vhd:6' bound to instance 'ip_sha3v5_v1_0_S00_AXI_inst' of component 'ip_sha3v5_v1_0_S00_AXI' [/home/anzhelika/projekt/diplom/debug_progectv5/debug_sha3/debug_sha3.srcs/sources_1/bd/diagramm/ipshared/7f9f/hdl/ip_sha3v5_v1_0.vhd:86]
INFO: [Synth 8-638] synthesizing module 'ip_sha3v5_v1_0_S00_AXI' [/home/anzhelika/projekt/diplom/debug_progectv5/debug_sha3/debug_sha3.srcs/sources_1/bd/diagramm/ipshared/7f9f/hdl/ip_sha3v5_v1_0_S00_AXI.vhd:87]
	Parameter C_S_AXI_DATA_WIDTH bound to: 32 - type: integer 
	Parameter C_S_AXI_ADDR_WIDTH bound to: 11 - type: integer 
WARNING: [Synth 8-614] signal 'first' is read in the process but is not in the sensitivity list [/home/anzhelika/projekt/diplom/debug_progectv5/debug_sha3/debug_sha3.srcs/sources_1/bd/diagramm/ipshared/7f9f/hdl/ip_sha3v5_v1_0_S00_AXI.vhd:5173]
WARNING: [Synth 8-614] signal 'A_array' is read in the process but is not in the sensitivity list [/home/anzhelika/projekt/diplom/debug_progectv5/debug_sha3/debug_sha3.srcs/sources_1/bd/diagramm/ipshared/7f9f/hdl/ip_sha3v5_v1_0_S00_AXI.vhd:5204]
WARNING: [Synth 8-5856] 3D RAM round_in_reg  for this pattern/configuration is not supported. This will most likely be implemented in registers
WARNING: [Synth 8-6014] Unused sequential element loc_addr_reg was removed.  [/home/anzhelika/projekt/diplom/debug_progectv5/debug_sha3/debug_sha3.srcs/sources_1/bd/diagramm/ipshared/7f9f/hdl/ip_sha3v5_v1_0_S00_AXI.vhd:934]
WARNING: [Synth 8-3848] Net slv_reg50 in module/entity ip_sha3v5_v1_0_S00_AXI does not have driver. [/home/anzhelika/projekt/diplom/debug_progectv5/debug_sha3/debug_sha3.srcs/sources_1/bd/diagramm/ipshared/7f9f/hdl/ip_sha3v5_v1_0_S00_AXI.vhd:182]
WARNING: [Synth 8-3848] Net slv_reg51 in module/entity ip_sha3v5_v1_0_S00_AXI does not have driver. [/home/anzhelika/projekt/diplom/debug_progectv5/debug_sha3/debug_sha3.srcs/sources_1/bd/diagramm/ipshared/7f9f/hdl/ip_sha3v5_v1_0_S00_AXI.vhd:183]
WARNING: [Synth 8-3848] Net slv_reg52 in module/entity ip_sha3v5_v1_0_S00_AXI does not have driver. [/home/anzhelika/projekt/diplom/debug_progectv5/debug_sha3/debug_sha3.srcs/sources_1/bd/diagramm/ipshared/7f9f/hdl/ip_sha3v5_v1_0_S00_AXI.vhd:184]
WARNING: [Synth 8-3848] Net slv_reg53 in module/entity ip_sha3v5_v1_0_S00_AXI does not have driver. [/home/anzhelika/projekt/diplom/debug_progectv5/debug_sha3/debug_sha3.srcs/sources_1/bd/diagramm/ipshared/7f9f/hdl/ip_sha3v5_v1_0_S00_AXI.vhd:185]
WARNING: [Synth 8-3848] Net slv_reg54 in module/entity ip_sha3v5_v1_0_S00_AXI does not have driver. [/home/anzhelika/projekt/diplom/debug_progectv5/debug_sha3/debug_sha3.srcs/sources_1/bd/diagramm/ipshared/7f9f/hdl/ip_sha3v5_v1_0_S00_AXI.vhd:186]
WARNING: [Synth 8-3848] Net slv_reg55 in module/entity ip_sha3v5_v1_0_S00_AXI does not have driver. [/home/anzhelika/projekt/diplom/debug_progectv5/debug_sha3/debug_sha3.srcs/sources_1/bd/diagramm/ipshared/7f9f/hdl/ip_sha3v5_v1_0_S00_AXI.vhd:187]
WARNING: [Synth 8-3848] Net slv_reg56 in module/entity ip_sha3v5_v1_0_S00_AXI does not have driver. [/home/anzhelika/projekt/diplom/debug_progectv5/debug_sha3/debug_sha3.srcs/sources_1/bd/diagramm/ipshared/7f9f/hdl/ip_sha3v5_v1_0_S00_AXI.vhd:188]
WARNING: [Synth 8-3848] Net slv_reg57 in module/entity ip_sha3v5_v1_0_S00_AXI does not have driver. [/home/anzhelika/projekt/diplom/debug_progectv5/debug_sha3/debug_sha3.srcs/sources_1/bd/diagramm/ipshared/7f9f/hdl/ip_sha3v5_v1_0_S00_AXI.vhd:189]
WARNING: [Synth 8-3848] Net slv_reg58 in module/entity ip_sha3v5_v1_0_S00_AXI does not have driver. [/home/anzhelika/projekt/diplom/debug_progectv5/debug_sha3/debug_sha3.srcs/sources_1/bd/diagramm/ipshared/7f9f/hdl/ip_sha3v5_v1_0_S00_AXI.vhd:190]
WARNING: [Synth 8-3848] Net slv_reg59 in module/entity ip_sha3v5_v1_0_S00_AXI does not have driver. [/home/anzhelika/projekt/diplom/debug_progectv5/debug_sha3/debug_sha3.srcs/sources_1/bd/diagramm/ipshared/7f9f/hdl/ip_sha3v5_v1_0_S00_AXI.vhd:191]
WARNING: [Synth 8-3848] Net slv_reg60 in module/entity ip_sha3v5_v1_0_S00_AXI does not have driver. [/home/anzhelika/projekt/diplom/debug_progectv5/debug_sha3/debug_sha3.srcs/sources_1/bd/diagramm/ipshared/7f9f/hdl/ip_sha3v5_v1_0_S00_AXI.vhd:192]
WARNING: [Synth 8-3848] Net slv_reg61 in module/entity ip_sha3v5_v1_0_S00_AXI does not have driver. [/home/anzhelika/projekt/diplom/debug_progectv5/debug_sha3/debug_sha3.srcs/sources_1/bd/diagramm/ipshared/7f9f/hdl/ip_sha3v5_v1_0_S00_AXI.vhd:193]
WARNING: [Synth 8-3848] Net slv_reg62 in module/entity ip_sha3v5_v1_0_S00_AXI does not have driver. [/home/anzhelika/projekt/diplom/debug_progectv5/debug_sha3/debug_sha3.srcs/sources_1/bd/diagramm/ipshared/7f9f/hdl/ip_sha3v5_v1_0_S00_AXI.vhd:194]
WARNING: [Synth 8-3848] Net slv_reg63 in module/entity ip_sha3v5_v1_0_S00_AXI does not have driver. [/home/anzhelika/projekt/diplom/debug_progectv5/debug_sha3/debug_sha3.srcs/sources_1/bd/diagramm/ipshared/7f9f/hdl/ip_sha3v5_v1_0_S00_AXI.vhd:195]
WARNING: [Synth 8-3848] Net slv_reg64 in module/entity ip_sha3v5_v1_0_S00_AXI does not have driver. [/home/anzhelika/projekt/diplom/debug_progectv5/debug_sha3/debug_sha3.srcs/sources_1/bd/diagramm/ipshared/7f9f/hdl/ip_sha3v5_v1_0_S00_AXI.vhd:196]
WARNING: [Synth 8-3848] Net slv_reg65 in module/entity ip_sha3v5_v1_0_S00_AXI does not have driver. [/home/anzhelika/projekt/diplom/debug_progectv5/debug_sha3/debug_sha3.srcs/sources_1/bd/diagramm/ipshared/7f9f/hdl/ip_sha3v5_v1_0_S00_AXI.vhd:197]
WARNING: [Synth 8-3848] Net slv_reg66 in module/entity ip_sha3v5_v1_0_S00_AXI does not have driver. [/home/anzhelika/projekt/diplom/debug_progectv5/debug_sha3/debug_sha3.srcs/sources_1/bd/diagramm/ipshared/7f9f/hdl/ip_sha3v5_v1_0_S00_AXI.vhd:198]
WARNING: [Synth 8-3848] Net slv_reg67 in module/entity ip_sha3v5_v1_0_S00_AXI does not have driver. [/home/anzhelika/projekt/diplom/debug_progectv5/debug_sha3/debug_sha3.srcs/sources_1/bd/diagramm/ipshared/7f9f/hdl/ip_sha3v5_v1_0_S00_AXI.vhd:199]
WARNING: [Synth 8-3848] Net slv_reg68 in module/entity ip_sha3v5_v1_0_S00_AXI does not have driver. [/home/anzhelika/projekt/diplom/debug_progectv5/debug_sha3/debug_sha3.srcs/sources_1/bd/diagramm/ipshared/7f9f/hdl/ip_sha3v5_v1_0_S00_AXI.vhd:200]
WARNING: [Synth 8-3848] Net slv_reg69 in module/entity ip_sha3v5_v1_0_S00_AXI does not have driver. [/home/anzhelika/projekt/diplom/debug_progectv5/debug_sha3/debug_sha3.srcs/sources_1/bd/diagramm/ipshared/7f9f/hdl/ip_sha3v5_v1_0_S00_AXI.vhd:201]
WARNING: [Synth 8-3848] Net slv_reg70 in module/entity ip_sha3v5_v1_0_S00_AXI does not have driver. [/home/anzhelika/projekt/diplom/debug_progectv5/debug_sha3/debug_sha3.srcs/sources_1/bd/diagramm/ipshared/7f9f/hdl/ip_sha3v5_v1_0_S00_AXI.vhd:202]
WARNING: [Synth 8-3848] Net slv_reg71 in module/entity ip_sha3v5_v1_0_S00_AXI does not have driver. [/home/anzhelika/projekt/diplom/debug_progectv5/debug_sha3/debug_sha3.srcs/sources_1/bd/diagramm/ipshared/7f9f/hdl/ip_sha3v5_v1_0_S00_AXI.vhd:203]
WARNING: [Synth 8-3848] Net slv_reg72 in module/entity ip_sha3v5_v1_0_S00_AXI does not have driver. [/home/anzhelika/projekt/diplom/debug_progectv5/debug_sha3/debug_sha3.srcs/sources_1/bd/diagramm/ipshared/7f9f/hdl/ip_sha3v5_v1_0_S00_AXI.vhd:204]
WARNING: [Synth 8-3848] Net slv_reg73 in module/entity ip_sha3v5_v1_0_S00_AXI does not have driver. [/home/anzhelika/projekt/diplom/debug_progectv5/debug_sha3/debug_sha3.srcs/sources_1/bd/diagramm/ipshared/7f9f/hdl/ip_sha3v5_v1_0_S00_AXI.vhd:205]
WARNING: [Synth 8-3848] Net slv_reg74 in module/entity ip_sha3v5_v1_0_S00_AXI does not have driver. [/home/anzhelika/projekt/diplom/debug_progectv5/debug_sha3/debug_sha3.srcs/sources_1/bd/diagramm/ipshared/7f9f/hdl/ip_sha3v5_v1_0_S00_AXI.vhd:206]
WARNING: [Synth 8-3848] Net slv_reg75 in module/entity ip_sha3v5_v1_0_S00_AXI does not have driver. [/home/anzhelika/projekt/diplom/debug_progectv5/debug_sha3/debug_sha3.srcs/sources_1/bd/diagramm/ipshared/7f9f/hdl/ip_sha3v5_v1_0_S00_AXI.vhd:207]
WARNING: [Synth 8-3848] Net slv_reg76 in module/entity ip_sha3v5_v1_0_S00_AXI does not have driver. [/home/anzhelika/projekt/diplom/debug_progectv5/debug_sha3/debug_sha3.srcs/sources_1/bd/diagramm/ipshared/7f9f/hdl/ip_sha3v5_v1_0_S00_AXI.vhd:208]
WARNING: [Synth 8-3848] Net slv_reg77 in module/entity ip_sha3v5_v1_0_S00_AXI does not have driver. [/home/anzhelika/projekt/diplom/debug_progectv5/debug_sha3/debug_sha3.srcs/sources_1/bd/diagramm/ipshared/7f9f/hdl/ip_sha3v5_v1_0_S00_AXI.vhd:209]
WARNING: [Synth 8-3848] Net slv_reg78 in module/entity ip_sha3v5_v1_0_S00_AXI does not have driver. [/home/anzhelika/projekt/diplom/debug_progectv5/debug_sha3/debug_sha3.srcs/sources_1/bd/diagramm/ipshared/7f9f/hdl/ip_sha3v5_v1_0_S00_AXI.vhd:210]
WARNING: [Synth 8-3848] Net slv_reg79 in module/entity ip_sha3v5_v1_0_S00_AXI does not have driver. [/home/anzhelika/projekt/diplom/debug_progectv5/debug_sha3/debug_sha3.srcs/sources_1/bd/diagramm/ipshared/7f9f/hdl/ip_sha3v5_v1_0_S00_AXI.vhd:211]
WARNING: [Synth 8-3848] Net slv_reg80 in module/entity ip_sha3v5_v1_0_S00_AXI does not have driver. [/home/anzhelika/projekt/diplom/debug_progectv5/debug_sha3/debug_sha3.srcs/sources_1/bd/diagramm/ipshared/7f9f/hdl/ip_sha3v5_v1_0_S00_AXI.vhd:212]
WARNING: [Synth 8-3848] Net slv_reg81 in module/entity ip_sha3v5_v1_0_S00_AXI does not have driver. [/home/anzhelika/projekt/diplom/debug_progectv5/debug_sha3/debug_sha3.srcs/sources_1/bd/diagramm/ipshared/7f9f/hdl/ip_sha3v5_v1_0_S00_AXI.vhd:213]
WARNING: [Synth 8-3848] Net slv_reg82 in module/entity ip_sha3v5_v1_0_S00_AXI does not have driver. [/home/anzhelika/projekt/diplom/debug_progectv5/debug_sha3/debug_sha3.srcs/sources_1/bd/diagramm/ipshared/7f9f/hdl/ip_sha3v5_v1_0_S00_AXI.vhd:214]
WARNING: [Synth 8-3848] Net slv_reg83 in module/entity ip_sha3v5_v1_0_S00_AXI does not have driver. [/home/anzhelika/projekt/diplom/debug_progectv5/debug_sha3/debug_sha3.srcs/sources_1/bd/diagramm/ipshared/7f9f/hdl/ip_sha3v5_v1_0_S00_AXI.vhd:215]
WARNING: [Synth 8-3848] Net slv_reg84 in module/entity ip_sha3v5_v1_0_S00_AXI does not have driver. [/home/anzhelika/projekt/diplom/debug_progectv5/debug_sha3/debug_sha3.srcs/sources_1/bd/diagramm/ipshared/7f9f/hdl/ip_sha3v5_v1_0_S00_AXI.vhd:216]
WARNING: [Synth 8-3848] Net slv_reg85 in module/entity ip_sha3v5_v1_0_S00_AXI does not have driver. [/home/anzhelika/projekt/diplom/debug_progectv5/debug_sha3/debug_sha3.srcs/sources_1/bd/diagramm/ipshared/7f9f/hdl/ip_sha3v5_v1_0_S00_AXI.vhd:217]
WARNING: [Synth 8-3848] Net slv_reg86 in module/entity ip_sha3v5_v1_0_S00_AXI does not have driver. [/home/anzhelika/projekt/diplom/debug_progectv5/debug_sha3/debug_sha3.srcs/sources_1/bd/diagramm/ipshared/7f9f/hdl/ip_sha3v5_v1_0_S00_AXI.vhd:218]
WARNING: [Synth 8-3848] Net slv_reg87 in module/entity ip_sha3v5_v1_0_S00_AXI does not have driver. [/home/anzhelika/projekt/diplom/debug_progectv5/debug_sha3/debug_sha3.srcs/sources_1/bd/diagramm/ipshared/7f9f/hdl/ip_sha3v5_v1_0_S00_AXI.vhd:219]
WARNING: [Synth 8-3848] Net slv_reg88 in module/entity ip_sha3v5_v1_0_S00_AXI does not have driver. [/home/anzhelika/projekt/diplom/debug_progectv5/debug_sha3/debug_sha3.srcs/sources_1/bd/diagramm/ipshared/7f9f/hdl/ip_sha3v5_v1_0_S00_AXI.vhd:220]
WARNING: [Synth 8-3848] Net slv_reg89 in module/entity ip_sha3v5_v1_0_S00_AXI does not have driver. [/home/anzhelika/projekt/diplom/debug_progectv5/debug_sha3/debug_sha3.srcs/sources_1/bd/diagramm/ipshared/7f9f/hdl/ip_sha3v5_v1_0_S00_AXI.vhd:221]
WARNING: [Synth 8-3848] Net slv_reg90 in module/entity ip_sha3v5_v1_0_S00_AXI does not have driver. [/home/anzhelika/projekt/diplom/debug_progectv5/debug_sha3/debug_sha3.srcs/sources_1/bd/diagramm/ipshared/7f9f/hdl/ip_sha3v5_v1_0_S00_AXI.vhd:222]
WARNING: [Synth 8-3848] Net slv_reg91 in module/entity ip_sha3v5_v1_0_S00_AXI does not have driver. [/home/anzhelika/projekt/diplom/debug_progectv5/debug_sha3/debug_sha3.srcs/sources_1/bd/diagramm/ipshared/7f9f/hdl/ip_sha3v5_v1_0_S00_AXI.vhd:223]
WARNING: [Synth 8-3848] Net slv_reg92 in module/entity ip_sha3v5_v1_0_S00_AXI does not have driver. [/home/anzhelika/projekt/diplom/debug_progectv5/debug_sha3/debug_sha3.srcs/sources_1/bd/diagramm/ipshared/7f9f/hdl/ip_sha3v5_v1_0_S00_AXI.vhd:224]
WARNING: [Synth 8-3848] Net slv_reg93 in module/entity ip_sha3v5_v1_0_S00_AXI does not have driver. [/home/anzhelika/projekt/diplom/debug_progectv5/debug_sha3/debug_sha3.srcs/sources_1/bd/diagramm/ipshared/7f9f/hdl/ip_sha3v5_v1_0_S00_AXI.vhd:225]
WARNING: [Synth 8-3848] Net slv_reg94 in module/entity ip_sha3v5_v1_0_S00_AXI does not have driver. [/home/anzhelika/projekt/diplom/debug_progectv5/debug_sha3/debug_sha3.srcs/sources_1/bd/diagramm/ipshared/7f9f/hdl/ip_sha3v5_v1_0_S00_AXI.vhd:226]
WARNING: [Synth 8-3848] Net slv_reg95 in module/entity ip_sha3v5_v1_0_S00_AXI does not have driver. [/home/anzhelika/projekt/diplom/debug_progectv5/debug_sha3/debug_sha3.srcs/sources_1/bd/diagramm/ipshared/7f9f/hdl/ip_sha3v5_v1_0_S00_AXI.vhd:227]
WARNING: [Synth 8-3848] Net slv_reg96 in module/entity ip_sha3v5_v1_0_S00_AXI does not have driver. [/home/anzhelika/projekt/diplom/debug_progectv5/debug_sha3/debug_sha3.srcs/sources_1/bd/diagramm/ipshared/7f9f/hdl/ip_sha3v5_v1_0_S00_AXI.vhd:228]
WARNING: [Synth 8-3848] Net slv_reg97 in module/entity ip_sha3v5_v1_0_S00_AXI does not have driver. [/home/anzhelika/projekt/diplom/debug_progectv5/debug_sha3/debug_sha3.srcs/sources_1/bd/diagramm/ipshared/7f9f/hdl/ip_sha3v5_v1_0_S00_AXI.vhd:229]
WARNING: [Synth 8-3848] Net slv_reg98 in module/entity ip_sha3v5_v1_0_S00_AXI does not have driver. [/home/anzhelika/projekt/diplom/debug_progectv5/debug_sha3/debug_sha3.srcs/sources_1/bd/diagramm/ipshared/7f9f/hdl/ip_sha3v5_v1_0_S00_AXI.vhd:230]
WARNING: [Synth 8-3848] Net slv_reg99 in module/entity ip_sha3v5_v1_0_S00_AXI does not have driver. [/home/anzhelika/projekt/diplom/debug_progectv5/debug_sha3/debug_sha3.srcs/sources_1/bd/diagramm/ipshared/7f9f/hdl/ip_sha3v5_v1_0_S00_AXI.vhd:231]
WARNING: [Synth 8-3848] Net slv_reg100 in module/entity ip_sha3v5_v1_0_S00_AXI does not have driver. [/home/anzhelika/projekt/diplom/debug_progectv5/debug_sha3/debug_sha3.srcs/sources_1/bd/diagramm/ipshared/7f9f/hdl/ip_sha3v5_v1_0_S00_AXI.vhd:232]
WARNING: [Synth 8-3848] Net slv_reg101 in module/entity ip_sha3v5_v1_0_S00_AXI does not have driver. [/home/anzhelika/projekt/diplom/debug_progectv5/debug_sha3/debug_sha3.srcs/sources_1/bd/diagramm/ipshared/7f9f/hdl/ip_sha3v5_v1_0_S00_AXI.vhd:233]
WARNING: [Synth 8-3848] Net slv_reg102 in module/entity ip_sha3v5_v1_0_S00_AXI does not have driver. [/home/anzhelika/projekt/diplom/debug_progectv5/debug_sha3/debug_sha3.srcs/sources_1/bd/diagramm/ipshared/7f9f/hdl/ip_sha3v5_v1_0_S00_AXI.vhd:234]
WARNING: [Synth 8-3848] Net slv_reg103 in module/entity ip_sha3v5_v1_0_S00_AXI does not have driver. [/home/anzhelika/projekt/diplom/debug_progectv5/debug_sha3/debug_sha3.srcs/sources_1/bd/diagramm/ipshared/7f9f/hdl/ip_sha3v5_v1_0_S00_AXI.vhd:235]
WARNING: [Synth 8-3848] Net slv_reg104 in module/entity ip_sha3v5_v1_0_S00_AXI does not have driver. [/home/anzhelika/projekt/diplom/debug_progectv5/debug_sha3/debug_sha3.srcs/sources_1/bd/diagramm/ipshared/7f9f/hdl/ip_sha3v5_v1_0_S00_AXI.vhd:236]
WARNING: [Synth 8-3848] Net slv_reg105 in module/entity ip_sha3v5_v1_0_S00_AXI does not have driver. [/home/anzhelika/projekt/diplom/debug_progectv5/debug_sha3/debug_sha3.srcs/sources_1/bd/diagramm/ipshared/7f9f/hdl/ip_sha3v5_v1_0_S00_AXI.vhd:237]
WARNING: [Synth 8-3848] Net slv_reg106 in module/entity ip_sha3v5_v1_0_S00_AXI does not have driver. [/home/anzhelika/projekt/diplom/debug_progectv5/debug_sha3/debug_sha3.srcs/sources_1/bd/diagramm/ipshared/7f9f/hdl/ip_sha3v5_v1_0_S00_AXI.vhd:238]
WARNING: [Synth 8-3848] Net slv_reg107 in module/entity ip_sha3v5_v1_0_S00_AXI does not have driver. [/home/anzhelika/projekt/diplom/debug_progectv5/debug_sha3/debug_sha3.srcs/sources_1/bd/diagramm/ipshared/7f9f/hdl/ip_sha3v5_v1_0_S00_AXI.vhd:239]
WARNING: [Synth 8-3848] Net slv_reg108 in module/entity ip_sha3v5_v1_0_S00_AXI does not have driver. [/home/anzhelika/projekt/diplom/debug_progectv5/debug_sha3/debug_sha3.srcs/sources_1/bd/diagramm/ipshared/7f9f/hdl/ip_sha3v5_v1_0_S00_AXI.vhd:240]
WARNING: [Synth 8-3848] Net slv_reg109 in module/entity ip_sha3v5_v1_0_S00_AXI does not have driver. [/home/anzhelika/projekt/diplom/debug_progectv5/debug_sha3/debug_sha3.srcs/sources_1/bd/diagramm/ipshared/7f9f/hdl/ip_sha3v5_v1_0_S00_AXI.vhd:241]
WARNING: [Synth 8-3848] Net slv_reg110 in module/entity ip_sha3v5_v1_0_S00_AXI does not have driver. [/home/anzhelika/projekt/diplom/debug_progectv5/debug_sha3/debug_sha3.srcs/sources_1/bd/diagramm/ipshared/7f9f/hdl/ip_sha3v5_v1_0_S00_AXI.vhd:242]
WARNING: [Synth 8-3848] Net slv_reg111 in module/entity ip_sha3v5_v1_0_S00_AXI does not have driver. [/home/anzhelika/projekt/diplom/debug_progectv5/debug_sha3/debug_sha3.srcs/sources_1/bd/diagramm/ipshared/7f9f/hdl/ip_sha3v5_v1_0_S00_AXI.vhd:243]
WARNING: [Synth 8-3848] Net slv_reg112 in module/entity ip_sha3v5_v1_0_S00_AXI does not have driver. [/home/anzhelika/projekt/diplom/debug_progectv5/debug_sha3/debug_sha3.srcs/sources_1/bd/diagramm/ipshared/7f9f/hdl/ip_sha3v5_v1_0_S00_AXI.vhd:244]
WARNING: [Synth 8-3848] Net slv_reg113 in module/entity ip_sha3v5_v1_0_S00_AXI does not have driver. [/home/anzhelika/projekt/diplom/debug_progectv5/debug_sha3/debug_sha3.srcs/sources_1/bd/diagramm/ipshared/7f9f/hdl/ip_sha3v5_v1_0_S00_AXI.vhd:245]
WARNING: [Synth 8-3848] Net slv_reg114 in module/entity ip_sha3v5_v1_0_S00_AXI does not have driver. [/home/anzhelika/projekt/diplom/debug_progectv5/debug_sha3/debug_sha3.srcs/sources_1/bd/diagramm/ipshared/7f9f/hdl/ip_sha3v5_v1_0_S00_AXI.vhd:246]
WARNING: [Synth 8-3848] Net slv_reg115 in module/entity ip_sha3v5_v1_0_S00_AXI does not have driver. [/home/anzhelika/projekt/diplom/debug_progectv5/debug_sha3/debug_sha3.srcs/sources_1/bd/diagramm/ipshared/7f9f/hdl/ip_sha3v5_v1_0_S00_AXI.vhd:247]
WARNING: [Synth 8-3848] Net slv_reg116 in module/entity ip_sha3v5_v1_0_S00_AXI does not have driver. [/home/anzhelika/projekt/diplom/debug_progectv5/debug_sha3/debug_sha3.srcs/sources_1/bd/diagramm/ipshared/7f9f/hdl/ip_sha3v5_v1_0_S00_AXI.vhd:248]
WARNING: [Synth 8-3848] Net slv_reg117 in module/entity ip_sha3v5_v1_0_S00_AXI does not have driver. [/home/anzhelika/projekt/diplom/debug_progectv5/debug_sha3/debug_sha3.srcs/sources_1/bd/diagramm/ipshared/7f9f/hdl/ip_sha3v5_v1_0_S00_AXI.vhd:249]
WARNING: [Synth 8-3848] Net slv_reg118 in module/entity ip_sha3v5_v1_0_S00_AXI does not have driver. [/home/anzhelika/projekt/diplom/debug_progectv5/debug_sha3/debug_sha3.srcs/sources_1/bd/diagramm/ipshared/7f9f/hdl/ip_sha3v5_v1_0_S00_AXI.vhd:250]
WARNING: [Synth 8-3848] Net slv_reg119 in module/entity ip_sha3v5_v1_0_S00_AXI does not have driver. [/home/anzhelika/projekt/diplom/debug_progectv5/debug_sha3/debug_sha3.srcs/sources_1/bd/diagramm/ipshared/7f9f/hdl/ip_sha3v5_v1_0_S00_AXI.vhd:251]
WARNING: [Synth 8-3848] Net slv_reg120 in module/entity ip_sha3v5_v1_0_S00_AXI does not have driver. [/home/anzhelika/projekt/diplom/debug_progectv5/debug_sha3/debug_sha3.srcs/sources_1/bd/diagramm/ipshared/7f9f/hdl/ip_sha3v5_v1_0_S00_AXI.vhd:252]
WARNING: [Synth 8-3848] Net slv_reg121 in module/entity ip_sha3v5_v1_0_S00_AXI does not have driver. [/home/anzhelika/projekt/diplom/debug_progectv5/debug_sha3/debug_sha3.srcs/sources_1/bd/diagramm/ipshared/7f9f/hdl/ip_sha3v5_v1_0_S00_AXI.vhd:253]
WARNING: [Synth 8-3848] Net slv_reg122 in module/entity ip_sha3v5_v1_0_S00_AXI does not have driver. [/home/anzhelika/projekt/diplom/debug_progectv5/debug_sha3/debug_sha3.srcs/sources_1/bd/diagramm/ipshared/7f9f/hdl/ip_sha3v5_v1_0_S00_AXI.vhd:254]
WARNING: [Synth 8-3848] Net slv_reg123 in module/entity ip_sha3v5_v1_0_S00_AXI does not have driver. [/home/anzhelika/projekt/diplom/debug_progectv5/debug_sha3/debug_sha3.srcs/sources_1/bd/diagramm/ipshared/7f9f/hdl/ip_sha3v5_v1_0_S00_AXI.vhd:255]
WARNING: [Synth 8-3848] Net slv_reg124 in module/entity ip_sha3v5_v1_0_S00_AXI does not have driver. [/home/anzhelika/projekt/diplom/debug_progectv5/debug_sha3/debug_sha3.srcs/sources_1/bd/diagramm/ipshared/7f9f/hdl/ip_sha3v5_v1_0_S00_AXI.vhd:256]
WARNING: [Synth 8-3848] Net slv_reg125 in module/entity ip_sha3v5_v1_0_S00_AXI does not have driver. [/home/anzhelika/projekt/diplom/debug_progectv5/debug_sha3/debug_sha3.srcs/sources_1/bd/diagramm/ipshared/7f9f/hdl/ip_sha3v5_v1_0_S00_AXI.vhd:257]
WARNING: [Synth 8-3848] Net slv_reg126 in module/entity ip_sha3v5_v1_0_S00_AXI does not have driver. [/home/anzhelika/projekt/diplom/debug_progectv5/debug_sha3/debug_sha3.srcs/sources_1/bd/diagramm/ipshared/7f9f/hdl/ip_sha3v5_v1_0_S00_AXI.vhd:258]
WARNING: [Synth 8-3848] Net slv_reg127 in module/entity ip_sha3v5_v1_0_S00_AXI does not have driver. [/home/anzhelika/projekt/diplom/debug_progectv5/debug_sha3/debug_sha3.srcs/sources_1/bd/diagramm/ipshared/7f9f/hdl/ip_sha3v5_v1_0_S00_AXI.vhd:259]
WARNING: [Synth 8-3848] Net slv_reg128 in module/entity ip_sha3v5_v1_0_S00_AXI does not have driver. [/home/anzhelika/projekt/diplom/debug_progectv5/debug_sha3/debug_sha3.srcs/sources_1/bd/diagramm/ipshared/7f9f/hdl/ip_sha3v5_v1_0_S00_AXI.vhd:260]
WARNING: [Synth 8-3848] Net slv_reg129 in module/entity ip_sha3v5_v1_0_S00_AXI does not have driver. [/home/anzhelika/projekt/diplom/debug_progectv5/debug_sha3/debug_sha3.srcs/sources_1/bd/diagramm/ipshared/7f9f/hdl/ip_sha3v5_v1_0_S00_AXI.vhd:261]
WARNING: [Synth 8-3848] Net slv_reg130 in module/entity ip_sha3v5_v1_0_S00_AXI does not have driver. [/home/anzhelika/projekt/diplom/debug_progectv5/debug_sha3/debug_sha3.srcs/sources_1/bd/diagramm/ipshared/7f9f/hdl/ip_sha3v5_v1_0_S00_AXI.vhd:262]
WARNING: [Synth 8-3848] Net slv_reg131 in module/entity ip_sha3v5_v1_0_S00_AXI does not have driver. [/home/anzhelika/projekt/diplom/debug_progectv5/debug_sha3/debug_sha3.srcs/sources_1/bd/diagramm/ipshared/7f9f/hdl/ip_sha3v5_v1_0_S00_AXI.vhd:263]
WARNING: [Synth 8-3848] Net slv_reg132 in module/entity ip_sha3v5_v1_0_S00_AXI does not have driver. [/home/anzhelika/projekt/diplom/debug_progectv5/debug_sha3/debug_sha3.srcs/sources_1/bd/diagramm/ipshared/7f9f/hdl/ip_sha3v5_v1_0_S00_AXI.vhd:264]
WARNING: [Synth 8-3848] Net slv_reg133 in module/entity ip_sha3v5_v1_0_S00_AXI does not have driver. [/home/anzhelika/projekt/diplom/debug_progectv5/debug_sha3/debug_sha3.srcs/sources_1/bd/diagramm/ipshared/7f9f/hdl/ip_sha3v5_v1_0_S00_AXI.vhd:265]
WARNING: [Synth 8-3848] Net slv_reg134 in module/entity ip_sha3v5_v1_0_S00_AXI does not have driver. [/home/anzhelika/projekt/diplom/debug_progectv5/debug_sha3/debug_sha3.srcs/sources_1/bd/diagramm/ipshared/7f9f/hdl/ip_sha3v5_v1_0_S00_AXI.vhd:266]
WARNING: [Synth 8-3848] Net slv_reg135 in module/entity ip_sha3v5_v1_0_S00_AXI does not have driver. [/home/anzhelika/projekt/diplom/debug_progectv5/debug_sha3/debug_sha3.srcs/sources_1/bd/diagramm/ipshared/7f9f/hdl/ip_sha3v5_v1_0_S00_AXI.vhd:267]
WARNING: [Synth 8-3848] Net slv_reg136 in module/entity ip_sha3v5_v1_0_S00_AXI does not have driver. [/home/anzhelika/projekt/diplom/debug_progectv5/debug_sha3/debug_sha3.srcs/sources_1/bd/diagramm/ipshared/7f9f/hdl/ip_sha3v5_v1_0_S00_AXI.vhd:268]
WARNING: [Synth 8-3848] Net slv_reg137 in module/entity ip_sha3v5_v1_0_S00_AXI does not have driver. [/home/anzhelika/projekt/diplom/debug_progectv5/debug_sha3/debug_sha3.srcs/sources_1/bd/diagramm/ipshared/7f9f/hdl/ip_sha3v5_v1_0_S00_AXI.vhd:269]
WARNING: [Synth 8-3848] Net slv_reg138 in module/entity ip_sha3v5_v1_0_S00_AXI does not have driver. [/home/anzhelika/projekt/diplom/debug_progectv5/debug_sha3/debug_sha3.srcs/sources_1/bd/diagramm/ipshared/7f9f/hdl/ip_sha3v5_v1_0_S00_AXI.vhd:270]
WARNING: [Synth 8-3848] Net slv_reg139 in module/entity ip_sha3v5_v1_0_S00_AXI does not have driver. [/home/anzhelika/projekt/diplom/debug_progectv5/debug_sha3/debug_sha3.srcs/sources_1/bd/diagramm/ipshared/7f9f/hdl/ip_sha3v5_v1_0_S00_AXI.vhd:271]
WARNING: [Synth 8-3848] Net slv_reg140 in module/entity ip_sha3v5_v1_0_S00_AXI does not have driver. [/home/anzhelika/projekt/diplom/debug_progectv5/debug_sha3/debug_sha3.srcs/sources_1/bd/diagramm/ipshared/7f9f/hdl/ip_sha3v5_v1_0_S00_AXI.vhd:272]
WARNING: [Synth 8-3848] Net slv_reg141 in module/entity ip_sha3v5_v1_0_S00_AXI does not have driver. [/home/anzhelika/projekt/diplom/debug_progectv5/debug_sha3/debug_sha3.srcs/sources_1/bd/diagramm/ipshared/7f9f/hdl/ip_sha3v5_v1_0_S00_AXI.vhd:273]
WARNING: [Synth 8-3848] Net slv_reg142 in module/entity ip_sha3v5_v1_0_S00_AXI does not have driver. [/home/anzhelika/projekt/diplom/debug_progectv5/debug_sha3/debug_sha3.srcs/sources_1/bd/diagramm/ipshared/7f9f/hdl/ip_sha3v5_v1_0_S00_AXI.vhd:274]
WARNING: [Synth 8-3848] Net slv_reg143 in module/entity ip_sha3v5_v1_0_S00_AXI does not have driver. [/home/anzhelika/projekt/diplom/debug_progectv5/debug_sha3/debug_sha3.srcs/sources_1/bd/diagramm/ipshared/7f9f/hdl/ip_sha3v5_v1_0_S00_AXI.vhd:275]
WARNING: [Synth 8-3848] Net slv_reg144 in module/entity ip_sha3v5_v1_0_S00_AXI does not have driver. [/home/anzhelika/projekt/diplom/debug_progectv5/debug_sha3/debug_sha3.srcs/sources_1/bd/diagramm/ipshared/7f9f/hdl/ip_sha3v5_v1_0_S00_AXI.vhd:276]
WARNING: [Synth 8-3848] Net slv_reg145 in module/entity ip_sha3v5_v1_0_S00_AXI does not have driver. [/home/anzhelika/projekt/diplom/debug_progectv5/debug_sha3/debug_sha3.srcs/sources_1/bd/diagramm/ipshared/7f9f/hdl/ip_sha3v5_v1_0_S00_AXI.vhd:277]
WARNING: [Synth 8-3848] Net slv_reg146 in module/entity ip_sha3v5_v1_0_S00_AXI does not have driver. [/home/anzhelika/projekt/diplom/debug_progectv5/debug_sha3/debug_sha3.srcs/sources_1/bd/diagramm/ipshared/7f9f/hdl/ip_sha3v5_v1_0_S00_AXI.vhd:278]
WARNING: [Synth 8-3848] Net slv_reg147 in module/entity ip_sha3v5_v1_0_S00_AXI does not have driver. [/home/anzhelika/projekt/diplom/debug_progectv5/debug_sha3/debug_sha3.srcs/sources_1/bd/diagramm/ipshared/7f9f/hdl/ip_sha3v5_v1_0_S00_AXI.vhd:279]
WARNING: [Synth 8-3848] Net slv_reg148 in module/entity ip_sha3v5_v1_0_S00_AXI does not have driver. [/home/anzhelika/projekt/diplom/debug_progectv5/debug_sha3/debug_sha3.srcs/sources_1/bd/diagramm/ipshared/7f9f/hdl/ip_sha3v5_v1_0_S00_AXI.vhd:280]
WARNING: [Synth 8-3848] Net slv_reg149 in module/entity ip_sha3v5_v1_0_S00_AXI does not have driver. [/home/anzhelika/projekt/diplom/debug_progectv5/debug_sha3/debug_sha3.srcs/sources_1/bd/diagramm/ipshared/7f9f/hdl/ip_sha3v5_v1_0_S00_AXI.vhd:281]
INFO: [Common 17-14] Message 'Synth 8-3848' appears 100 times and further instances of the messages will be disabled. Use the Tcl command set_msg_config to change the current settings.
INFO: [Synth 8-256] done synthesizing module 'ip_sha3v5_v1_0_S00_AXI' (1#1) [/home/anzhelika/projekt/diplom/debug_progectv5/debug_sha3/debug_sha3.srcs/sources_1/bd/diagramm/ipshared/7f9f/hdl/ip_sha3v5_v1_0_S00_AXI.vhd:87]
INFO: [Synth 8-256] done synthesizing module 'ip_sha3v5_v1_0' (2#1) [/home/anzhelika/projekt/diplom/debug_progectv5/debug_sha3/debug_sha3.srcs/sources_1/bd/diagramm/ipshared/7f9f/hdl/ip_sha3v5_v1_0.vhd:50]
INFO: [Synth 8-256] done synthesizing module 'diagramm_ip_sha3v5_0_0' (3#1) [/home/anzhelika/projekt/diplom/debug_progectv5/debug_sha3/debug_sha3.srcs/sources_1/bd/diagramm/ip/diagramm_ip_sha3v5_0_0/synth/diagramm_ip_sha3v5_0_0.vhd:82]
WARNING: [Synth 8-3331] design ip_sha3v5_v1_0_S00_AXI has unconnected port S_AXI_AWPROT[2]
WARNING: [Synth 8-3331] design ip_sha3v5_v1_0_S00_AXI has unconnected port S_AXI_AWPROT[1]
WARNING: [Synth 8-3331] design ip_sha3v5_v1_0_S00_AXI has unconnected port S_AXI_AWPROT[0]
WARNING: [Synth 8-3331] design ip_sha3v5_v1_0_S00_AXI has unconnected port S_AXI_ARPROT[2]
WARNING: [Synth 8-3331] design ip_sha3v5_v1_0_S00_AXI has unconnected port S_AXI_ARPROT[1]
WARNING: [Synth 8-3331] design ip_sha3v5_v1_0_S00_AXI has unconnected port S_AXI_ARPROT[0]
---------------------------------------------------------------------------------
Finished RTL Elaboration : Time (s): cpu = 00:00:08 ; elapsed = 00:00:08 . Memory (MB): peak = 1506.605 ; gain = 253.082 ; free physical = 181 ; free virtual = 3362
---------------------------------------------------------------------------------

Report Check Netlist: 
+------+------------------+-------+---------+-------+------------------+
|      |Item              |Errors |Warnings |Status |Description       |
+------+------------------+-------+---------+-------+------------------+
|1     |multi_driven_nets |      0|        0|Passed |Multi driven nets |
+------+------------------+-------+---------+-------+------------------+
---------------------------------------------------------------------------------
Start Handling Custom Attributes
---------------------------------------------------------------------------------
---------------------------------------------------------------------------------
Finished Handling Custom Attributes : Time (s): cpu = 00:00:09 ; elapsed = 00:00:10 . Memory (MB): peak = 1506.605 ; gain = 253.082 ; free physical = 211 ; free virtual = 3392
---------------------------------------------------------------------------------
---------------------------------------------------------------------------------
Finished RTL Optimization Phase 1 : Time (s): cpu = 00:00:09 ; elapsed = 00:00:10 . Memory (MB): peak = 1506.605 ; gain = 253.082 ; free physical = 211 ; free virtual = 3392
---------------------------------------------------------------------------------
INFO: [Device 21-403] Loading part xc7z010clg225-1
INFO: [Project 1-570] Preparing netlist for logic optimization

Processing XDC Constraints
Initializing timing engine
Completed Processing XDC Constraints

INFO: [Project 1-111] Unisim Transformation Summary:
No Unisim elements were transformed.

WARNING: [Constraints 18-5210] No constraint will be written out.
Constraint Validation Runtime : Time (s): cpu = 00:00:00.19 ; elapsed = 00:00:00.14 . Memory (MB): peak = 1844.199 ; gain = 3.000 ; free physical = 111 ; free virtual = 2682
---------------------------------------------------------------------------------
Finished Constraint Validation : Time (s): cpu = 00:00:22 ; elapsed = 00:00:37 . Memory (MB): peak = 1844.199 ; gain = 590.676 ; free physical = 194 ; free virtual = 2800
---------------------------------------------------------------------------------
---------------------------------------------------------------------------------
Start Loading Part and Timing Information
---------------------------------------------------------------------------------
Loading part: xc7z010clg225-1
---------------------------------------------------------------------------------
Finished Loading Part and Timing Information : Time (s): cpu = 00:00:22 ; elapsed = 00:00:37 . Memory (MB): peak = 1844.199 ; gain = 590.676 ; free physical = 193 ; free virtual = 2801
---------------------------------------------------------------------------------
---------------------------------------------------------------------------------
Start Applying 'set_property' XDC Constraints
---------------------------------------------------------------------------------
---------------------------------------------------------------------------------
Finished applying 'set_property' XDC Constraints : Time (s): cpu = 00:00:22 ; elapsed = 00:00:37 . Memory (MB): peak = 1844.199 ; gain = 590.676 ; free physical = 195 ; free virtual = 2802
---------------------------------------------------------------------------------
---------------------------------------------------------------------------------
Finished RTL Optimization Phase 2 : Time (s): cpu = 00:00:40 ; elapsed = 00:00:54 . Memory (MB): peak = 1844.199 ; gain = 590.676 ; free physical = 194 ; free virtual = 2810
---------------------------------------------------------------------------------

Report RTL Partitions: 
+-+--------------+------------+----------+
| |RTL Partition |Replication |Instances |
+-+--------------+------------+----------+
+-+--------------+------------+----------+
---------------------------------------------------------------------------------
Start RTL Component Statistics 
---------------------------------------------------------------------------------
Detailed RTL Component Info : 
+---Adders : 
	   2 Input      5 Bit       Adders := 1     
+---XORs : 
	   3 Input      1 Bit         XORs := 1600  
	   5 Input      1 Bit         XORs := 320   
	   2 Input      1 Bit         XORs := 3264  
+---Registers : 
	               64 Bit    Registers := 26    
	               32 Bit    Registers := 49    
	               11 Bit    Registers := 2     
	                5 Bit    Registers := 1     
	                2 Bit    Registers := 2     
	                1 Bit    Registers := 10    
+---Muxes : 
	   2 Input     64 Bit        Muxes := 50    
	   2 Input     32 Bit        Muxes := 80    
	   2 Input      1 Bit        Muxes := 5     
---------------------------------------------------------------------------------
Finished RTL Component Statistics 
---------------------------------------------------------------------------------
---------------------------------------------------------------------------------
Start RTL Hierarchical Component Statistics 
---------------------------------------------------------------------------------
Hierarchical RTL Component report 
Module ip_sha3v5_v1_0_S00_AXI 
Detailed RTL Component Info : 
+---Adders : 
	   2 Input      5 Bit       Adders := 1     
+---XORs : 
	   3 Input      1 Bit         XORs := 1600  
	   5 Input      1 Bit         XORs := 320   
	   2 Input      1 Bit         XORs := 3264  
+---Registers : 
	               64 Bit    Registers := 26    
	               32 Bit    Registers := 49    
	               11 Bit    Registers := 2     
	                5 Bit    Registers := 1     
	                2 Bit    Registers := 2     
	                1 Bit    Registers := 10    
+---Muxes : 
	   2 Input     64 Bit        Muxes := 50    
	   2 Input     32 Bit        Muxes := 80    
	   2 Input      1 Bit        Muxes := 5     
---------------------------------------------------------------------------------
Finished RTL Hierarchical Component Statistics
---------------------------------------------------------------------------------
---------------------------------------------------------------------------------
Start Part Resource Summary
---------------------------------------------------------------------------------
Part Resources:
DSPs: 80 (col length:40)
BRAMs: 120 (col length: RAMB18 40 RAMB36 20)
---------------------------------------------------------------------------------
Finished Part Resource Summary
---------------------------------------------------------------------------------
---------------------------------------------------------------------------------
Start Cross Boundary and Area Optimization
---------------------------------------------------------------------------------
Warning: Parallel synthesis criteria is not met 
WARNING: [Synth 8-3331] design ip_sha3v5_v1_0_S00_AXI has unconnected port S_AXI_AWPROT[2]
WARNING: [Synth 8-3331] design ip_sha3v5_v1_0_S00_AXI has unconnected port S_AXI_AWPROT[1]
WARNING: [Synth 8-3331] design ip_sha3v5_v1_0_S00_AXI has unconnected port S_AXI_AWPROT[0]
WARNING: [Synth 8-3331] design ip_sha3v5_v1_0_S00_AXI has unconnected port S_AXI_ARPROT[2]
WARNING: [Synth 8-3331] design ip_sha3v5_v1_0_S00_AXI has unconnected port S_AXI_ARPROT[1]
WARNING: [Synth 8-3331] design ip_sha3v5_v1_0_S00_AXI has unconnected port S_AXI_ARPROT[0]
INFO: [Synth 8-3333] propagating constant 0 across sequential element (\U0/ip_sha3v5_v1_0_S00_AXI_inst /\S_vector1_reg[1182] )
INFO: [Synth 8-3333] propagating constant 0 across sequential element (\U0/ip_sha3v5_v1_0_S00_AXI_inst /\S_vector1_reg[1246] )
INFO: [Synth 8-3333] propagating constant 0 across sequential element (\U0/ip_sha3v5_v1_0_S00_AXI_inst /\S_vector1_reg[1214] )
INFO: [Synth 8-3333] propagating constant 0 across sequential element (\U0/ip_sha3v5_v1_0_S00_AXI_inst /\S_vector1_reg[1278] )
INFO: [Synth 8-3333] propagating constant 0 across sequential element (\U0/ip_sha3v5_v1_0_S00_AXI_inst /\S_vector1_reg[1183] )
INFO: [Synth 8-3333] propagating constant 0 across sequential element (\U0/ip_sha3v5_v1_0_S00_AXI_inst /\S_vector1_reg[1247] )
INFO: [Synth 8-3333] propagating constant 0 across sequential element (\U0/ip_sha3v5_v1_0_S00_AXI_inst /\S_vector1_reg[1215] )
INFO: [Synth 8-3333] propagating constant 0 across sequential element (\U0/ip_sha3v5_v1_0_S00_AXI_inst /\S_vector1_reg[1279] )
INFO: [Synth 8-3333] propagating constant 0 across sequential element (\U0/ip_sha3v5_v1_0_S00_AXI_inst /\S_vector1_reg[1184] )
INFO: [Synth 8-3333] propagating constant 0 across sequential element (\U0/ip_sha3v5_v1_0_S00_AXI_inst /\S_vector1_reg[1248] )
INFO: [Synth 8-3333] propagating constant 0 across sequential element (\U0/ip_sha3v5_v1_0_S00_AXI_inst /\S_vector1_reg[1152] )
INFO: [Synth 8-3333] propagating constant 0 across sequential element (\U0/ip_sha3v5_v1_0_S00_AXI_inst /\S_vector1_reg[1216] )
INFO: [Synth 8-3333] propagating constant 0 across sequential element (\U0/ip_sha3v5_v1_0_S00_AXI_inst /\S_vector1_reg[1378] )
INFO: [Synth 8-3333] propagating constant 0 across sequential element (\U0/ip_sha3v5_v1_0_S00_AXI_inst /\S_vector1_reg[1442] )
INFO: [Synth 8-3333] propagating constant 0 across sequential element (\U0/ip_sha3v5_v1_0_S00_AXI_inst /\S_vector1_reg[1506] )
INFO: [Synth 8-3333] propagating constant 0 across sequential element (\U0/ip_sha3v5_v1_0_S00_AXI_inst /\S_vector1_reg[1570] )
INFO: [Synth 8-3333] propagating constant 0 across sequential element (\U0/ip_sha3v5_v1_0_S00_AXI_inst /\S_vector1_reg[1346] )
INFO: [Synth 8-3333] propagating constant 0 across sequential element (\U0/ip_sha3v5_v1_0_S00_AXI_inst /\S_vector1_reg[1410] )
INFO: [Synth 8-3333] propagating constant 0 across sequential element (\U0/ip_sha3v5_v1_0_S00_AXI_inst /\S_vector1_reg[1474] )
INFO: [Synth 8-3333] propagating constant 0 across sequential element (\U0/ip_sha3v5_v1_0_S00_AXI_inst /\S_vector1_reg[1538] )
INFO: [Synth 8-3333] propagating constant 0 across sequential element (\U0/ip_sha3v5_v1_0_S00_AXI_inst /\S_vector1_reg[1185] )
INFO: [Synth 8-3333] propagating constant 0 across sequential element (\U0/ip_sha3v5_v1_0_S00_AXI_inst /\S_vector1_reg[1249] )
INFO: [Synth 8-3333] propagating constant 0 across sequential element (\U0/ip_sha3v5_v1_0_S00_AXI_inst /\S_vector1_reg[1153] )
INFO: [Synth 8-3333] propagating constant 0 across sequential element (\U0/ip_sha3v5_v1_0_S00_AXI_inst /\S_vector1_reg[1217] )
INFO: [Synth 8-3333] propagating constant 0 across sequential element (\U0/ip_sha3v5_v1_0_S00_AXI_inst /\S_vector1_reg[1379] )
INFO: [Synth 8-3333] propagating constant 0 across sequential element (\U0/ip_sha3v5_v1_0_S00_AXI_inst /\S_vector1_reg[1443] )
INFO: [Synth 8-3333] propagating constant 0 across sequential element (\U0/ip_sha3v5_v1_0_S00_AXI_inst /\S_vector1_reg[1507] )
INFO: [Synth 8-3333] propagating constant 0 across sequential element (\U0/ip_sha3v5_v1_0_S00_AXI_inst /\S_vector1_reg[1571] )
INFO: [Synth 8-3333] propagating constant 0 across sequential element (\U0/ip_sha3v5_v1_0_S00_AXI_inst /\S_vector1_reg[1347] )
INFO: [Synth 8-3333] propagating constant 0 across sequential element (\U0/ip_sha3v5_v1_0_S00_AXI_inst /\S_vector1_reg[1411] )
INFO: [Synth 8-3333] propagating constant 0 across sequential element (\U0/ip_sha3v5_v1_0_S00_AXI_inst /\S_vector1_reg[1475] )
INFO: [Synth 8-3333] propagating constant 0 across sequential element (\U0/ip_sha3v5_v1_0_S00_AXI_inst /\S_vector1_reg[1539] )
INFO: [Synth 8-3333] propagating constant 0 across sequential element (\U0/ip_sha3v5_v1_0_S00_AXI_inst /\S_vector1_reg[1186] )
INFO: [Synth 8-3333] propagating constant 0 across sequential element (\U0/ip_sha3v5_v1_0_S00_AXI_inst /\S_vector1_reg[1250] )
INFO: [Synth 8-3333] propagating constant 0 across sequential element (\U0/ip_sha3v5_v1_0_S00_AXI_inst /\S_vector1_reg[1314] )
INFO: [Synth 8-3333] propagating constant 0 across sequential element (\U0/ip_sha3v5_v1_0_S00_AXI_inst /\S_vector1_reg[1154] )
INFO: [Synth 8-3333] propagating constant 0 across sequential element (\U0/ip_sha3v5_v1_0_S00_AXI_inst /\S_vector1_reg[1218] )
INFO: [Synth 8-3333] propagating constant 0 across sequential element (\U0/ip_sha3v5_v1_0_S00_AXI_inst /\S_vector1_reg[1282] )
INFO: [Synth 8-3333] propagating constant 0 across sequential element (\U0/ip_sha3v5_v1_0_S00_AXI_inst /\S_vector1_reg[1380] )
INFO: [Synth 8-3333] propagating constant 0 across sequential element (\U0/ip_sha3v5_v1_0_S00_AXI_inst /\S_vector1_reg[1444] )
INFO: [Synth 8-3333] propagating constant 0 across sequential element (\U0/ip_sha3v5_v1_0_S00_AXI_inst /\S_vector1_reg[1508] )
INFO: [Synth 8-3333] propagating constant 0 across sequential element (\U0/ip_sha3v5_v1_0_S00_AXI_inst /\S_vector1_reg[1572] )
INFO: [Synth 8-3333] propagating constant 0 across sequential element (\U0/ip_sha3v5_v1_0_S00_AXI_inst /\S_vector1_reg[1348] )
INFO: [Synth 8-3333] propagating constant 0 across sequential element (\U0/ip_sha3v5_v1_0_S00_AXI_inst /\S_vector1_reg[1412] )
INFO: [Synth 8-3333] propagating constant 0 across sequential element (\U0/ip_sha3v5_v1_0_S00_AXI_inst /\S_vector1_reg[1476] )
INFO: [Synth 8-3333] propagating constant 0 across sequential element (\U0/ip_sha3v5_v1_0_S00_AXI_inst /\S_vector1_reg[1540] )
INFO: [Synth 8-3333] propagating constant 0 across sequential element (\U0/ip_sha3v5_v1_0_S00_AXI_inst /\S_vector1_reg[1187] )
INFO: [Synth 8-3333] propagating constant 0 across sequential element (\U0/ip_sha3v5_v1_0_S00_AXI_inst /\S_vector1_reg[1251] )
INFO: [Synth 8-3333] propagating constant 0 across sequential element (\U0/ip_sha3v5_v1_0_S00_AXI_inst /\S_vector1_reg[1315] )
INFO: [Synth 8-3333] propagating constant 0 across sequential element (\U0/ip_sha3v5_v1_0_S00_AXI_inst /\S_vector1_reg[1155] )
INFO: [Synth 8-3333] propagating constant 0 across sequential element (\U0/ip_sha3v5_v1_0_S00_AXI_inst /\S_vector1_reg[1219] )
INFO: [Synth 8-3333] propagating constant 0 across sequential element (\U0/ip_sha3v5_v1_0_S00_AXI_inst /\S_vector1_reg[1283] )
INFO: [Synth 8-3333] propagating constant 0 across sequential element (\U0/ip_sha3v5_v1_0_S00_AXI_inst /\S_vector1_reg[1381] )
INFO: [Synth 8-3333] propagating constant 0 across sequential element (\U0/ip_sha3v5_v1_0_S00_AXI_inst /\S_vector1_reg[1445] )
INFO: [Synth 8-3333] propagating constant 0 across sequential element (\U0/ip_sha3v5_v1_0_S00_AXI_inst /\S_vector1_reg[1509] )
INFO: [Synth 8-3333] propagating constant 0 across sequential element (\U0/ip_sha3v5_v1_0_S00_AXI_inst /\S_vector1_reg[1573] )
INFO: [Synth 8-3333] propagating constant 0 across sequential element (\U0/ip_sha3v5_v1_0_S00_AXI_inst /\S_vector1_reg[1349] )
INFO: [Synth 8-3333] propagating constant 0 across sequential element (\U0/ip_sha3v5_v1_0_S00_AXI_inst /\S_vector1_reg[1413] )
INFO: [Synth 8-3333] propagating constant 0 across sequential element (\U0/ip_sha3v5_v1_0_S00_AXI_inst /\S_vector1_reg[1477] )
INFO: [Synth 8-3333] propagating constant 0 across sequential element (\U0/ip_sha3v5_v1_0_S00_AXI_inst /\S_vector1_reg[1541] )
INFO: [Synth 8-3333] propagating constant 0 across sequential element (\U0/ip_sha3v5_v1_0_S00_AXI_inst /\S_vector1_reg[1188] )
INFO: [Synth 8-3333] propagating constant 0 across sequential element (\U0/ip_sha3v5_v1_0_S00_AXI_inst /\S_vector1_reg[1252] )
INFO: [Synth 8-3333] propagating constant 0 across sequential element (\U0/ip_sha3v5_v1_0_S00_AXI_inst /\S_vector1_reg[1316] )
INFO: [Synth 8-3333] propagating constant 0 across sequential element (\U0/ip_sha3v5_v1_0_S00_AXI_inst /\S_vector1_reg[1156] )
INFO: [Synth 8-3333] propagating constant 0 across sequential element (\U0/ip_sha3v5_v1_0_S00_AXI_inst /\S_vector1_reg[1220] )
INFO: [Synth 8-3333] propagating constant 0 across sequential element (\U0/ip_sha3v5_v1_0_S00_AXI_inst /\S_vector1_reg[1284] )
INFO: [Synth 8-3333] propagating constant 0 across sequential element (\U0/ip_sha3v5_v1_0_S00_AXI_inst /\S_vector1_reg[1382] )
INFO: [Synth 8-3333] propagating constant 0 across sequential element (\U0/ip_sha3v5_v1_0_S00_AXI_inst /\S_vector1_reg[1446] )
INFO: [Synth 8-3333] propagating constant 0 across sequential element (\U0/ip_sha3v5_v1_0_S00_AXI_inst /\S_vector1_reg[1510] )
INFO: [Synth 8-3333] propagating constant 0 across sequential element (\U0/ip_sha3v5_v1_0_S00_AXI_inst /\S_vector1_reg[1574] )
INFO: [Synth 8-3333] propagating constant 0 across sequential element (\U0/ip_sha3v5_v1_0_S00_AXI_inst /\S_vector1_reg[1350] )
INFO: [Synth 8-3333] propagating constant 0 across sequential element (\U0/ip_sha3v5_v1_0_S00_AXI_inst /\S_vector1_reg[1414] )
INFO: [Synth 8-3333] propagating constant 0 across sequential element (\U0/ip_sha3v5_v1_0_S00_AXI_inst /\S_vector1_reg[1478] )
INFO: [Synth 8-3333] propagating constant 0 across sequential element (\U0/ip_sha3v5_v1_0_S00_AXI_inst /\S_vector1_reg[1542] )
INFO: [Synth 8-3333] propagating constant 0 across sequential element (\U0/ip_sha3v5_v1_0_S00_AXI_inst /\S_vector1_reg[1462] )
INFO: [Synth 8-3333] propagating constant 0 across sequential element (\U0/ip_sha3v5_v1_0_S00_AXI_inst /\S_vector1_reg[1526] )
INFO: [Synth 8-3333] propagating constant 0 across sequential element (\U0/ip_sha3v5_v1_0_S00_AXI_inst /\S_vector1_reg[1590] )
INFO: [Synth 8-3333] propagating constant 0 across sequential element (\U0/ip_sha3v5_v1_0_S00_AXI_inst /\S_vector1_reg[1334] )
INFO: [Synth 8-3333] propagating constant 0 across sequential element (\U0/ip_sha3v5_v1_0_S00_AXI_inst /\S_vector1_reg[1189] )
INFO: [Synth 8-3333] propagating constant 0 across sequential element (\U0/ip_sha3v5_v1_0_S00_AXI_inst /\S_vector1_reg[1253] )
INFO: [Synth 8-3333] propagating constant 0 across sequential element (\U0/ip_sha3v5_v1_0_S00_AXI_inst /\S_vector1_reg[1317] )
INFO: [Synth 8-3333] propagating constant 0 across sequential element (\U0/ip_sha3v5_v1_0_S00_AXI_inst /\S_vector1_reg[1430] )
INFO: [Synth 8-3333] propagating constant 0 across sequential element (\U0/ip_sha3v5_v1_0_S00_AXI_inst /\S_vector1_reg[1494] )
INFO: [Synth 8-3333] propagating constant 0 across sequential element (\U0/ip_sha3v5_v1_0_S00_AXI_inst /\S_vector1_reg[1558] )
INFO: [Synth 8-3333] propagating constant 0 across sequential element (\U0/ip_sha3v5_v1_0_S00_AXI_inst /\S_vector1_reg[1302] )
INFO: [Synth 8-3333] propagating constant 0 across sequential element (\U0/ip_sha3v5_v1_0_S00_AXI_inst /\S_vector1_reg[1157] )
INFO: [Synth 8-3333] propagating constant 0 across sequential element (\U0/ip_sha3v5_v1_0_S00_AXI_inst /\S_vector1_reg[1221] )
INFO: [Synth 8-3333] propagating constant 0 across sequential element (\U0/ip_sha3v5_v1_0_S00_AXI_inst /\S_vector1_reg[1285] )
INFO: [Synth 8-3333] propagating constant 0 across sequential element (\U0/ip_sha3v5_v1_0_S00_AXI_inst /\S_vector1_reg[1383] )
INFO: [Synth 8-3333] propagating constant 0 across sequential element (\U0/ip_sha3v5_v1_0_S00_AXI_inst /\S_vector1_reg[1447] )
INFO: [Synth 8-3333] propagating constant 0 across sequential element (\U0/ip_sha3v5_v1_0_S00_AXI_inst /\S_vector1_reg[1511] )
INFO: [Synth 8-3333] propagating constant 0 across sequential element (\U0/ip_sha3v5_v1_0_S00_AXI_inst /\S_vector1_reg[1575] )
INFO: [Synth 8-3333] propagating constant 0 across sequential element (\U0/ip_sha3v5_v1_0_S00_AXI_inst /\S_vector1_reg[1351] )
INFO: [Synth 8-3333] propagating constant 0 across sequential element (\U0/ip_sha3v5_v1_0_S00_AXI_inst /\S_vector1_reg[1415] )
INFO: [Synth 8-3333] propagating constant 0 across sequential element (\U0/ip_sha3v5_v1_0_S00_AXI_inst /\S_vector1_reg[1479] )
INFO: [Synth 8-3333] propagating constant 0 across sequential element (\U0/ip_sha3v5_v1_0_S00_AXI_inst /\S_vector1_reg[1543] )
INFO: [Synth 8-3333] propagating constant 0 across sequential element (\U0/ip_sha3v5_v1_0_S00_AXI_inst /\S_vector1_reg[1205] )
INFO: [Synth 8-3333] propagating constant 0 across sequential element (\U0/ip_sha3v5_v1_0_S00_AXI_inst /\S_vector1_reg[1269] )
INFO: [Synth 8-3333] propagating constant 0 across sequential element (\U0/ip_sha3v5_v1_0_S00_AXI_inst /\S_vector1_reg[1173] )
INFO: [Synth 8-3333] propagating constant 0 across sequential element (\U0/ip_sha3v5_v1_0_S00_AXI_inst /\S_vector1_reg[1237] )
INFO: [Common 17-14] Message 'Synth 8-3333' appears 100 times and further instances of the messages will be disabled. Use the Tcl command set_msg_config to change the current settings.
INFO: [Synth 8-3886] merging instance 'U0/ip_sha3v5_v1_0_S00_AXI_inst/axi_rresp_reg[0]' (FDRE) to 'U0/ip_sha3v5_v1_0_S00_AXI_inst/axi_rresp_reg[1]'
INFO: [Synth 8-3886] merging instance 'U0/ip_sha3v5_v1_0_S00_AXI_inst/axi_bresp_reg[0]' (FDRE) to 'U0/ip_sha3v5_v1_0_S00_AXI_inst/axi_bresp_reg[1]'
WARNING: [Synth 8-3332] Sequential element (S_vector1_reg[1599]) is unused and will be removed from module ip_sha3v5_v1_0_S00_AXI.
WARNING: [Synth 8-3332] Sequential element (S_vector1_reg[1598]) is unused and will be removed from module ip_sha3v5_v1_0_S00_AXI.
WARNING: [Synth 8-3332] Sequential element (S_vector1_reg[1597]) is unused and will be removed from module ip_sha3v5_v1_0_S00_AXI.
WARNING: [Synth 8-3332] Sequential element (S_vector1_reg[1596]) is unused and will be removed from module ip_sha3v5_v1_0_S00_AXI.
WARNING: [Synth 8-3332] Sequential element (S_vector1_reg[1595]) is unused and will be removed from module ip_sha3v5_v1_0_S00_AXI.
WARNING: [Synth 8-3332] Sequential element (S_vector1_reg[1594]) is unused and will be removed from module ip_sha3v5_v1_0_S00_AXI.
WARNING: [Synth 8-3332] Sequential element (S_vector1_reg[1593]) is unused and will be removed from module ip_sha3v5_v1_0_S00_AXI.
WARNING: [Synth 8-3332] Sequential element (S_vector1_reg[1592]) is unused and will be removed from module ip_sha3v5_v1_0_S00_AXI.
WARNING: [Synth 8-3332] Sequential element (S_vector1_reg[1591]) is unused and will be removed from module ip_sha3v5_v1_0_S00_AXI.
WARNING: [Synth 8-3332] Sequential element (S_vector1_reg[1590]) is unused and will be removed from module ip_sha3v5_v1_0_S00_AXI.
WARNING: [Synth 8-3332] Sequential element (S_vector1_reg[1589]) is unused and will be removed from module ip_sha3v5_v1_0_S00_AXI.
WARNING: [Synth 8-3332] Sequential element (S_vector1_reg[1588]) is unused and will be removed from module ip_sha3v5_v1_0_S00_AXI.
WARNING: [Synth 8-3332] Sequential element (S_vector1_reg[1587]) is unused and will be removed from module ip_sha3v5_v1_0_S00_AXI.
WARNING: [Synth 8-3332] Sequential element (S_vector1_reg[1586]) is unused and will be removed from module ip_sha3v5_v1_0_S00_AXI.
WARNING: [Synth 8-3332] Sequential element (S_vector1_reg[1585]) is unused and will be removed from module ip_sha3v5_v1_0_S00_AXI.
WARNING: [Synth 8-3332] Sequential element (S_vector1_reg[1584]) is unused and will be removed from module ip_sha3v5_v1_0_S00_AXI.
WARNING: [Synth 8-3332] Sequential element (S_vector1_reg[1583]) is unused and will be removed from module ip_sha3v5_v1_0_S00_AXI.
WARNING: [Synth 8-3332] Sequential element (S_vector1_reg[1582]) is unused and will be removed from module ip_sha3v5_v1_0_S00_AXI.
WARNING: [Synth 8-3332] Sequential element (S_vector1_reg[1581]) is unused and will be removed from module ip_sha3v5_v1_0_S00_AXI.
WARNING: [Synth 8-3332] Sequential element (S_vector1_reg[1580]) is unused and will be removed from module ip_sha3v5_v1_0_S00_AXI.
WARNING: [Synth 8-3332] Sequential element (S_vector1_reg[1579]) is unused and will be removed from module ip_sha3v5_v1_0_S00_AXI.
WARNING: [Synth 8-3332] Sequential element (S_vector1_reg[1578]) is unused and will be removed from module ip_sha3v5_v1_0_S00_AXI.
WARNING: [Synth 8-3332] Sequential element (S_vector1_reg[1577]) is unused and will be removed from module ip_sha3v5_v1_0_S00_AXI.
WARNING: [Synth 8-3332] Sequential element (S_vector1_reg[1576]) is unused and will be removed from module ip_sha3v5_v1_0_S00_AXI.
WARNING: [Synth 8-3332] Sequential element (S_vector1_reg[1575]) is unused and will be removed from module ip_sha3v5_v1_0_S00_AXI.
WARNING: [Synth 8-3332] Sequential element (S_vector1_reg[1574]) is unused and will be removed from module ip_sha3v5_v1_0_S00_AXI.
WARNING: [Synth 8-3332] Sequential element (S_vector1_reg[1573]) is unused and will be removed from module ip_sha3v5_v1_0_S00_AXI.
WARNING: [Synth 8-3332] Sequential element (S_vector1_reg[1572]) is unused and will be removed from module ip_sha3v5_v1_0_S00_AXI.
WARNING: [Synth 8-3332] Sequential element (S_vector1_reg[1571]) is unused and will be removed from module ip_sha3v5_v1_0_S00_AXI.
WARNING: [Synth 8-3332] Sequential element (S_vector1_reg[1570]) is unused and will be removed from module ip_sha3v5_v1_0_S00_AXI.
WARNING: [Synth 8-3332] Sequential element (S_vector1_reg[1569]) is unused and will be removed from module ip_sha3v5_v1_0_S00_AXI.
WARNING: [Synth 8-3332] Sequential element (S_vector1_reg[1568]) is unused and will be removed from module ip_sha3v5_v1_0_S00_AXI.
WARNING: [Synth 8-3332] Sequential element (S_vector1_reg[1567]) is unused and will be removed from module ip_sha3v5_v1_0_S00_AXI.
WARNING: [Synth 8-3332] Sequential element (S_vector1_reg[1566]) is unused and will be removed from module ip_sha3v5_v1_0_S00_AXI.
WARNING: [Synth 8-3332] Sequential element (S_vector1_reg[1565]) is unused and will be removed from module ip_sha3v5_v1_0_S00_AXI.
WARNING: [Synth 8-3332] Sequential element (S_vector1_reg[1564]) is unused and will be removed from module ip_sha3v5_v1_0_S00_AXI.
WARNING: [Synth 8-3332] Sequential element (S_vector1_reg[1563]) is unused and will be removed from module ip_sha3v5_v1_0_S00_AXI.
WARNING: [Synth 8-3332] Sequential element (S_vector1_reg[1562]) is unused and will be removed from module ip_sha3v5_v1_0_S00_AXI.
WARNING: [Synth 8-3332] Sequential element (S_vector1_reg[1561]) is unused and will be removed from module ip_sha3v5_v1_0_S00_AXI.
WARNING: [Synth 8-3332] Sequential element (S_vector1_reg[1560]) is unused and will be removed from module ip_sha3v5_v1_0_S00_AXI.
WARNING: [Synth 8-3332] Sequential element (S_vector1_reg[1559]) is unused and will be removed from module ip_sha3v5_v1_0_S00_AXI.
WARNING: [Synth 8-3332] Sequential element (S_vector1_reg[1558]) is unused and will be removed from module ip_sha3v5_v1_0_S00_AXI.
WARNING: [Synth 8-3332] Sequential element (S_vector1_reg[1557]) is unused and will be removed from module ip_sha3v5_v1_0_S00_AXI.
WARNING: [Synth 8-3332] Sequential element (S_vector1_reg[1556]) is unused and will be removed from module ip_sha3v5_v1_0_S00_AXI.
WARNING: [Synth 8-3332] Sequential element (S_vector1_reg[1555]) is unused and will be removed from module ip_sha3v5_v1_0_S00_AXI.
WARNING: [Synth 8-3332] Sequential element (S_vector1_reg[1554]) is unused and will be removed from module ip_sha3v5_v1_0_S00_AXI.
WARNING: [Synth 8-3332] Sequential element (S_vector1_reg[1553]) is unused and will be removed from module ip_sha3v5_v1_0_S00_AXI.
WARNING: [Synth 8-3332] Sequential element (S_vector1_reg[1552]) is unused and will be removed from module ip_sha3v5_v1_0_S00_AXI.
WARNING: [Synth 8-3332] Sequential element (S_vector1_reg[1551]) is unused and will be removed from module ip_sha3v5_v1_0_S00_AXI.
WARNING: [Synth 8-3332] Sequential element (S_vector1_reg[1550]) is unused and will be removed from module ip_sha3v5_v1_0_S00_AXI.
WARNING: [Synth 8-3332] Sequential element (S_vector1_reg[1549]) is unused and will be removed from module ip_sha3v5_v1_0_S00_AXI.
WARNING: [Synth 8-3332] Sequential element (S_vector1_reg[1548]) is unused and will be removed from module ip_sha3v5_v1_0_S00_AXI.
WARNING: [Synth 8-3332] Sequential element (S_vector1_reg[1547]) is unused and will be removed from module ip_sha3v5_v1_0_S00_AXI.
WARNING: [Synth 8-3332] Sequential element (S_vector1_reg[1546]) is unused and will be removed from module ip_sha3v5_v1_0_S00_AXI.
WARNING: [Synth 8-3332] Sequential element (S_vector1_reg[1545]) is unused and will be removed from module ip_sha3v5_v1_0_S00_AXI.
WARNING: [Synth 8-3332] Sequential element (S_vector1_reg[1544]) is unused and will be removed from module ip_sha3v5_v1_0_S00_AXI.
WARNING: [Synth 8-3332] Sequential element (S_vector1_reg[1543]) is unused and will be removed from module ip_sha3v5_v1_0_S00_AXI.
WARNING: [Synth 8-3332] Sequential element (S_vector1_reg[1542]) is unused and will be removed from module ip_sha3v5_v1_0_S00_AXI.
WARNING: [Synth 8-3332] Sequential element (S_vector1_reg[1541]) is unused and will be removed from module ip_sha3v5_v1_0_S00_AXI.
WARNING: [Synth 8-3332] Sequential element (S_vector1_reg[1540]) is unused and will be removed from module ip_sha3v5_v1_0_S00_AXI.
WARNING: [Synth 8-3332] Sequential element (S_vector1_reg[1539]) is unused and will be removed from module ip_sha3v5_v1_0_S00_AXI.
WARNING: [Synth 8-3332] Sequential element (S_vector1_reg[1538]) is unused and will be removed from module ip_sha3v5_v1_0_S00_AXI.
WARNING: [Synth 8-3332] Sequential element (S_vector1_reg[1537]) is unused and will be removed from module ip_sha3v5_v1_0_S00_AXI.
WARNING: [Synth 8-3332] Sequential element (S_vector1_reg[1536]) is unused and will be removed from module ip_sha3v5_v1_0_S00_AXI.
WARNING: [Synth 8-3332] Sequential element (S_vector1_reg[1535]) is unused and will be removed from module ip_sha3v5_v1_0_S00_AXI.
WARNING: [Synth 8-3332] Sequential element (S_vector1_reg[1534]) is unused and will be removed from module ip_sha3v5_v1_0_S00_AXI.
WARNING: [Synth 8-3332] Sequential element (S_vector1_reg[1533]) is unused and will be removed from module ip_sha3v5_v1_0_S00_AXI.
WARNING: [Synth 8-3332] Sequential element (S_vector1_reg[1532]) is unused and will be removed from module ip_sha3v5_v1_0_S00_AXI.
WARNING: [Synth 8-3332] Sequential element (S_vector1_reg[1531]) is unused and will be removed from module ip_sha3v5_v1_0_S00_AXI.
WARNING: [Synth 8-3332] Sequential element (S_vector1_reg[1530]) is unused and will be removed from module ip_sha3v5_v1_0_S00_AXI.
WARNING: [Synth 8-3332] Sequential element (S_vector1_reg[1529]) is unused and will be removed from module ip_sha3v5_v1_0_S00_AXI.
WARNING: [Synth 8-3332] Sequential element (S_vector1_reg[1528]) is unused and will be removed from module ip_sha3v5_v1_0_S00_AXI.
WARNING: [Synth 8-3332] Sequential element (S_vector1_reg[1527]) is unused and will be removed from module ip_sha3v5_v1_0_S00_AXI.
WARNING: [Synth 8-3332] Sequential element (S_vector1_reg[1526]) is unused and will be removed from module ip_sha3v5_v1_0_S00_AXI.
WARNING: [Synth 8-3332] Sequential element (S_vector1_reg[1525]) is unused and will be removed from module ip_sha3v5_v1_0_S00_AXI.
WARNING: [Synth 8-3332] Sequential element (S_vector1_reg[1524]) is unused and will be removed from module ip_sha3v5_v1_0_S00_AXI.
WARNING: [Synth 8-3332] Sequential element (S_vector1_reg[1523]) is unused and will be removed from module ip_sha3v5_v1_0_S00_AXI.
WARNING: [Synth 8-3332] Sequential element (S_vector1_reg[1522]) is unused and will be removed from module ip_sha3v5_v1_0_S00_AXI.
WARNING: [Synth 8-3332] Sequential element (S_vector1_reg[1521]) is unused and will be removed from module ip_sha3v5_v1_0_S00_AXI.
WARNING: [Synth 8-3332] Sequential element (S_vector1_reg[1520]) is unused and will be removed from module ip_sha3v5_v1_0_S00_AXI.
WARNING: [Synth 8-3332] Sequential element (S_vector1_reg[1519]) is unused and will be removed from module ip_sha3v5_v1_0_S00_AXI.
WARNING: [Synth 8-3332] Sequential element (S_vector1_reg[1518]) is unused and will be removed from module ip_sha3v5_v1_0_S00_AXI.
WARNING: [Synth 8-3332] Sequential element (S_vector1_reg[1517]) is unused and will be removed from module ip_sha3v5_v1_0_S00_AXI.
WARNING: [Synth 8-3332] Sequential element (S_vector1_reg[1516]) is unused and will be removed from module ip_sha3v5_v1_0_S00_AXI.
WARNING: [Synth 8-3332] Sequential element (S_vector1_reg[1515]) is unused and will be removed from module ip_sha3v5_v1_0_S00_AXI.
WARNING: [Synth 8-3332] Sequential element (S_vector1_reg[1514]) is unused and will be removed from module ip_sha3v5_v1_0_S00_AXI.
WARNING: [Synth 8-3332] Sequential element (S_vector1_reg[1513]) is unused and will be removed from module ip_sha3v5_v1_0_S00_AXI.
WARNING: [Synth 8-3332] Sequential element (S_vector1_reg[1512]) is unused and will be removed from module ip_sha3v5_v1_0_S00_AXI.
WARNING: [Synth 8-3332] Sequential element (S_vector1_reg[1511]) is unused and will be removed from module ip_sha3v5_v1_0_S00_AXI.
WARNING: [Synth 8-3332] Sequential element (S_vector1_reg[1510]) is unused and will be removed from module ip_sha3v5_v1_0_S00_AXI.
WARNING: [Synth 8-3332] Sequential element (S_vector1_reg[1509]) is unused and will be removed from module ip_sha3v5_v1_0_S00_AXI.
WARNING: [Synth 8-3332] Sequential element (S_vector1_reg[1508]) is unused and will be removed from module ip_sha3v5_v1_0_S00_AXI.
WARNING: [Synth 8-3332] Sequential element (S_vector1_reg[1507]) is unused and will be removed from module ip_sha3v5_v1_0_S00_AXI.
WARNING: [Synth 8-3332] Sequential element (S_vector1_reg[1506]) is unused and will be removed from module ip_sha3v5_v1_0_S00_AXI.
WARNING: [Synth 8-3332] Sequential element (S_vector1_reg[1505]) is unused and will be removed from module ip_sha3v5_v1_0_S00_AXI.
WARNING: [Synth 8-3332] Sequential element (S_vector1_reg[1504]) is unused and will be removed from module ip_sha3v5_v1_0_S00_AXI.
WARNING: [Synth 8-3332] Sequential element (S_vector1_reg[1503]) is unused and will be removed from module ip_sha3v5_v1_0_S00_AXI.
WARNING: [Synth 8-3332] Sequential element (S_vector1_reg[1502]) is unused and will be removed from module ip_sha3v5_v1_0_S00_AXI.
WARNING: [Synth 8-3332] Sequential element (S_vector1_reg[1501]) is unused and will be removed from module ip_sha3v5_v1_0_S00_AXI.
WARNING: [Synth 8-3332] Sequential element (S_vector1_reg[1500]) is unused and will be removed from module ip_sha3v5_v1_0_S00_AXI.
INFO: [Common 17-14] Message 'Synth 8-3332' appears 100 times and further instances of the messages will be disabled. Use the Tcl command set_msg_config to change the current settings.
---------------------------------------------------------------------------------
Finished Cross Boundary and Area Optimization : Time (s): cpu = 00:01:01 ; elapsed = 00:01:17 . Memory (MB): peak = 1933.184 ; gain = 679.660 ; free physical = 360 ; free virtual = 2842
---------------------------------------------------------------------------------

Report RTL Partitions: 
+-+--------------+------------+----------+
| |RTL Partition |Replication |Instances |
+-+--------------+------------+----------+
+-+--------------+------------+----------+
---------------------------------------------------------------------------------
Start Applying XDC Timing Constraints
---------------------------------------------------------------------------------
---------------------------------------------------------------------------------
Finished Applying XDC Timing Constraints : Time (s): cpu = 00:01:07 ; elapsed = 00:01:25 . Memory (MB): peak = 1933.184 ; gain = 679.660 ; free physical = 227 ; free virtual = 2735
---------------------------------------------------------------------------------
---------------------------------------------------------------------------------
Start Timing Optimization
---------------------------------------------------------------------------------
---------------------------------------------------------------------------------
Finished Timing Optimization : Time (s): cpu = 00:01:09 ; elapsed = 00:01:27 . Memory (MB): peak = 1933.184 ; gain = 679.660 ; free physical = 222 ; free virtual = 2732
---------------------------------------------------------------------------------

Report RTL Partitions: 
+-+--------------+------------+----------+
| |RTL Partition |Replication |Instances |
+-+--------------+------------+----------+
+-+--------------+------------+----------+
---------------------------------------------------------------------------------
Start Technology Mapping
---------------------------------------------------------------------------------
---------------------------------------------------------------------------------
Finished Technology Mapping : Time (s): cpu = 00:01:14 ; elapsed = 00:01:32 . Memory (MB): peak = 2033.199 ; gain = 779.676 ; free physical = 357 ; free virtual = 2743
---------------------------------------------------------------------------------

Report RTL Partitions: 
+-+--------------+------------+----------+
| |RTL Partition |Replication |Instances |
+-+--------------+------------+----------+
+-+--------------+------------+----------+
---------------------------------------------------------------------------------
Start IO Insertion
---------------------------------------------------------------------------------
---------------------------------------------------------------------------------
Start Flattening Before IO Insertion
---------------------------------------------------------------------------------
---------------------------------------------------------------------------------
Finished Flattening Before IO Insertion
---------------------------------------------------------------------------------
---------------------------------------------------------------------------------
Start Final Netlist Cleanup
---------------------------------------------------------------------------------
---------------------------------------------------------------------------------
Finished Final Netlist Cleanup
---------------------------------------------------------------------------------
---------------------------------------------------------------------------------
Finished IO Insertion : Time (s): cpu = 00:01:15 ; elapsed = 00:01:34 . Memory (MB): peak = 2033.199 ; gain = 779.676 ; free physical = 351 ; free virtual = 2744
---------------------------------------------------------------------------------

Report Check Netlist: 
+------+------------------+-------+---------+-------+------------------+
|      |Item              |Errors |Warnings |Status |Description       |
+------+------------------+-------+---------+-------+------------------+
|1     |multi_driven_nets |      0|        0|Passed |Multi driven nets |
+------+------------------+-------+---------+-------+------------------+
---------------------------------------------------------------------------------
Start Renaming Generated Instances
---------------------------------------------------------------------------------
---------------------------------------------------------------------------------
Finished Renaming Generated Instances : Time (s): cpu = 00:01:15 ; elapsed = 00:01:34 . Memory (MB): peak = 2033.199 ; gain = 779.676 ; free physical = 351 ; free virtual = 2744
---------------------------------------------------------------------------------

Report RTL Partitions: 
+-+--------------+------------+----------+
| |RTL Partition |Replication |Instances |
+-+--------------+------------+----------+
+-+--------------+------------+----------+
---------------------------------------------------------------------------------
Start Rebuilding User Hierarchy
---------------------------------------------------------------------------------
---------------------------------------------------------------------------------
Finished Rebuilding User Hierarchy : Time (s): cpu = 00:01:16 ; elapsed = 00:01:35 . Memory (MB): peak = 2033.199 ; gain = 779.676 ; free physical = 346 ; free virtual = 2742
---------------------------------------------------------------------------------
---------------------------------------------------------------------------------
Start Renaming Generated Ports
---------------------------------------------------------------------------------
---------------------------------------------------------------------------------
Finished Renaming Generated Ports : Time (s): cpu = 00:01:16 ; elapsed = 00:01:35 . Memory (MB): peak = 2033.199 ; gain = 779.676 ; free physical = 346 ; free virtual = 2742
---------------------------------------------------------------------------------
---------------------------------------------------------------------------------
Start Handling Custom Attributes
---------------------------------------------------------------------------------
---------------------------------------------------------------------------------
Finished Handling Custom Attributes : Time (s): cpu = 00:01:17 ; elapsed = 00:01:35 . Memory (MB): peak = 2033.199 ; gain = 779.676 ; free physical = 347 ; free virtual = 2743
---------------------------------------------------------------------------------
---------------------------------------------------------------------------------
Start Renaming Generated Nets
---------------------------------------------------------------------------------
---------------------------------------------------------------------------------
Finished Renaming Generated Nets : Time (s): cpu = 00:01:17 ; elapsed = 00:01:36 . Memory (MB): peak = 2033.199 ; gain = 779.676 ; free physical = 347 ; free virtual = 2743
---------------------------------------------------------------------------------
---------------------------------------------------------------------------------
Start Writing Synthesis Report
---------------------------------------------------------------------------------

Report BlackBoxes: 
+-+--------------+----------+
| |BlackBox name |Instances |
+-+--------------+----------+
+-+--------------+----------+

Report Cell Usage: 
+------+-------+------+
|      |Cell   |Count |
+------+-------+------+
|1     |CARRY4 |     1|
|2     |LUT1   |     4|
|3     |LUT2   |    67|
|4     |LUT3   |  4072|
|5     |LUT4   |   174|
|6     |LUT5   |  2045|
|7     |LUT6   |  2859|
|8     |MUXF7  |   192|
|9     |MUXF8  |    96|
|10    |FDCE   |  1630|
|11    |FDPE   |  1152|
|12    |FDRE   |  2744|
|13    |FDSE   |    14|
|14    |LDC    |  1152|
+------+-------+------+

Report Instance Areas: 
+------+--------------------------------+-----------------------+------+
|      |Instance                        |Module                 |Cells |
+------+--------------------------------+-----------------------+------+
|1     |top                             |                       | 16202|
|2     |  U0                            |ip_sha3v5_v1_0         | 16202|
|3     |    ip_sha3v5_v1_0_S00_AXI_inst |ip_sha3v5_v1_0_S00_AXI | 13895|
+------+--------------------------------+-----------------------+------+
---------------------------------------------------------------------------------
Finished Writing Synthesis Report : Time (s): cpu = 00:01:17 ; elapsed = 00:01:36 . Memory (MB): peak = 2033.199 ; gain = 779.676 ; free physical = 347 ; free virtual = 2743
---------------------------------------------------------------------------------
Synthesis finished with 0 errors, 0 critical warnings and 518 warnings.
Synthesis Optimization Runtime : Time (s): cpu = 00:01:06 ; elapsed = 00:01:12 . Memory (MB): peak = 2033.199 ; gain = 442.082 ; free physical = 399 ; free virtual = 2796
Synthesis Optimization Complete : Time (s): cpu = 00:01:17 ; elapsed = 00:01:36 . Memory (MB): peak = 2033.207 ; gain = 779.676 ; free physical = 396 ; free virtual = 2798
INFO: [Project 1-571] Translating synthesized netlist
INFO: [Netlist 29-17] Analyzing 1441 Unisim elements for replacement
INFO: [Netlist 29-28] Unisim Transformation completed in 0 CPU seconds
WARNING: [Netlist 29-101] Netlist 'diagramm_ip_sha3v5_0_0' is not ideal for floorplanning, since the cellview 'ip_sha3v5_v1_0_S00_AXI' contains a large number of primitives.  Please consider enabling hierarchy in synthesis if you want to do floorplanning.
INFO: [Project 1-570] Preparing netlist for logic optimization
INFO: [Opt 31-138] Pushed 0 inverter(s) to 0 load pin(s).
INFO: [Project 1-111] Unisim Transformation Summary:
  A total of 1152 instances were transformed.
  LDC => LDCE: 1152 instances

INFO: [Common 17-83] Releasing license: Synthesis
124 Infos, 218 Warnings, 0 Critical Warnings and 0 Errors encountered.
synth_design completed successfully
synth_design: Time (s): cpu = 00:01:20 ; elapsed = 00:01:38 . Memory (MB): peak = 2065.215 ; gain = 823.258 ; free physical = 341 ; free virtual = 2811
WARNING: [Constraints 18-5210] No constraint will be written out.
INFO: [Common 17-1381] The checkpoint '/home/anzhelika/projekt/diplom/debug_progectv5/debug_sha3/debug_sha3.runs/diagramm_ip_sha3v5_0_0_synth_1/diagramm_ip_sha3v5_0_0.dcp' has been generated.
write_vhdl: Time (s): cpu = 00:00:12 ; elapsed = 00:00:12 . Memory (MB): peak = 2089.227 ; gain = 0.000 ; free physical = 107 ; free virtual = 2715
INFO: [Coretcl 2-1482] Added synthesis output to IP cache for IP /home/anzhelika/projekt/diplom/debug_progectv5/debug_sha3/debug_sha3.srcs/sources_1/bd/diagramm/ip/diagramm_ip_sha3v5_0_0/diagramm_ip_sha3v5_0_0.xci
INFO: [Coretcl 2-1174] Renamed 2 cell refs.
WARNING: [Constraints 18-5210] No constraint will be written out.
INFO: [Common 17-1381] The checkpoint '/home/anzhelika/projekt/diplom/debug_progectv5/debug_sha3/debug_sha3.runs/diagramm_ip_sha3v5_0_0_synth_1/diagramm_ip_sha3v5_0_0.dcp' has been generated.
INFO: [runtcl-4] Executing : report_utilization -file diagramm_ip_sha3v5_0_0_utilization_synth.rpt -pb diagramm_ip_sha3v5_0_0_utilization_synth.pb
report_utilization: Time (s): cpu = 00:00:00.18 ; elapsed = 00:00:00.22 . Memory (MB): peak = 2089.227 ; gain = 0.000 ; free physical = 134 ; free virtual = 2726
write_vhdl: Time (s): cpu = 00:00:09 ; elapsed = 00:00:09 . Memory (MB): peak = 2089.227 ; gain = 0.000 ; free physical = 129 ; free virtual = 2732
INFO: [Common 17-206] Exiting Vivado at Sat Jun 15 12:16:43 2019...
