14:14:51 INFO  : Registering command handlers for SDK TCF services
14:14:52 INFO  : Launching XSCT server: xsct -n -interactive /home/anzhelika/projekt/diplom/debug_progectv5/debug_sha3/debug_sha3.sdk/temp_xsdb_launch_script.tcl
14:14:54 INFO  : XSCT server has started successfully.
14:14:55 INFO  : Successfully done setting XSCT server connection channel  
14:14:55 INFO  : Successfully done setting SDK workspace  
14:14:55 INFO  : Processing command line option -hwspec /home/anzhelika/projekt/diplom/debug_progectv5/debug_sha3/debug_sha3.sdk/diagramm_wrapper.hdf.
14:26:15 INFO  : Connected to target on host '127.0.0.1' and port '3121'.
14:26:15 INFO  : 'targets -set -filter {jtag_cable_name =~ "JTAG-ONB4 251633000000A" && level==0} -index 1' command is executed.
14:26:16 INFO  : FPGA configured successfully with bitstream "/home/anzhelika/projekt/diplom/debug_progectv5/debug_sha3/debug_sha3.sdk/diagramm_wrapper_hw_platform_0/diagramm_wrapper.bit"
14:26:27 INFO  : 'targets -set -filter {jtag_cable_name =~ "JTAG-ONB4 251633000000A" && level==0} -index 1' command is executed.
14:26:27 INFO  : 'fpga -state' command is executed.
14:26:27 INFO  : Connected to target on host '127.0.0.1' and port '3121'.
14:26:27 INFO  : Jtag cable 'JTAG-ONB4 251633000000A' is selected.
14:26:27 INFO  : 'jtag frequency' command is executed.
14:26:27 INFO  : Sourcing of '/home/anzhelika/projekt/diplom/debug_progectv5/debug_sha3/debug_sha3.sdk/diagramm_wrapper_hw_platform_0/ps7_init.tcl' is done.
14:26:27 INFO  : Context for 'APU' is selected.
14:26:27 INFO  : Hardware design information is loaded from '/home/anzhelika/projekt/diplom/debug_progectv5/debug_sha3/debug_sha3.sdk/diagramm_wrapper_hw_platform_0/system.hdf'.
14:26:27 INFO  : 'configparams force-mem-access 1' command is executed.
14:26:27 INFO  : Context for 'APU' is selected.
14:26:27 INFO  : 'stop' command is executed.
14:26:27 INFO  : 'ps7_init' command is executed.
14:26:27 INFO  : 'ps7_post_config' command is executed.
14:26:28 INFO  : Context for processor 'ps7_cortexa9_0' is selected.
14:26:28 INFO  : Processor reset is completed for 'ps7_cortexa9_0'.
14:26:28 INFO  : Context for processor 'ps7_cortexa9_0' is selected.
14:26:28 INFO  : The application '/home/anzhelika/projekt/diplom/debug_progectv5/debug_sha3/debug_sha3.sdk/test/Debug/test.elf' is downloaded to processor 'ps7_cortexa9_0'.
14:26:28 INFO  : 'configparams force-mem-access 0' command is executed.
14:26:28 INFO  : ----------------XSDB Script----------------
connect -url tcp:127.0.0.1:3121
source /home/anzhelika/projekt/diplom/debug_progectv5/debug_sha3/debug_sha3.sdk/diagramm_wrapper_hw_platform_0/ps7_init.tcl
targets -set -nocase -filter {name =~"APU*" && jtag_cable_name =~ "JTAG-ONB4 251633000000A"} -index 0
loadhw -hw /home/anzhelika/projekt/diplom/debug_progectv5/debug_sha3/debug_sha3.sdk/diagramm_wrapper_hw_platform_0/system.hdf -mem-ranges [list {0x40000000 0xbfffffff}]
configparams force-mem-access 1
targets -set -nocase -filter {name =~"APU*" && jtag_cable_name =~ "JTAG-ONB4 251633000000A"} -index 0
stop
ps7_init
ps7_post_config
targets -set -nocase -filter {name =~ "ARM*#0" && jtag_cable_name =~ "JTAG-ONB4 251633000000A"} -index 0
rst -processor
targets -set -nocase -filter {name =~ "ARM*#0" && jtag_cable_name =~ "JTAG-ONB4 251633000000A"} -index 0
dow /home/anzhelika/projekt/diplom/debug_progectv5/debug_sha3/debug_sha3.sdk/test/Debug/test.elf
configparams force-mem-access 0
----------------End of Script----------------

14:26:28 INFO  : Memory regions updated for context APU
14:26:28 INFO  : Context for processor 'ps7_cortexa9_0' is selected.
14:26:28 INFO  : 'con' command is executed.
14:26:28 INFO  : ----------------XSDB Script (After Launch)----------------
targets -set -nocase -filter {name =~ "ARM*#0" && jtag_cable_name =~ "JTAG-ONB4 251633000000A"} -index 0
con
----------------End of Script----------------

14:26:28 INFO  : Launch script is exported to file '/home/anzhelika/projekt/diplom/debug_progectv5/debug_sha3/debug_sha3.sdk/.sdk/launch_scripts/xilinx_c-c++_application_(system_debugger)/system_debugger_using_debug_test.elf_on_local.tcl'
14:30:52 INFO  : Connected to target on host '127.0.0.1' and port '3121'.
14:30:52 INFO  : 'targets -set -filter {jtag_cable_name =~ "JTAG-ONB4 251633000000A" && level==0} -index 1' command is executed.
14:30:53 INFO  : FPGA configured successfully with bitstream "/home/anzhelika/projekt/diplom/debug_progectv5/debug_sha3/debug_sha3.sdk/diagramm_wrapper_hw_platform_0/diagramm_wrapper.bit"
14:31:01 INFO  : Connected to target on host '127.0.0.1' and port '3121'.
14:31:01 INFO  : 'targets -set -filter {jtag_cable_name =~ "JTAG-ONB4 251633000000A" && level==0} -index 1' command is executed.
14:31:02 INFO  : FPGA configured successfully with bitstream "/home/anzhelika/projekt/diplom/debug_progectv5/debug_sha3/debug_sha3.sdk/diagramm_wrapper_hw_platform_0/diagramm_wrapper.bit"
14:35:11 INFO  : Connected to target on host '127.0.0.1' and port '3121'.
14:35:11 INFO  : 'targets -set -filter {jtag_cable_name =~ "JTAG-ONB4 251633000000A" && level==0} -index 1' command is executed.
14:35:12 INFO  : FPGA configured successfully with bitstream "/home/anzhelika/projekt/diplom/debug_progectv5/debug_sha3/debug_sha3.sdk/diagramm_wrapper_hw_platform_0/diagramm_wrapper.bit"
14:36:25 INFO  : 'targets -set -filter {jtag_cable_name =~ "JTAG-ONB4 251633000000A" && level==0} -index 1' command is executed.
14:36:25 INFO  : 'fpga -state' command is executed.
14:36:25 INFO  : Connected to target on host '127.0.0.1' and port '3121'.
14:36:26 INFO  : Jtag cable 'JTAG-ONB4 251633000000A' is selected.
14:36:26 INFO  : 'jtag frequency' command is executed.
14:36:26 INFO  : Sourcing of '/home/anzhelika/projekt/diplom/debug_progectv5/debug_sha3/debug_sha3.sdk/diagramm_wrapper_hw_platform_0/ps7_init.tcl' is done.
14:36:26 INFO  : Context for 'APU' is selected.
14:36:26 INFO  : Hardware design information is loaded from '/home/anzhelika/projekt/diplom/debug_progectv5/debug_sha3/debug_sha3.sdk/diagramm_wrapper_hw_platform_0/system.hdf'.
14:36:26 INFO  : 'configparams force-mem-access 1' command is executed.
14:36:26 INFO  : Context for 'APU' is selected.
14:36:26 INFO  : 'stop' command is executed.
14:36:26 INFO  : 'ps7_init' command is executed.
14:36:26 INFO  : 'ps7_post_config' command is executed.
14:36:26 INFO  : Context for processor 'ps7_cortexa9_0' is selected.
14:36:26 INFO  : Processor reset is completed for 'ps7_cortexa9_0'.
14:36:26 INFO  : Context for processor 'ps7_cortexa9_0' is selected.
14:36:26 INFO  : The application '/home/anzhelika/projekt/diplom/debug_progectv5/debug_sha3/debug_sha3.sdk/test/Debug/test.elf' is downloaded to processor 'ps7_cortexa9_0'.
14:36:26 INFO  : 'configparams force-mem-access 0' command is executed.
14:36:26 INFO  : ----------------XSDB Script----------------
connect -url tcp:127.0.0.1:3121
source /home/anzhelika/projekt/diplom/debug_progectv5/debug_sha3/debug_sha3.sdk/diagramm_wrapper_hw_platform_0/ps7_init.tcl
targets -set -nocase -filter {name =~"APU*" && jtag_cable_name =~ "JTAG-ONB4 251633000000A"} -index 0
loadhw -hw /home/anzhelika/projekt/diplom/debug_progectv5/debug_sha3/debug_sha3.sdk/diagramm_wrapper_hw_platform_0/system.hdf -mem-ranges [list {0x40000000 0xbfffffff}]
configparams force-mem-access 1
targets -set -nocase -filter {name =~"APU*" && jtag_cable_name =~ "JTAG-ONB4 251633000000A"} -index 0
stop
ps7_init
ps7_post_config
targets -set -nocase -filter {name =~ "ARM*#0" && jtag_cable_name =~ "JTAG-ONB4 251633000000A"} -index 0
rst -processor
targets -set -nocase -filter {name =~ "ARM*#0" && jtag_cable_name =~ "JTAG-ONB4 251633000000A"} -index 0
dow /home/anzhelika/projekt/diplom/debug_progectv5/debug_sha3/debug_sha3.sdk/test/Debug/test.elf
configparams force-mem-access 0
----------------End of Script----------------

14:36:26 INFO  : Memory regions updated for context APU
14:36:26 INFO  : Context for processor 'ps7_cortexa9_0' is selected.
14:36:27 INFO  : 'con' command is executed.
14:36:27 INFO  : ----------------XSDB Script (After Launch)----------------
targets -set -nocase -filter {name =~ "ARM*#0" && jtag_cable_name =~ "JTAG-ONB4 251633000000A"} -index 0
con
----------------End of Script----------------

14:36:27 INFO  : Launch script is exported to file '/home/anzhelika/projekt/diplom/debug_progectv5/debug_sha3/debug_sha3.sdk/.sdk/launch_scripts/xilinx_c-c++_application_(system_debugger)/system_debugger_using_debug_test.elf_on_local.tcl'
14:37:40 INFO  : Disconnected from the channel tcfchan#1.
14:37:41 INFO  : 'targets -set -filter {jtag_cable_name =~ "JTAG-ONB4 251633000000A" && level==0} -index 1' command is executed.
14:37:41 INFO  : 'fpga -state' command is executed.
14:37:41 INFO  : Connected to target on host '127.0.0.1' and port '3121'.
14:37:41 INFO  : Jtag cable 'JTAG-ONB4 251633000000A' is selected.
14:37:41 INFO  : 'jtag frequency' command is executed.
14:37:41 INFO  : Sourcing of '/home/anzhelika/projekt/diplom/debug_progectv5/debug_sha3/debug_sha3.sdk/diagramm_wrapper_hw_platform_0/ps7_init.tcl' is done.
14:37:41 INFO  : Context for 'APU' is selected.
14:37:42 INFO  : Hardware design information is loaded from '/home/anzhelika/projekt/diplom/debug_progectv5/debug_sha3/debug_sha3.sdk/diagramm_wrapper_hw_platform_0/system.hdf'.
14:37:42 INFO  : 'configparams force-mem-access 1' command is executed.
14:37:42 INFO  : Context for 'APU' is selected.
14:37:42 INFO  : 'stop' command is executed.
14:37:43 INFO  : 'ps7_init' command is executed.
14:37:43 INFO  : 'ps7_post_config' command is executed.
14:37:43 INFO  : Context for processor 'ps7_cortexa9_0' is selected.
14:37:43 INFO  : Processor reset is completed for 'ps7_cortexa9_0'.
14:37:43 INFO  : Context for processor 'ps7_cortexa9_0' is selected.
14:37:43 INFO  : The application '/home/anzhelika/projekt/diplom/debug_progectv5/debug_sha3/debug_sha3.sdk/test/Debug/test.elf' is downloaded to processor 'ps7_cortexa9_0'.
14:37:43 INFO  : 'configparams force-mem-access 0' command is executed.
14:37:43 INFO  : ----------------XSDB Script----------------
connect -url tcp:127.0.0.1:3121
source /home/anzhelika/projekt/diplom/debug_progectv5/debug_sha3/debug_sha3.sdk/diagramm_wrapper_hw_platform_0/ps7_init.tcl
targets -set -nocase -filter {name =~"APU*" && jtag_cable_name =~ "JTAG-ONB4 251633000000A"} -index 0
loadhw -hw /home/anzhelika/projekt/diplom/debug_progectv5/debug_sha3/debug_sha3.sdk/diagramm_wrapper_hw_platform_0/system.hdf -mem-ranges [list {0x40000000 0xbfffffff}]
configparams force-mem-access 1
targets -set -nocase -filter {name =~"APU*" && jtag_cable_name =~ "JTAG-ONB4 251633000000A"} -index 0
stop
ps7_init
ps7_post_config
targets -set -nocase -filter {name =~ "ARM*#0" && jtag_cable_name =~ "JTAG-ONB4 251633000000A"} -index 0
rst -processor
targets -set -nocase -filter {name =~ "ARM*#0" && jtag_cable_name =~ "JTAG-ONB4 251633000000A"} -index 0
dow /home/anzhelika/projekt/diplom/debug_progectv5/debug_sha3/debug_sha3.sdk/test/Debug/test.elf
configparams force-mem-access 0
----------------End of Script----------------

14:37:43 INFO  : Memory regions updated for context APU
14:37:43 INFO  : Context for processor 'ps7_cortexa9_0' is selected.
14:37:43 INFO  : 'con' command is executed.
14:37:43 INFO  : ----------------XSDB Script (After Launch)----------------
targets -set -nocase -filter {name =~ "ARM*#0" && jtag_cable_name =~ "JTAG-ONB4 251633000000A"} -index 0
con
----------------End of Script----------------

14:37:43 INFO  : Launch script is exported to file '/home/anzhelika/projekt/diplom/debug_progectv5/debug_sha3/debug_sha3.sdk/.sdk/launch_scripts/xilinx_c-c++_application_(system_debugger)/system_debugger_using_debug_test.elf_on_local.tcl'
14:38:16 INFO  : Connected to target on host '127.0.0.1' and port '3121'.
14:38:16 INFO  : 'targets -set -filter {jtag_cable_name =~ "JTAG-ONB4 251633000000A" && level==0} -index 1' command is executed.
14:38:18 INFO  : FPGA configured successfully with bitstream "/home/anzhelika/projekt/diplom/debug_progectv5/debug_sha3/debug_sha3.sdk/diagramm_wrapper_hw_platform_0/diagramm_wrapper.bit"
14:38:49 INFO  : Disconnected from the channel tcfchan#2.
14:38:50 INFO  : 'targets -set -filter {jtag_cable_name =~ "JTAG-ONB4 251633000000A" && level==0} -index 1' command is executed.
14:38:50 INFO  : 'fpga -state' command is executed.
14:38:50 INFO  : Connected to target on host '127.0.0.1' and port '3121'.
14:38:50 INFO  : Jtag cable 'JTAG-ONB4 251633000000A' is selected.
14:38:50 INFO  : 'jtag frequency' command is executed.
14:38:50 INFO  : Sourcing of '/home/anzhelika/projekt/diplom/debug_progectv5/debug_sha3/debug_sha3.sdk/diagramm_wrapper_hw_platform_0/ps7_init.tcl' is done.
14:38:50 INFO  : Context for 'APU' is selected.
14:38:52 INFO  : Hardware design information is loaded from '/home/anzhelika/projekt/diplom/debug_progectv5/debug_sha3/debug_sha3.sdk/diagramm_wrapper_hw_platform_0/system.hdf'.
14:38:52 INFO  : 'configparams force-mem-access 1' command is executed.
14:38:52 INFO  : Context for 'APU' is selected.
14:38:52 INFO  : 'stop' command is executed.
14:38:52 INFO  : 'ps7_init' command is executed.
14:38:52 INFO  : 'ps7_post_config' command is executed.
14:38:52 INFO  : Context for processor 'ps7_cortexa9_0' is selected.
14:38:52 INFO  : Processor reset is completed for 'ps7_cortexa9_0'.
14:38:52 INFO  : Context for processor 'ps7_cortexa9_0' is selected.
14:38:52 INFO  : The application '/home/anzhelika/projekt/diplom/debug_progectv5/debug_sha3/debug_sha3.sdk/test/Debug/test.elf' is downloaded to processor 'ps7_cortexa9_0'.
14:38:52 INFO  : 'configparams force-mem-access 0' command is executed.
14:38:52 INFO  : ----------------XSDB Script----------------
connect -url tcp:127.0.0.1:3121
source /home/anzhelika/projekt/diplom/debug_progectv5/debug_sha3/debug_sha3.sdk/diagramm_wrapper_hw_platform_0/ps7_init.tcl
targets -set -nocase -filter {name =~"APU*" && jtag_cable_name =~ "JTAG-ONB4 251633000000A"} -index 0
loadhw -hw /home/anzhelika/projekt/diplom/debug_progectv5/debug_sha3/debug_sha3.sdk/diagramm_wrapper_hw_platform_0/system.hdf -mem-ranges [list {0x40000000 0xbfffffff}]
configparams force-mem-access 1
targets -set -nocase -filter {name =~"APU*" && jtag_cable_name =~ "JTAG-ONB4 251633000000A"} -index 0
stop
ps7_init
ps7_post_config
targets -set -nocase -filter {name =~ "ARM*#0" && jtag_cable_name =~ "JTAG-ONB4 251633000000A"} -index 0
rst -processor
targets -set -nocase -filter {name =~ "ARM*#0" && jtag_cable_name =~ "JTAG-ONB4 251633000000A"} -index 0
dow /home/anzhelika/projekt/diplom/debug_progectv5/debug_sha3/debug_sha3.sdk/test/Debug/test.elf
configparams force-mem-access 0
----------------End of Script----------------

14:38:52 INFO  : Memory regions updated for context APU
14:38:52 INFO  : Context for processor 'ps7_cortexa9_0' is selected.
14:38:52 INFO  : 'con' command is executed.
14:38:52 INFO  : ----------------XSDB Script (After Launch)----------------
targets -set -nocase -filter {name =~ "ARM*#0" && jtag_cable_name =~ "JTAG-ONB4 251633000000A"} -index 0
con
----------------End of Script----------------

14:38:52 INFO  : Launch script is exported to file '/home/anzhelika/projekt/diplom/debug_progectv5/debug_sha3/debug_sha3.sdk/.sdk/launch_scripts/xilinx_c-c++_application_(system_debugger)/system_debugger_using_debug_test.elf_on_local.tcl'
14:41:11 INFO  : Disconnected from the channel tcfchan#3.
14:41:12 INFO  : 'targets -set -filter {jtag_cable_name =~ "JTAG-ONB4 251633000000A" && level==0} -index 1' command is executed.
14:41:12 INFO  : 'fpga -state' command is executed.
14:41:12 INFO  : Connected to target on host '127.0.0.1' and port '3121'.
14:41:12 INFO  : Jtag cable 'JTAG-ONB4 251633000000A' is selected.
14:41:12 INFO  : 'jtag frequency' command is executed.
14:41:12 INFO  : Sourcing of '/home/anzhelika/projekt/diplom/debug_progectv5/debug_sha3/debug_sha3.sdk/diagramm_wrapper_hw_platform_0/ps7_init.tcl' is done.
14:41:12 INFO  : Context for 'APU' is selected.
14:41:14 INFO  : Hardware design information is loaded from '/home/anzhelika/projekt/diplom/debug_progectv5/debug_sha3/debug_sha3.sdk/diagramm_wrapper_hw_platform_0/system.hdf'.
14:41:14 INFO  : 'configparams force-mem-access 1' command is executed.
14:41:14 INFO  : Context for 'APU' is selected.
14:41:14 INFO  : 'stop' command is executed.
14:41:14 INFO  : 'ps7_init' command is executed.
14:41:14 INFO  : 'ps7_post_config' command is executed.
14:41:14 INFO  : Context for processor 'ps7_cortexa9_0' is selected.
14:41:14 INFO  : Processor reset is completed for 'ps7_cortexa9_0'.
14:41:14 INFO  : Context for processor 'ps7_cortexa9_0' is selected.
14:41:14 INFO  : The application '/home/anzhelika/projekt/diplom/debug_progectv5/debug_sha3/debug_sha3.sdk/test/Debug/test.elf' is downloaded to processor 'ps7_cortexa9_0'.
14:41:14 INFO  : 'configparams force-mem-access 0' command is executed.
14:41:14 INFO  : ----------------XSDB Script----------------
connect -url tcp:127.0.0.1:3121
source /home/anzhelika/projekt/diplom/debug_progectv5/debug_sha3/debug_sha3.sdk/diagramm_wrapper_hw_platform_0/ps7_init.tcl
targets -set -nocase -filter {name =~"APU*" && jtag_cable_name =~ "JTAG-ONB4 251633000000A"} -index 0
loadhw -hw /home/anzhelika/projekt/diplom/debug_progectv5/debug_sha3/debug_sha3.sdk/diagramm_wrapper_hw_platform_0/system.hdf -mem-ranges [list {0x40000000 0xbfffffff}]
configparams force-mem-access 1
targets -set -nocase -filter {name =~"APU*" && jtag_cable_name =~ "JTAG-ONB4 251633000000A"} -index 0
stop
ps7_init
ps7_post_config
targets -set -nocase -filter {name =~ "ARM*#0" && jtag_cable_name =~ "JTAG-ONB4 251633000000A"} -index 0
rst -processor
targets -set -nocase -filter {name =~ "ARM*#0" && jtag_cable_name =~ "JTAG-ONB4 251633000000A"} -index 0
dow /home/anzhelika/projekt/diplom/debug_progectv5/debug_sha3/debug_sha3.sdk/test/Debug/test.elf
configparams force-mem-access 0
----------------End of Script----------------

14:41:14 INFO  : Memory regions updated for context APU
14:41:14 INFO  : Context for processor 'ps7_cortexa9_0' is selected.
14:41:14 INFO  : 'con' command is executed.
14:41:14 INFO  : ----------------XSDB Script (After Launch)----------------
targets -set -nocase -filter {name =~ "ARM*#0" && jtag_cable_name =~ "JTAG-ONB4 251633000000A"} -index 0
con
----------------End of Script----------------

14:41:14 INFO  : Launch script is exported to file '/home/anzhelika/projekt/diplom/debug_progectv5/debug_sha3/debug_sha3.sdk/.sdk/launch_scripts/xilinx_c-c++_application_(system_debugger)/system_debugger_using_debug_test.elf_on_local.tcl'
14:44:25 INFO  : Disconnected from the channel tcfchan#4.
14:44:26 INFO  : 'targets -set -filter {jtag_cable_name =~ "JTAG-ONB4 251633000000A" && level==0} -index 1' command is executed.
14:44:26 INFO  : 'fpga -state' command is executed.
14:44:26 INFO  : Connected to target on host '127.0.0.1' and port '3121'.
14:44:26 INFO  : Jtag cable 'JTAG-ONB4 251633000000A' is selected.
14:44:26 INFO  : 'jtag frequency' command is executed.
14:44:26 INFO  : Sourcing of '/home/anzhelika/projekt/diplom/debug_progectv5/debug_sha3/debug_sha3.sdk/diagramm_wrapper_hw_platform_0/ps7_init.tcl' is done.
14:44:26 INFO  : Context for 'APU' is selected.
14:44:27 INFO  : Hardware design information is loaded from '/home/anzhelika/projekt/diplom/debug_progectv5/debug_sha3/debug_sha3.sdk/diagramm_wrapper_hw_platform_0/system.hdf'.
14:44:27 INFO  : 'configparams force-mem-access 1' command is executed.
14:44:27 INFO  : Context for 'APU' is selected.
14:44:27 INFO  : 'stop' command is executed.
14:44:27 INFO  : 'ps7_init' command is executed.
14:44:27 INFO  : 'ps7_post_config' command is executed.
14:44:27 INFO  : Context for processor 'ps7_cortexa9_0' is selected.
14:44:27 INFO  : Processor reset is completed for 'ps7_cortexa9_0'.
14:44:27 INFO  : Context for processor 'ps7_cortexa9_0' is selected.
14:44:28 INFO  : The application '/home/anzhelika/projekt/diplom/debug_progectv5/debug_sha3/debug_sha3.sdk/test/Debug/test.elf' is downloaded to processor 'ps7_cortexa9_0'.
14:44:28 INFO  : 'configparams force-mem-access 0' command is executed.
14:44:28 INFO  : ----------------XSDB Script----------------
connect -url tcp:127.0.0.1:3121
source /home/anzhelika/projekt/diplom/debug_progectv5/debug_sha3/debug_sha3.sdk/diagramm_wrapper_hw_platform_0/ps7_init.tcl
targets -set -nocase -filter {name =~"APU*" && jtag_cable_name =~ "JTAG-ONB4 251633000000A"} -index 0
loadhw -hw /home/anzhelika/projekt/diplom/debug_progectv5/debug_sha3/debug_sha3.sdk/diagramm_wrapper_hw_platform_0/system.hdf -mem-ranges [list {0x40000000 0xbfffffff}]
configparams force-mem-access 1
targets -set -nocase -filter {name =~"APU*" && jtag_cable_name =~ "JTAG-ONB4 251633000000A"} -index 0
stop
ps7_init
ps7_post_config
targets -set -nocase -filter {name =~ "ARM*#0" && jtag_cable_name =~ "JTAG-ONB4 251633000000A"} -index 0
rst -processor
targets -set -nocase -filter {name =~ "ARM*#0" && jtag_cable_name =~ "JTAG-ONB4 251633000000A"} -index 0
dow /home/anzhelika/projekt/diplom/debug_progectv5/debug_sha3/debug_sha3.sdk/test/Debug/test.elf
configparams force-mem-access 0
----------------End of Script----------------

14:44:28 INFO  : Memory regions updated for context APU
14:44:28 INFO  : Context for processor 'ps7_cortexa9_0' is selected.
14:44:28 INFO  : 'con' command is executed.
14:44:28 INFO  : ----------------XSDB Script (After Launch)----------------
targets -set -nocase -filter {name =~ "ARM*#0" && jtag_cable_name =~ "JTAG-ONB4 251633000000A"} -index 0
con
----------------End of Script----------------

14:44:28 INFO  : Launch script is exported to file '/home/anzhelika/projekt/diplom/debug_progectv5/debug_sha3/debug_sha3.sdk/.sdk/launch_scripts/xilinx_c-c++_application_(system_debugger)/system_debugger_using_debug_test.elf_on_local.tcl'
14:46:46 INFO  : Disconnected from the channel tcfchan#5.
14:46:47 INFO  : 'targets -set -filter {jtag_cable_name =~ "JTAG-ONB4 251633000000A" && level==0} -index 1' command is executed.
14:46:47 INFO  : 'fpga -state' command is executed.
14:46:47 INFO  : Connected to target on host '127.0.0.1' and port '3121'.
14:46:47 INFO  : Jtag cable 'JTAG-ONB4 251633000000A' is selected.
14:46:47 INFO  : 'jtag frequency' command is executed.
14:46:47 INFO  : Sourcing of '/home/anzhelika/projekt/diplom/debug_progectv5/debug_sha3/debug_sha3.sdk/diagramm_wrapper_hw_platform_0/ps7_init.tcl' is done.
14:46:47 INFO  : Context for 'APU' is selected.
14:46:49 INFO  : Hardware design information is loaded from '/home/anzhelika/projekt/diplom/debug_progectv5/debug_sha3/debug_sha3.sdk/diagramm_wrapper_hw_platform_0/system.hdf'.
14:46:49 INFO  : 'configparams force-mem-access 1' command is executed.
14:46:49 INFO  : Context for 'APU' is selected.
14:46:49 INFO  : 'stop' command is executed.
14:46:49 INFO  : 'ps7_init' command is executed.
14:46:49 INFO  : 'ps7_post_config' command is executed.
14:46:49 INFO  : Context for processor 'ps7_cortexa9_0' is selected.
14:46:49 INFO  : Processor reset is completed for 'ps7_cortexa9_0'.
14:46:49 INFO  : Context for processor 'ps7_cortexa9_0' is selected.
14:46:49 INFO  : The application '/home/anzhelika/projekt/diplom/debug_progectv5/debug_sha3/debug_sha3.sdk/test/Debug/test.elf' is downloaded to processor 'ps7_cortexa9_0'.
14:46:49 INFO  : 'configparams force-mem-access 0' command is executed.
14:46:49 INFO  : ----------------XSDB Script----------------
connect -url tcp:127.0.0.1:3121
source /home/anzhelika/projekt/diplom/debug_progectv5/debug_sha3/debug_sha3.sdk/diagramm_wrapper_hw_platform_0/ps7_init.tcl
targets -set -nocase -filter {name =~"APU*" && jtag_cable_name =~ "JTAG-ONB4 251633000000A"} -index 0
loadhw -hw /home/anzhelika/projekt/diplom/debug_progectv5/debug_sha3/debug_sha3.sdk/diagramm_wrapper_hw_platform_0/system.hdf -mem-ranges [list {0x40000000 0xbfffffff}]
configparams force-mem-access 1
targets -set -nocase -filter {name =~"APU*" && jtag_cable_name =~ "JTAG-ONB4 251633000000A"} -index 0
stop
ps7_init
ps7_post_config
targets -set -nocase -filter {name =~ "ARM*#0" && jtag_cable_name =~ "JTAG-ONB4 251633000000A"} -index 0
rst -processor
targets -set -nocase -filter {name =~ "ARM*#0" && jtag_cable_name =~ "JTAG-ONB4 251633000000A"} -index 0
dow /home/anzhelika/projekt/diplom/debug_progectv5/debug_sha3/debug_sha3.sdk/test/Debug/test.elf
configparams force-mem-access 0
----------------End of Script----------------

14:46:49 INFO  : Memory regions updated for context APU
14:46:49 INFO  : Context for processor 'ps7_cortexa9_0' is selected.
14:46:49 INFO  : 'con' command is executed.
14:46:49 INFO  : ----------------XSDB Script (After Launch)----------------
targets -set -nocase -filter {name =~ "ARM*#0" && jtag_cable_name =~ "JTAG-ONB4 251633000000A"} -index 0
con
----------------End of Script----------------

14:46:49 INFO  : Launch script is exported to file '/home/anzhelika/projekt/diplom/debug_progectv5/debug_sha3/debug_sha3.sdk/.sdk/launch_scripts/xilinx_c-c++_application_(system_debugger)/system_debugger_using_debug_test.elf_on_local.tcl'
14:48:22 INFO  : Connected to target on host '127.0.0.1' and port '3121'.
14:48:22 INFO  : 'targets -set -filter {jtag_cable_name =~ "JTAG-ONB4 251633000000A" && level==0} -index 1' command is executed.
14:48:23 INFO  : FPGA configured successfully with bitstream "/home/anzhelika/projekt/diplom/debug_progectv5/debug_sha3/debug_sha3.sdk/diagramm_wrapper_hw_platform_0/diagramm_wrapper.bit"
14:48:32 INFO  : Disconnected from the channel tcfchan#6.
14:48:33 INFO  : 'targets -set -filter {jtag_cable_name =~ "JTAG-ONB4 251633000000A" && level==0} -index 1' command is executed.
14:48:33 INFO  : 'fpga -state' command is executed.
14:48:33 INFO  : Connected to target on host '127.0.0.1' and port '3121'.
14:48:33 INFO  : Jtag cable 'JTAG-ONB4 251633000000A' is selected.
14:48:33 INFO  : 'jtag frequency' command is executed.
14:48:33 INFO  : Sourcing of '/home/anzhelika/projekt/diplom/debug_progectv5/debug_sha3/debug_sha3.sdk/diagramm_wrapper_hw_platform_0/ps7_init.tcl' is done.
14:48:33 INFO  : Context for 'APU' is selected.
14:48:35 INFO  : Hardware design information is loaded from '/home/anzhelika/projekt/diplom/debug_progectv5/debug_sha3/debug_sha3.sdk/diagramm_wrapper_hw_platform_0/system.hdf'.
14:48:35 INFO  : 'configparams force-mem-access 1' command is executed.
14:48:35 INFO  : Context for 'APU' is selected.
14:48:35 INFO  : 'stop' command is executed.
14:48:35 INFO  : 'ps7_init' command is executed.
14:48:35 INFO  : 'ps7_post_config' command is executed.
14:48:36 INFO  : Context for processor 'ps7_cortexa9_0' is selected.
14:48:36 INFO  : Processor reset is completed for 'ps7_cortexa9_0'.
14:48:36 INFO  : Context for processor 'ps7_cortexa9_0' is selected.
14:48:36 INFO  : The application '/home/anzhelika/projekt/diplom/debug_progectv5/debug_sha3/debug_sha3.sdk/test/Debug/test.elf' is downloaded to processor 'ps7_cortexa9_0'.
14:48:36 INFO  : 'configparams force-mem-access 0' command is executed.
14:48:36 INFO  : ----------------XSDB Script----------------
connect -url tcp:127.0.0.1:3121
source /home/anzhelika/projekt/diplom/debug_progectv5/debug_sha3/debug_sha3.sdk/diagramm_wrapper_hw_platform_0/ps7_init.tcl
targets -set -nocase -filter {name =~"APU*" && jtag_cable_name =~ "JTAG-ONB4 251633000000A"} -index 0
loadhw -hw /home/anzhelika/projekt/diplom/debug_progectv5/debug_sha3/debug_sha3.sdk/diagramm_wrapper_hw_platform_0/system.hdf -mem-ranges [list {0x40000000 0xbfffffff}]
configparams force-mem-access 1
targets -set -nocase -filter {name =~"APU*" && jtag_cable_name =~ "JTAG-ONB4 251633000000A"} -index 0
stop
ps7_init
ps7_post_config
targets -set -nocase -filter {name =~ "ARM*#0" && jtag_cable_name =~ "JTAG-ONB4 251633000000A"} -index 0
rst -processor
targets -set -nocase -filter {name =~ "ARM*#0" && jtag_cable_name =~ "JTAG-ONB4 251633000000A"} -index 0
dow /home/anzhelika/projekt/diplom/debug_progectv5/debug_sha3/debug_sha3.sdk/test/Debug/test.elf
configparams force-mem-access 0
----------------End of Script----------------

14:48:36 INFO  : Memory regions updated for context APU
14:48:36 INFO  : Context for processor 'ps7_cortexa9_0' is selected.
14:48:36 INFO  : 'con' command is executed.
14:48:36 INFO  : ----------------XSDB Script (After Launch)----------------
targets -set -nocase -filter {name =~ "ARM*#0" && jtag_cable_name =~ "JTAG-ONB4 251633000000A"} -index 0
con
----------------End of Script----------------

14:48:36 INFO  : Launch script is exported to file '/home/anzhelika/projekt/diplom/debug_progectv5/debug_sha3/debug_sha3.sdk/.sdk/launch_scripts/xilinx_c-c++_application_(system_debugger)/system_debugger_using_debug_test.elf_on_local.tcl'
14:51:43 INFO  : Disconnected from the channel tcfchan#7.
14:51:44 INFO  : 'targets -set -filter {jtag_cable_name =~ "JTAG-ONB4 251633000000A" && level==0} -index 1' command is executed.
14:51:44 INFO  : 'fpga -state' command is executed.
14:51:44 INFO  : Connected to target on host '127.0.0.1' and port '3121'.
14:51:45 INFO  : Jtag cable 'JTAG-ONB4 251633000000A' is selected.
14:51:45 INFO  : 'jtag frequency' command is executed.
14:51:45 INFO  : Sourcing of '/home/anzhelika/projekt/diplom/debug_progectv5/debug_sha3/debug_sha3.sdk/diagramm_wrapper_hw_platform_0/ps7_init.tcl' is done.
14:51:45 INFO  : Context for 'APU' is selected.
14:51:46 INFO  : Hardware design information is loaded from '/home/anzhelika/projekt/diplom/debug_progectv5/debug_sha3/debug_sha3.sdk/diagramm_wrapper_hw_platform_0/system.hdf'.
14:51:46 INFO  : 'configparams force-mem-access 1' command is executed.
14:51:46 INFO  : Context for 'APU' is selected.
14:51:46 INFO  : 'stop' command is executed.
14:51:46 INFO  : 'ps7_init' command is executed.
14:51:46 INFO  : 'ps7_post_config' command is executed.
14:51:46 INFO  : Context for processor 'ps7_cortexa9_0' is selected.
14:51:46 INFO  : Processor reset is completed for 'ps7_cortexa9_0'.
14:51:46 INFO  : Context for processor 'ps7_cortexa9_0' is selected.
14:51:46 INFO  : The application '/home/anzhelika/projekt/diplom/debug_progectv5/debug_sha3/debug_sha3.sdk/test/Debug/test.elf' is downloaded to processor 'ps7_cortexa9_0'.
14:51:46 INFO  : 'configparams force-mem-access 0' command is executed.
14:51:46 INFO  : ----------------XSDB Script----------------
connect -url tcp:127.0.0.1:3121
source /home/anzhelika/projekt/diplom/debug_progectv5/debug_sha3/debug_sha3.sdk/diagramm_wrapper_hw_platform_0/ps7_init.tcl
targets -set -nocase -filter {name =~"APU*" && jtag_cable_name =~ "JTAG-ONB4 251633000000A"} -index 0
loadhw -hw /home/anzhelika/projekt/diplom/debug_progectv5/debug_sha3/debug_sha3.sdk/diagramm_wrapper_hw_platform_0/system.hdf -mem-ranges [list {0x40000000 0xbfffffff}]
configparams force-mem-access 1
targets -set -nocase -filter {name =~"APU*" && jtag_cable_name =~ "JTAG-ONB4 251633000000A"} -index 0
stop
ps7_init
ps7_post_config
targets -set -nocase -filter {name =~ "ARM*#0" && jtag_cable_name =~ "JTAG-ONB4 251633000000A"} -index 0
rst -processor
targets -set -nocase -filter {name =~ "ARM*#0" && jtag_cable_name =~ "JTAG-ONB4 251633000000A"} -index 0
dow /home/anzhelika/projekt/diplom/debug_progectv5/debug_sha3/debug_sha3.sdk/test/Debug/test.elf
configparams force-mem-access 0
----------------End of Script----------------

14:51:47 INFO  : Memory regions updated for context APU
14:51:47 INFO  : Context for processor 'ps7_cortexa9_0' is selected.
14:51:47 INFO  : 'con' command is executed.
14:51:47 INFO  : ----------------XSDB Script (After Launch)----------------
targets -set -nocase -filter {name =~ "ARM*#0" && jtag_cable_name =~ "JTAG-ONB4 251633000000A"} -index 0
con
----------------End of Script----------------

14:51:47 INFO  : Launch script is exported to file '/home/anzhelika/projekt/diplom/debug_progectv5/debug_sha3/debug_sha3.sdk/.sdk/launch_scripts/xilinx_c-c++_application_(system_debugger)/system_debugger_using_debug_test.elf_on_local.tcl'
14:56:31 INFO  : Disconnected from the channel tcfchan#8.
14:56:32 INFO  : 'targets -set -filter {jtag_cable_name =~ "JTAG-ONB4 251633000000A" && level==0} -index 1' command is executed.
14:56:32 INFO  : 'fpga -state' command is executed.
14:56:32 INFO  : Connected to target on host '127.0.0.1' and port '3121'.
14:56:32 INFO  : Jtag cable 'JTAG-ONB4 251633000000A' is selected.
14:56:32 INFO  : 'jtag frequency' command is executed.
14:56:32 INFO  : Sourcing of '/home/anzhelika/projekt/diplom/debug_progectv5/debug_sha3/debug_sha3.sdk/diagramm_wrapper_hw_platform_0/ps7_init.tcl' is done.
14:56:32 INFO  : Context for 'APU' is selected.
14:56:34 INFO  : Hardware design information is loaded from '/home/anzhelika/projekt/diplom/debug_progectv5/debug_sha3/debug_sha3.sdk/diagramm_wrapper_hw_platform_0/system.hdf'.
14:56:34 INFO  : 'configparams force-mem-access 1' command is executed.
14:56:34 INFO  : Context for 'APU' is selected.
14:56:34 INFO  : 'stop' command is executed.
14:56:35 INFO  : 'ps7_init' command is executed.
14:56:35 INFO  : 'ps7_post_config' command is executed.
14:56:35 INFO  : Context for processor 'ps7_cortexa9_0' is selected.
14:56:35 INFO  : Processor reset is completed for 'ps7_cortexa9_0'.
14:56:35 INFO  : Context for processor 'ps7_cortexa9_0' is selected.
14:56:35 INFO  : The application '/home/anzhelika/projekt/diplom/debug_progectv5/debug_sha3/debug_sha3.sdk/test/Debug/test.elf' is downloaded to processor 'ps7_cortexa9_0'.
14:56:35 INFO  : 'configparams force-mem-access 0' command is executed.
14:56:35 INFO  : ----------------XSDB Script----------------
connect -url tcp:127.0.0.1:3121
source /home/anzhelika/projekt/diplom/debug_progectv5/debug_sha3/debug_sha3.sdk/diagramm_wrapper_hw_platform_0/ps7_init.tcl
targets -set -nocase -filter {name =~"APU*" && jtag_cable_name =~ "JTAG-ONB4 251633000000A"} -index 0
loadhw -hw /home/anzhelika/projekt/diplom/debug_progectv5/debug_sha3/debug_sha3.sdk/diagramm_wrapper_hw_platform_0/system.hdf -mem-ranges [list {0x40000000 0xbfffffff}]
configparams force-mem-access 1
targets -set -nocase -filter {name =~"APU*" && jtag_cable_name =~ "JTAG-ONB4 251633000000A"} -index 0
stop
ps7_init
ps7_post_config
targets -set -nocase -filter {name =~ "ARM*#0" && jtag_cable_name =~ "JTAG-ONB4 251633000000A"} -index 0
rst -processor
targets -set -nocase -filter {name =~ "ARM*#0" && jtag_cable_name =~ "JTAG-ONB4 251633000000A"} -index 0
dow /home/anzhelika/projekt/diplom/debug_progectv5/debug_sha3/debug_sha3.sdk/test/Debug/test.elf
configparams force-mem-access 0
----------------End of Script----------------

14:56:35 INFO  : Memory regions updated for context APU
14:56:35 INFO  : Context for processor 'ps7_cortexa9_0' is selected.
14:56:35 INFO  : 'con' command is executed.
14:56:35 INFO  : ----------------XSDB Script (After Launch)----------------
targets -set -nocase -filter {name =~ "ARM*#0" && jtag_cable_name =~ "JTAG-ONB4 251633000000A"} -index 0
con
----------------End of Script----------------

14:56:35 INFO  : Launch script is exported to file '/home/anzhelika/projekt/diplom/debug_progectv5/debug_sha3/debug_sha3.sdk/.sdk/launch_scripts/xilinx_c-c++_application_(system_debugger)/system_debugger_using_debug_test.elf_on_local.tcl'
14:57:07 INFO  : Connected to target on host '127.0.0.1' and port '3121'.
14:57:07 INFO  : 'targets -set -filter {jtag_cable_name =~ "JTAG-ONB4 251633000000A" && level==0} -index 1' command is executed.
14:57:09 INFO  : FPGA configured successfully with bitstream "/home/anzhelika/projekt/diplom/debug_progectv5/debug_sha3/debug_sha3.sdk/diagramm_wrapper_hw_platform_0/diagramm_wrapper.bit"
14:57:19 INFO  : Disconnected from the channel tcfchan#9.
14:57:20 INFO  : 'targets -set -filter {jtag_cable_name =~ "JTAG-ONB4 251633000000A" && level==0} -index 1' command is executed.
14:57:20 INFO  : 'fpga -state' command is executed.
14:57:20 INFO  : Connected to target on host '127.0.0.1' and port '3121'.
14:57:20 INFO  : Jtag cable 'JTAG-ONB4 251633000000A' is selected.
14:57:20 INFO  : 'jtag frequency' command is executed.
14:57:20 INFO  : Sourcing of '/home/anzhelika/projekt/diplom/debug_progectv5/debug_sha3/debug_sha3.sdk/diagramm_wrapper_hw_platform_0/ps7_init.tcl' is done.
14:57:20 INFO  : Context for 'APU' is selected.
14:57:21 INFO  : Hardware design information is loaded from '/home/anzhelika/projekt/diplom/debug_progectv5/debug_sha3/debug_sha3.sdk/diagramm_wrapper_hw_platform_0/system.hdf'.
14:57:21 INFO  : 'configparams force-mem-access 1' command is executed.
14:57:21 INFO  : Context for 'APU' is selected.
14:57:21 INFO  : 'stop' command is executed.
14:57:22 INFO  : 'ps7_init' command is executed.
14:57:22 INFO  : 'ps7_post_config' command is executed.
14:57:22 INFO  : Context for processor 'ps7_cortexa9_0' is selected.
14:57:22 INFO  : Processor reset is completed for 'ps7_cortexa9_0'.
14:57:22 INFO  : Context for processor 'ps7_cortexa9_0' is selected.
14:57:22 INFO  : The application '/home/anzhelika/projekt/diplom/debug_progectv5/debug_sha3/debug_sha3.sdk/test/Debug/test.elf' is downloaded to processor 'ps7_cortexa9_0'.
14:57:22 INFO  : 'configparams force-mem-access 0' command is executed.
14:57:22 INFO  : ----------------XSDB Script----------------
connect -url tcp:127.0.0.1:3121
source /home/anzhelika/projekt/diplom/debug_progectv5/debug_sha3/debug_sha3.sdk/diagramm_wrapper_hw_platform_0/ps7_init.tcl
targets -set -nocase -filter {name =~"APU*" && jtag_cable_name =~ "JTAG-ONB4 251633000000A"} -index 0
loadhw -hw /home/anzhelika/projekt/diplom/debug_progectv5/debug_sha3/debug_sha3.sdk/diagramm_wrapper_hw_platform_0/system.hdf -mem-ranges [list {0x40000000 0xbfffffff}]
configparams force-mem-access 1
targets -set -nocase -filter {name =~"APU*" && jtag_cable_name =~ "JTAG-ONB4 251633000000A"} -index 0
stop
ps7_init
ps7_post_config
targets -set -nocase -filter {name =~ "ARM*#0" && jtag_cable_name =~ "JTAG-ONB4 251633000000A"} -index 0
rst -processor
targets -set -nocase -filter {name =~ "ARM*#0" && jtag_cable_name =~ "JTAG-ONB4 251633000000A"} -index 0
dow /home/anzhelika/projekt/diplom/debug_progectv5/debug_sha3/debug_sha3.sdk/test/Debug/test.elf
configparams force-mem-access 0
----------------End of Script----------------

14:57:22 INFO  : Memory regions updated for context APU
14:57:22 INFO  : Context for processor 'ps7_cortexa9_0' is selected.
14:57:22 INFO  : 'con' command is executed.
14:57:22 INFO  : ----------------XSDB Script (After Launch)----------------
targets -set -nocase -filter {name =~ "ARM*#0" && jtag_cable_name =~ "JTAG-ONB4 251633000000A"} -index 0
con
----------------End of Script----------------

14:57:22 INFO  : Launch script is exported to file '/home/anzhelika/projekt/diplom/debug_progectv5/debug_sha3/debug_sha3.sdk/.sdk/launch_scripts/xilinx_c-c++_application_(system_debugger)/system_debugger_using_debug_test.elf_on_local.tcl'
