
*** Running vivado
    with args -log diagramm_ip_sha3v5_0_0.vds -m64 -product Vivado -mode batch -messageDb vivado.pb -notrace -source diagramm_ip_sha3v5_0_0.tcl


****** Vivado v2018.2 (64-bit)
  **** SW Build 2258646 on Thu Jun 14 20:02:38 MDT 2018
  **** IP Build 2256618 on Thu Jun 14 22:10:49 MDT 2018
    ** Copyright 1986-2018 Xilinx, Inc. All Rights Reserved.

source diagramm_ip_sha3v5_0_0.tcl -notrace
Command: synth_design -top diagramm_ip_sha3v5_0_0 -part xc7z010clg225-1 -mode out_of_context
Starting synth_design
Attempting to get a license for feature 'Synthesis' and/or device 'xc7z010'
INFO: [Common 17-349] Got license for feature 'Synthesis' and/or device 'xc7z010'
INFO: Launching helper process for spawning children vivado processes
INFO: Helper process launched with PID 24707 
---------------------------------------------------------------------------------
Starting RTL Elaboration : Time (s): cpu = 00:00:02 ; elapsed = 00:00:02 . Memory (MB): peak = 1335.418 ; gain = 82.887 ; free physical = 841 ; free virtual = 3625
---------------------------------------------------------------------------------
INFO: [Synth 8-638] synthesizing module 'diagramm_ip_sha3v5_0_0' [/home/anzhelika/projekt/diplom/debug_progectv5/debug_sha3/debug_sha3.srcs/sources_1/bd/diagramm/ip/diagramm_ip_sha3v5_0_0/synth/diagramm_ip_sha3v5_0_0.vhd:82]
	Parameter C_S00_AXI_DATA_WIDTH bound to: 32 - type: integer 
	Parameter C_S00_AXI_ADDR_WIDTH bound to: 11 - type: integer 
INFO: [Synth 8-3491] module 'ip_sha3v5_v1_0' declared at '/home/anzhelika/projekt/diplom/debug_progectv5/debug_sha3/debug_sha3.srcs/sources_1/bd/diagramm/ipshared/f576/hdl/ip_sha3v5_v1_0.vhd:6' bound to instance 'U0' of component 'ip_sha3v5_v1_0' [/home/anzhelika/projekt/diplom/debug_progectv5/debug_sha3/debug_sha3.srcs/sources_1/bd/diagramm/ip/diagramm_ip_sha3v5_0_0/synth/diagramm_ip_sha3v5_0_0.vhd:146]
INFO: [Synth 8-638] synthesizing module 'ip_sha3v5_v1_0' [/home/anzhelika/projekt/diplom/debug_progectv5/debug_sha3/debug_sha3.srcs/sources_1/bd/diagramm/ipshared/f576/hdl/ip_sha3v5_v1_0.vhd:50]
	Parameter C_S00_AXI_DATA_WIDTH bound to: 32 - type: integer 
	Parameter C_S00_AXI_ADDR_WIDTH bound to: 11 - type: integer 
	Parameter C_S_AXI_DATA_WIDTH bound to: 32 - type: integer 
	Parameter C_S_AXI_ADDR_WIDTH bound to: 11 - type: integer 
INFO: [Synth 8-3491] module 'ip_sha3v5_v1_0_S00_AXI' declared at '/home/anzhelika/projekt/diplom/debug_progectv5/debug_sha3/debug_sha3.srcs/sources_1/bd/diagramm/ipshared/f576/hdl/ip_sha3v5_v1_0_S00_AXI.vhd:6' bound to instance 'ip_sha3v5_v1_0_S00_AXI_inst' of component 'ip_sha3v5_v1_0_S00_AXI' [/home/anzhelika/projekt/diplom/debug_progectv5/debug_sha3/debug_sha3.srcs/sources_1/bd/diagramm/ipshared/f576/hdl/ip_sha3v5_v1_0.vhd:86]
INFO: [Synth 8-638] synthesizing module 'ip_sha3v5_v1_0_S00_AXI' [/home/anzhelika/projekt/diplom/debug_progectv5/debug_sha3/debug_sha3.srcs/sources_1/bd/diagramm/ipshared/f576/hdl/ip_sha3v5_v1_0_S00_AXI.vhd:87]
	Parameter C_S_AXI_DATA_WIDTH bound to: 32 - type: integer 
	Parameter C_S_AXI_ADDR_WIDTH bound to: 11 - type: integer 
WARNING: [Synth 8-614] signal 'first' is read in the process but is not in the sensitivity list [/home/anzhelika/projekt/diplom/debug_progectv5/debug_sha3/debug_sha3.srcs/sources_1/bd/diagramm/ipshared/f576/hdl/ip_sha3v5_v1_0_S00_AXI.vhd:5173]
WARNING: [Synth 8-614] signal 'A_array' is read in the process but is not in the sensitivity list [/home/anzhelika/projekt/diplom/debug_progectv5/debug_sha3/debug_sha3.srcs/sources_1/bd/diagramm/ipshared/f576/hdl/ip_sha3v5_v1_0_S00_AXI.vhd:5204]
WARNING: [Synth 8-614] signal 'counter_nr_rounds' is read in the process but is not in the sensitivity list [/home/anzhelika/projekt/diplom/debug_progectv5/debug_sha3/debug_sha3.srcs/sources_1/bd/diagramm/ipshared/f576/hdl/ip_sha3v5_v1_0_S00_AXI.vhd:5957]
WARNING: [Synth 8-5856] 3D RAM round_in_reg  for this pattern/configuration is not supported. This will most likely be implemented in registers
WARNING: [Synth 8-6014] Unused sequential element loc_addr_reg was removed.  [/home/anzhelika/projekt/diplom/debug_progectv5/debug_sha3/debug_sha3.srcs/sources_1/bd/diagramm/ipshared/f576/hdl/ip_sha3v5_v1_0_S00_AXI.vhd:934]
WARNING: [Synth 8-3848] Net slv_reg90 in module/entity ip_sha3v5_v1_0_S00_AXI does not have driver. [/home/anzhelika/projekt/diplom/debug_progectv5/debug_sha3/debug_sha3.srcs/sources_1/bd/diagramm/ipshared/f576/hdl/ip_sha3v5_v1_0_S00_AXI.vhd:222]
WARNING: [Synth 8-3848] Net slv_reg91 in module/entity ip_sha3v5_v1_0_S00_AXI does not have driver. [/home/anzhelika/projekt/diplom/debug_progectv5/debug_sha3/debug_sha3.srcs/sources_1/bd/diagramm/ipshared/f576/hdl/ip_sha3v5_v1_0_S00_AXI.vhd:223]
WARNING: [Synth 8-3848] Net slv_reg92 in module/entity ip_sha3v5_v1_0_S00_AXI does not have driver. [/home/anzhelika/projekt/diplom/debug_progectv5/debug_sha3/debug_sha3.srcs/sources_1/bd/diagramm/ipshared/f576/hdl/ip_sha3v5_v1_0_S00_AXI.vhd:224]
WARNING: [Synth 8-3848] Net slv_reg93 in module/entity ip_sha3v5_v1_0_S00_AXI does not have driver. [/home/anzhelika/projekt/diplom/debug_progectv5/debug_sha3/debug_sha3.srcs/sources_1/bd/diagramm/ipshared/f576/hdl/ip_sha3v5_v1_0_S00_AXI.vhd:225]
WARNING: [Synth 8-3848] Net slv_reg94 in module/entity ip_sha3v5_v1_0_S00_AXI does not have driver. [/home/anzhelika/projekt/diplom/debug_progectv5/debug_sha3/debug_sha3.srcs/sources_1/bd/diagramm/ipshared/f576/hdl/ip_sha3v5_v1_0_S00_AXI.vhd:226]
WARNING: [Synth 8-3848] Net slv_reg95 in module/entity ip_sha3v5_v1_0_S00_AXI does not have driver. [/home/anzhelika/projekt/diplom/debug_progectv5/debug_sha3/debug_sha3.srcs/sources_1/bd/diagramm/ipshared/f576/hdl/ip_sha3v5_v1_0_S00_AXI.vhd:227]
WARNING: [Synth 8-3848] Net slv_reg96 in module/entity ip_sha3v5_v1_0_S00_AXI does not have driver. [/home/anzhelika/projekt/diplom/debug_progectv5/debug_sha3/debug_sha3.srcs/sources_1/bd/diagramm/ipshared/f576/hdl/ip_sha3v5_v1_0_S00_AXI.vhd:228]
WARNING: [Synth 8-3848] Net slv_reg97 in module/entity ip_sha3v5_v1_0_S00_AXI does not have driver. [/home/anzhelika/projekt/diplom/debug_progectv5/debug_sha3/debug_sha3.srcs/sources_1/bd/diagramm/ipshared/f576/hdl/ip_sha3v5_v1_0_S00_AXI.vhd:229]
WARNING: [Synth 8-3848] Net slv_reg98 in module/entity ip_sha3v5_v1_0_S00_AXI does not have driver. [/home/anzhelika/projekt/diplom/debug_progectv5/debug_sha3/debug_sha3.srcs/sources_1/bd/diagramm/ipshared/f576/hdl/ip_sha3v5_v1_0_S00_AXI.vhd:230]
WARNING: [Synth 8-3848] Net slv_reg99 in module/entity ip_sha3v5_v1_0_S00_AXI does not have driver. [/home/anzhelika/projekt/diplom/debug_progectv5/debug_sha3/debug_sha3.srcs/sources_1/bd/diagramm/ipshared/f576/hdl/ip_sha3v5_v1_0_S00_AXI.vhd:231]
WARNING: [Synth 8-3848] Net slv_reg140 in module/entity ip_sha3v5_v1_0_S00_AXI does not have driver. [/home/anzhelika/projekt/diplom/debug_progectv5/debug_sha3/debug_sha3.srcs/sources_1/bd/diagramm/ipshared/f576/hdl/ip_sha3v5_v1_0_S00_AXI.vhd:272]
WARNING: [Synth 8-3848] Net slv_reg141 in module/entity ip_sha3v5_v1_0_S00_AXI does not have driver. [/home/anzhelika/projekt/diplom/debug_progectv5/debug_sha3/debug_sha3.srcs/sources_1/bd/diagramm/ipshared/f576/hdl/ip_sha3v5_v1_0_S00_AXI.vhd:273]
WARNING: [Synth 8-3848] Net slv_reg142 in module/entity ip_sha3v5_v1_0_S00_AXI does not have driver. [/home/anzhelika/projekt/diplom/debug_progectv5/debug_sha3/debug_sha3.srcs/sources_1/bd/diagramm/ipshared/f576/hdl/ip_sha3v5_v1_0_S00_AXI.vhd:274]
WARNING: [Synth 8-3848] Net slv_reg143 in module/entity ip_sha3v5_v1_0_S00_AXI does not have driver. [/home/anzhelika/projekt/diplom/debug_progectv5/debug_sha3/debug_sha3.srcs/sources_1/bd/diagramm/ipshared/f576/hdl/ip_sha3v5_v1_0_S00_AXI.vhd:275]
WARNING: [Synth 8-3848] Net slv_reg144 in module/entity ip_sha3v5_v1_0_S00_AXI does not have driver. [/home/anzhelika/projekt/diplom/debug_progectv5/debug_sha3/debug_sha3.srcs/sources_1/bd/diagramm/ipshared/f576/hdl/ip_sha3v5_v1_0_S00_AXI.vhd:276]
WARNING: [Synth 8-3848] Net slv_reg145 in module/entity ip_sha3v5_v1_0_S00_AXI does not have driver. [/home/anzhelika/projekt/diplom/debug_progectv5/debug_sha3/debug_sha3.srcs/sources_1/bd/diagramm/ipshared/f576/hdl/ip_sha3v5_v1_0_S00_AXI.vhd:277]
WARNING: [Synth 8-3848] Net slv_reg146 in module/entity ip_sha3v5_v1_0_S00_AXI does not have driver. [/home/anzhelika/projekt/diplom/debug_progectv5/debug_sha3/debug_sha3.srcs/sources_1/bd/diagramm/ipshared/f576/hdl/ip_sha3v5_v1_0_S00_AXI.vhd:278]
WARNING: [Synth 8-3848] Net slv_reg147 in module/entity ip_sha3v5_v1_0_S00_AXI does not have driver. [/home/anzhelika/projekt/diplom/debug_progectv5/debug_sha3/debug_sha3.srcs/sources_1/bd/diagramm/ipshared/f576/hdl/ip_sha3v5_v1_0_S00_AXI.vhd:279]
WARNING: [Synth 8-3848] Net slv_reg148 in module/entity ip_sha3v5_v1_0_S00_AXI does not have driver. [/home/anzhelika/projekt/diplom/debug_progectv5/debug_sha3/debug_sha3.srcs/sources_1/bd/diagramm/ipshared/f576/hdl/ip_sha3v5_v1_0_S00_AXI.vhd:280]
WARNING: [Synth 8-3848] Net slv_reg149 in module/entity ip_sha3v5_v1_0_S00_AXI does not have driver. [/home/anzhelika/projekt/diplom/debug_progectv5/debug_sha3/debug_sha3.srcs/sources_1/bd/diagramm/ipshared/f576/hdl/ip_sha3v5_v1_0_S00_AXI.vhd:281]
WARNING: [Synth 8-3848] Net slv_reg190 in module/entity ip_sha3v5_v1_0_S00_AXI does not have driver. [/home/anzhelika/projekt/diplom/debug_progectv5/debug_sha3/debug_sha3.srcs/sources_1/bd/diagramm/ipshared/f576/hdl/ip_sha3v5_v1_0_S00_AXI.vhd:322]
WARNING: [Synth 8-3848] Net slv_reg191 in module/entity ip_sha3v5_v1_0_S00_AXI does not have driver. [/home/anzhelika/projekt/diplom/debug_progectv5/debug_sha3/debug_sha3.srcs/sources_1/bd/diagramm/ipshared/f576/hdl/ip_sha3v5_v1_0_S00_AXI.vhd:323]
WARNING: [Synth 8-3848] Net slv_reg192 in module/entity ip_sha3v5_v1_0_S00_AXI does not have driver. [/home/anzhelika/projekt/diplom/debug_progectv5/debug_sha3/debug_sha3.srcs/sources_1/bd/diagramm/ipshared/f576/hdl/ip_sha3v5_v1_0_S00_AXI.vhd:324]
WARNING: [Synth 8-3848] Net slv_reg193 in module/entity ip_sha3v5_v1_0_S00_AXI does not have driver. [/home/anzhelika/projekt/diplom/debug_progectv5/debug_sha3/debug_sha3.srcs/sources_1/bd/diagramm/ipshared/f576/hdl/ip_sha3v5_v1_0_S00_AXI.vhd:325]
WARNING: [Synth 8-3848] Net slv_reg194 in module/entity ip_sha3v5_v1_0_S00_AXI does not have driver. [/home/anzhelika/projekt/diplom/debug_progectv5/debug_sha3/debug_sha3.srcs/sources_1/bd/diagramm/ipshared/f576/hdl/ip_sha3v5_v1_0_S00_AXI.vhd:326]
WARNING: [Synth 8-3848] Net slv_reg195 in module/entity ip_sha3v5_v1_0_S00_AXI does not have driver. [/home/anzhelika/projekt/diplom/debug_progectv5/debug_sha3/debug_sha3.srcs/sources_1/bd/diagramm/ipshared/f576/hdl/ip_sha3v5_v1_0_S00_AXI.vhd:327]
WARNING: [Synth 8-3848] Net slv_reg196 in module/entity ip_sha3v5_v1_0_S00_AXI does not have driver. [/home/anzhelika/projekt/diplom/debug_progectv5/debug_sha3/debug_sha3.srcs/sources_1/bd/diagramm/ipshared/f576/hdl/ip_sha3v5_v1_0_S00_AXI.vhd:328]
WARNING: [Synth 8-3848] Net slv_reg197 in module/entity ip_sha3v5_v1_0_S00_AXI does not have driver. [/home/anzhelika/projekt/diplom/debug_progectv5/debug_sha3/debug_sha3.srcs/sources_1/bd/diagramm/ipshared/f576/hdl/ip_sha3v5_v1_0_S00_AXI.vhd:329]
WARNING: [Synth 8-3848] Net slv_reg198 in module/entity ip_sha3v5_v1_0_S00_AXI does not have driver. [/home/anzhelika/projekt/diplom/debug_progectv5/debug_sha3/debug_sha3.srcs/sources_1/bd/diagramm/ipshared/f576/hdl/ip_sha3v5_v1_0_S00_AXI.vhd:330]
WARNING: [Synth 8-3848] Net slv_reg199 in module/entity ip_sha3v5_v1_0_S00_AXI does not have driver. [/home/anzhelika/projekt/diplom/debug_progectv5/debug_sha3/debug_sha3.srcs/sources_1/bd/diagramm/ipshared/f576/hdl/ip_sha3v5_v1_0_S00_AXI.vhd:331]
WARNING: [Synth 8-3848] Net slv_reg240 in module/entity ip_sha3v5_v1_0_S00_AXI does not have driver. [/home/anzhelika/projekt/diplom/debug_progectv5/debug_sha3/debug_sha3.srcs/sources_1/bd/diagramm/ipshared/f576/hdl/ip_sha3v5_v1_0_S00_AXI.vhd:372]
WARNING: [Synth 8-3848] Net slv_reg241 in module/entity ip_sha3v5_v1_0_S00_AXI does not have driver. [/home/anzhelika/projekt/diplom/debug_progectv5/debug_sha3/debug_sha3.srcs/sources_1/bd/diagramm/ipshared/f576/hdl/ip_sha3v5_v1_0_S00_AXI.vhd:373]
WARNING: [Synth 8-3848] Net slv_reg242 in module/entity ip_sha3v5_v1_0_S00_AXI does not have driver. [/home/anzhelika/projekt/diplom/debug_progectv5/debug_sha3/debug_sha3.srcs/sources_1/bd/diagramm/ipshared/f576/hdl/ip_sha3v5_v1_0_S00_AXI.vhd:374]
WARNING: [Synth 8-3848] Net slv_reg243 in module/entity ip_sha3v5_v1_0_S00_AXI does not have driver. [/home/anzhelika/projekt/diplom/debug_progectv5/debug_sha3/debug_sha3.srcs/sources_1/bd/diagramm/ipshared/f576/hdl/ip_sha3v5_v1_0_S00_AXI.vhd:375]
WARNING: [Synth 8-3848] Net slv_reg244 in module/entity ip_sha3v5_v1_0_S00_AXI does not have driver. [/home/anzhelika/projekt/diplom/debug_progectv5/debug_sha3/debug_sha3.srcs/sources_1/bd/diagramm/ipshared/f576/hdl/ip_sha3v5_v1_0_S00_AXI.vhd:376]
WARNING: [Synth 8-3848] Net slv_reg245 in module/entity ip_sha3v5_v1_0_S00_AXI does not have driver. [/home/anzhelika/projekt/diplom/debug_progectv5/debug_sha3/debug_sha3.srcs/sources_1/bd/diagramm/ipshared/f576/hdl/ip_sha3v5_v1_0_S00_AXI.vhd:377]
WARNING: [Synth 8-3848] Net slv_reg246 in module/entity ip_sha3v5_v1_0_S00_AXI does not have driver. [/home/anzhelika/projekt/diplom/debug_progectv5/debug_sha3/debug_sha3.srcs/sources_1/bd/diagramm/ipshared/f576/hdl/ip_sha3v5_v1_0_S00_AXI.vhd:378]
WARNING: [Synth 8-3848] Net slv_reg247 in module/entity ip_sha3v5_v1_0_S00_AXI does not have driver. [/home/anzhelika/projekt/diplom/debug_progectv5/debug_sha3/debug_sha3.srcs/sources_1/bd/diagramm/ipshared/f576/hdl/ip_sha3v5_v1_0_S00_AXI.vhd:379]
WARNING: [Synth 8-3848] Net slv_reg248 in module/entity ip_sha3v5_v1_0_S00_AXI does not have driver. [/home/anzhelika/projekt/diplom/debug_progectv5/debug_sha3/debug_sha3.srcs/sources_1/bd/diagramm/ipshared/f576/hdl/ip_sha3v5_v1_0_S00_AXI.vhd:380]
WARNING: [Synth 8-3848] Net slv_reg249 in module/entity ip_sha3v5_v1_0_S00_AXI does not have driver. [/home/anzhelika/projekt/diplom/debug_progectv5/debug_sha3/debug_sha3.srcs/sources_1/bd/diagramm/ipshared/f576/hdl/ip_sha3v5_v1_0_S00_AXI.vhd:381]
WARNING: [Synth 8-3848] Net slv_reg290 in module/entity ip_sha3v5_v1_0_S00_AXI does not have driver. [/home/anzhelika/projekt/diplom/debug_progectv5/debug_sha3/debug_sha3.srcs/sources_1/bd/diagramm/ipshared/f576/hdl/ip_sha3v5_v1_0_S00_AXI.vhd:422]
WARNING: [Synth 8-3848] Net slv_reg291 in module/entity ip_sha3v5_v1_0_S00_AXI does not have driver. [/home/anzhelika/projekt/diplom/debug_progectv5/debug_sha3/debug_sha3.srcs/sources_1/bd/diagramm/ipshared/f576/hdl/ip_sha3v5_v1_0_S00_AXI.vhd:423]
WARNING: [Synth 8-3848] Net slv_reg292 in module/entity ip_sha3v5_v1_0_S00_AXI does not have driver. [/home/anzhelika/projekt/diplom/debug_progectv5/debug_sha3/debug_sha3.srcs/sources_1/bd/diagramm/ipshared/f576/hdl/ip_sha3v5_v1_0_S00_AXI.vhd:424]
WARNING: [Synth 8-3848] Net slv_reg293 in module/entity ip_sha3v5_v1_0_S00_AXI does not have driver. [/home/anzhelika/projekt/diplom/debug_progectv5/debug_sha3/debug_sha3.srcs/sources_1/bd/diagramm/ipshared/f576/hdl/ip_sha3v5_v1_0_S00_AXI.vhd:425]
WARNING: [Synth 8-3848] Net slv_reg294 in module/entity ip_sha3v5_v1_0_S00_AXI does not have driver. [/home/anzhelika/projekt/diplom/debug_progectv5/debug_sha3/debug_sha3.srcs/sources_1/bd/diagramm/ipshared/f576/hdl/ip_sha3v5_v1_0_S00_AXI.vhd:426]
WARNING: [Synth 8-3848] Net slv_reg295 in module/entity ip_sha3v5_v1_0_S00_AXI does not have driver. [/home/anzhelika/projekt/diplom/debug_progectv5/debug_sha3/debug_sha3.srcs/sources_1/bd/diagramm/ipshared/f576/hdl/ip_sha3v5_v1_0_S00_AXI.vhd:427]
WARNING: [Synth 8-3848] Net slv_reg296 in module/entity ip_sha3v5_v1_0_S00_AXI does not have driver. [/home/anzhelika/projekt/diplom/debug_progectv5/debug_sha3/debug_sha3.srcs/sources_1/bd/diagramm/ipshared/f576/hdl/ip_sha3v5_v1_0_S00_AXI.vhd:428]
WARNING: [Synth 8-3848] Net slv_reg297 in module/entity ip_sha3v5_v1_0_S00_AXI does not have driver. [/home/anzhelika/projekt/diplom/debug_progectv5/debug_sha3/debug_sha3.srcs/sources_1/bd/diagramm/ipshared/f576/hdl/ip_sha3v5_v1_0_S00_AXI.vhd:429]
WARNING: [Synth 8-3848] Net slv_reg298 in module/entity ip_sha3v5_v1_0_S00_AXI does not have driver. [/home/anzhelika/projekt/diplom/debug_progectv5/debug_sha3/debug_sha3.srcs/sources_1/bd/diagramm/ipshared/f576/hdl/ip_sha3v5_v1_0_S00_AXI.vhd:430]
WARNING: [Synth 8-3848] Net slv_reg299 in module/entity ip_sha3v5_v1_0_S00_AXI does not have driver. [/home/anzhelika/projekt/diplom/debug_progectv5/debug_sha3/debug_sha3.srcs/sources_1/bd/diagramm/ipshared/f576/hdl/ip_sha3v5_v1_0_S00_AXI.vhd:431]
WARNING: [Synth 8-3848] Net slv_reg340 in module/entity ip_sha3v5_v1_0_S00_AXI does not have driver. [/home/anzhelika/projekt/diplom/debug_progectv5/debug_sha3/debug_sha3.srcs/sources_1/bd/diagramm/ipshared/f576/hdl/ip_sha3v5_v1_0_S00_AXI.vhd:472]
WARNING: [Synth 8-3848] Net slv_reg341 in module/entity ip_sha3v5_v1_0_S00_AXI does not have driver. [/home/anzhelika/projekt/diplom/debug_progectv5/debug_sha3/debug_sha3.srcs/sources_1/bd/diagramm/ipshared/f576/hdl/ip_sha3v5_v1_0_S00_AXI.vhd:473]
WARNING: [Synth 8-3848] Net slv_reg342 in module/entity ip_sha3v5_v1_0_S00_AXI does not have driver. [/home/anzhelika/projekt/diplom/debug_progectv5/debug_sha3/debug_sha3.srcs/sources_1/bd/diagramm/ipshared/f576/hdl/ip_sha3v5_v1_0_S00_AXI.vhd:474]
WARNING: [Synth 8-3848] Net slv_reg343 in module/entity ip_sha3v5_v1_0_S00_AXI does not have driver. [/home/anzhelika/projekt/diplom/debug_progectv5/debug_sha3/debug_sha3.srcs/sources_1/bd/diagramm/ipshared/f576/hdl/ip_sha3v5_v1_0_S00_AXI.vhd:475]
WARNING: [Synth 8-3848] Net slv_reg344 in module/entity ip_sha3v5_v1_0_S00_AXI does not have driver. [/home/anzhelika/projekt/diplom/debug_progectv5/debug_sha3/debug_sha3.srcs/sources_1/bd/diagramm/ipshared/f576/hdl/ip_sha3v5_v1_0_S00_AXI.vhd:476]
WARNING: [Synth 8-3848] Net slv_reg345 in module/entity ip_sha3v5_v1_0_S00_AXI does not have driver. [/home/anzhelika/projekt/diplom/debug_progectv5/debug_sha3/debug_sha3.srcs/sources_1/bd/diagramm/ipshared/f576/hdl/ip_sha3v5_v1_0_S00_AXI.vhd:477]
WARNING: [Synth 8-3848] Net slv_reg346 in module/entity ip_sha3v5_v1_0_S00_AXI does not have driver. [/home/anzhelika/projekt/diplom/debug_progectv5/debug_sha3/debug_sha3.srcs/sources_1/bd/diagramm/ipshared/f576/hdl/ip_sha3v5_v1_0_S00_AXI.vhd:478]
WARNING: [Synth 8-3848] Net slv_reg347 in module/entity ip_sha3v5_v1_0_S00_AXI does not have driver. [/home/anzhelika/projekt/diplom/debug_progectv5/debug_sha3/debug_sha3.srcs/sources_1/bd/diagramm/ipshared/f576/hdl/ip_sha3v5_v1_0_S00_AXI.vhd:479]
WARNING: [Synth 8-3848] Net slv_reg348 in module/entity ip_sha3v5_v1_0_S00_AXI does not have driver. [/home/anzhelika/projekt/diplom/debug_progectv5/debug_sha3/debug_sha3.srcs/sources_1/bd/diagramm/ipshared/f576/hdl/ip_sha3v5_v1_0_S00_AXI.vhd:480]
WARNING: [Synth 8-3848] Net slv_reg349 in module/entity ip_sha3v5_v1_0_S00_AXI does not have driver. [/home/anzhelika/projekt/diplom/debug_progectv5/debug_sha3/debug_sha3.srcs/sources_1/bd/diagramm/ipshared/f576/hdl/ip_sha3v5_v1_0_S00_AXI.vhd:481]
INFO: [Synth 8-256] done synthesizing module 'ip_sha3v5_v1_0_S00_AXI' (1#1) [/home/anzhelika/projekt/diplom/debug_progectv5/debug_sha3/debug_sha3.srcs/sources_1/bd/diagramm/ipshared/f576/hdl/ip_sha3v5_v1_0_S00_AXI.vhd:87]
INFO: [Synth 8-256] done synthesizing module 'ip_sha3v5_v1_0' (2#1) [/home/anzhelika/projekt/diplom/debug_progectv5/debug_sha3/debug_sha3.srcs/sources_1/bd/diagramm/ipshared/f576/hdl/ip_sha3v5_v1_0.vhd:50]
INFO: [Synth 8-256] done synthesizing module 'diagramm_ip_sha3v5_0_0' (3#1) [/home/anzhelika/projekt/diplom/debug_progectv5/debug_sha3/debug_sha3.srcs/sources_1/bd/diagramm/ip/diagramm_ip_sha3v5_0_0/synth/diagramm_ip_sha3v5_0_0.vhd:82]
WARNING: [Synth 8-3331] design ip_sha3v5_v1_0_S00_AXI has unconnected port S_AXI_AWPROT[2]
WARNING: [Synth 8-3331] design ip_sha3v5_v1_0_S00_AXI has unconnected port S_AXI_AWPROT[1]
WARNING: [Synth 8-3331] design ip_sha3v5_v1_0_S00_AXI has unconnected port S_AXI_AWPROT[0]
WARNING: [Synth 8-3331] design ip_sha3v5_v1_0_S00_AXI has unconnected port S_AXI_ARPROT[2]
WARNING: [Synth 8-3331] design ip_sha3v5_v1_0_S00_AXI has unconnected port S_AXI_ARPROT[1]
WARNING: [Synth 8-3331] design ip_sha3v5_v1_0_S00_AXI has unconnected port S_AXI_ARPROT[0]
---------------------------------------------------------------------------------
Finished RTL Elaboration : Time (s): cpu = 00:00:09 ; elapsed = 00:00:10 . Memory (MB): peak = 1519.754 ; gain = 267.223 ; free physical = 727 ; free virtual = 3514
---------------------------------------------------------------------------------

Report Check Netlist: 
+------+------------------+-------+---------+-------+------------------+
|      |Item              |Errors |Warnings |Status |Description       |
+------+------------------+-------+---------+-------+------------------+
|1     |multi_driven_nets |      0|        0|Passed |Multi driven nets |
+------+------------------+-------+---------+-------+------------------+
---------------------------------------------------------------------------------
Start Handling Custom Attributes
---------------------------------------------------------------------------------
---------------------------------------------------------------------------------
Finished Handling Custom Attributes : Time (s): cpu = 00:00:11 ; elapsed = 00:00:12 . Memory (MB): peak = 1519.754 ; gain = 267.223 ; free physical = 758 ; free virtual = 3545
---------------------------------------------------------------------------------
---------------------------------------------------------------------------------
Finished RTL Optimization Phase 1 : Time (s): cpu = 00:00:11 ; elapsed = 00:00:12 . Memory (MB): peak = 1519.754 ; gain = 267.223 ; free physical = 758 ; free virtual = 3545
---------------------------------------------------------------------------------
INFO: [Device 21-403] Loading part xc7z010clg225-1
INFO: [Project 1-570] Preparing netlist for logic optimization

Processing XDC Constraints
Initializing timing engine
Completed Processing XDC Constraints

INFO: [Project 1-111] Unisim Transformation Summary:
No Unisim elements were transformed.

WARNING: [Constraints 18-5210] No constraint will be written out.
Constraint Validation Runtime : Time (s): cpu = 00:00:00.32 ; elapsed = 00:00:00.15 . Memory (MB): peak = 1863.371 ; gain = 3.000 ; free physical = 457 ; free virtual = 3243
---------------------------------------------------------------------------------
Finished Constraint Validation : Time (s): cpu = 00:00:24 ; elapsed = 00:00:37 . Memory (MB): peak = 1863.371 ; gain = 610.840 ; free physical = 591 ; free virtual = 3378
---------------------------------------------------------------------------------
INFO: [Synth 8-5580] Multithreading enabled for synth_design using a maximum of 4 processes.
---------------------------------------------------------------------------------
Finished RTL Optimization Phase 2 : Time (s): cpu = 00:00:59 ; elapsed = 00:01:26 . Memory (MB): peak = 1863.371 ; gain = 610.840 ; free physical = 117 ; free virtual = 1478
---------------------------------------------------------------------------------

Report RTL Partitions: 
+------+----------------------------+------------+----------+
|      |RTL Partition               |Replication |Instances |
+------+----------------------------+------------+----------+
|1     |ip_sha3v5_v1_0_S00_AXI__GB0 |           1|     33951|
|2     |ip_sha3v5_v1_0_S00_AXI__GB1 |           1|      8034|
|3     |ip_sha3v5_v1_0_S00_AXI__GB2 |           1|      9997|
+------+----------------------------+------------+----------+
---------------------------------------------------------------------------------
Start RTL Component Statistics 
---------------------------------------------------------------------------------
Detailed RTL Component Info : 
+---Adders : 
	   2 Input      5 Bit       Adders := 1     
+---XORs : 
	   3 Input      1 Bit         XORs := 1600  
	   5 Input      1 Bit         XORs := 320   
	   2 Input      1 Bit         XORs := 3264  
+---Registers : 
	               64 Bit    Registers := 26    
	               32 Bit    Registers := 290   
	               11 Bit    Registers := 2     
	                5 Bit    Registers := 1     
	                2 Bit    Registers := 2     
	                1 Bit    Registers := 10    
+---Muxes : 
	   2 Input     64 Bit        Muxes := 50    
	   2 Input     32 Bit        Muxes := 80    
	   2 Input      1 Bit        Muxes := 5     
---------------------------------------------------------------------------------
Finished RTL Component Statistics 
---------------------------------------------------------------------------------
---------------------------------------------------------------------------------
Start RTL Hierarchical Component Statistics 
---------------------------------------------------------------------------------
Hierarchical RTL Component report 
Module ip_sha3v5_v1_0_S00_AXI 
Detailed RTL Component Info : 
+---Adders : 
	   2 Input      5 Bit       Adders := 1     
+---XORs : 
	   3 Input      1 Bit         XORs := 1600  
	   5 Input      1 Bit         XORs := 320   
	   2 Input      1 Bit         XORs := 3264  
+---Registers : 
	               64 Bit    Registers := 26    
	               32 Bit    Registers := 290   
	               11 Bit    Registers := 2     
	                5 Bit    Registers := 1     
	                2 Bit    Registers := 2     
	                1 Bit    Registers := 10    
+---Muxes : 
	   2 Input     64 Bit        Muxes := 50    
	   2 Input     32 Bit        Muxes := 80    
	   2 Input      1 Bit        Muxes := 5     
---------------------------------------------------------------------------------
Finished RTL Hierarchical Component Statistics
---------------------------------------------------------------------------------
---------------------------------------------------------------------------------
Start Part Resource Summary
---------------------------------------------------------------------------------
Part Resources:
DSPs: 80 (col length:40)
BRAMs: 120 (col length: RAMB18 40 RAMB36 20)
---------------------------------------------------------------------------------
Finished Part Resource Summary
---------------------------------------------------------------------------------
---------------------------------------------------------------------------------
Start Cross Boundary and Area Optimization
---------------------------------------------------------------------------------
Warning: Parallel synthesis criteria is not met 
INFO: [Synth 8-4471] merging register 'slv_reg289_reg[31:0]' into 'slv_reg339_reg[31:0]' [/home/anzhelika/projekt/diplom/debug_progectv5/debug_sha3/debug_sha3.srcs/sources_1/bd/diagramm/ipshared/f576/hdl/ip_sha3v5_v1_0_S00_AXI.vhd:6217]
INFO: [Synth 8-4471] merging register 'slv_reg288_reg[31:0]' into 'slv_reg338_reg[31:0]' [/home/anzhelika/projekt/diplom/debug_progectv5/debug_sha3/debug_sha3.srcs/sources_1/bd/diagramm/ipshared/f576/hdl/ip_sha3v5_v1_0_S00_AXI.vhd:6216]
INFO: [Synth 8-4471] merging register 'slv_reg287_reg[31:0]' into 'slv_reg337_reg[31:0]' [/home/anzhelika/projekt/diplom/debug_progectv5/debug_sha3/debug_sha3.srcs/sources_1/bd/diagramm/ipshared/f576/hdl/ip_sha3v5_v1_0_S00_AXI.vhd:6215]
INFO: [Synth 8-4471] merging register 'slv_reg286_reg[31:0]' into 'slv_reg336_reg[31:0]' [/home/anzhelika/projekt/diplom/debug_progectv5/debug_sha3/debug_sha3.srcs/sources_1/bd/diagramm/ipshared/f576/hdl/ip_sha3v5_v1_0_S00_AXI.vhd:6214]
INFO: [Synth 8-4471] merging register 'slv_reg285_reg[31:0]' into 'slv_reg335_reg[31:0]' [/home/anzhelika/projekt/diplom/debug_progectv5/debug_sha3/debug_sha3.srcs/sources_1/bd/diagramm/ipshared/f576/hdl/ip_sha3v5_v1_0_S00_AXI.vhd:6213]
INFO: [Synth 8-4471] merging register 'slv_reg284_reg[31:0]' into 'slv_reg334_reg[31:0]' [/home/anzhelika/projekt/diplom/debug_progectv5/debug_sha3/debug_sha3.srcs/sources_1/bd/diagramm/ipshared/f576/hdl/ip_sha3v5_v1_0_S00_AXI.vhd:6212]
INFO: [Synth 8-4471] merging register 'slv_reg283_reg[31:0]' into 'slv_reg333_reg[31:0]' [/home/anzhelika/projekt/diplom/debug_progectv5/debug_sha3/debug_sha3.srcs/sources_1/bd/diagramm/ipshared/f576/hdl/ip_sha3v5_v1_0_S00_AXI.vhd:6211]
INFO: [Synth 8-4471] merging register 'slv_reg281_reg[31:0]' into 'slv_reg331_reg[31:0]' [/home/anzhelika/projekt/diplom/debug_progectv5/debug_sha3/debug_sha3.srcs/sources_1/bd/diagramm/ipshared/f576/hdl/ip_sha3v5_v1_0_S00_AXI.vhd:6209]
INFO: [Synth 8-4471] merging register 'slv_reg279_reg[31:0]' into 'slv_reg329_reg[31:0]' [/home/anzhelika/projekt/diplom/debug_progectv5/debug_sha3/debug_sha3.srcs/sources_1/bd/diagramm/ipshared/f576/hdl/ip_sha3v5_v1_0_S00_AXI.vhd:6207]
INFO: [Synth 8-4471] merging register 'slv_reg278_reg[31:0]' into 'slv_reg328_reg[31:0]' [/home/anzhelika/projekt/diplom/debug_progectv5/debug_sha3/debug_sha3.srcs/sources_1/bd/diagramm/ipshared/f576/hdl/ip_sha3v5_v1_0_S00_AXI.vhd:6206]
INFO: [Synth 8-4471] merging register 'slv_reg277_reg[31:0]' into 'slv_reg327_reg[31:0]' [/home/anzhelika/projekt/diplom/debug_progectv5/debug_sha3/debug_sha3.srcs/sources_1/bd/diagramm/ipshared/f576/hdl/ip_sha3v5_v1_0_S00_AXI.vhd:6205]
INFO: [Synth 8-4471] merging register 'slv_reg276_reg[31:0]' into 'slv_reg326_reg[31:0]' [/home/anzhelika/projekt/diplom/debug_progectv5/debug_sha3/debug_sha3.srcs/sources_1/bd/diagramm/ipshared/f576/hdl/ip_sha3v5_v1_0_S00_AXI.vhd:6204]
INFO: [Synth 8-4471] merging register 'slv_reg275_reg[31:0]' into 'slv_reg325_reg[31:0]' [/home/anzhelika/projekt/diplom/debug_progectv5/debug_sha3/debug_sha3.srcs/sources_1/bd/diagramm/ipshared/f576/hdl/ip_sha3v5_v1_0_S00_AXI.vhd:6203]
INFO: [Synth 8-4471] merging register 'slv_reg274_reg[31:0]' into 'slv_reg324_reg[31:0]' [/home/anzhelika/projekt/diplom/debug_progectv5/debug_sha3/debug_sha3.srcs/sources_1/bd/diagramm/ipshared/f576/hdl/ip_sha3v5_v1_0_S00_AXI.vhd:6202]
INFO: [Synth 8-4471] merging register 'slv_reg273_reg[31:0]' into 'slv_reg323_reg[31:0]' [/home/anzhelika/projekt/diplom/debug_progectv5/debug_sha3/debug_sha3.srcs/sources_1/bd/diagramm/ipshared/f576/hdl/ip_sha3v5_v1_0_S00_AXI.vhd:6201]
INFO: [Synth 8-4471] merging register 'slv_reg271_reg[31:0]' into 'slv_reg321_reg[31:0]' [/home/anzhelika/projekt/diplom/debug_progectv5/debug_sha3/debug_sha3.srcs/sources_1/bd/diagramm/ipshared/f576/hdl/ip_sha3v5_v1_0_S00_AXI.vhd:6199]
INFO: [Synth 8-4471] merging register 'slv_reg270_reg[31:0]' into 'slv_reg320_reg[31:0]' [/home/anzhelika/projekt/diplom/debug_progectv5/debug_sha3/debug_sha3.srcs/sources_1/bd/diagramm/ipshared/f576/hdl/ip_sha3v5_v1_0_S00_AXI.vhd:6198]
INFO: [Synth 8-4471] merging register 'slv_reg269_reg[31:0]' into 'slv_reg319_reg[31:0]' [/home/anzhelika/projekt/diplom/debug_progectv5/debug_sha3/debug_sha3.srcs/sources_1/bd/diagramm/ipshared/f576/hdl/ip_sha3v5_v1_0_S00_AXI.vhd:6196]
INFO: [Synth 8-4471] merging register 'slv_reg268_reg[31:0]' into 'slv_reg318_reg[31:0]' [/home/anzhelika/projekt/diplom/debug_progectv5/debug_sha3/debug_sha3.srcs/sources_1/bd/diagramm/ipshared/f576/hdl/ip_sha3v5_v1_0_S00_AXI.vhd:6195]
INFO: [Synth 8-4471] merging register 'slv_reg267_reg[31:0]' into 'slv_reg317_reg[31:0]' [/home/anzhelika/projekt/diplom/debug_progectv5/debug_sha3/debug_sha3.srcs/sources_1/bd/diagramm/ipshared/f576/hdl/ip_sha3v5_v1_0_S00_AXI.vhd:6194]
INFO: [Synth 8-4471] merging register 'slv_reg266_reg[31:0]' into 'slv_reg316_reg[31:0]' [/home/anzhelika/projekt/diplom/debug_progectv5/debug_sha3/debug_sha3.srcs/sources_1/bd/diagramm/ipshared/f576/hdl/ip_sha3v5_v1_0_S00_AXI.vhd:6193]
INFO: [Synth 8-4471] merging register 'slv_reg265_reg[31:0]' into 'slv_reg315_reg[31:0]' [/home/anzhelika/projekt/diplom/debug_progectv5/debug_sha3/debug_sha3.srcs/sources_1/bd/diagramm/ipshared/f576/hdl/ip_sha3v5_v1_0_S00_AXI.vhd:6192]
INFO: [Synth 8-4471] merging register 'slv_reg264_reg[31:0]' into 'slv_reg314_reg[31:0]' [/home/anzhelika/projekt/diplom/debug_progectv5/debug_sha3/debug_sha3.srcs/sources_1/bd/diagramm/ipshared/f576/hdl/ip_sha3v5_v1_0_S00_AXI.vhd:6191]
INFO: [Synth 8-4471] merging register 'slv_reg263_reg[31:0]' into 'slv_reg313_reg[31:0]' [/home/anzhelika/projekt/diplom/debug_progectv5/debug_sha3/debug_sha3.srcs/sources_1/bd/diagramm/ipshared/f576/hdl/ip_sha3v5_v1_0_S00_AXI.vhd:6190]
INFO: [Synth 8-4471] merging register 'slv_reg262_reg[31:0]' into 'slv_reg312_reg[31:0]' [/home/anzhelika/projekt/diplom/debug_progectv5/debug_sha3/debug_sha3.srcs/sources_1/bd/diagramm/ipshared/f576/hdl/ip_sha3v5_v1_0_S00_AXI.vhd:6189]
INFO: [Synth 8-4471] merging register 'slv_reg261_reg[31:0]' into 'slv_reg311_reg[31:0]' [/home/anzhelika/projekt/diplom/debug_progectv5/debug_sha3/debug_sha3.srcs/sources_1/bd/diagramm/ipshared/f576/hdl/ip_sha3v5_v1_0_S00_AXI.vhd:6188]
INFO: [Synth 8-4471] merging register 'slv_reg260_reg[31:0]' into 'slv_reg310_reg[31:0]' [/home/anzhelika/projekt/diplom/debug_progectv5/debug_sha3/debug_sha3.srcs/sources_1/bd/diagramm/ipshared/f576/hdl/ip_sha3v5_v1_0_S00_AXI.vhd:6187]
INFO: [Synth 8-4471] merging register 'slv_reg259_reg[31:0]' into 'slv_reg309_reg[31:0]' [/home/anzhelika/projekt/diplom/debug_progectv5/debug_sha3/debug_sha3.srcs/sources_1/bd/diagramm/ipshared/f576/hdl/ip_sha3v5_v1_0_S00_AXI.vhd:6186]
INFO: [Synth 8-4471] merging register 'slv_reg258_reg[31:0]' into 'slv_reg308_reg[31:0]' [/home/anzhelika/projekt/diplom/debug_progectv5/debug_sha3/debug_sha3.srcs/sources_1/bd/diagramm/ipshared/f576/hdl/ip_sha3v5_v1_0_S00_AXI.vhd:6185]
INFO: [Synth 8-4471] merging register 'slv_reg255_reg[31:0]' into 'slv_reg305_reg[31:0]' [/home/anzhelika/projekt/diplom/debug_progectv5/debug_sha3/debug_sha3.srcs/sources_1/bd/diagramm/ipshared/f576/hdl/ip_sha3v5_v1_0_S00_AXI.vhd:6182]
INFO: [Synth 8-4471] merging register 'slv_reg254_reg[31:0]' into 'slv_reg304_reg[31:0]' [/home/anzhelika/projekt/diplom/debug_progectv5/debug_sha3/debug_sha3.srcs/sources_1/bd/diagramm/ipshared/f576/hdl/ip_sha3v5_v1_0_S00_AXI.vhd:6181]
INFO: [Synth 8-4471] merging register 'slv_reg253_reg[31:0]' into 'slv_reg303_reg[31:0]' [/home/anzhelika/projekt/diplom/debug_progectv5/debug_sha3/debug_sha3.srcs/sources_1/bd/diagramm/ipshared/f576/hdl/ip_sha3v5_v1_0_S00_AXI.vhd:6180]
INFO: [Synth 8-4471] merging register 'slv_reg239_reg[31:0]' into 'slv_reg157_reg[31:0]' [/home/anzhelika/projekt/diplom/debug_progectv5/debug_sha3/debug_sha3.srcs/sources_1/bd/diagramm/ipshared/f576/hdl/ip_sha3v5_v1_0_S00_AXI.vhd:6164]
INFO: [Synth 8-4471] merging register 'slv_reg238_reg[31:0]' into 'slv_reg156_reg[31:0]' [/home/anzhelika/projekt/diplom/debug_progectv5/debug_sha3/debug_sha3.srcs/sources_1/bd/diagramm/ipshared/f576/hdl/ip_sha3v5_v1_0_S00_AXI.vhd:6163]
INFO: [Synth 8-4471] merging register 'slv_reg233_reg[31:0]' into 'slv_reg167_reg[31:0]' [/home/anzhelika/projekt/diplom/debug_progectv5/debug_sha3/debug_sha3.srcs/sources_1/bd/diagramm/ipshared/f576/hdl/ip_sha3v5_v1_0_S00_AXI.vhd:6158]
INFO: [Synth 8-4471] merging register 'slv_reg232_reg[31:0]' into 'slv_reg166_reg[31:0]' [/home/anzhelika/projekt/diplom/debug_progectv5/debug_sha3/debug_sha3.srcs/sources_1/bd/diagramm/ipshared/f576/hdl/ip_sha3v5_v1_0_S00_AXI.vhd:6157]
INFO: [Synth 8-4471] merging register 'slv_reg227_reg[31:0]' into 'slv_reg165_reg[31:0]' [/home/anzhelika/projekt/diplom/debug_progectv5/debug_sha3/debug_sha3.srcs/sources_1/bd/diagramm/ipshared/f576/hdl/ip_sha3v5_v1_0_S00_AXI.vhd:6152]
INFO: [Synth 8-4471] merging register 'slv_reg226_reg[31:0]' into 'slv_reg164_reg[31:0]' [/home/anzhelika/projekt/diplom/debug_progectv5/debug_sha3/debug_sha3.srcs/sources_1/bd/diagramm/ipshared/f576/hdl/ip_sha3v5_v1_0_S00_AXI.vhd:6151]
INFO: [Synth 8-4471] merging register 'slv_reg223_reg[31:0]' into 'slv_reg155_reg[31:0]' [/home/anzhelika/projekt/diplom/debug_progectv5/debug_sha3/debug_sha3.srcs/sources_1/bd/diagramm/ipshared/f576/hdl/ip_sha3v5_v1_0_S00_AXI.vhd:6148]
INFO: [Synth 8-4471] merging register 'slv_reg222_reg[31:0]' into 'slv_reg154_reg[31:0]' [/home/anzhelika/projekt/diplom/debug_progectv5/debug_sha3/debug_sha3.srcs/sources_1/bd/diagramm/ipshared/f576/hdl/ip_sha3v5_v1_0_S00_AXI.vhd:6147]
INFO: [Synth 8-4471] merging register 'slv_reg217_reg[31:0]' into 'slv_reg153_reg[31:0]' [/home/anzhelika/projekt/diplom/debug_progectv5/debug_sha3/debug_sha3.srcs/sources_1/bd/diagramm/ipshared/f576/hdl/ip_sha3v5_v1_0_S00_AXI.vhd:6141]
INFO: [Synth 8-4471] merging register 'slv_reg216_reg[31:0]' into 'slv_reg152_reg[31:0]' [/home/anzhelika/projekt/diplom/debug_progectv5/debug_sha3/debug_sha3.srcs/sources_1/bd/diagramm/ipshared/f576/hdl/ip_sha3v5_v1_0_S00_AXI.vhd:6140]
INFO: [Synth 8-4471] merging register 'slv_reg208_reg[31:0]' into 'slv_reg170_reg[31:0]' [/home/anzhelika/projekt/diplom/debug_progectv5/debug_sha3/debug_sha3.srcs/sources_1/bd/diagramm/ipshared/f576/hdl/ip_sha3v5_v1_0_S00_AXI.vhd:6132]
INFO: [Synth 8-4471] merging register 'slv_reg205_reg[31:0]' into 'slv_reg161_reg[31:0]' [/home/anzhelika/projekt/diplom/debug_progectv5/debug_sha3/debug_sha3.srcs/sources_1/bd/diagramm/ipshared/f576/hdl/ip_sha3v5_v1_0_S00_AXI.vhd:6129]
INFO: [Synth 8-4471] merging register 'slv_reg204_reg[31:0]' into 'slv_reg160_reg[31:0]' [/home/anzhelika/projekt/diplom/debug_progectv5/debug_sha3/debug_sha3.srcs/sources_1/bd/diagramm/ipshared/f576/hdl/ip_sha3v5_v1_0_S00_AXI.vhd:6128]
INFO: [Synth 8-4471] merging register 'slv_reg201_reg[31:0]' into 'slv_reg151_reg[31:0]' [/home/anzhelika/projekt/diplom/debug_progectv5/debug_sha3/debug_sha3.srcs/sources_1/bd/diagramm/ipshared/f576/hdl/ip_sha3v5_v1_0_S00_AXI.vhd:6125]
INFO: [Synth 8-4471] merging register 'slv_reg200_reg[31:0]' into 'slv_reg150_reg[31:0]' [/home/anzhelika/projekt/diplom/debug_progectv5/debug_sha3/debug_sha3.srcs/sources_1/bd/diagramm/ipshared/f576/hdl/ip_sha3v5_v1_0_S00_AXI.vhd:6124]
INFO: [Synth 8-4471] merging register 'slv_reg101_reg[31:0]' into 'slv_reg151_reg[31:0]' [/home/anzhelika/projekt/diplom/debug_progectv5/debug_sha3/debug_sha3.srcs/sources_1/bd/diagramm/ipshared/f576/hdl/ip_sha3v5_v1_0_S00_AXI.vhd:6018]
INFO: [Synth 8-4471] merging register 'slv_reg187_reg[31:0]' into 'slv_reg231_reg[31:0]' [/home/anzhelika/projekt/diplom/debug_progectv5/debug_sha3/debug_sha3.srcs/sources_1/bd/diagramm/ipshared/f576/hdl/ip_sha3v5_v1_0_S00_AXI.vhd:6109]
INFO: [Synth 8-4471] merging register 'slv_reg186_reg[31:0]' into 'slv_reg230_reg[31:0]' [/home/anzhelika/projekt/diplom/debug_progectv5/debug_sha3/debug_sha3.srcs/sources_1/bd/diagramm/ipshared/f576/hdl/ip_sha3v5_v1_0_S00_AXI.vhd:6108]
INFO: [Synth 8-4471] merging register 'slv_reg185_reg[31:0]' into 'slv_reg225_reg[31:0]' [/home/anzhelika/projekt/diplom/debug_progectv5/debug_sha3/debug_sha3.srcs/sources_1/bd/diagramm/ipshared/f576/hdl/ip_sha3v5_v1_0_S00_AXI.vhd:6107]
INFO: [Synth 8-4471] merging register 'slv_reg100_reg[31:0]' into 'slv_reg150_reg[31:0]' [/home/anzhelika/projekt/diplom/debug_progectv5/debug_sha3/debug_sha3.srcs/sources_1/bd/diagramm/ipshared/f576/hdl/ip_sha3v5_v1_0_S00_AXI.vhd:6017]
INFO: [Synth 8-4471] merging register 'slv_reg184_reg[31:0]' into 'slv_reg224_reg[31:0]' [/home/anzhelika/projekt/diplom/debug_progectv5/debug_sha3/debug_sha3.srcs/sources_1/bd/diagramm/ipshared/f576/hdl/ip_sha3v5_v1_0_S00_AXI.vhd:6106]
INFO: [Synth 8-4471] merging register 'slv_reg183_reg[31:0]' into 'slv_reg219_reg[31:0]' [/home/anzhelika/projekt/diplom/debug_progectv5/debug_sha3/debug_sha3.srcs/sources_1/bd/diagramm/ipshared/f576/hdl/ip_sha3v5_v1_0_S00_AXI.vhd:6105]
INFO: [Synth 8-4471] merging register 'slv_reg182_reg[31:0]' into 'slv_reg218_reg[31:0]' [/home/anzhelika/projekt/diplom/debug_progectv5/debug_sha3/debug_sha3.srcs/sources_1/bd/diagramm/ipshared/f576/hdl/ip_sha3v5_v1_0_S00_AXI.vhd:6104]
INFO: [Synth 8-4471] merging register 'slv_reg181_reg[31:0]' into 'slv_reg203_reg[31:0]' [/home/anzhelika/projekt/diplom/debug_progectv5/debug_sha3/debug_sha3.srcs/sources_1/bd/diagramm/ipshared/f576/hdl/ip_sha3v5_v1_0_S00_AXI.vhd:6103]
INFO: [Synth 8-4471] merging register 'slv_reg180_reg[31:0]' into 'slv_reg202_reg[31:0]' [/home/anzhelika/projekt/diplom/debug_progectv5/debug_sha3/debug_sha3.srcs/sources_1/bd/diagramm/ipshared/f576/hdl/ip_sha3v5_v1_0_S00_AXI.vhd:6102]
INFO: [Synth 8-4471] merging register 'slv_reg177_reg[31:0]' into 'slv_reg237_reg[31:0]' [/home/anzhelika/projekt/diplom/debug_progectv5/debug_sha3/debug_sha3.srcs/sources_1/bd/diagramm/ipshared/f576/hdl/ip_sha3v5_v1_0_S00_AXI.vhd:6099]
INFO: [Synth 8-4471] merging register 'slv_reg176_reg[31:0]' into 'slv_reg236_reg[31:0]' [/home/anzhelika/projekt/diplom/debug_progectv5/debug_sha3/debug_sha3.srcs/sources_1/bd/diagramm/ipshared/f576/hdl/ip_sha3v5_v1_0_S00_AXI.vhd:6098]
INFO: [Synth 8-4471] merging register 'slv_reg175_reg[31:0]' into 'slv_reg221_reg[31:0]' [/home/anzhelika/projekt/diplom/debug_progectv5/debug_sha3/debug_sha3.srcs/sources_1/bd/diagramm/ipshared/f576/hdl/ip_sha3v5_v1_0_S00_AXI.vhd:6097]
INFO: [Synth 8-4471] merging register 'slv_reg174_reg[31:0]' into 'slv_reg220_reg[31:0]' [/home/anzhelika/projekt/diplom/debug_progectv5/debug_sha3/debug_sha3.srcs/sources_1/bd/diagramm/ipshared/f576/hdl/ip_sha3v5_v1_0_S00_AXI.vhd:6096]
INFO: [Synth 8-4471] merging register 'slv_reg173_reg[31:0]' into 'slv_reg215_reg[31:0]' [/home/anzhelika/projekt/diplom/debug_progectv5/debug_sha3/debug_sha3.srcs/sources_1/bd/diagramm/ipshared/f576/hdl/ip_sha3v5_v1_0_S00_AXI.vhd:6095]
INFO: [Synth 8-4471] merging register 'slv_reg172_reg[31:0]' into 'slv_reg214_reg[31:0]' [/home/anzhelika/projekt/diplom/debug_progectv5/debug_sha3/debug_sha3.srcs/sources_1/bd/diagramm/ipshared/f576/hdl/ip_sha3v5_v1_0_S00_AXI.vhd:6094]
INFO: [Synth 8-4471] merging register 'slv_reg171_reg[31:0]' into 'slv_reg209_reg[31:0]' [/home/anzhelika/projekt/diplom/debug_progectv5/debug_sha3/debug_sha3.srcs/sources_1/bd/diagramm/ipshared/f576/hdl/ip_sha3v5_v1_0_S00_AXI.vhd:6093]
INFO: [Synth 8-4471] merging register 'slv_reg252_reg[31:0]' into 'slv_reg302_reg[31:0]' [/home/anzhelika/projekt/diplom/debug_progectv5/debug_sha3/debug_sha3.srcs/sources_1/bd/diagramm/ipshared/f576/hdl/ip_sha3v5_v1_0_S00_AXI.vhd:6179]
INFO: [Synth 8-4471] merging register 'slv_reg211_reg[31:0]' into 'slv_reg163_reg[31:0]' [/home/anzhelika/projekt/diplom/debug_progectv5/debug_sha3/debug_sha3.srcs/sources_1/bd/diagramm/ipshared/f576/hdl/ip_sha3v5_v1_0_S00_AXI.vhd:6135]
INFO: [Synth 8-4471] merging register 'slv_reg210_reg[31:0]' into 'slv_reg162_reg[31:0]' [/home/anzhelika/projekt/diplom/debug_progectv5/debug_sha3/debug_sha3.srcs/sources_1/bd/diagramm/ipshared/f576/hdl/ip_sha3v5_v1_0_S00_AXI.vhd:6134]
WARNING: [Synth 8-6014] Unused sequential element slv_reg289_reg was removed.  [/home/anzhelika/projekt/diplom/debug_progectv5/debug_sha3/debug_sha3.srcs/sources_1/bd/diagramm/ipshared/f576/hdl/ip_sha3v5_v1_0_S00_AXI.vhd:6217]
WARNING: [Synth 8-6014] Unused sequential element slv_reg288_reg was removed.  [/home/anzhelika/projekt/diplom/debug_progectv5/debug_sha3/debug_sha3.srcs/sources_1/bd/diagramm/ipshared/f576/hdl/ip_sha3v5_v1_0_S00_AXI.vhd:6216]
WARNING: [Synth 8-6014] Unused sequential element slv_reg287_reg was removed.  [/home/anzhelika/projekt/diplom/debug_progectv5/debug_sha3/debug_sha3.srcs/sources_1/bd/diagramm/ipshared/f576/hdl/ip_sha3v5_v1_0_S00_AXI.vhd:6215]
WARNING: [Synth 8-6014] Unused sequential element slv_reg286_reg was removed.  [/home/anzhelika/projekt/diplom/debug_progectv5/debug_sha3/debug_sha3.srcs/sources_1/bd/diagramm/ipshared/f576/hdl/ip_sha3v5_v1_0_S00_AXI.vhd:6214]
WARNING: [Synth 8-6014] Unused sequential element slv_reg285_reg was removed.  [/home/anzhelika/projekt/diplom/debug_progectv5/debug_sha3/debug_sha3.srcs/sources_1/bd/diagramm/ipshared/f576/hdl/ip_sha3v5_v1_0_S00_AXI.vhd:6213]
WARNING: [Synth 8-6014] Unused sequential element slv_reg284_reg was removed.  [/home/anzhelika/projekt/diplom/debug_progectv5/debug_sha3/debug_sha3.srcs/sources_1/bd/diagramm/ipshared/f576/hdl/ip_sha3v5_v1_0_S00_AXI.vhd:6212]
WARNING: [Synth 8-6014] Unused sequential element slv_reg283_reg was removed.  [/home/anzhelika/projekt/diplom/debug_progectv5/debug_sha3/debug_sha3.srcs/sources_1/bd/diagramm/ipshared/f576/hdl/ip_sha3v5_v1_0_S00_AXI.vhd:6211]
WARNING: [Synth 8-6014] Unused sequential element slv_reg281_reg was removed.  [/home/anzhelika/projekt/diplom/debug_progectv5/debug_sha3/debug_sha3.srcs/sources_1/bd/diagramm/ipshared/f576/hdl/ip_sha3v5_v1_0_S00_AXI.vhd:6209]
WARNING: [Synth 8-6014] Unused sequential element slv_reg279_reg was removed.  [/home/anzhelika/projekt/diplom/debug_progectv5/debug_sha3/debug_sha3.srcs/sources_1/bd/diagramm/ipshared/f576/hdl/ip_sha3v5_v1_0_S00_AXI.vhd:6207]
WARNING: [Synth 8-6014] Unused sequential element slv_reg278_reg was removed.  [/home/anzhelika/projekt/diplom/debug_progectv5/debug_sha3/debug_sha3.srcs/sources_1/bd/diagramm/ipshared/f576/hdl/ip_sha3v5_v1_0_S00_AXI.vhd:6206]
WARNING: [Synth 8-6014] Unused sequential element slv_reg277_reg was removed.  [/home/anzhelika/projekt/diplom/debug_progectv5/debug_sha3/debug_sha3.srcs/sources_1/bd/diagramm/ipshared/f576/hdl/ip_sha3v5_v1_0_S00_AXI.vhd:6205]
WARNING: [Synth 8-6014] Unused sequential element slv_reg276_reg was removed.  [/home/anzhelika/projekt/diplom/debug_progectv5/debug_sha3/debug_sha3.srcs/sources_1/bd/diagramm/ipshared/f576/hdl/ip_sha3v5_v1_0_S00_AXI.vhd:6204]
WARNING: [Synth 8-6014] Unused sequential element slv_reg275_reg was removed.  [/home/anzhelika/projekt/diplom/debug_progectv5/debug_sha3/debug_sha3.srcs/sources_1/bd/diagramm/ipshared/f576/hdl/ip_sha3v5_v1_0_S00_AXI.vhd:6203]
WARNING: [Synth 8-6014] Unused sequential element slv_reg274_reg was removed.  [/home/anzhelika/projekt/diplom/debug_progectv5/debug_sha3/debug_sha3.srcs/sources_1/bd/diagramm/ipshared/f576/hdl/ip_sha3v5_v1_0_S00_AXI.vhd:6202]
WARNING: [Synth 8-6014] Unused sequential element slv_reg273_reg was removed.  [/home/anzhelika/projekt/diplom/debug_progectv5/debug_sha3/debug_sha3.srcs/sources_1/bd/diagramm/ipshared/f576/hdl/ip_sha3v5_v1_0_S00_AXI.vhd:6201]
WARNING: [Synth 8-6014] Unused sequential element slv_reg271_reg was removed.  [/home/anzhelika/projekt/diplom/debug_progectv5/debug_sha3/debug_sha3.srcs/sources_1/bd/diagramm/ipshared/f576/hdl/ip_sha3v5_v1_0_S00_AXI.vhd:6199]
WARNING: [Synth 8-6014] Unused sequential element slv_reg270_reg was removed.  [/home/anzhelika/projekt/diplom/debug_progectv5/debug_sha3/debug_sha3.srcs/sources_1/bd/diagramm/ipshared/f576/hdl/ip_sha3v5_v1_0_S00_AXI.vhd:6198]
WARNING: [Synth 8-6014] Unused sequential element slv_reg269_reg was removed.  [/home/anzhelika/projekt/diplom/debug_progectv5/debug_sha3/debug_sha3.srcs/sources_1/bd/diagramm/ipshared/f576/hdl/ip_sha3v5_v1_0_S00_AXI.vhd:6196]
WARNING: [Synth 8-6014] Unused sequential element slv_reg268_reg was removed.  [/home/anzhelika/projekt/diplom/debug_progectv5/debug_sha3/debug_sha3.srcs/sources_1/bd/diagramm/ipshared/f576/hdl/ip_sha3v5_v1_0_S00_AXI.vhd:6195]
WARNING: [Synth 8-6014] Unused sequential element slv_reg267_reg was removed.  [/home/anzhelika/projekt/diplom/debug_progectv5/debug_sha3/debug_sha3.srcs/sources_1/bd/diagramm/ipshared/f576/hdl/ip_sha3v5_v1_0_S00_AXI.vhd:6194]
WARNING: [Synth 8-6014] Unused sequential element slv_reg266_reg was removed.  [/home/anzhelika/projekt/diplom/debug_progectv5/debug_sha3/debug_sha3.srcs/sources_1/bd/diagramm/ipshared/f576/hdl/ip_sha3v5_v1_0_S00_AXI.vhd:6193]
WARNING: [Synth 8-6014] Unused sequential element slv_reg265_reg was removed.  [/home/anzhelika/projekt/diplom/debug_progectv5/debug_sha3/debug_sha3.srcs/sources_1/bd/diagramm/ipshared/f576/hdl/ip_sha3v5_v1_0_S00_AXI.vhd:6192]
WARNING: [Synth 8-6014] Unused sequential element slv_reg264_reg was removed.  [/home/anzhelika/projekt/diplom/debug_progectv5/debug_sha3/debug_sha3.srcs/sources_1/bd/diagramm/ipshared/f576/hdl/ip_sha3v5_v1_0_S00_AXI.vhd:6191]
WARNING: [Synth 8-6014] Unused sequential element slv_reg263_reg was removed.  [/home/anzhelika/projekt/diplom/debug_progectv5/debug_sha3/debug_sha3.srcs/sources_1/bd/diagramm/ipshared/f576/hdl/ip_sha3v5_v1_0_S00_AXI.vhd:6190]
WARNING: [Synth 8-6014] Unused sequential element slv_reg262_reg was removed.  [/home/anzhelika/projekt/diplom/debug_progectv5/debug_sha3/debug_sha3.srcs/sources_1/bd/diagramm/ipshared/f576/hdl/ip_sha3v5_v1_0_S00_AXI.vhd:6189]
WARNING: [Synth 8-6014] Unused sequential element slv_reg261_reg was removed.  [/home/anzhelika/projekt/diplom/debug_progectv5/debug_sha3/debug_sha3.srcs/sources_1/bd/diagramm/ipshared/f576/hdl/ip_sha3v5_v1_0_S00_AXI.vhd:6188]
WARNING: [Synth 8-6014] Unused sequential element slv_reg260_reg was removed.  [/home/anzhelika/projekt/diplom/debug_progectv5/debug_sha3/debug_sha3.srcs/sources_1/bd/diagramm/ipshared/f576/hdl/ip_sha3v5_v1_0_S00_AXI.vhd:6187]
WARNING: [Synth 8-6014] Unused sequential element slv_reg259_reg was removed.  [/home/anzhelika/projekt/diplom/debug_progectv5/debug_sha3/debug_sha3.srcs/sources_1/bd/diagramm/ipshared/f576/hdl/ip_sha3v5_v1_0_S00_AXI.vhd:6186]
WARNING: [Synth 8-6014] Unused sequential element slv_reg258_reg was removed.  [/home/anzhelika/projekt/diplom/debug_progectv5/debug_sha3/debug_sha3.srcs/sources_1/bd/diagramm/ipshared/f576/hdl/ip_sha3v5_v1_0_S00_AXI.vhd:6185]
WARNING: [Synth 8-6014] Unused sequential element slv_reg255_reg was removed.  [/home/anzhelika/projekt/diplom/debug_progectv5/debug_sha3/debug_sha3.srcs/sources_1/bd/diagramm/ipshared/f576/hdl/ip_sha3v5_v1_0_S00_AXI.vhd:6182]
WARNING: [Synth 8-6014] Unused sequential element slv_reg254_reg was removed.  [/home/anzhelika/projekt/diplom/debug_progectv5/debug_sha3/debug_sha3.srcs/sources_1/bd/diagramm/ipshared/f576/hdl/ip_sha3v5_v1_0_S00_AXI.vhd:6181]
WARNING: [Synth 8-6014] Unused sequential element slv_reg253_reg was removed.  [/home/anzhelika/projekt/diplom/debug_progectv5/debug_sha3/debug_sha3.srcs/sources_1/bd/diagramm/ipshared/f576/hdl/ip_sha3v5_v1_0_S00_AXI.vhd:6180]
WARNING: [Synth 8-6014] Unused sequential element slv_reg252_reg was removed.  [/home/anzhelika/projekt/diplom/debug_progectv5/debug_sha3/debug_sha3.srcs/sources_1/bd/diagramm/ipshared/f576/hdl/ip_sha3v5_v1_0_S00_AXI.vhd:6179]
WARNING: [Synth 8-6014] Unused sequential element slv_reg239_reg was removed.  [/home/anzhelika/projekt/diplom/debug_progectv5/debug_sha3/debug_sha3.srcs/sources_1/bd/diagramm/ipshared/f576/hdl/ip_sha3v5_v1_0_S00_AXI.vhd:6164]
WARNING: [Synth 8-6014] Unused sequential element slv_reg238_reg was removed.  [/home/anzhelika/projekt/diplom/debug_progectv5/debug_sha3/debug_sha3.srcs/sources_1/bd/diagramm/ipshared/f576/hdl/ip_sha3v5_v1_0_S00_AXI.vhd:6163]
WARNING: [Synth 8-6014] Unused sequential element slv_reg233_reg was removed.  [/home/anzhelika/projekt/diplom/debug_progectv5/debug_sha3/debug_sha3.srcs/sources_1/bd/diagramm/ipshared/f576/hdl/ip_sha3v5_v1_0_S00_AXI.vhd:6158]
WARNING: [Synth 8-6014] Unused sequential element slv_reg232_reg was removed.  [/home/anzhelika/projekt/diplom/debug_progectv5/debug_sha3/debug_sha3.srcs/sources_1/bd/diagramm/ipshared/f576/hdl/ip_sha3v5_v1_0_S00_AXI.vhd:6157]
WARNING: [Synth 8-6014] Unused sequential element slv_reg227_reg was removed.  [/home/anzhelika/projekt/diplom/debug_progectv5/debug_sha3/debug_sha3.srcs/sources_1/bd/diagramm/ipshared/f576/hdl/ip_sha3v5_v1_0_S00_AXI.vhd:6152]
WARNING: [Synth 8-6014] Unused sequential element slv_reg226_reg was removed.  [/home/anzhelika/projekt/diplom/debug_progectv5/debug_sha3/debug_sha3.srcs/sources_1/bd/diagramm/ipshared/f576/hdl/ip_sha3v5_v1_0_S00_AXI.vhd:6151]
WARNING: [Synth 8-6014] Unused sequential element slv_reg223_reg was removed.  [/home/anzhelika/projekt/diplom/debug_progectv5/debug_sha3/debug_sha3.srcs/sources_1/bd/diagramm/ipshared/f576/hdl/ip_sha3v5_v1_0_S00_AXI.vhd:6148]
WARNING: [Synth 8-6014] Unused sequential element slv_reg222_reg was removed.  [/home/anzhelika/projekt/diplom/debug_progectv5/debug_sha3/debug_sha3.srcs/sources_1/bd/diagramm/ipshared/f576/hdl/ip_sha3v5_v1_0_S00_AXI.vhd:6147]
WARNING: [Synth 8-6014] Unused sequential element slv_reg217_reg was removed.  [/home/anzhelika/projekt/diplom/debug_progectv5/debug_sha3/debug_sha3.srcs/sources_1/bd/diagramm/ipshared/f576/hdl/ip_sha3v5_v1_0_S00_AXI.vhd:6141]
WARNING: [Synth 8-6014] Unused sequential element slv_reg216_reg was removed.  [/home/anzhelika/projekt/diplom/debug_progectv5/debug_sha3/debug_sha3.srcs/sources_1/bd/diagramm/ipshared/f576/hdl/ip_sha3v5_v1_0_S00_AXI.vhd:6140]
WARNING: [Synth 8-6014] Unused sequential element slv_reg211_reg was removed.  [/home/anzhelika/projekt/diplom/debug_progectv5/debug_sha3/debug_sha3.srcs/sources_1/bd/diagramm/ipshared/f576/hdl/ip_sha3v5_v1_0_S00_AXI.vhd:6135]
WARNING: [Synth 8-6014] Unused sequential element slv_reg210_reg was removed.  [/home/anzhelika/projekt/diplom/debug_progectv5/debug_sha3/debug_sha3.srcs/sources_1/bd/diagramm/ipshared/f576/hdl/ip_sha3v5_v1_0_S00_AXI.vhd:6134]
WARNING: [Synth 8-6014] Unused sequential element slv_reg208_reg was removed.  [/home/anzhelika/projekt/diplom/debug_progectv5/debug_sha3/debug_sha3.srcs/sources_1/bd/diagramm/ipshared/f576/hdl/ip_sha3v5_v1_0_S00_AXI.vhd:6132]
WARNING: [Synth 8-6014] Unused sequential element slv_reg205_reg was removed.  [/home/anzhelika/projekt/diplom/debug_progectv5/debug_sha3/debug_sha3.srcs/sources_1/bd/diagramm/ipshared/f576/hdl/ip_sha3v5_v1_0_S00_AXI.vhd:6129]
WARNING: [Synth 8-6014] Unused sequential element slv_reg204_reg was removed.  [/home/anzhelika/projekt/diplom/debug_progectv5/debug_sha3/debug_sha3.srcs/sources_1/bd/diagramm/ipshared/f576/hdl/ip_sha3v5_v1_0_S00_AXI.vhd:6128]
WARNING: [Synth 8-6014] Unused sequential element slv_reg201_reg was removed.  [/home/anzhelika/projekt/diplom/debug_progectv5/debug_sha3/debug_sha3.srcs/sources_1/bd/diagramm/ipshared/f576/hdl/ip_sha3v5_v1_0_S00_AXI.vhd:6125]
WARNING: [Synth 8-6014] Unused sequential element slv_reg200_reg was removed.  [/home/anzhelika/projekt/diplom/debug_progectv5/debug_sha3/debug_sha3.srcs/sources_1/bd/diagramm/ipshared/f576/hdl/ip_sha3v5_v1_0_S00_AXI.vhd:6124]
WARNING: [Synth 8-6014] Unused sequential element slv_reg101_reg was removed.  [/home/anzhelika/projekt/diplom/debug_progectv5/debug_sha3/debug_sha3.srcs/sources_1/bd/diagramm/ipshared/f576/hdl/ip_sha3v5_v1_0_S00_AXI.vhd:6018]
WARNING: [Synth 8-6014] Unused sequential element slv_reg187_reg was removed.  [/home/anzhelika/projekt/diplom/debug_progectv5/debug_sha3/debug_sha3.srcs/sources_1/bd/diagramm/ipshared/f576/hdl/ip_sha3v5_v1_0_S00_AXI.vhd:6109]
WARNING: [Synth 8-6014] Unused sequential element slv_reg186_reg was removed.  [/home/anzhelika/projekt/diplom/debug_progectv5/debug_sha3/debug_sha3.srcs/sources_1/bd/diagramm/ipshared/f576/hdl/ip_sha3v5_v1_0_S00_AXI.vhd:6108]
WARNING: [Synth 8-6014] Unused sequential element slv_reg185_reg was removed.  [/home/anzhelika/projekt/diplom/debug_progectv5/debug_sha3/debug_sha3.srcs/sources_1/bd/diagramm/ipshared/f576/hdl/ip_sha3v5_v1_0_S00_AXI.vhd:6107]
WARNING: [Synth 8-6014] Unused sequential element slv_reg100_reg was removed.  [/home/anzhelika/projekt/diplom/debug_progectv5/debug_sha3/debug_sha3.srcs/sources_1/bd/diagramm/ipshared/f576/hdl/ip_sha3v5_v1_0_S00_AXI.vhd:6017]
WARNING: [Synth 8-6014] Unused sequential element slv_reg184_reg was removed.  [/home/anzhelika/projekt/diplom/debug_progectv5/debug_sha3/debug_sha3.srcs/sources_1/bd/diagramm/ipshared/f576/hdl/ip_sha3v5_v1_0_S00_AXI.vhd:6106]
WARNING: [Synth 8-6014] Unused sequential element slv_reg183_reg was removed.  [/home/anzhelika/projekt/diplom/debug_progectv5/debug_sha3/debug_sha3.srcs/sources_1/bd/diagramm/ipshared/f576/hdl/ip_sha3v5_v1_0_S00_AXI.vhd:6105]
WARNING: [Synth 8-6014] Unused sequential element slv_reg182_reg was removed.  [/home/anzhelika/projekt/diplom/debug_progectv5/debug_sha3/debug_sha3.srcs/sources_1/bd/diagramm/ipshared/f576/hdl/ip_sha3v5_v1_0_S00_AXI.vhd:6104]
WARNING: [Synth 8-6014] Unused sequential element slv_reg181_reg was removed.  [/home/anzhelika/projekt/diplom/debug_progectv5/debug_sha3/debug_sha3.srcs/sources_1/bd/diagramm/ipshared/f576/hdl/ip_sha3v5_v1_0_S00_AXI.vhd:6103]
WARNING: [Synth 8-6014] Unused sequential element slv_reg180_reg was removed.  [/home/anzhelika/projekt/diplom/debug_progectv5/debug_sha3/debug_sha3.srcs/sources_1/bd/diagramm/ipshared/f576/hdl/ip_sha3v5_v1_0_S00_AXI.vhd:6102]
WARNING: [Synth 8-6014] Unused sequential element slv_reg177_reg was removed.  [/home/anzhelika/projekt/diplom/debug_progectv5/debug_sha3/debug_sha3.srcs/sources_1/bd/diagramm/ipshared/f576/hdl/ip_sha3v5_v1_0_S00_AXI.vhd:6099]
WARNING: [Synth 8-6014] Unused sequential element slv_reg176_reg was removed.  [/home/anzhelika/projekt/diplom/debug_progectv5/debug_sha3/debug_sha3.srcs/sources_1/bd/diagramm/ipshared/f576/hdl/ip_sha3v5_v1_0_S00_AXI.vhd:6098]
WARNING: [Synth 8-6014] Unused sequential element slv_reg175_reg was removed.  [/home/anzhelika/projekt/diplom/debug_progectv5/debug_sha3/debug_sha3.srcs/sources_1/bd/diagramm/ipshared/f576/hdl/ip_sha3v5_v1_0_S00_AXI.vhd:6097]
WARNING: [Synth 8-6014] Unused sequential element slv_reg174_reg was removed.  [/home/anzhelika/projekt/diplom/debug_progectv5/debug_sha3/debug_sha3.srcs/sources_1/bd/diagramm/ipshared/f576/hdl/ip_sha3v5_v1_0_S00_AXI.vhd:6096]
WARNING: [Synth 8-6014] Unused sequential element slv_reg173_reg was removed.  [/home/anzhelika/projekt/diplom/debug_progectv5/debug_sha3/debug_sha3.srcs/sources_1/bd/diagramm/ipshared/f576/hdl/ip_sha3v5_v1_0_S00_AXI.vhd:6095]
WARNING: [Synth 8-6014] Unused sequential element slv_reg172_reg was removed.  [/home/anzhelika/projekt/diplom/debug_progectv5/debug_sha3/debug_sha3.srcs/sources_1/bd/diagramm/ipshared/f576/hdl/ip_sha3v5_v1_0_S00_AXI.vhd:6094]
WARNING: [Synth 8-6014] Unused sequential element slv_reg171_reg was removed.  [/home/anzhelika/projekt/diplom/debug_progectv5/debug_sha3/debug_sha3.srcs/sources_1/bd/diagramm/ipshared/f576/hdl/ip_sha3v5_v1_0_S00_AXI.vhd:6093]
INFO: [Synth 8-4471] merging register 'slv_reg306_reg[31:0]' into 'slv_reg256_reg[31:0]' [/home/anzhelika/projekt/diplom/debug_progectv5/debug_sha3/debug_sha3.srcs/sources_1/bd/diagramm/ipshared/f576/hdl/ip_sha3v5_v1_0_S00_AXI.vhd:6236]
INFO: [Synth 8-4471] merging register 'slv_reg307_reg[31:0]' into 'slv_reg257_reg[31:0]' [/home/anzhelika/projekt/diplom/debug_progectv5/debug_sha3/debug_sha3.srcs/sources_1/bd/diagramm/ipshared/f576/hdl/ip_sha3v5_v1_0_S00_AXI.vhd:6237]
INFO: [Synth 8-4471] merging register 'slv_reg322_reg[31:0]' into 'slv_reg272_reg[31:0]' [/home/anzhelika/projekt/diplom/debug_progectv5/debug_sha3/debug_sha3.srcs/sources_1/bd/diagramm/ipshared/f576/hdl/ip_sha3v5_v1_0_S00_AXI.vhd:6253]
INFO: [Synth 8-4471] merging register 'slv_reg330_reg[31:0]' into 'slv_reg280_reg[31:0]' [/home/anzhelika/projekt/diplom/debug_progectv5/debug_sha3/debug_sha3.srcs/sources_1/bd/diagramm/ipshared/f576/hdl/ip_sha3v5_v1_0_S00_AXI.vhd:6261]
INFO: [Synth 8-4471] merging register 'slv_reg332_reg[31:0]' into 'slv_reg282_reg[31:0]' [/home/anzhelika/projekt/diplom/debug_progectv5/debug_sha3/debug_sha3.srcs/sources_1/bd/diagramm/ipshared/f576/hdl/ip_sha3v5_v1_0_S00_AXI.vhd:6263]
WARNING: [Synth 8-6014] Unused sequential element slv_reg306_reg was removed.  [/home/anzhelika/projekt/diplom/debug_progectv5/debug_sha3/debug_sha3.srcs/sources_1/bd/diagramm/ipshared/f576/hdl/ip_sha3v5_v1_0_S00_AXI.vhd:6236]
WARNING: [Synth 8-6014] Unused sequential element slv_reg307_reg was removed.  [/home/anzhelika/projekt/diplom/debug_progectv5/debug_sha3/debug_sha3.srcs/sources_1/bd/diagramm/ipshared/f576/hdl/ip_sha3v5_v1_0_S00_AXI.vhd:6237]
WARNING: [Synth 8-6014] Unused sequential element slv_reg322_reg was removed.  [/home/anzhelika/projekt/diplom/debug_progectv5/debug_sha3/debug_sha3.srcs/sources_1/bd/diagramm/ipshared/f576/hdl/ip_sha3v5_v1_0_S00_AXI.vhd:6253]
WARNING: [Synth 8-6014] Unused sequential element slv_reg330_reg was removed.  [/home/anzhelika/projekt/diplom/debug_progectv5/debug_sha3/debug_sha3.srcs/sources_1/bd/diagramm/ipshared/f576/hdl/ip_sha3v5_v1_0_S00_AXI.vhd:6261]
WARNING: [Synth 8-6014] Unused sequential element slv_reg332_reg was removed.  [/home/anzhelika/projekt/diplom/debug_progectv5/debug_sha3/debug_sha3.srcs/sources_1/bd/diagramm/ipshared/f576/hdl/ip_sha3v5_v1_0_S00_AXI.vhd:6263]
WARNING: [Synth 8-3331] design diagramm_ip_sha3v5_0_0 has unconnected port s00_axi_awprot[2]
WARNING: [Synth 8-3331] design diagramm_ip_sha3v5_0_0 has unconnected port s00_axi_awprot[1]
WARNING: [Synth 8-3331] design diagramm_ip_sha3v5_0_0 has unconnected port s00_axi_awprot[0]
WARNING: [Synth 8-3331] design diagramm_ip_sha3v5_0_0 has unconnected port s00_axi_arprot[2]
WARNING: [Synth 8-3331] design diagramm_ip_sha3v5_0_0 has unconnected port s00_axi_arprot[1]
WARNING: [Synth 8-3331] design diagramm_ip_sha3v5_0_0 has unconnected port s00_axi_arprot[0]
INFO: [Synth 8-3886] merging instance 'ip_sha3v5_v1_0_S00_AXI_insti_0/slv_reg189_reg[0]' (FDE) to 'ip_sha3v5_v1_0_S00_AXI_insti_0/slv_reg138_reg[24]'
INFO: [Synth 8-3886] merging instance 'ip_sha3v5_v1_0_S00_AXI_insti_0/slv_reg188_reg[0]' (FDE) to 'ip_sha3v5_v1_0_S00_AXI_insti_0/slv_reg139_reg[24]'
INFO: [Synth 8-3886] merging instance 'ip_sha3v5_v1_0_S00_AXI_insti_0/slv_reg231_reg[0]' (FDE) to 'ip_sha3v5_v1_0_S00_AXI_insti_0/slv_reg136_reg[11]'
INFO: [Synth 8-3886] merging instance 'ip_sha3v5_v1_0_S00_AXI_insti_0/slv_reg230_reg[0]' (FDE) to 'ip_sha3v5_v1_0_S00_AXI_insti_0/slv_reg137_reg[11]'
INFO: [Synth 8-3886] merging instance 'ip_sha3v5_v1_0_S00_AXI_insti_0/slv_reg225_reg[0]' (FDE) to 'ip_sha3v5_v1_0_S00_AXI_insti_0/slv_reg134_reg[17]'
INFO: [Synth 8-3886] merging instance 'ip_sha3v5_v1_0_S00_AXI_insti_0/slv_reg224_reg[0]' (FDE) to 'ip_sha3v5_v1_0_S00_AXI_insti_0/slv_reg135_reg[17]'
INFO: [Synth 8-3886] merging instance 'ip_sha3v5_v1_0_S00_AXI_insti_0/slv_reg219_reg[0]' (FDE) to 'ip_sha3v5_v1_0_S00_AXI_insti_0/slv_reg133_reg[19]'
INFO: [Synth 8-3886] merging instance 'ip_sha3v5_v1_0_S00_AXI_insti_0/slv_reg218_reg[0]' (FDE) to 'ip_sha3v5_v1_0_S00_AXI_insti_0/slv_reg132_reg[19]'
INFO: [Synth 8-3886] merging instance 'ip_sha3v5_v1_0_S00_AXI_insti_0/slv_reg203_reg[0]' (FDE) to 'ip_sha3v5_v1_0_S00_AXI_insti_0/slv_reg131_reg[23]'
INFO: [Synth 8-3886] merging instance 'ip_sha3v5_v1_0_S00_AXI_insti_0/slv_reg202_reg[0]' (FDE) to 'ip_sha3v5_v1_0_S00_AXI_insti_0/slv_reg130_reg[23]'
INFO: [Synth 8-3886] merging instance 'ip_sha3v5_v1_0_S00_AXI_insti_0/slv_reg179_reg[0]' (FDE) to 'ip_sha3v5_v1_0_S00_AXI_insti_0/slv_reg129_reg[25]'
INFO: [Synth 8-3886] merging instance 'ip_sha3v5_v1_0_S00_AXI_insti_0/slv_reg178_reg[0]' (FDE) to 'ip_sha3v5_v1_0_S00_AXI_insti_0/slv_reg128_reg[25]'
INFO: [Synth 8-3886] merging instance 'ip_sha3v5_v1_0_S00_AXI_insti_0/slv_reg237_reg[0]' (FDE) to 'ip_sha3v5_v1_0_S00_AXI_insti_0/slv_reg126_reg[7]'
INFO: [Synth 8-3886] merging instance 'ip_sha3v5_v1_0_S00_AXI_insti_0/slv_reg236_reg[0]' (FDE) to 'ip_sha3v5_v1_0_S00_AXI_insti_0/slv_reg127_reg[7]'
INFO: [Synth 8-3886] merging instance 'ip_sha3v5_v1_0_S00_AXI_insti_0/slv_reg221_reg[0]' (FDE) to 'ip_sha3v5_v1_0_S00_AXI_insti_0/slv_reg125_reg[21]'
INFO: [Synth 8-3886] merging instance 'ip_sha3v5_v1_0_S00_AXI_insti_0/slv_reg220_reg[0]' (FDE) to 'ip_sha3v5_v1_0_S00_AXI_insti_0/slv_reg124_reg[21]'
INFO: [Synth 8-3886] merging instance 'ip_sha3v5_v1_0_S00_AXI_insti_0/slv_reg215_reg[0]' (FDE) to 'ip_sha3v5_v1_0_S00_AXI_insti_0/slv_reg122_reg[22]'
INFO: [Synth 8-3886] merging instance 'ip_sha3v5_v1_0_S00_AXI_insti_0/slv_reg214_reg[0]' (FDE) to 'ip_sha3v5_v1_0_S00_AXI_insti_0/slv_reg123_reg[22]'
INFO: [Synth 8-3886] merging instance 'ip_sha3v5_v1_0_S00_AXI_insti_0/slv_reg209_reg[0]' (FDE) to 'ip_sha3v5_v1_0_S00_AXI_insti_0/slv_reg120_reg[29]'
INFO: [Synth 8-3886] merging instance 'ip_sha3v5_v1_0_S00_AXI_insti_0/slv_reg170_reg[0]' (FDE) to 'ip_sha3v5_v1_0_S00_AXI_insti_0/slv_reg121_reg[29]'
INFO: [Synth 8-3886] merging instance 'ip_sha3v5_v1_0_S00_AXI_insti_0/slv_reg169_reg[0]' (FDE) to 'ip_sha3v5_v1_0_S00_AXI_insti_0/slv_reg118_reg[12]'
INFO: [Synth 8-3886] merging instance 'ip_sha3v5_v1_0_S00_AXI_insti_0/slv_reg168_reg[0]' (FDE) to 'ip_sha3v5_v1_0_S00_AXI_insti_0/slv_reg119_reg[12]'
INFO: [Synth 8-3886] merging instance 'ip_sha3v5_v1_0_S00_AXI_insti_0/slv_reg167_reg[0]' (FDE) to 'ip_sha3v5_v1_0_S00_AXI_insti_0/slv_reg117_reg[9]'
INFO: [Synth 8-3886] merging instance 'ip_sha3v5_v1_0_S00_AXI_insti_0/slv_reg166_reg[0]' (FDE) to 'ip_sha3v5_v1_0_S00_AXI_insti_0/slv_reg116_reg[9]'
INFO: [Synth 8-3886] merging instance 'ip_sha3v5_v1_0_S00_AXI_insti_0/slv_reg165_reg[0]' (FDE) to 'ip_sha3v5_v1_0_S00_AXI_insti_0/slv_reg114_reg[26]'
INFO: [Synth 8-3886] merging instance 'ip_sha3v5_v1_0_S00_AXI_insti_0/slv_reg164_reg[0]' (FDE) to 'ip_sha3v5_v1_0_S00_AXI_insti_0/slv_reg115_reg[26]'
INFO: [Synth 8-3886] merging instance 'ip_sha3v5_v1_0_S00_AXI_insti_0/slv_reg163_reg[0]' (FDE) to 'ip_sha3v5_v1_0_S00_AXI_insti_0/slv_reg113_reg[20]'
INFO: [Synth 8-3886] merging instance 'ip_sha3v5_v1_0_S00_AXI_insti_0/slv_reg162_reg[0]' (FDE) to 'ip_sha3v5_v1_0_S00_AXI_insti_0/slv_reg112_reg[20]'
INFO: [Synth 8-3886] merging instance 'ip_sha3v5_v1_0_S00_AXI_insti_0/slv_reg161_reg[0]' (FDE) to 'ip_sha3v5_v1_0_S00_AXI_insti_0/slv_reg111_reg[28]'
INFO: [Synth 8-3886] merging instance 'ip_sha3v5_v1_0_S00_AXI_insti_0/slv_reg160_reg[0]' (FDE) to 'ip_sha3v5_v1_0_S00_AXI_insti_0/slv_reg110_reg[28]'
INFO: [Synth 8-3886] merging instance 'ip_sha3v5_v1_0_S00_AXI_insti_0/slv_reg159_reg[0]' (FDE) to 'ip_sha3v5_v1_0_S00_AXI_insti_0/slv_reg108_reg[5]'
INFO: [Synth 8-3886] merging instance 'ip_sha3v5_v1_0_S00_AXI_insti_0/slv_reg158_reg[0]' (FDE) to 'ip_sha3v5_v1_0_S00_AXI_insti_0/slv_reg109_reg[5]'
INFO: [Synth 8-3886] merging instance 'ip_sha3v5_v1_0_S00_AXI_insti_0/slv_reg157_reg[0]' (FDE) to 'ip_sha3v5_v1_0_S00_AXI_insti_0/slv_reg106_reg[4]'
INFO: [Synth 8-3886] merging instance 'ip_sha3v5_v1_0_S00_AXI_insti_0/slv_reg156_reg[0]' (FDE) to 'ip_sha3v5_v1_0_S00_AXI_insti_0/slv_reg107_reg[4]'
INFO: [Synth 8-3886] merging instance 'ip_sha3v5_v1_0_S00_AXI_insti_0/slv_reg155_reg[0]' (FDE) to 'ip_sha3v5_v1_0_S00_AXI_insti_0/slv_reg105_reg[2]'
INFO: [Synth 8-3886] merging instance 'ip_sha3v5_v1_0_S00_AXI_insti_0/slv_reg154_reg[0]' (FDE) to 'ip_sha3v5_v1_0_S00_AXI_insti_0/slv_reg104_reg[2]'
INFO: [Synth 8-3886] merging instance 'ip_sha3v5_v1_0_S00_AXI_insti_0/slv_reg153_reg[0]' (FDE) to 'ip_sha3v5_v1_0_S00_AXI_insti_0/slv_reg102_reg[31]'
INFO: [Synth 8-3886] merging instance 'ip_sha3v5_v1_0_S00_AXI_insti_0/slv_reg152_reg[0]' (FDE) to 'ip_sha3v5_v1_0_S00_AXI_insti_0/slv_reg103_reg[31]'
INFO: [Synth 8-3886] merging instance 'ip_sha3v5_v1_0_S00_AXI_insti_0/slv_reg139_reg[0]' (FDE) to 'ip_sha3v5_v1_0_S00_AXI_insti_0/slv_reg189_reg[8]'
INFO: [Synth 8-3886] merging instance 'ip_sha3v5_v1_0_S00_AXI_insti_0/slv_reg138_reg[0]' (FDE) to 'ip_sha3v5_v1_0_S00_AXI_insti_0/slv_reg188_reg[8]'
INFO: [Synth 8-3886] merging instance 'ip_sha3v5_v1_0_S00_AXI_insti_0/slv_reg137_reg[0]' (FDE) to 'ip_sha3v5_v1_0_S00_AXI_insti_0/slv_reg231_reg[21]'
INFO: [Synth 8-3886] merging instance 'ip_sha3v5_v1_0_S00_AXI_insti_0/slv_reg136_reg[0]' (FDE) to 'ip_sha3v5_v1_0_S00_AXI_insti_0/slv_reg230_reg[21]'
INFO: [Synth 8-3886] merging instance 'ip_sha3v5_v1_0_S00_AXI_insti_0/slv_reg135_reg[0]' (FDE) to 'ip_sha3v5_v1_0_S00_AXI_insti_0/slv_reg225_reg[15]'
INFO: [Synth 8-3886] merging instance 'ip_sha3v5_v1_0_S00_AXI_insti_0/slv_reg134_reg[0]' (FDE) to 'ip_sha3v5_v1_0_S00_AXI_insti_0/slv_reg224_reg[15]'
INFO: [Synth 8-3886] merging instance 'ip_sha3v5_v1_0_S00_AXI_insti_0/slv_reg133_reg[0]' (FDE) to 'ip_sha3v5_v1_0_S00_AXI_insti_0/slv_reg218_reg[13]'
INFO: [Synth 8-3886] merging instance 'ip_sha3v5_v1_0_S00_AXI_insti_0/slv_reg132_reg[0]' (FDE) to 'ip_sha3v5_v1_0_S00_AXI_insti_0/slv_reg219_reg[13]'
INFO: [Synth 8-3886] merging instance 'ip_sha3v5_v1_0_S00_AXI_insti_0/slv_reg131_reg[0]' (FDE) to 'ip_sha3v5_v1_0_S00_AXI_insti_0/slv_reg202_reg[9]'
INFO: [Synth 8-3886] merging instance 'ip_sha3v5_v1_0_S00_AXI_insti_0/slv_reg130_reg[0]' (FDE) to 'ip_sha3v5_v1_0_S00_AXI_insti_0/slv_reg203_reg[9]'
INFO: [Synth 8-3886] merging instance 'ip_sha3v5_v1_0_S00_AXI_insti_0/slv_reg129_reg[0]' (FDE) to 'ip_sha3v5_v1_0_S00_AXI_insti_0/slv_reg178_reg[7]'
INFO: [Synth 8-3886] merging instance 'ip_sha3v5_v1_0_S00_AXI_insti_0/slv_reg128_reg[0]' (FDE) to 'ip_sha3v5_v1_0_S00_AXI_insti_0/slv_reg179_reg[7]'
INFO: [Synth 8-3886] merging instance 'ip_sha3v5_v1_0_S00_AXI_insti_0/slv_reg127_reg[0]' (FDE) to 'ip_sha3v5_v1_0_S00_AXI_insti_0/slv_reg237_reg[25]'
INFO: [Synth 8-3886] merging instance 'ip_sha3v5_v1_0_S00_AXI_insti_0/slv_reg126_reg[0]' (FDE) to 'ip_sha3v5_v1_0_S00_AXI_insti_0/slv_reg236_reg[25]'
INFO: [Synth 8-3886] merging instance 'ip_sha3v5_v1_0_S00_AXI_insti_0/slv_reg125_reg[0]' (FDE) to 'ip_sha3v5_v1_0_S00_AXI_insti_0/slv_reg220_reg[11]'
INFO: [Synth 8-3886] merging instance 'ip_sha3v5_v1_0_S00_AXI_insti_0/slv_reg124_reg[0]' (FDE) to 'ip_sha3v5_v1_0_S00_AXI_insti_0/slv_reg221_reg[11]'
INFO: [Synth 8-3886] merging instance 'ip_sha3v5_v1_0_S00_AXI_insti_0/slv_reg123_reg[0]' (FDE) to 'ip_sha3v5_v1_0_S00_AXI_insti_0/slv_reg215_reg[10]'
INFO: [Synth 8-3886] merging instance 'ip_sha3v5_v1_0_S00_AXI_insti_0/slv_reg122_reg[0]' (FDE) to 'ip_sha3v5_v1_0_S00_AXI_insti_0/slv_reg214_reg[10]'
INFO: [Synth 8-3886] merging instance 'ip_sha3v5_v1_0_S00_AXI_insti_0/slv_reg121_reg[0]' (FDE) to 'ip_sha3v5_v1_0_S00_AXI_insti_0/slv_reg209_reg[3]'
INFO: [Synth 8-3886] merging instance 'ip_sha3v5_v1_0_S00_AXI_insti_0/slv_reg120_reg[0]' (FDE) to 'ip_sha3v5_v1_0_S00_AXI_insti_0/slv_reg170_reg[3]'
INFO: [Synth 8-3886] merging instance 'ip_sha3v5_v1_0_S00_AXI_insti_0/slv_reg119_reg[0]' (FDE) to 'ip_sha3v5_v1_0_S00_AXI_insti_0/slv_reg169_reg[20]'
INFO: [Synth 8-3886] merging instance 'ip_sha3v5_v1_0_S00_AXI_insti_0/slv_reg118_reg[0]' (FDE) to 'ip_sha3v5_v1_0_S00_AXI_insti_0/slv_reg168_reg[20]'
INFO: [Synth 8-3886] merging instance 'ip_sha3v5_v1_0_S00_AXI_insti_0/slv_reg117_reg[0]' (FDE) to 'ip_sha3v5_v1_0_S00_AXI_insti_0/slv_reg166_reg[23]'
INFO: [Synth 8-3886] merging instance 'ip_sha3v5_v1_0_S00_AXI_insti_0/slv_reg116_reg[0]' (FDE) to 'ip_sha3v5_v1_0_S00_AXI_insti_0/slv_reg167_reg[23]'
INFO: [Synth 8-3886] merging instance 'ip_sha3v5_v1_0_S00_AXI_insti_0/slv_reg115_reg[0]' (FDE) to 'ip_sha3v5_v1_0_S00_AXI_insti_0/slv_reg165_reg[6]'
INFO: [Synth 8-3886] merging instance 'ip_sha3v5_v1_0_S00_AXI_insti_0/slv_reg114_reg[0]' (FDE) to 'ip_sha3v5_v1_0_S00_AXI_insti_0/slv_reg164_reg[6]'
INFO: [Synth 8-3886] merging instance 'ip_sha3v5_v1_0_S00_AXI_insti_0/slv_reg113_reg[0]' (FDE) to 'ip_sha3v5_v1_0_S00_AXI_insti_0/slv_reg162_reg[12]'
INFO: [Synth 8-3886] merging instance 'ip_sha3v5_v1_0_S00_AXI_insti_0/slv_reg112_reg[0]' (FDE) to 'ip_sha3v5_v1_0_S00_AXI_insti_0/slv_reg163_reg[12]'
INFO: [Synth 8-3886] merging instance 'ip_sha3v5_v1_0_S00_AXI_insti_0/slv_reg111_reg[0]' (FDE) to 'ip_sha3v5_v1_0_S00_AXI_insti_0/slv_reg160_reg[4]'
INFO: [Synth 8-3886] merging instance 'ip_sha3v5_v1_0_S00_AXI_insti_0/slv_reg110_reg[0]' (FDE) to 'ip_sha3v5_v1_0_S00_AXI_insti_0/slv_reg161_reg[4]'
INFO: [Synth 8-3886] merging instance 'ip_sha3v5_v1_0_S00_AXI_insti_0/slv_reg109_reg[0]' (FDE) to 'ip_sha3v5_v1_0_S00_AXI_insti_0/slv_reg159_reg[27]'
INFO: [Synth 8-3886] merging instance 'ip_sha3v5_v1_0_S00_AXI_insti_0/slv_reg108_reg[0]' (FDE) to 'ip_sha3v5_v1_0_S00_AXI_insti_0/slv_reg158_reg[27]'
INFO: [Synth 8-3886] merging instance 'ip_sha3v5_v1_0_S00_AXI_insti_0/slv_reg107_reg[0]' (FDE) to 'ip_sha3v5_v1_0_S00_AXI_insti_0/slv_reg157_reg[28]'
INFO: [Synth 8-3886] merging instance 'ip_sha3v5_v1_0_S00_AXI_insti_0/slv_reg106_reg[0]' (FDE) to 'ip_sha3v5_v1_0_S00_AXI_insti_0/slv_reg156_reg[28]'
INFO: [Synth 8-3886] merging instance 'ip_sha3v5_v1_0_S00_AXI_insti_0/slv_reg105_reg[0]' (FDE) to 'ip_sha3v5_v1_0_S00_AXI_insti_0/slv_reg154_reg[30]'
INFO: [Synth 8-3886] merging instance 'ip_sha3v5_v1_0_S00_AXI_insti_0/slv_reg104_reg[0]' (FDE) to 'ip_sha3v5_v1_0_S00_AXI_insti_0/slv_reg155_reg[30]'
INFO: [Synth 8-3886] merging instance 'ip_sha3v5_v1_0_S00_AXI_insti_0/slv_reg103_reg[0]' (FDE) to 'ip_sha3v5_v1_0_S00_AXI_insti_0/slv_reg153_reg[1]'
INFO: [Synth 8-3886] merging instance 'ip_sha3v5_v1_0_S00_AXI_insti_0/slv_reg102_reg[0]' (FDE) to 'ip_sha3v5_v1_0_S00_AXI_insti_0/slv_reg152_reg[1]'
INFO: [Synth 8-3886] merging instance 'ip_sha3v5_v1_0_S00_AXI_insti_0/slv_reg189_reg[1]' (FDE) to 'ip_sha3v5_v1_0_S00_AXI_insti_0/slv_reg138_reg[25]'
INFO: [Synth 8-3886] merging instance 'ip_sha3v5_v1_0_S00_AXI_insti_0/slv_reg188_reg[1]' (FDE) to 'ip_sha3v5_v1_0_S00_AXI_insti_0/slv_reg139_reg[25]'
INFO: [Synth 8-3886] merging instance 'ip_sha3v5_v1_0_S00_AXI_insti_0/slv_reg231_reg[1]' (FDE) to 'ip_sha3v5_v1_0_S00_AXI_insti_0/slv_reg136_reg[12]'
INFO: [Synth 8-3886] merging instance 'ip_sha3v5_v1_0_S00_AXI_insti_0/slv_reg230_reg[1]' (FDE) to 'ip_sha3v5_v1_0_S00_AXI_insti_0/slv_reg137_reg[12]'
INFO: [Synth 8-3886] merging instance 'ip_sha3v5_v1_0_S00_AXI_insti_0/slv_reg225_reg[1]' (FDE) to 'ip_sha3v5_v1_0_S00_AXI_insti_0/slv_reg134_reg[18]'
INFO: [Synth 8-3886] merging instance 'ip_sha3v5_v1_0_S00_AXI_insti_0/slv_reg224_reg[1]' (FDE) to 'ip_sha3v5_v1_0_S00_AXI_insti_0/slv_reg135_reg[18]'
INFO: [Synth 8-3886] merging instance 'ip_sha3v5_v1_0_S00_AXI_insti_0/slv_reg219_reg[1]' (FDE) to 'ip_sha3v5_v1_0_S00_AXI_insti_0/slv_reg133_reg[20]'
INFO: [Synth 8-3886] merging instance 'ip_sha3v5_v1_0_S00_AXI_insti_0/slv_reg218_reg[1]' (FDE) to 'ip_sha3v5_v1_0_S00_AXI_insti_0/slv_reg132_reg[20]'
INFO: [Synth 8-3886] merging instance 'ip_sha3v5_v1_0_S00_AXI_insti_0/slv_reg203_reg[1]' (FDE) to 'ip_sha3v5_v1_0_S00_AXI_insti_0/slv_reg131_reg[24]'
INFO: [Synth 8-3886] merging instance 'ip_sha3v5_v1_0_S00_AXI_insti_0/slv_reg202_reg[1]' (FDE) to 'ip_sha3v5_v1_0_S00_AXI_insti_0/slv_reg130_reg[24]'
INFO: [Synth 8-3886] merging instance 'ip_sha3v5_v1_0_S00_AXI_insti_0/slv_reg179_reg[1]' (FDE) to 'ip_sha3v5_v1_0_S00_AXI_insti_0/slv_reg129_reg[26]'
INFO: [Synth 8-3886] merging instance 'ip_sha3v5_v1_0_S00_AXI_insti_0/slv_reg178_reg[1]' (FDE) to 'ip_sha3v5_v1_0_S00_AXI_insti_0/slv_reg128_reg[26]'
INFO: [Synth 8-3886] merging instance 'ip_sha3v5_v1_0_S00_AXI_insti_0/slv_reg237_reg[1]' (FDE) to 'ip_sha3v5_v1_0_S00_AXI_insti_0/slv_reg126_reg[8]'
INFO: [Synth 8-3886] merging instance 'ip_sha3v5_v1_0_S00_AXI_insti_0/slv_reg236_reg[1]' (FDE) to 'ip_sha3v5_v1_0_S00_AXI_insti_0/slv_reg127_reg[8]'
INFO: [Synth 8-3886] merging instance 'ip_sha3v5_v1_0_S00_AXI_insti_0/slv_reg221_reg[1]' (FDE) to 'ip_sha3v5_v1_0_S00_AXI_insti_0/slv_reg125_reg[22]'
INFO: [Synth 8-3886] merging instance 'ip_sha3v5_v1_0_S00_AXI_insti_0/slv_reg220_reg[1]' (FDE) to 'ip_sha3v5_v1_0_S00_AXI_insti_0/slv_reg124_reg[22]'
INFO: [Synth 8-3886] merging instance 'ip_sha3v5_v1_0_S00_AXI_insti_0/slv_reg215_reg[1]' (FDE) to 'ip_sha3v5_v1_0_S00_AXI_insti_0/slv_reg122_reg[23]'
INFO: [Synth 8-3886] merging instance 'ip_sha3v5_v1_0_S00_AXI_insti_0/slv_reg214_reg[1]' (FDE) to 'ip_sha3v5_v1_0_S00_AXI_insti_0/slv_reg123_reg[23]'
INFO: [Synth 8-3886] merging instance 'ip_sha3v5_v1_0_S00_AXI_insti_0/slv_reg209_reg[1]' (FDE) to 'ip_sha3v5_v1_0_S00_AXI_insti_0/slv_reg120_reg[30]'
INFO: [Synth 8-3886] merging instance 'ip_sha3v5_v1_0_S00_AXI_insti_0/slv_reg170_reg[1]' (FDE) to 'ip_sha3v5_v1_0_S00_AXI_insti_0/slv_reg121_reg[30]'
INFO: [Synth 8-3886] merging instance 'ip_sha3v5_v1_0_S00_AXI_insti_0/slv_reg169_reg[1]' (FDE) to 'ip_sha3v5_v1_0_S00_AXI_insti_0/slv_reg118_reg[13]'
INFO: [Synth 8-3886] merging instance 'ip_sha3v5_v1_0_S00_AXI_insti_0/slv_reg168_reg[1]' (FDE) to 'ip_sha3v5_v1_0_S00_AXI_insti_0/slv_reg119_reg[13]'
INFO: [Synth 8-3886] merging instance 'ip_sha3v5_v1_0_S00_AXI_insti_0/slv_reg167_reg[1]' (FDE) to 'ip_sha3v5_v1_0_S00_AXI_insti_0/slv_reg117_reg[10]'
INFO: [Synth 8-3886] merging instance 'ip_sha3v5_v1_0_S00_AXI_insti_0/slv_reg166_reg[1]' (FDE) to 'ip_sha3v5_v1_0_S00_AXI_insti_0/slv_reg116_reg[10]'
INFO: [Common 17-14] Message 'Synth 8-3886' appears 100 times and further instances of the messages will be disabled. Use the Tcl command set_msg_config to change the current settings.
INFO: [Synth 8-3333] propagating constant 1 across sequential element (ip_sha3v5_v1_0_S00_AXI_insti_0/\slv_reg48_reg[24] )
INFO: [Synth 8-3333] propagating constant 0 across sequential element (ip_sha3v5_v1_0_S00_AXI_insti_0/\slv_reg48_reg[25] )
INFO: [Synth 8-3333] propagating constant 0 across sequential element (ip_sha3v5_v1_0_S00_AXI_insti_0/\slv_reg48_reg[26] )
INFO: [Synth 8-3333] propagating constant 0 across sequential element (ip_sha3v5_v1_0_S00_AXI_insti_0/\slv_reg48_reg[27] )
INFO: [Synth 8-3333] propagating constant 0 across sequential element (ip_sha3v5_v1_0_S00_AXI_insti_0/\slv_reg48_reg[28] )
INFO: [Synth 8-3333] propagating constant 0 across sequential element (ip_sha3v5_v1_0_S00_AXI_insti_0/\slv_reg48_reg[29] )
INFO: [Synth 8-3333] propagating constant 0 across sequential element (ip_sha3v5_v1_0_S00_AXI_insti_0/\slv_reg48_reg[30] )
INFO: [Synth 8-3333] propagating constant 0 across sequential element (ip_sha3v5_v1_0_S00_AXI_insti_0/\slv_reg48_reg[31] )
INFO: [Synth 8-3333] propagating constant 0 across sequential element (ip_sha3v5_v1_0_S00_AXI_insti_1/\axi_bresp_reg[1] )
INFO: [Synth 8-3333] propagating constant 0 across sequential element (ip_sha3v5_v1_0_S00_AXI_insti_1/\S_vector1_reg[1152] )
INFO: [Synth 8-3333] propagating constant 0 across sequential element (ip_sha3v5_v1_0_S00_AXI_insti_1/\S_vector1_reg[1153] )
INFO: [Synth 8-3333] propagating constant 0 across sequential element (ip_sha3v5_v1_0_S00_AXI_insti_1/\S_vector1_reg[1154] )
INFO: [Synth 8-3333] propagating constant 0 across sequential element (ip_sha3v5_v1_0_S00_AXI_insti_1/\S_vector1_reg[1155] )
INFO: [Synth 8-3333] propagating constant 0 across sequential element (ip_sha3v5_v1_0_S00_AXI_insti_1/\S_vector1_reg[1156] )
INFO: [Synth 8-3333] propagating constant 0 across sequential element (ip_sha3v5_v1_0_S00_AXI_insti_1/\S_vector1_reg[1157] )
INFO: [Synth 8-3333] propagating constant 0 across sequential element (ip_sha3v5_v1_0_S00_AXI_insti_1/\S_vector1_reg[1158] )
INFO: [Synth 8-3333] propagating constant 0 across sequential element (ip_sha3v5_v1_0_S00_AXI_insti_1/\S_vector1_reg[1159] )
INFO: [Synth 8-3333] propagating constant 0 across sequential element (ip_sha3v5_v1_0_S00_AXI_insti_1/\S_vector1_reg[1160] )
INFO: [Synth 8-3333] propagating constant 0 across sequential element (ip_sha3v5_v1_0_S00_AXI_insti_1/\S_vector1_reg[1161] )
INFO: [Synth 8-3333] propagating constant 0 across sequential element (ip_sha3v5_v1_0_S00_AXI_insti_1/\S_vector1_reg[1162] )
INFO: [Synth 8-3333] propagating constant 0 across sequential element (ip_sha3v5_v1_0_S00_AXI_insti_1/\S_vector1_reg[1163] )
INFO: [Synth 8-3333] propagating constant 0 across sequential element (ip_sha3v5_v1_0_S00_AXI_insti_1/\S_vector1_reg[1164] )
INFO: [Synth 8-3333] propagating constant 0 across sequential element (ip_sha3v5_v1_0_S00_AXI_insti_1/\S_vector1_reg[1165] )
INFO: [Synth 8-3333] propagating constant 0 across sequential element (ip_sha3v5_v1_0_S00_AXI_insti_1/\S_vector1_reg[1166] )
INFO: [Synth 8-3333] propagating constant 0 across sequential element (ip_sha3v5_v1_0_S00_AXI_insti_1/\S_vector1_reg[1167] )
INFO: [Synth 8-3333] propagating constant 0 across sequential element (ip_sha3v5_v1_0_S00_AXI_insti_1/\S_vector1_reg[1168] )
INFO: [Synth 8-3333] propagating constant 0 across sequential element (ip_sha3v5_v1_0_S00_AXI_insti_1/\S_vector1_reg[1169] )
INFO: [Synth 8-3333] propagating constant 0 across sequential element (ip_sha3v5_v1_0_S00_AXI_insti_1/\S_vector1_reg[1170] )
INFO: [Synth 8-3333] propagating constant 0 across sequential element (ip_sha3v5_v1_0_S00_AXI_insti_1/\S_vector1_reg[1171] )
INFO: [Synth 8-3333] propagating constant 0 across sequential element (ip_sha3v5_v1_0_S00_AXI_insti_1/\S_vector1_reg[1172] )
INFO: [Synth 8-3333] propagating constant 0 across sequential element (ip_sha3v5_v1_0_S00_AXI_insti_1/\S_vector1_reg[1173] )
INFO: [Synth 8-3333] propagating constant 0 across sequential element (ip_sha3v5_v1_0_S00_AXI_insti_1/\S_vector1_reg[1174] )
INFO: [Synth 8-3333] propagating constant 0 across sequential element (ip_sha3v5_v1_0_S00_AXI_insti_1/\S_vector1_reg[1175] )
INFO: [Synth 8-3333] propagating constant 0 across sequential element (ip_sha3v5_v1_0_S00_AXI_insti_1/\S_vector1_reg[1176] )
INFO: [Synth 8-3333] propagating constant 0 across sequential element (ip_sha3v5_v1_0_S00_AXI_insti_1/\S_vector1_reg[1177] )
INFO: [Synth 8-3333] propagating constant 0 across sequential element (ip_sha3v5_v1_0_S00_AXI_insti_1/\S_vector1_reg[1178] )
INFO: [Synth 8-3333] propagating constant 0 across sequential element (ip_sha3v5_v1_0_S00_AXI_insti_1/\S_vector1_reg[1179] )
INFO: [Synth 8-3333] propagating constant 0 across sequential element (ip_sha3v5_v1_0_S00_AXI_insti_1/\S_vector1_reg[1180] )
INFO: [Synth 8-3333] propagating constant 0 across sequential element (ip_sha3v5_v1_0_S00_AXI_insti_1/\S_vector1_reg[1181] )
INFO: [Synth 8-3333] propagating constant 0 across sequential element (ip_sha3v5_v1_0_S00_AXI_insti_1/\S_vector1_reg[1182] )
INFO: [Synth 8-3333] propagating constant 0 across sequential element (ip_sha3v5_v1_0_S00_AXI_insti_1/\S_vector1_reg[1183] )
INFO: [Synth 8-3333] propagating constant 0 across sequential element (ip_sha3v5_v1_0_S00_AXI_insti_1/\S_vector1_reg[1184] )
INFO: [Synth 8-3333] propagating constant 0 across sequential element (ip_sha3v5_v1_0_S00_AXI_insti_1/\S_vector1_reg[1185] )
INFO: [Synth 8-3333] propagating constant 0 across sequential element (ip_sha3v5_v1_0_S00_AXI_insti_1/\S_vector1_reg[1186] )
INFO: [Synth 8-3333] propagating constant 0 across sequential element (ip_sha3v5_v1_0_S00_AXI_insti_1/\S_vector1_reg[1187] )
INFO: [Synth 8-3333] propagating constant 0 across sequential element (ip_sha3v5_v1_0_S00_AXI_insti_1/\S_vector1_reg[1188] )
INFO: [Synth 8-3333] propagating constant 0 across sequential element (ip_sha3v5_v1_0_S00_AXI_insti_1/\S_vector1_reg[1189] )
INFO: [Synth 8-3333] propagating constant 0 across sequential element (ip_sha3v5_v1_0_S00_AXI_insti_1/\S_vector1_reg[1190] )
INFO: [Synth 8-3333] propagating constant 0 across sequential element (ip_sha3v5_v1_0_S00_AXI_insti_1/\S_vector1_reg[1191] )
INFO: [Synth 8-3333] propagating constant 0 across sequential element (ip_sha3v5_v1_0_S00_AXI_insti_1/\S_vector1_reg[1192] )
INFO: [Synth 8-3333] propagating constant 0 across sequential element (ip_sha3v5_v1_0_S00_AXI_insti_1/\S_vector1_reg[1193] )
INFO: [Synth 8-3333] propagating constant 0 across sequential element (ip_sha3v5_v1_0_S00_AXI_insti_1/\S_vector1_reg[1194] )
INFO: [Synth 8-3333] propagating constant 0 across sequential element (ip_sha3v5_v1_0_S00_AXI_insti_1/\S_vector1_reg[1195] )
INFO: [Synth 8-3333] propagating constant 0 across sequential element (ip_sha3v5_v1_0_S00_AXI_insti_1/\S_vector1_reg[1196] )
INFO: [Synth 8-3333] propagating constant 0 across sequential element (ip_sha3v5_v1_0_S00_AXI_insti_1/\S_vector1_reg[1197] )
INFO: [Synth 8-3333] propagating constant 0 across sequential element (ip_sha3v5_v1_0_S00_AXI_insti_1/\S_vector1_reg[1198] )
INFO: [Synth 8-3333] propagating constant 0 across sequential element (ip_sha3v5_v1_0_S00_AXI_insti_1/\S_vector1_reg[1199] )
INFO: [Synth 8-3333] propagating constant 0 across sequential element (ip_sha3v5_v1_0_S00_AXI_insti_1/\S_vector1_reg[1200] )
INFO: [Synth 8-3333] propagating constant 0 across sequential element (ip_sha3v5_v1_0_S00_AXI_insti_1/\S_vector1_reg[1201] )
INFO: [Synth 8-3333] propagating constant 0 across sequential element (ip_sha3v5_v1_0_S00_AXI_insti_1/\S_vector1_reg[1202] )
INFO: [Synth 8-3333] propagating constant 0 across sequential element (ip_sha3v5_v1_0_S00_AXI_insti_1/\S_vector1_reg[1203] )
INFO: [Synth 8-3333] propagating constant 0 across sequential element (ip_sha3v5_v1_0_S00_AXI_insti_1/\S_vector1_reg[1204] )
INFO: [Synth 8-3333] propagating constant 0 across sequential element (ip_sha3v5_v1_0_S00_AXI_insti_1/\S_vector1_reg[1205] )
INFO: [Synth 8-3333] propagating constant 0 across sequential element (ip_sha3v5_v1_0_S00_AXI_insti_1/\S_vector1_reg[1206] )
INFO: [Synth 8-3333] propagating constant 0 across sequential element (ip_sha3v5_v1_0_S00_AXI_insti_1/\S_vector1_reg[1207] )
INFO: [Synth 8-3333] propagating constant 0 across sequential element (ip_sha3v5_v1_0_S00_AXI_insti_1/\S_vector1_reg[1208] )
INFO: [Synth 8-3333] propagating constant 0 across sequential element (ip_sha3v5_v1_0_S00_AXI_insti_1/\S_vector1_reg[1209] )
INFO: [Synth 8-3333] propagating constant 0 across sequential element (ip_sha3v5_v1_0_S00_AXI_insti_1/\S_vector1_reg[1210] )
INFO: [Synth 8-3333] propagating constant 0 across sequential element (ip_sha3v5_v1_0_S00_AXI_insti_1/\S_vector1_reg[1211] )
INFO: [Synth 8-3333] propagating constant 0 across sequential element (ip_sha3v5_v1_0_S00_AXI_insti_1/\S_vector1_reg[1212] )
INFO: [Synth 8-3333] propagating constant 0 across sequential element (ip_sha3v5_v1_0_S00_AXI_insti_1/\S_vector1_reg[1213] )
INFO: [Synth 8-3333] propagating constant 0 across sequential element (ip_sha3v5_v1_0_S00_AXI_insti_1/\S_vector1_reg[1214] )
INFO: [Synth 8-3333] propagating constant 0 across sequential element (ip_sha3v5_v1_0_S00_AXI_insti_1/\S_vector1_reg[1215] )
INFO: [Synth 8-3333] propagating constant 0 across sequential element (ip_sha3v5_v1_0_S00_AXI_insti_1/\S_vector1_reg[1216] )
INFO: [Synth 8-3333] propagating constant 0 across sequential element (ip_sha3v5_v1_0_S00_AXI_insti_1/\S_vector1_reg[1217] )
INFO: [Synth 8-3333] propagating constant 0 across sequential element (ip_sha3v5_v1_0_S00_AXI_insti_1/\S_vector1_reg[1218] )
INFO: [Synth 8-3333] propagating constant 0 across sequential element (ip_sha3v5_v1_0_S00_AXI_insti_1/\S_vector1_reg[1219] )
INFO: [Synth 8-3333] propagating constant 0 across sequential element (ip_sha3v5_v1_0_S00_AXI_insti_1/\S_vector1_reg[1220] )
INFO: [Synth 8-3333] propagating constant 0 across sequential element (ip_sha3v5_v1_0_S00_AXI_insti_1/\S_vector1_reg[1221] )
INFO: [Synth 8-3333] propagating constant 0 across sequential element (ip_sha3v5_v1_0_S00_AXI_insti_1/\S_vector1_reg[1222] )
INFO: [Synth 8-3333] propagating constant 0 across sequential element (ip_sha3v5_v1_0_S00_AXI_insti_1/\S_vector1_reg[1223] )
INFO: [Synth 8-3333] propagating constant 0 across sequential element (ip_sha3v5_v1_0_S00_AXI_insti_1/\S_vector1_reg[1224] )
INFO: [Synth 8-3333] propagating constant 0 across sequential element (ip_sha3v5_v1_0_S00_AXI_insti_1/\S_vector1_reg[1225] )
INFO: [Synth 8-3333] propagating constant 0 across sequential element (ip_sha3v5_v1_0_S00_AXI_insti_1/\S_vector1_reg[1226] )
INFO: [Synth 8-3333] propagating constant 0 across sequential element (ip_sha3v5_v1_0_S00_AXI_insti_1/\S_vector1_reg[1227] )
INFO: [Synth 8-3333] propagating constant 0 across sequential element (ip_sha3v5_v1_0_S00_AXI_insti_1/\S_vector1_reg[1228] )
INFO: [Synth 8-3333] propagating constant 0 across sequential element (ip_sha3v5_v1_0_S00_AXI_insti_1/\S_vector1_reg[1229] )
INFO: [Synth 8-3333] propagating constant 0 across sequential element (ip_sha3v5_v1_0_S00_AXI_insti_1/\S_vector1_reg[1230] )
INFO: [Synth 8-3333] propagating constant 0 across sequential element (ip_sha3v5_v1_0_S00_AXI_insti_1/\S_vector1_reg[1231] )
INFO: [Synth 8-3333] propagating constant 0 across sequential element (ip_sha3v5_v1_0_S00_AXI_insti_1/\S_vector1_reg[1232] )
INFO: [Synth 8-3333] propagating constant 0 across sequential element (ip_sha3v5_v1_0_S00_AXI_insti_1/\S_vector1_reg[1233] )
INFO: [Synth 8-3333] propagating constant 0 across sequential element (ip_sha3v5_v1_0_S00_AXI_insti_1/\S_vector1_reg[1234] )
INFO: [Synth 8-3333] propagating constant 0 across sequential element (ip_sha3v5_v1_0_S00_AXI_insti_1/\S_vector1_reg[1235] )
INFO: [Synth 8-3333] propagating constant 0 across sequential element (ip_sha3v5_v1_0_S00_AXI_insti_1/\S_vector1_reg[1236] )
INFO: [Synth 8-3333] propagating constant 0 across sequential element (ip_sha3v5_v1_0_S00_AXI_insti_1/\S_vector1_reg[1237] )
INFO: [Synth 8-3333] propagating constant 0 across sequential element (ip_sha3v5_v1_0_S00_AXI_insti_1/\S_vector1_reg[1238] )
INFO: [Synth 8-3333] propagating constant 0 across sequential element (ip_sha3v5_v1_0_S00_AXI_insti_1/\S_vector1_reg[1239] )
INFO: [Synth 8-3333] propagating constant 0 across sequential element (ip_sha3v5_v1_0_S00_AXI_insti_1/\S_vector1_reg[1240] )
INFO: [Synth 8-3333] propagating constant 0 across sequential element (ip_sha3v5_v1_0_S00_AXI_insti_1/\S_vector1_reg[1241] )
INFO: [Synth 8-3333] propagating constant 0 across sequential element (ip_sha3v5_v1_0_S00_AXI_insti_1/\S_vector1_reg[1242] )
INFO: [Common 17-14] Message 'Synth 8-3333' appears 100 times and further instances of the messages will be disabled. Use the Tcl command set_msg_config to change the current settings.
---------------------------------------------------------------------------------
Finished Cross Boundary and Area Optimization : Time (s): cpu = 00:01:49 ; elapsed = 00:02:56 . Memory (MB): peak = 2095.902 ; gain = 843.371 ; free physical = 468 ; free virtual = 1277
---------------------------------------------------------------------------------

Report RTL Partitions: 
+------+----------------------------+------------+----------+
|      |RTL Partition               |Replication |Instances |
+------+----------------------------+------------+----------+
|1     |ip_sha3v5_v1_0_S00_AXI__GB0 |           1|     30782|
|2     |ip_sha3v5_v1_0_S00_AXI__GB1 |           1|      4635|
|3     |ip_sha3v5_v1_0_S00_AXI__GB2 |           1|      1198|
+------+----------------------------+------------+----------+
---------------------------------------------------------------------------------
Start Applying XDC Timing Constraints
---------------------------------------------------------------------------------
---------------------------------------------------------------------------------
Finished Applying XDC Timing Constraints : Time (s): cpu = 00:01:55 ; elapsed = 00:03:05 . Memory (MB): peak = 2095.902 ; gain = 843.371 ; free physical = 305 ; free virtual = 1168
---------------------------------------------------------------------------------
---------------------------------------------------------------------------------
Start Timing Optimization
---------------------------------------------------------------------------------
---------------------------------------------------------------------------------
Finished Timing Optimization : Time (s): cpu = 00:01:55 ; elapsed = 00:03:05 . Memory (MB): peak = 2095.902 ; gain = 843.371 ; free physical = 304 ; free virtual = 1168
---------------------------------------------------------------------------------

Report RTL Partitions: 
+------+----------------------------+------------+----------+
|      |RTL Partition               |Replication |Instances |
+------+----------------------------+------------+----------+
|1     |ip_sha3v5_v1_0_S00_AXI__GB0 |           1|     30782|
|2     |ip_sha3v5_v1_0_S00_AXI__GB1 |           1|      4635|
|3     |ip_sha3v5_v1_0_S00_AXI__GB2 |           1|      1198|
+------+----------------------------+------------+----------+
---------------------------------------------------------------------------------
Start Technology Mapping
---------------------------------------------------------------------------------
---------------------------------------------------------------------------------
Finished Technology Mapping : Time (s): cpu = 00:02:00 ; elapsed = 00:03:09 . Memory (MB): peak = 2095.902 ; gain = 843.371 ; free physical = 282 ; free virtual = 1172
---------------------------------------------------------------------------------

Report RTL Partitions: 
+-+--------------+------------+----------+
| |RTL Partition |Replication |Instances |
+-+--------------+------------+----------+
+-+--------------+------------+----------+
---------------------------------------------------------------------------------
Start IO Insertion
---------------------------------------------------------------------------------
---------------------------------------------------------------------------------
Start Flattening Before IO Insertion
---------------------------------------------------------------------------------
---------------------------------------------------------------------------------
Finished Flattening Before IO Insertion
---------------------------------------------------------------------------------
---------------------------------------------------------------------------------
Start Final Netlist Cleanup
---------------------------------------------------------------------------------
---------------------------------------------------------------------------------
Finished Final Netlist Cleanup
---------------------------------------------------------------------------------
---------------------------------------------------------------------------------
Finished IO Insertion : Time (s): cpu = 00:02:01 ; elapsed = 00:03:11 . Memory (MB): peak = 2095.902 ; gain = 843.371 ; free physical = 269 ; free virtual = 1205
---------------------------------------------------------------------------------

Report Check Netlist: 
+------+------------------+-------+---------+-------+------------------+
|      |Item              |Errors |Warnings |Status |Description       |
+------+------------------+-------+---------+-------+------------------+
|1     |multi_driven_nets |      0|        0|Passed |Multi driven nets |
+------+------------------+-------+---------+-------+------------------+
---------------------------------------------------------------------------------
Start Renaming Generated Instances
---------------------------------------------------------------------------------
---------------------------------------------------------------------------------
Finished Renaming Generated Instances : Time (s): cpu = 00:02:01 ; elapsed = 00:03:11 . Memory (MB): peak = 2095.902 ; gain = 843.371 ; free physical = 269 ; free virtual = 1205
---------------------------------------------------------------------------------

Report RTL Partitions: 
+-+--------------+------------+----------+
| |RTL Partition |Replication |Instances |
+-+--------------+------------+----------+
+-+--------------+------------+----------+
---------------------------------------------------------------------------------
Start Rebuilding User Hierarchy
---------------------------------------------------------------------------------
---------------------------------------------------------------------------------
Finished Rebuilding User Hierarchy : Time (s): cpu = 00:02:02 ; elapsed = 00:03:12 . Memory (MB): peak = 2095.902 ; gain = 843.371 ; free physical = 267 ; free virtual = 1204
---------------------------------------------------------------------------------
---------------------------------------------------------------------------------
Start Renaming Generated Ports
---------------------------------------------------------------------------------
---------------------------------------------------------------------------------
Finished Renaming Generated Ports : Time (s): cpu = 00:02:02 ; elapsed = 00:03:12 . Memory (MB): peak = 2095.902 ; gain = 843.371 ; free physical = 267 ; free virtual = 1204
---------------------------------------------------------------------------------
---------------------------------------------------------------------------------
Start Handling Custom Attributes
---------------------------------------------------------------------------------
---------------------------------------------------------------------------------
Finished Handling Custom Attributes : Time (s): cpu = 00:02:04 ; elapsed = 00:03:15 . Memory (MB): peak = 2095.902 ; gain = 843.371 ; free physical = 267 ; free virtual = 1204
---------------------------------------------------------------------------------
---------------------------------------------------------------------------------
Start Renaming Generated Nets
---------------------------------------------------------------------------------
---------------------------------------------------------------------------------
Finished Renaming Generated Nets : Time (s): cpu = 00:02:04 ; elapsed = 00:03:15 . Memory (MB): peak = 2095.902 ; gain = 843.371 ; free physical = 267 ; free virtual = 1204
---------------------------------------------------------------------------------
---------------------------------------------------------------------------------
Start Writing Synthesis Report
---------------------------------------------------------------------------------

Report BlackBoxes: 
+-+--------------+----------+
| |BlackBox name |Instances |
+-+--------------+----------+
+-+--------------+----------+

Report Cell Usage: 
+------+-------+------+
|      |Cell   |Count |
+------+-------+------+
|1     |CARRY4 |     3|
|2     |LUT1   |     4|
|3     |LUT2   |  2415|
|4     |LUT3   |  1333|
|5     |LUT4   |  1028|
|6     |LUT5   |  1091|
|7     |LUT6   |  5505|
|8     |MUXF7  |   842|
|9     |MUXF8  |   421|
|10    |FDCE   |  1617|
|11    |FDPE   |  1152|
|12    |FDRE   |  6719|
|13    |FDSE   |    84|
|14    |LDC    |  1152|
+------+-------+------+

Report Instance Areas: 
+------+--------------------------------+-----------------------+------+
|      |Instance                        |Module                 |Cells |
+------+--------------------------------+-----------------------+------+
|1     |top                             |                       | 23366|
|2     |  U0                            |ip_sha3v5_v1_0         | 23366|
|3     |    ip_sha3v5_v1_0_S00_AXI_inst |ip_sha3v5_v1_0_S00_AXI | 23366|
+------+--------------------------------+-----------------------+------+
---------------------------------------------------------------------------------
Finished Writing Synthesis Report : Time (s): cpu = 00:02:04 ; elapsed = 00:03:15 . Memory (MB): peak = 2095.902 ; gain = 843.371 ; free physical = 267 ; free virtual = 1204
---------------------------------------------------------------------------------
Synthesis finished with 0 errors, 0 critical warnings and 78 warnings.
Synthesis Optimization Runtime : Time (s): cpu = 00:01:55 ; elapsed = 00:02:57 . Memory (MB): peak = 2099.812 ; gain = 503.664 ; free physical = 1982 ; free virtual = 3062
Synthesis Optimization Complete : Time (s): cpu = 00:02:05 ; elapsed = 00:03:19 . Memory (MB): peak = 2099.812 ; gain = 847.281 ; free physical = 1977 ; free virtual = 3062
INFO: [Project 1-571] Translating synthesized netlist
INFO: [Netlist 29-17] Analyzing 2418 Unisim elements for replacement
INFO: [Netlist 29-28] Unisim Transformation completed in 0 CPU seconds
WARNING: [Netlist 29-101] Netlist 'diagramm_ip_sha3v5_0_0' is not ideal for floorplanning, since the cellview 'ip_sha3v5_v1_0_S00_AXI' contains a large number of primitives.  Please consider enabling hierarchy in synthesis if you want to do floorplanning.
INFO: [Project 1-570] Preparing netlist for logic optimization
INFO: [Opt 31-138] Pushed 0 inverter(s) to 0 load pin(s).
INFO: [Project 1-111] Unisim Transformation Summary:
  A total of 1152 instances were transformed.
  LDC => LDCE: 1152 instances

INFO: [Common 17-83] Releasing license: Synthesis
294 Infos, 151 Warnings, 0 Critical Warnings and 0 Errors encountered.
synth_design completed successfully
synth_design: Time (s): cpu = 00:02:09 ; elapsed = 00:03:23 . Memory (MB): peak = 2135.922 ; gain = 894.957 ; free physical = 1947 ; free virtual = 3076
WARNING: [Constraints 18-5210] No constraint will be written out.
INFO: [Common 17-1381] The checkpoint '/home/anzhelika/projekt/diplom/debug_progectv5/debug_sha3/debug_sha3.runs/diagramm_ip_sha3v5_0_0_synth_1/diagramm_ip_sha3v5_0_0.dcp' has been generated.
