
*** Running vivado
    with args -log diagramm_ip_sha3v5_0_0.vds -m64 -product Vivado -mode batch -messageDb vivado.pb -notrace -source diagramm_ip_sha3v5_0_0.tcl


****** Vivado v2018.2 (64-bit)
  **** SW Build 2258646 on Thu Jun 14 20:02:38 MDT 2018
  **** IP Build 2256618 on Thu Jun 14 22:10:49 MDT 2018
    ** Copyright 1986-2018 Xilinx, Inc. All Rights Reserved.

source diagramm_ip_sha3v5_0_0.tcl -notrace
Command: synth_design -top diagramm_ip_sha3v5_0_0 -part xc7z010clg225-1 -mode out_of_context
Starting synth_design
Attempting to get a license for feature 'Synthesis' and/or device 'xc7z010'
INFO: [Common 17-349] Got license for feature 'Synthesis' and/or device 'xc7z010'
INFO: Launching helper process for spawning children vivado processes
INFO: Helper process launched with PID 24461 
---------------------------------------------------------------------------------
Starting RTL Elaboration : Time (s): cpu = 00:00:02 ; elapsed = 00:00:02 . Memory (MB): peak = 1335.422 ; gain = 82.887 ; free physical = 481 ; free virtual = 2975
---------------------------------------------------------------------------------
INFO: [Synth 8-638] synthesizing module 'diagramm_ip_sha3v5_0_0' [/home/anzhelika/projekt/diplom/debug_progectv5/debug_sha3/debug_sha3.srcs/sources_1/bd/diagramm/ip/diagramm_ip_sha3v5_0_0/synth/diagramm_ip_sha3v5_0_0.vhd:82]
	Parameter C_S00_AXI_DATA_WIDTH bound to: 32 - type: integer 
	Parameter C_S00_AXI_ADDR_WIDTH bound to: 11 - type: integer 
INFO: [Synth 8-3491] module 'ip_sha3v5_v1_0' declared at '/home/anzhelika/projekt/diplom/debug_progectv5/debug_sha3/debug_sha3.srcs/sources_1/bd/diagramm/ipshared/d350/hdl/ip_sha3v5_v1_0.vhd:6' bound to instance 'U0' of component 'ip_sha3v5_v1_0' [/home/anzhelika/projekt/diplom/debug_progectv5/debug_sha3/debug_sha3.srcs/sources_1/bd/diagramm/ip/diagramm_ip_sha3v5_0_0/synth/diagramm_ip_sha3v5_0_0.vhd:146]
INFO: [Synth 8-638] synthesizing module 'ip_sha3v5_v1_0' [/home/anzhelika/projekt/diplom/debug_progectv5/debug_sha3/debug_sha3.srcs/sources_1/bd/diagramm/ipshared/d350/hdl/ip_sha3v5_v1_0.vhd:50]
	Parameter C_S00_AXI_DATA_WIDTH bound to: 32 - type: integer 
	Parameter C_S00_AXI_ADDR_WIDTH bound to: 11 - type: integer 
	Parameter C_S_AXI_DATA_WIDTH bound to: 32 - type: integer 
	Parameter C_S_AXI_ADDR_WIDTH bound to: 11 - type: integer 
INFO: [Synth 8-3491] module 'ip_sha3v5_v1_0_S00_AXI' declared at '/home/anzhelika/projekt/diplom/debug_progectv5/debug_sha3/debug_sha3.srcs/sources_1/bd/diagramm/ipshared/d350/hdl/ip_sha3v5_v1_0_S00_AXI.vhd:6' bound to instance 'ip_sha3v5_v1_0_S00_AXI_inst' of component 'ip_sha3v5_v1_0_S00_AXI' [/home/anzhelika/projekt/diplom/debug_progectv5/debug_sha3/debug_sha3.srcs/sources_1/bd/diagramm/ipshared/d350/hdl/ip_sha3v5_v1_0.vhd:86]
INFO: [Synth 8-638] synthesizing module 'ip_sha3v5_v1_0_S00_AXI' [/home/anzhelika/projekt/diplom/debug_progectv5/debug_sha3/debug_sha3.srcs/sources_1/bd/diagramm/ipshared/d350/hdl/ip_sha3v5_v1_0_S00_AXI.vhd:87]
	Parameter C_S_AXI_DATA_WIDTH bound to: 32 - type: integer 
	Parameter C_S_AXI_ADDR_WIDTH bound to: 11 - type: integer 
WARNING: [Synth 8-614] signal 'first' is read in the process but is not in the sensitivity list [/home/anzhelika/projekt/diplom/debug_progectv5/debug_sha3/debug_sha3.srcs/sources_1/bd/diagramm/ipshared/d350/hdl/ip_sha3v5_v1_0_S00_AXI.vhd:5173]
WARNING: [Synth 8-614] signal 'A_array' is read in the process but is not in the sensitivity list [/home/anzhelika/projekt/diplom/debug_progectv5/debug_sha3/debug_sha3.srcs/sources_1/bd/diagramm/ipshared/d350/hdl/ip_sha3v5_v1_0_S00_AXI.vhd:5204]
WARNING: [Synth 8-614] signal 'counter_nr_rounds' is read in the process but is not in the sensitivity list [/home/anzhelika/projekt/diplom/debug_progectv5/debug_sha3/debug_sha3.srcs/sources_1/bd/diagramm/ipshared/d350/hdl/ip_sha3v5_v1_0_S00_AXI.vhd:5957]
WARNING: [Synth 8-5856] 3D RAM round_in_reg  for this pattern/configuration is not supported. This will most likely be implemented in registers
WARNING: [Synth 8-6014] Unused sequential element loc_addr_reg was removed.  [/home/anzhelika/projekt/diplom/debug_progectv5/debug_sha3/debug_sha3.srcs/sources_1/bd/diagramm/ipshared/d350/hdl/ip_sha3v5_v1_0_S00_AXI.vhd:934]
INFO: [Synth 8-256] done synthesizing module 'ip_sha3v5_v1_0_S00_AXI' (1#1) [/home/anzhelika/projekt/diplom/debug_progectv5/debug_sha3/debug_sha3.srcs/sources_1/bd/diagramm/ipshared/d350/hdl/ip_sha3v5_v1_0_S00_AXI.vhd:87]
INFO: [Synth 8-256] done synthesizing module 'ip_sha3v5_v1_0' (2#1) [/home/anzhelika/projekt/diplom/debug_progectv5/debug_sha3/debug_sha3.srcs/sources_1/bd/diagramm/ipshared/d350/hdl/ip_sha3v5_v1_0.vhd:50]
INFO: [Synth 8-256] done synthesizing module 'diagramm_ip_sha3v5_0_0' (3#1) [/home/anzhelika/projekt/diplom/debug_progectv5/debug_sha3/debug_sha3.srcs/sources_1/bd/diagramm/ip/diagramm_ip_sha3v5_0_0/synth/diagramm_ip_sha3v5_0_0.vhd:82]
WARNING: [Synth 8-3331] design ip_sha3v5_v1_0_S00_AXI has unconnected port S_AXI_AWPROT[2]
WARNING: [Synth 8-3331] design ip_sha3v5_v1_0_S00_AXI has unconnected port S_AXI_AWPROT[1]
WARNING: [Synth 8-3331] design ip_sha3v5_v1_0_S00_AXI has unconnected port S_AXI_AWPROT[0]
WARNING: [Synth 8-3331] design ip_sha3v5_v1_0_S00_AXI has unconnected port S_AXI_ARPROT[2]
WARNING: [Synth 8-3331] design ip_sha3v5_v1_0_S00_AXI has unconnected port S_AXI_ARPROT[1]
WARNING: [Synth 8-3331] design ip_sha3v5_v1_0_S00_AXI has unconnected port S_AXI_ARPROT[0]
---------------------------------------------------------------------------------
Finished RTL Elaboration : Time (s): cpu = 00:00:10 ; elapsed = 00:00:11 . Memory (MB): peak = 1523.758 ; gain = 271.223 ; free physical = 360 ; free virtual = 2858
---------------------------------------------------------------------------------

Report Check Netlist: 
+------+------------------+-------+---------+-------+------------------+
|      |Item              |Errors |Warnings |Status |Description       |
+------+------------------+-------+---------+-------+------------------+
|1     |multi_driven_nets |      0|        0|Passed |Multi driven nets |
+------+------------------+-------+---------+-------+------------------+
---------------------------------------------------------------------------------
Start Handling Custom Attributes
---------------------------------------------------------------------------------
---------------------------------------------------------------------------------
Finished Handling Custom Attributes : Time (s): cpu = 00:00:11 ; elapsed = 00:00:12 . Memory (MB): peak = 1523.758 ; gain = 271.223 ; free physical = 393 ; free virtual = 2891
---------------------------------------------------------------------------------
---------------------------------------------------------------------------------
Finished RTL Optimization Phase 1 : Time (s): cpu = 00:00:11 ; elapsed = 00:00:12 . Memory (MB): peak = 1523.758 ; gain = 271.223 ; free physical = 393 ; free virtual = 2891
---------------------------------------------------------------------------------
INFO: [Device 21-403] Loading part xc7z010clg225-1
INFO: [Project 1-570] Preparing netlist for logic optimization

Processing XDC Constraints
Initializing timing engine
Completed Processing XDC Constraints

INFO: [Project 1-111] Unisim Transformation Summary:
No Unisim elements were transformed.

WARNING: [Constraints 18-5210] No constraint will be written out.
Constraint Validation Runtime : Time (s): cpu = 00:00:00.34 ; elapsed = 00:00:00.15 . Memory (MB): peak = 1866.359 ; gain = 3.000 ; free physical = 125 ; free virtual = 2590
---------------------------------------------------------------------------------
Finished Constraint Validation : Time (s): cpu = 00:00:25 ; elapsed = 00:00:38 . Memory (MB): peak = 1866.359 ; gain = 613.824 ; free physical = 259 ; free virtual = 2725
---------------------------------------------------------------------------------
INFO: [Synth 8-5580] Multithreading enabled for synth_design using a maximum of 4 processes.
---------------------------------------------------------------------------------
Finished RTL Optimization Phase 2 : Time (s): cpu = 00:01:01 ; elapsed = 00:01:15 . Memory (MB): peak = 1866.359 ; gain = 613.824 ; free physical = 134 ; free virtual = 1115
---------------------------------------------------------------------------------

Report RTL Partitions: 
+------+----------------------------+------------+----------+
|      |RTL Partition               |Replication |Instances |
+------+----------------------------+------------+----------+
|1     |ip_sha3v5_v1_0_S00_AXI__GB0 |           1|     33723|
|2     |ip_sha3v5_v1_0_S00_AXI__GB1 |           1|      9798|
|3     |ip_sha3v5_v1_0_S00_AXI__GB2 |           1|     10406|
+------+----------------------------+------------+----------+
---------------------------------------------------------------------------------
Start RTL Component Statistics 
---------------------------------------------------------------------------------
Detailed RTL Component Info : 
+---Adders : 
	   2 Input      5 Bit       Adders := 1     
+---XORs : 
	   3 Input      1 Bit         XORs := 1600  
	   5 Input      1 Bit         XORs := 320   
	   2 Input      1 Bit         XORs := 3264  
+---Registers : 
	               64 Bit    Registers := 26    
	               32 Bit    Registers := 349   
	               11 Bit    Registers := 2     
	                5 Bit    Registers := 1     
	                2 Bit    Registers := 2     
	                1 Bit    Registers := 10    
+---Muxes : 
	   2 Input     64 Bit        Muxes := 50    
	   2 Input     32 Bit        Muxes := 80    
	   4 Input      8 Bit        Muxes := 1     
	   2 Input      8 Bit        Muxes := 1     
	   2 Input      1 Bit        Muxes := 5     
---------------------------------------------------------------------------------
Finished RTL Component Statistics 
---------------------------------------------------------------------------------
---------------------------------------------------------------------------------
Start RTL Hierarchical Component Statistics 
---------------------------------------------------------------------------------
Hierarchical RTL Component report 
Module ip_sha3v5_v1_0_S00_AXI 
Detailed RTL Component Info : 
+---Adders : 
	   2 Input      5 Bit       Adders := 1     
+---XORs : 
	   3 Input      1 Bit         XORs := 1600  
	   5 Input      1 Bit         XORs := 320   
	   2 Input      1 Bit         XORs := 3264  
+---Registers : 
	               64 Bit    Registers := 26    
	               32 Bit    Registers := 349   
	               11 Bit    Registers := 2     
	                5 Bit    Registers := 1     
	                2 Bit    Registers := 2     
	                1 Bit    Registers := 10    
+---Muxes : 
	   2 Input     64 Bit        Muxes := 50    
	   2 Input     32 Bit        Muxes := 80    
	   4 Input      8 Bit        Muxes := 1     
	   2 Input      8 Bit        Muxes := 1     
	   2 Input      1 Bit        Muxes := 5     
---------------------------------------------------------------------------------
Finished RTL Hierarchical Component Statistics
---------------------------------------------------------------------------------
---------------------------------------------------------------------------------
Start Part Resource Summary
---------------------------------------------------------------------------------
Part Resources:
DSPs: 80 (col length:40)
BRAMs: 120 (col length: RAMB18 40 RAMB36 20)
---------------------------------------------------------------------------------
Finished Part Resource Summary
---------------------------------------------------------------------------------
---------------------------------------------------------------------------------
Start Cross Boundary and Area Optimization
---------------------------------------------------------------------------------
Warning: Parallel synthesis criteria is not met 
INFO: [Synth 8-4471] merging register 'slv_reg195_reg[31:0]' into 'slv_reg229_reg[31:0]' [/home/anzhelika/projekt/diplom/debug_progectv5/debug_sha3/debug_sha3.srcs/sources_1/bd/diagramm/ipshared/d350/hdl/ip_sha3v5_v1_0_S00_AXI.vhd:6117]
INFO: [Synth 8-4471] merging register 'slv_reg194_reg[31:0]' into 'slv_reg228_reg[31:0]' [/home/anzhelika/projekt/diplom/debug_progectv5/debug_sha3/debug_sha3.srcs/sources_1/bd/diagramm/ipshared/d350/hdl/ip_sha3v5_v1_0_S00_AXI.vhd:6116]
INFO: [Synth 8-4471] merging register 'slv_reg193_reg[31:0]' into 'slv_reg213_reg[31:0]' [/home/anzhelika/projekt/diplom/debug_progectv5/debug_sha3/debug_sha3.srcs/sources_1/bd/diagramm/ipshared/d350/hdl/ip_sha3v5_v1_0_S00_AXI.vhd:6115]
INFO: [Synth 8-4471] merging register 'slv_reg192_reg[31:0]' into 'slv_reg212_reg[31:0]' [/home/anzhelika/projekt/diplom/debug_progectv5/debug_sha3/debug_sha3.srcs/sources_1/bd/diagramm/ipshared/d350/hdl/ip_sha3v5_v1_0_S00_AXI.vhd:6114]
INFO: [Synth 8-4471] merging register 'slv_reg191_reg[31:0]' into 'slv_reg207_reg[31:0]' [/home/anzhelika/projekt/diplom/debug_progectv5/debug_sha3/debug_sha3.srcs/sources_1/bd/diagramm/ipshared/d350/hdl/ip_sha3v5_v1_0_S00_AXI.vhd:6113]
INFO: [Synth 8-4471] merging register 'slv_reg190_reg[31:0]' into 'slv_reg206_reg[31:0]' [/home/anzhelika/projekt/diplom/debug_progectv5/debug_sha3/debug_sha3.srcs/sources_1/bd/diagramm/ipshared/d350/hdl/ip_sha3v5_v1_0_S00_AXI.vhd:6112]
INFO: [Synth 8-4471] merging register 'slv_reg187_reg[31:0]' into 'slv_reg231_reg[31:0]' [/home/anzhelika/projekt/diplom/debug_progectv5/debug_sha3/debug_sha3.srcs/sources_1/bd/diagramm/ipshared/d350/hdl/ip_sha3v5_v1_0_S00_AXI.vhd:6109]
INFO: [Synth 8-4471] merging register 'slv_reg186_reg[31:0]' into 'slv_reg230_reg[31:0]' [/home/anzhelika/projekt/diplom/debug_progectv5/debug_sha3/debug_sha3.srcs/sources_1/bd/diagramm/ipshared/d350/hdl/ip_sha3v5_v1_0_S00_AXI.vhd:6108]
INFO: [Synth 8-4471] merging register 'slv_reg181_reg[31:0]' into 'slv_reg203_reg[31:0]' [/home/anzhelika/projekt/diplom/debug_progectv5/debug_sha3/debug_sha3.srcs/sources_1/bd/diagramm/ipshared/d350/hdl/ip_sha3v5_v1_0_S00_AXI.vhd:6103]
INFO: [Synth 8-4471] merging register 'slv_reg180_reg[31:0]' into 'slv_reg202_reg[31:0]' [/home/anzhelika/projekt/diplom/debug_progectv5/debug_sha3/debug_sha3.srcs/sources_1/bd/diagramm/ipshared/d350/hdl/ip_sha3v5_v1_0_S00_AXI.vhd:6102]
INFO: [Synth 8-4471] merging register 'slv_reg175_reg[31:0]' into 'slv_reg221_reg[31:0]' [/home/anzhelika/projekt/diplom/debug_progectv5/debug_sha3/debug_sha3.srcs/sources_1/bd/diagramm/ipshared/d350/hdl/ip_sha3v5_v1_0_S00_AXI.vhd:6097]
INFO: [Synth 8-4471] merging register 'slv_reg174_reg[31:0]' into 'slv_reg220_reg[31:0]' [/home/anzhelika/projekt/diplom/debug_progectv5/debug_sha3/debug_sha3.srcs/sources_1/bd/diagramm/ipshared/d350/hdl/ip_sha3v5_v1_0_S00_AXI.vhd:6096]
INFO: [Synth 8-4471] merging register 'slv_reg299_reg[31:0]' into 'slv_reg349_reg[31:0]' [/home/anzhelika/projekt/diplom/debug_progectv5/debug_sha3/debug_sha3.srcs/sources_1/bd/diagramm/ipshared/d350/hdl/ip_sha3v5_v1_0_S00_AXI.vhd:6227]
INFO: [Synth 8-4471] merging register 'slv_reg298_reg[31:0]' into 'slv_reg348_reg[31:0]' [/home/anzhelika/projekt/diplom/debug_progectv5/debug_sha3/debug_sha3.srcs/sources_1/bd/diagramm/ipshared/d350/hdl/ip_sha3v5_v1_0_S00_AXI.vhd:6226]
INFO: [Synth 8-4471] merging register 'slv_reg171_reg[31:0]' into 'slv_reg209_reg[31:0]' [/home/anzhelika/projekt/diplom/debug_progectv5/debug_sha3/debug_sha3.srcs/sources_1/bd/diagramm/ipshared/d350/hdl/ip_sha3v5_v1_0_S00_AXI.vhd:6093]
INFO: [Synth 8-4471] merging register 'slv_reg295_reg[31:0]' into 'slv_reg345_reg[31:0]' [/home/anzhelika/projekt/diplom/debug_progectv5/debug_sha3/debug_sha3.srcs/sources_1/bd/diagramm/ipshared/d350/hdl/ip_sha3v5_v1_0_S00_AXI.vhd:6223]
INFO: [Synth 8-4471] merging register 'slv_reg294_reg[31:0]' into 'slv_reg344_reg[31:0]' [/home/anzhelika/projekt/diplom/debug_progectv5/debug_sha3/debug_sha3.srcs/sources_1/bd/diagramm/ipshared/d350/hdl/ip_sha3v5_v1_0_S00_AXI.vhd:6222]
INFO: [Synth 8-4471] merging register 'slv_reg293_reg[31:0]' into 'slv_reg343_reg[31:0]' [/home/anzhelika/projekt/diplom/debug_progectv5/debug_sha3/debug_sha3.srcs/sources_1/bd/diagramm/ipshared/d350/hdl/ip_sha3v5_v1_0_S00_AXI.vhd:6221]
INFO: [Synth 8-4471] merging register 'slv_reg292_reg[31:0]' into 'slv_reg342_reg[31:0]' [/home/anzhelika/projekt/diplom/debug_progectv5/debug_sha3/debug_sha3.srcs/sources_1/bd/diagramm/ipshared/d350/hdl/ip_sha3v5_v1_0_S00_AXI.vhd:6220]
INFO: [Synth 8-4471] merging register 'slv_reg291_reg[31:0]' into 'slv_reg341_reg[31:0]' [/home/anzhelika/projekt/diplom/debug_progectv5/debug_sha3/debug_sha3.srcs/sources_1/bd/diagramm/ipshared/d350/hdl/ip_sha3v5_v1_0_S00_AXI.vhd:6219]
INFO: [Synth 8-4471] merging register 'slv_reg290_reg[31:0]' into 'slv_reg340_reg[31:0]' [/home/anzhelika/projekt/diplom/debug_progectv5/debug_sha3/debug_sha3.srcs/sources_1/bd/diagramm/ipshared/d350/hdl/ip_sha3v5_v1_0_S00_AXI.vhd:6218]
INFO: [Synth 8-4471] merging register 'slv_reg289_reg[31:0]' into 'slv_reg339_reg[31:0]' [/home/anzhelika/projekt/diplom/debug_progectv5/debug_sha3/debug_sha3.srcs/sources_1/bd/diagramm/ipshared/d350/hdl/ip_sha3v5_v1_0_S00_AXI.vhd:6217]
INFO: [Synth 8-4471] merging register 'slv_reg288_reg[31:0]' into 'slv_reg338_reg[31:0]' [/home/anzhelika/projekt/diplom/debug_progectv5/debug_sha3/debug_sha3.srcs/sources_1/bd/diagramm/ipshared/d350/hdl/ip_sha3v5_v1_0_S00_AXI.vhd:6216]
INFO: [Synth 8-4471] merging register 'slv_reg170_reg[31:0]' into 'slv_reg208_reg[31:0]' [/home/anzhelika/projekt/diplom/debug_progectv5/debug_sha3/debug_sha3.srcs/sources_1/bd/diagramm/ipshared/d350/hdl/ip_sha3v5_v1_0_S00_AXI.vhd:6092]
INFO: [Synth 8-4471] merging register 'slv_reg283_reg[31:0]' into 'slv_reg333_reg[31:0]' [/home/anzhelika/projekt/diplom/debug_progectv5/debug_sha3/debug_sha3.srcs/sources_1/bd/diagramm/ipshared/d350/hdl/ip_sha3v5_v1_0_S00_AXI.vhd:6211]
INFO: [Synth 8-4471] merging register 'slv_reg282_reg[31:0]' into 'slv_reg332_reg[31:0]' [/home/anzhelika/projekt/diplom/debug_progectv5/debug_sha3/debug_sha3.srcs/sources_1/bd/diagramm/ipshared/d350/hdl/ip_sha3v5_v1_0_S00_AXI.vhd:6210]
INFO: [Synth 8-4471] merging register 'slv_reg281_reg[31:0]' into 'slv_reg331_reg[31:0]' [/home/anzhelika/projekt/diplom/debug_progectv5/debug_sha3/debug_sha3.srcs/sources_1/bd/diagramm/ipshared/d350/hdl/ip_sha3v5_v1_0_S00_AXI.vhd:6209]
INFO: [Synth 8-4471] merging register 'slv_reg277_reg[31:0]' into 'slv_reg327_reg[31:0]' [/home/anzhelika/projekt/diplom/debug_progectv5/debug_sha3/debug_sha3.srcs/sources_1/bd/diagramm/ipshared/d350/hdl/ip_sha3v5_v1_0_S00_AXI.vhd:6205]
INFO: [Synth 8-4471] merging register 'slv_reg276_reg[31:0]' into 'slv_reg326_reg[31:0]' [/home/anzhelika/projekt/diplom/debug_progectv5/debug_sha3/debug_sha3.srcs/sources_1/bd/diagramm/ipshared/d350/hdl/ip_sha3v5_v1_0_S00_AXI.vhd:6204]
INFO: [Synth 8-4471] merging register 'slv_reg273_reg[31:0]' into 'slv_reg323_reg[31:0]' [/home/anzhelika/projekt/diplom/debug_progectv5/debug_sha3/debug_sha3.srcs/sources_1/bd/diagramm/ipshared/d350/hdl/ip_sha3v5_v1_0_S00_AXI.vhd:6201]
INFO: [Synth 8-4471] merging register 'slv_reg272_reg[31:0]' into 'slv_reg322_reg[31:0]' [/home/anzhelika/projekt/diplom/debug_progectv5/debug_sha3/debug_sha3.srcs/sources_1/bd/diagramm/ipshared/d350/hdl/ip_sha3v5_v1_0_S00_AXI.vhd:6200]
INFO: [Synth 8-4471] merging register 'slv_reg271_reg[31:0]' into 'slv_reg321_reg[31:0]' [/home/anzhelika/projekt/diplom/debug_progectv5/debug_sha3/debug_sha3.srcs/sources_1/bd/diagramm/ipshared/d350/hdl/ip_sha3v5_v1_0_S00_AXI.vhd:6199]
INFO: [Synth 8-4471] merging register 'slv_reg270_reg[31:0]' into 'slv_reg320_reg[31:0]' [/home/anzhelika/projekt/diplom/debug_progectv5/debug_sha3/debug_sha3.srcs/sources_1/bd/diagramm/ipshared/d350/hdl/ip_sha3v5_v1_0_S00_AXI.vhd:6198]
INFO: [Synth 8-4471] merging register 'slv_reg269_reg[31:0]' into 'slv_reg319_reg[31:0]' [/home/anzhelika/projekt/diplom/debug_progectv5/debug_sha3/debug_sha3.srcs/sources_1/bd/diagramm/ipshared/d350/hdl/ip_sha3v5_v1_0_S00_AXI.vhd:6196]
INFO: [Synth 8-4471] merging register 'slv_reg268_reg[31:0]' into 'slv_reg318_reg[31:0]' [/home/anzhelika/projekt/diplom/debug_progectv5/debug_sha3/debug_sha3.srcs/sources_1/bd/diagramm/ipshared/d350/hdl/ip_sha3v5_v1_0_S00_AXI.vhd:6195]
INFO: [Synth 8-4471] merging register 'slv_reg267_reg[31:0]' into 'slv_reg317_reg[31:0]' [/home/anzhelika/projekt/diplom/debug_progectv5/debug_sha3/debug_sha3.srcs/sources_1/bd/diagramm/ipshared/d350/hdl/ip_sha3v5_v1_0_S00_AXI.vhd:6194]
INFO: [Synth 8-4471] merging register 'slv_reg265_reg[31:0]' into 'slv_reg315_reg[31:0]' [/home/anzhelika/projekt/diplom/debug_progectv5/debug_sha3/debug_sha3.srcs/sources_1/bd/diagramm/ipshared/d350/hdl/ip_sha3v5_v1_0_S00_AXI.vhd:6192]
INFO: [Synth 8-4471] merging register 'slv_reg166_reg[31:0]' into 'slv_reg232_reg[31:0]' [/home/anzhelika/projekt/diplom/debug_progectv5/debug_sha3/debug_sha3.srcs/sources_1/bd/diagramm/ipshared/d350/hdl/ip_sha3v5_v1_0_S00_AXI.vhd:6087]
INFO: [Synth 8-4471] merging register 'slv_reg263_reg[31:0]' into 'slv_reg313_reg[31:0]' [/home/anzhelika/projekt/diplom/debug_progectv5/debug_sha3/debug_sha3.srcs/sources_1/bd/diagramm/ipshared/d350/hdl/ip_sha3v5_v1_0_S00_AXI.vhd:6190]
INFO: [Synth 8-4471] merging register 'slv_reg262_reg[31:0]' into 'slv_reg312_reg[31:0]' [/home/anzhelika/projekt/diplom/debug_progectv5/debug_sha3/debug_sha3.srcs/sources_1/bd/diagramm/ipshared/d350/hdl/ip_sha3v5_v1_0_S00_AXI.vhd:6189]
INFO: [Synth 8-4471] merging register 'slv_reg261_reg[31:0]' into 'slv_reg311_reg[31:0]' [/home/anzhelika/projekt/diplom/debug_progectv5/debug_sha3/debug_sha3.srcs/sources_1/bd/diagramm/ipshared/d350/hdl/ip_sha3v5_v1_0_S00_AXI.vhd:6188]
INFO: [Synth 8-4471] merging register 'slv_reg260_reg[31:0]' into 'slv_reg310_reg[31:0]' [/home/anzhelika/projekt/diplom/debug_progectv5/debug_sha3/debug_sha3.srcs/sources_1/bd/diagramm/ipshared/d350/hdl/ip_sha3v5_v1_0_S00_AXI.vhd:6187]
INFO: [Synth 8-4471] merging register 'slv_reg259_reg[31:0]' into 'slv_reg309_reg[31:0]' [/home/anzhelika/projekt/diplom/debug_progectv5/debug_sha3/debug_sha3.srcs/sources_1/bd/diagramm/ipshared/d350/hdl/ip_sha3v5_v1_0_S00_AXI.vhd:6186]
INFO: [Synth 8-4471] merging register 'slv_reg258_reg[31:0]' into 'slv_reg308_reg[31:0]' [/home/anzhelika/projekt/diplom/debug_progectv5/debug_sha3/debug_sha3.srcs/sources_1/bd/diagramm/ipshared/d350/hdl/ip_sha3v5_v1_0_S00_AXI.vhd:6185]
INFO: [Synth 8-4471] merging register 'slv_reg257_reg[31:0]' into 'slv_reg307_reg[31:0]' [/home/anzhelika/projekt/diplom/debug_progectv5/debug_sha3/debug_sha3.srcs/sources_1/bd/diagramm/ipshared/d350/hdl/ip_sha3v5_v1_0_S00_AXI.vhd:6184]
INFO: [Synth 8-4471] merging register 'slv_reg256_reg[31:0]' into 'slv_reg306_reg[31:0]' [/home/anzhelika/projekt/diplom/debug_progectv5/debug_sha3/debug_sha3.srcs/sources_1/bd/diagramm/ipshared/d350/hdl/ip_sha3v5_v1_0_S00_AXI.vhd:6183]
INFO: [Synth 8-4471] merging register 'slv_reg255_reg[31:0]' into 'slv_reg305_reg[31:0]' [/home/anzhelika/projekt/diplom/debug_progectv5/debug_sha3/debug_sha3.srcs/sources_1/bd/diagramm/ipshared/d350/hdl/ip_sha3v5_v1_0_S00_AXI.vhd:6182]
INFO: [Synth 8-4471] merging register 'slv_reg254_reg[31:0]' into 'slv_reg304_reg[31:0]' [/home/anzhelika/projekt/diplom/debug_progectv5/debug_sha3/debug_sha3.srcs/sources_1/bd/diagramm/ipshared/d350/hdl/ip_sha3v5_v1_0_S00_AXI.vhd:6181]
INFO: [Synth 8-4471] merging register 'slv_reg249_reg[31:0]' into 'slv_reg169_reg[31:0]' [/home/anzhelika/projekt/diplom/debug_progectv5/debug_sha3/debug_sha3.srcs/sources_1/bd/diagramm/ipshared/d350/hdl/ip_sha3v5_v1_0_S00_AXI.vhd:6174]
INFO: [Synth 8-4471] merging register 'slv_reg248_reg[31:0]' into 'slv_reg168_reg[31:0]' [/home/anzhelika/projekt/diplom/debug_progectv5/debug_sha3/debug_sha3.srcs/sources_1/bd/diagramm/ipshared/d350/hdl/ip_sha3v5_v1_0_S00_AXI.vhd:6173]
INFO: [Synth 8-4471] merging register 'slv_reg247_reg[31:0]' into 'slv_reg189_reg[31:0]' [/home/anzhelika/projekt/diplom/debug_progectv5/debug_sha3/debug_sha3.srcs/sources_1/bd/diagramm/ipshared/d350/hdl/ip_sha3v5_v1_0_S00_AXI.vhd:6172]
INFO: [Synth 8-4471] merging register 'slv_reg246_reg[31:0]' into 'slv_reg188_reg[31:0]' [/home/anzhelika/projekt/diplom/debug_progectv5/debug_sha3/debug_sha3.srcs/sources_1/bd/diagramm/ipshared/d350/hdl/ip_sha3v5_v1_0_S00_AXI.vhd:6171]
INFO: [Synth 8-4471] merging register 'slv_reg243_reg[31:0]' into 'slv_reg179_reg[31:0]' [/home/anzhelika/projekt/diplom/debug_progectv5/debug_sha3/debug_sha3.srcs/sources_1/bd/diagramm/ipshared/d350/hdl/ip_sha3v5_v1_0_S00_AXI.vhd:6168]
INFO: [Synth 8-4471] merging register 'slv_reg242_reg[31:0]' into 'slv_reg178_reg[31:0]' [/home/anzhelika/projekt/diplom/debug_progectv5/debug_sha3/debug_sha3.srcs/sources_1/bd/diagramm/ipshared/d350/hdl/ip_sha3v5_v1_0_S00_AXI.vhd:6167]
INFO: [Synth 8-4471] merging register 'slv_reg241_reg[31:0]' into 'slv_reg199_reg[31:0]' [/home/anzhelika/projekt/diplom/debug_progectv5/debug_sha3/debug_sha3.srcs/sources_1/bd/diagramm/ipshared/d350/hdl/ip_sha3v5_v1_0_S00_AXI.vhd:6166]
INFO: [Synth 8-4471] merging register 'slv_reg240_reg[31:0]' into 'slv_reg198_reg[31:0]' [/home/anzhelika/projekt/diplom/debug_progectv5/debug_sha3/debug_sha3.srcs/sources_1/bd/diagramm/ipshared/d350/hdl/ip_sha3v5_v1_0_S00_AXI.vhd:6165]
INFO: [Synth 8-4471] merging register 'slv_reg165_reg[31:0]' into 'slv_reg227_reg[31:0]' [/home/anzhelika/projekt/diplom/debug_progectv5/debug_sha3/debug_sha3.srcs/sources_1/bd/diagramm/ipshared/d350/hdl/ip_sha3v5_v1_0_S00_AXI.vhd:6086]
INFO: [Synth 8-4471] merging register 'slv_reg164_reg[31:0]' into 'slv_reg226_reg[31:0]' [/home/anzhelika/projekt/diplom/debug_progectv5/debug_sha3/debug_sha3.srcs/sources_1/bd/diagramm/ipshared/d350/hdl/ip_sha3v5_v1_0_S00_AXI.vhd:6085]
INFO: [Synth 8-4471] merging register 'slv_reg155_reg[31:0]' into 'slv_reg223_reg[31:0]' [/home/anzhelika/projekt/diplom/debug_progectv5/debug_sha3/debug_sha3.srcs/sources_1/bd/diagramm/ipshared/d350/hdl/ip_sha3v5_v1_0_S00_AXI.vhd:6076]
INFO: [Synth 8-4471] merging register 'slv_reg154_reg[31:0]' into 'slv_reg222_reg[31:0]' [/home/anzhelika/projekt/diplom/debug_progectv5/debug_sha3/debug_sha3.srcs/sources_1/bd/diagramm/ipshared/d350/hdl/ip_sha3v5_v1_0_S00_AXI.vhd:6075]
INFO: [Synth 8-4471] merging register 'slv_reg153_reg[31:0]' into 'slv_reg217_reg[31:0]' [/home/anzhelika/projekt/diplom/debug_progectv5/debug_sha3/debug_sha3.srcs/sources_1/bd/diagramm/ipshared/d350/hdl/ip_sha3v5_v1_0_S00_AXI.vhd:6074]
INFO: [Synth 8-4471] merging register 'slv_reg151_reg[31:0]' into 'slv_reg201_reg[31:0]' [/home/anzhelika/projekt/diplom/debug_progectv5/debug_sha3/debug_sha3.srcs/sources_1/bd/diagramm/ipshared/d350/hdl/ip_sha3v5_v1_0_S00_AXI.vhd:6072]
INFO: [Synth 8-4471] merging register 'slv_reg150_reg[31:0]' into 'slv_reg200_reg[31:0]' [/home/anzhelika/projekt/diplom/debug_progectv5/debug_sha3/debug_sha3.srcs/sources_1/bd/diagramm/ipshared/d350/hdl/ip_sha3v5_v1_0_S00_AXI.vhd:6071]
INFO: [Synth 8-4471] merging register 'slv_reg239_reg[31:0]' into 'slv_reg157_reg[31:0]' [/home/anzhelika/projekt/diplom/debug_progectv5/debug_sha3/debug_sha3.srcs/sources_1/bd/diagramm/ipshared/d350/hdl/ip_sha3v5_v1_0_S00_AXI.vhd:6164]
INFO: [Synth 8-4471] merging register 'slv_reg238_reg[31:0]' into 'slv_reg156_reg[31:0]' [/home/anzhelika/projekt/diplom/debug_progectv5/debug_sha3/debug_sha3.srcs/sources_1/bd/diagramm/ipshared/d350/hdl/ip_sha3v5_v1_0_S00_AXI.vhd:6163]
INFO: [Synth 8-4471] merging register 'slv_reg237_reg[31:0]' into 'slv_reg177_reg[31:0]' [/home/anzhelika/projekt/diplom/debug_progectv5/debug_sha3/debug_sha3.srcs/sources_1/bd/diagramm/ipshared/d350/hdl/ip_sha3v5_v1_0_S00_AXI.vhd:6162]
INFO: [Synth 8-4471] merging register 'slv_reg236_reg[31:0]' into 'slv_reg176_reg[31:0]' [/home/anzhelika/projekt/diplom/debug_progectv5/debug_sha3/debug_sha3.srcs/sources_1/bd/diagramm/ipshared/d350/hdl/ip_sha3v5_v1_0_S00_AXI.vhd:6161]
INFO: [Synth 8-4471] merging register 'slv_reg101_reg[31:0]' into 'slv_reg201_reg[31:0]' [/home/anzhelika/projekt/diplom/debug_progectv5/debug_sha3/debug_sha3.srcs/sources_1/bd/diagramm/ipshared/d350/hdl/ip_sha3v5_v1_0_S00_AXI.vhd:6018]
INFO: [Synth 8-4471] merging register 'slv_reg100_reg[31:0]' into 'slv_reg200_reg[31:0]' [/home/anzhelika/projekt/diplom/debug_progectv5/debug_sha3/debug_sha3.srcs/sources_1/bd/diagramm/ipshared/d350/hdl/ip_sha3v5_v1_0_S00_AXI.vhd:6017]
INFO: [Synth 8-4471] merging register 'slv_reg233_reg[31:0]' into 'slv_reg167_reg[31:0]' [/home/anzhelika/projekt/diplom/debug_progectv5/debug_sha3/debug_sha3.srcs/sources_1/bd/diagramm/ipshared/d350/hdl/ip_sha3v5_v1_0_S00_AXI.vhd:6158]
INFO: [Synth 8-4471] merging register 'slv_reg185_reg[31:0]' into 'slv_reg225_reg[31:0]' [/home/anzhelika/projekt/diplom/debug_progectv5/debug_sha3/debug_sha3.srcs/sources_1/bd/diagramm/ipshared/d350/hdl/ip_sha3v5_v1_0_S00_AXI.vhd:6107]
INFO: [Synth 8-4471] merging register 'slv_reg184_reg[31:0]' into 'slv_reg224_reg[31:0]' [/home/anzhelika/projekt/diplom/debug_progectv5/debug_sha3/debug_sha3.srcs/sources_1/bd/diagramm/ipshared/d350/hdl/ip_sha3v5_v1_0_S00_AXI.vhd:6106]
INFO: [Synth 8-4471] merging register 'slv_reg183_reg[31:0]' into 'slv_reg219_reg[31:0]' [/home/anzhelika/projekt/diplom/debug_progectv5/debug_sha3/debug_sha3.srcs/sources_1/bd/diagramm/ipshared/d350/hdl/ip_sha3v5_v1_0_S00_AXI.vhd:6105]
INFO: [Synth 8-4471] merging register 'slv_reg182_reg[31:0]' into 'slv_reg218_reg[31:0]' [/home/anzhelika/projekt/diplom/debug_progectv5/debug_sha3/debug_sha3.srcs/sources_1/bd/diagramm/ipshared/d350/hdl/ip_sha3v5_v1_0_S00_AXI.vhd:6104]
INFO: [Synth 8-4471] merging register 'slv_reg173_reg[31:0]' into 'slv_reg215_reg[31:0]' [/home/anzhelika/projekt/diplom/debug_progectv5/debug_sha3/debug_sha3.srcs/sources_1/bd/diagramm/ipshared/d350/hdl/ip_sha3v5_v1_0_S00_AXI.vhd:6095]
INFO: [Synth 8-4471] merging register 'slv_reg172_reg[31:0]' into 'slv_reg214_reg[31:0]' [/home/anzhelika/projekt/diplom/debug_progectv5/debug_sha3/debug_sha3.srcs/sources_1/bd/diagramm/ipshared/d350/hdl/ip_sha3v5_v1_0_S00_AXI.vhd:6094]
INFO: [Synth 8-4471] merging register 'slv_reg285_reg[31:0]' into 'slv_reg335_reg[31:0]' [/home/anzhelika/projekt/diplom/debug_progectv5/debug_sha3/debug_sha3.srcs/sources_1/bd/diagramm/ipshared/d350/hdl/ip_sha3v5_v1_0_S00_AXI.vhd:6213]
INFO: [Synth 8-4471] merging register 'slv_reg284_reg[31:0]' into 'slv_reg334_reg[31:0]' [/home/anzhelika/projekt/diplom/debug_progectv5/debug_sha3/debug_sha3.srcs/sources_1/bd/diagramm/ipshared/d350/hdl/ip_sha3v5_v1_0_S00_AXI.vhd:6212]
INFO: [Synth 8-4471] merging register 'slv_reg279_reg[31:0]' into 'slv_reg329_reg[31:0]' [/home/anzhelika/projekt/diplom/debug_progectv5/debug_sha3/debug_sha3.srcs/sources_1/bd/diagramm/ipshared/d350/hdl/ip_sha3v5_v1_0_S00_AXI.vhd:6207]
INFO: [Synth 8-4471] merging register 'slv_reg278_reg[31:0]' into 'slv_reg328_reg[31:0]' [/home/anzhelika/projekt/diplom/debug_progectv5/debug_sha3/debug_sha3.srcs/sources_1/bd/diagramm/ipshared/d350/hdl/ip_sha3v5_v1_0_S00_AXI.vhd:6206]
INFO: [Synth 8-4471] merging register 'slv_reg275_reg[31:0]' into 'slv_reg325_reg[31:0]' [/home/anzhelika/projekt/diplom/debug_progectv5/debug_sha3/debug_sha3.srcs/sources_1/bd/diagramm/ipshared/d350/hdl/ip_sha3v5_v1_0_S00_AXI.vhd:6203]
INFO: [Synth 8-4471] merging register 'slv_reg274_reg[31:0]' into 'slv_reg324_reg[31:0]' [/home/anzhelika/projekt/diplom/debug_progectv5/debug_sha3/debug_sha3.srcs/sources_1/bd/diagramm/ipshared/d350/hdl/ip_sha3v5_v1_0_S00_AXI.vhd:6202]
INFO: [Synth 8-4471] merging register 'slv_reg253_reg[31:0]' into 'slv_reg303_reg[31:0]' [/home/anzhelika/projekt/diplom/debug_progectv5/debug_sha3/debug_sha3.srcs/sources_1/bd/diagramm/ipshared/d350/hdl/ip_sha3v5_v1_0_S00_AXI.vhd:6180]
INFO: [Synth 8-4471] merging register 'slv_reg252_reg[31:0]' into 'slv_reg302_reg[31:0]' [/home/anzhelika/projekt/diplom/debug_progectv5/debug_sha3/debug_sha3.srcs/sources_1/bd/diagramm/ipshared/d350/hdl/ip_sha3v5_v1_0_S00_AXI.vhd:6179]
INFO: [Synth 8-4471] merging register 'slv_reg163_reg[31:0]' into 'slv_reg211_reg[31:0]' [/home/anzhelika/projekt/diplom/debug_progectv5/debug_sha3/debug_sha3.srcs/sources_1/bd/diagramm/ipshared/d350/hdl/ip_sha3v5_v1_0_S00_AXI.vhd:6084]
INFO: [Synth 8-4471] merging register 'slv_reg162_reg[31:0]' into 'slv_reg210_reg[31:0]' [/home/anzhelika/projekt/diplom/debug_progectv5/debug_sha3/debug_sha3.srcs/sources_1/bd/diagramm/ipshared/d350/hdl/ip_sha3v5_v1_0_S00_AXI.vhd:6083]
INFO: [Synth 8-4471] merging register 'slv_reg161_reg[31:0]' into 'slv_reg205_reg[31:0]' [/home/anzhelika/projekt/diplom/debug_progectv5/debug_sha3/debug_sha3.srcs/sources_1/bd/diagramm/ipshared/d350/hdl/ip_sha3v5_v1_0_S00_AXI.vhd:6082]
INFO: [Synth 8-4471] merging register 'slv_reg160_reg[31:0]' into 'slv_reg204_reg[31:0]' [/home/anzhelika/projekt/diplom/debug_progectv5/debug_sha3/debug_sha3.srcs/sources_1/bd/diagramm/ipshared/d350/hdl/ip_sha3v5_v1_0_S00_AXI.vhd:6081]
INFO: [Synth 8-4471] merging register 'slv_reg159_reg[31:0]' into 'slv_reg245_reg[31:0]' [/home/anzhelika/projekt/diplom/debug_progectv5/debug_sha3/debug_sha3.srcs/sources_1/bd/diagramm/ipshared/d350/hdl/ip_sha3v5_v1_0_S00_AXI.vhd:6080]
INFO: [Synth 8-4471] merging register 'slv_reg158_reg[31:0]' into 'slv_reg244_reg[31:0]' [/home/anzhelika/projekt/diplom/debug_progectv5/debug_sha3/debug_sha3.srcs/sources_1/bd/diagramm/ipshared/d350/hdl/ip_sha3v5_v1_0_S00_AXI.vhd:6079]
INFO: [Synth 8-4471] merging register 'slv_reg235_reg[31:0]' into 'slv_reg197_reg[31:0]' [/home/anzhelika/projekt/diplom/debug_progectv5/debug_sha3/debug_sha3.srcs/sources_1/bd/diagramm/ipshared/d350/hdl/ip_sha3v5_v1_0_S00_AXI.vhd:6160]
INFO: [Synth 8-4471] merging register 'slv_reg234_reg[31:0]' into 'slv_reg196_reg[31:0]' [/home/anzhelika/projekt/diplom/debug_progectv5/debug_sha3/debug_sha3.srcs/sources_1/bd/diagramm/ipshared/d350/hdl/ip_sha3v5_v1_0_S00_AXI.vhd:6159]
WARNING: [Synth 8-6014] Unused sequential element slv_reg195_reg was removed.  [/home/anzhelika/projekt/diplom/debug_progectv5/debug_sha3/debug_sha3.srcs/sources_1/bd/diagramm/ipshared/d350/hdl/ip_sha3v5_v1_0_S00_AXI.vhd:6117]
WARNING: [Synth 8-6014] Unused sequential element slv_reg194_reg was removed.  [/home/anzhelika/projekt/diplom/debug_progectv5/debug_sha3/debug_sha3.srcs/sources_1/bd/diagramm/ipshared/d350/hdl/ip_sha3v5_v1_0_S00_AXI.vhd:6116]
WARNING: [Synth 8-6014] Unused sequential element slv_reg193_reg was removed.  [/home/anzhelika/projekt/diplom/debug_progectv5/debug_sha3/debug_sha3.srcs/sources_1/bd/diagramm/ipshared/d350/hdl/ip_sha3v5_v1_0_S00_AXI.vhd:6115]
WARNING: [Synth 8-6014] Unused sequential element slv_reg192_reg was removed.  [/home/anzhelika/projekt/diplom/debug_progectv5/debug_sha3/debug_sha3.srcs/sources_1/bd/diagramm/ipshared/d350/hdl/ip_sha3v5_v1_0_S00_AXI.vhd:6114]
WARNING: [Synth 8-6014] Unused sequential element slv_reg191_reg was removed.  [/home/anzhelika/projekt/diplom/debug_progectv5/debug_sha3/debug_sha3.srcs/sources_1/bd/diagramm/ipshared/d350/hdl/ip_sha3v5_v1_0_S00_AXI.vhd:6113]
WARNING: [Synth 8-6014] Unused sequential element slv_reg190_reg was removed.  [/home/anzhelika/projekt/diplom/debug_progectv5/debug_sha3/debug_sha3.srcs/sources_1/bd/diagramm/ipshared/d350/hdl/ip_sha3v5_v1_0_S00_AXI.vhd:6112]
WARNING: [Synth 8-6014] Unused sequential element slv_reg187_reg was removed.  [/home/anzhelika/projekt/diplom/debug_progectv5/debug_sha3/debug_sha3.srcs/sources_1/bd/diagramm/ipshared/d350/hdl/ip_sha3v5_v1_0_S00_AXI.vhd:6109]
WARNING: [Synth 8-6014] Unused sequential element slv_reg186_reg was removed.  [/home/anzhelika/projekt/diplom/debug_progectv5/debug_sha3/debug_sha3.srcs/sources_1/bd/diagramm/ipshared/d350/hdl/ip_sha3v5_v1_0_S00_AXI.vhd:6108]
WARNING: [Synth 8-6014] Unused sequential element slv_reg185_reg was removed.  [/home/anzhelika/projekt/diplom/debug_progectv5/debug_sha3/debug_sha3.srcs/sources_1/bd/diagramm/ipshared/d350/hdl/ip_sha3v5_v1_0_S00_AXI.vhd:6107]
WARNING: [Synth 8-6014] Unused sequential element slv_reg184_reg was removed.  [/home/anzhelika/projekt/diplom/debug_progectv5/debug_sha3/debug_sha3.srcs/sources_1/bd/diagramm/ipshared/d350/hdl/ip_sha3v5_v1_0_S00_AXI.vhd:6106]
WARNING: [Synth 8-6014] Unused sequential element slv_reg183_reg was removed.  [/home/anzhelika/projekt/diplom/debug_progectv5/debug_sha3/debug_sha3.srcs/sources_1/bd/diagramm/ipshared/d350/hdl/ip_sha3v5_v1_0_S00_AXI.vhd:6105]
WARNING: [Synth 8-6014] Unused sequential element slv_reg182_reg was removed.  [/home/anzhelika/projekt/diplom/debug_progectv5/debug_sha3/debug_sha3.srcs/sources_1/bd/diagramm/ipshared/d350/hdl/ip_sha3v5_v1_0_S00_AXI.vhd:6104]
WARNING: [Synth 8-6014] Unused sequential element slv_reg181_reg was removed.  [/home/anzhelika/projekt/diplom/debug_progectv5/debug_sha3/debug_sha3.srcs/sources_1/bd/diagramm/ipshared/d350/hdl/ip_sha3v5_v1_0_S00_AXI.vhd:6103]
WARNING: [Synth 8-6014] Unused sequential element slv_reg180_reg was removed.  [/home/anzhelika/projekt/diplom/debug_progectv5/debug_sha3/debug_sha3.srcs/sources_1/bd/diagramm/ipshared/d350/hdl/ip_sha3v5_v1_0_S00_AXI.vhd:6102]
WARNING: [Synth 8-6014] Unused sequential element slv_reg175_reg was removed.  [/home/anzhelika/projekt/diplom/debug_progectv5/debug_sha3/debug_sha3.srcs/sources_1/bd/diagramm/ipshared/d350/hdl/ip_sha3v5_v1_0_S00_AXI.vhd:6097]
WARNING: [Synth 8-6014] Unused sequential element slv_reg174_reg was removed.  [/home/anzhelika/projekt/diplom/debug_progectv5/debug_sha3/debug_sha3.srcs/sources_1/bd/diagramm/ipshared/d350/hdl/ip_sha3v5_v1_0_S00_AXI.vhd:6096]
WARNING: [Synth 8-6014] Unused sequential element slv_reg173_reg was removed.  [/home/anzhelika/projekt/diplom/debug_progectv5/debug_sha3/debug_sha3.srcs/sources_1/bd/diagramm/ipshared/d350/hdl/ip_sha3v5_v1_0_S00_AXI.vhd:6095]
WARNING: [Synth 8-6014] Unused sequential element slv_reg299_reg was removed.  [/home/anzhelika/projekt/diplom/debug_progectv5/debug_sha3/debug_sha3.srcs/sources_1/bd/diagramm/ipshared/d350/hdl/ip_sha3v5_v1_0_S00_AXI.vhd:6227]
WARNING: [Synth 8-6014] Unused sequential element slv_reg298_reg was removed.  [/home/anzhelika/projekt/diplom/debug_progectv5/debug_sha3/debug_sha3.srcs/sources_1/bd/diagramm/ipshared/d350/hdl/ip_sha3v5_v1_0_S00_AXI.vhd:6226]
WARNING: [Synth 8-6014] Unused sequential element slv_reg172_reg was removed.  [/home/anzhelika/projekt/diplom/debug_progectv5/debug_sha3/debug_sha3.srcs/sources_1/bd/diagramm/ipshared/d350/hdl/ip_sha3v5_v1_0_S00_AXI.vhd:6094]
WARNING: [Synth 8-6014] Unused sequential element slv_reg171_reg was removed.  [/home/anzhelika/projekt/diplom/debug_progectv5/debug_sha3/debug_sha3.srcs/sources_1/bd/diagramm/ipshared/d350/hdl/ip_sha3v5_v1_0_S00_AXI.vhd:6093]
WARNING: [Synth 8-6014] Unused sequential element slv_reg295_reg was removed.  [/home/anzhelika/projekt/diplom/debug_progectv5/debug_sha3/debug_sha3.srcs/sources_1/bd/diagramm/ipshared/d350/hdl/ip_sha3v5_v1_0_S00_AXI.vhd:6223]
WARNING: [Synth 8-6014] Unused sequential element slv_reg294_reg was removed.  [/home/anzhelika/projekt/diplom/debug_progectv5/debug_sha3/debug_sha3.srcs/sources_1/bd/diagramm/ipshared/d350/hdl/ip_sha3v5_v1_0_S00_AXI.vhd:6222]
WARNING: [Synth 8-6014] Unused sequential element slv_reg293_reg was removed.  [/home/anzhelika/projekt/diplom/debug_progectv5/debug_sha3/debug_sha3.srcs/sources_1/bd/diagramm/ipshared/d350/hdl/ip_sha3v5_v1_0_S00_AXI.vhd:6221]
WARNING: [Synth 8-6014] Unused sequential element slv_reg292_reg was removed.  [/home/anzhelika/projekt/diplom/debug_progectv5/debug_sha3/debug_sha3.srcs/sources_1/bd/diagramm/ipshared/d350/hdl/ip_sha3v5_v1_0_S00_AXI.vhd:6220]
WARNING: [Synth 8-6014] Unused sequential element slv_reg291_reg was removed.  [/home/anzhelika/projekt/diplom/debug_progectv5/debug_sha3/debug_sha3.srcs/sources_1/bd/diagramm/ipshared/d350/hdl/ip_sha3v5_v1_0_S00_AXI.vhd:6219]
WARNING: [Synth 8-6014] Unused sequential element slv_reg290_reg was removed.  [/home/anzhelika/projekt/diplom/debug_progectv5/debug_sha3/debug_sha3.srcs/sources_1/bd/diagramm/ipshared/d350/hdl/ip_sha3v5_v1_0_S00_AXI.vhd:6218]
WARNING: [Synth 8-6014] Unused sequential element slv_reg289_reg was removed.  [/home/anzhelika/projekt/diplom/debug_progectv5/debug_sha3/debug_sha3.srcs/sources_1/bd/diagramm/ipshared/d350/hdl/ip_sha3v5_v1_0_S00_AXI.vhd:6217]
WARNING: [Synth 8-6014] Unused sequential element slv_reg288_reg was removed.  [/home/anzhelika/projekt/diplom/debug_progectv5/debug_sha3/debug_sha3.srcs/sources_1/bd/diagramm/ipshared/d350/hdl/ip_sha3v5_v1_0_S00_AXI.vhd:6216]
WARNING: [Synth 8-6014] Unused sequential element slv_reg170_reg was removed.  [/home/anzhelika/projekt/diplom/debug_progectv5/debug_sha3/debug_sha3.srcs/sources_1/bd/diagramm/ipshared/d350/hdl/ip_sha3v5_v1_0_S00_AXI.vhd:6092]
WARNING: [Synth 8-6014] Unused sequential element slv_reg285_reg was removed.  [/home/anzhelika/projekt/diplom/debug_progectv5/debug_sha3/debug_sha3.srcs/sources_1/bd/diagramm/ipshared/d350/hdl/ip_sha3v5_v1_0_S00_AXI.vhd:6213]
WARNING: [Synth 8-6014] Unused sequential element slv_reg284_reg was removed.  [/home/anzhelika/projekt/diplom/debug_progectv5/debug_sha3/debug_sha3.srcs/sources_1/bd/diagramm/ipshared/d350/hdl/ip_sha3v5_v1_0_S00_AXI.vhd:6212]
WARNING: [Synth 8-6014] Unused sequential element slv_reg283_reg was removed.  [/home/anzhelika/projekt/diplom/debug_progectv5/debug_sha3/debug_sha3.srcs/sources_1/bd/diagramm/ipshared/d350/hdl/ip_sha3v5_v1_0_S00_AXI.vhd:6211]
WARNING: [Synth 8-6014] Unused sequential element slv_reg282_reg was removed.  [/home/anzhelika/projekt/diplom/debug_progectv5/debug_sha3/debug_sha3.srcs/sources_1/bd/diagramm/ipshared/d350/hdl/ip_sha3v5_v1_0_S00_AXI.vhd:6210]
WARNING: [Synth 8-6014] Unused sequential element slv_reg281_reg was removed.  [/home/anzhelika/projekt/diplom/debug_progectv5/debug_sha3/debug_sha3.srcs/sources_1/bd/diagramm/ipshared/d350/hdl/ip_sha3v5_v1_0_S00_AXI.vhd:6209]
WARNING: [Synth 8-6014] Unused sequential element slv_reg279_reg was removed.  [/home/anzhelika/projekt/diplom/debug_progectv5/debug_sha3/debug_sha3.srcs/sources_1/bd/diagramm/ipshared/d350/hdl/ip_sha3v5_v1_0_S00_AXI.vhd:6207]
WARNING: [Synth 8-6014] Unused sequential element slv_reg278_reg was removed.  [/home/anzhelika/projekt/diplom/debug_progectv5/debug_sha3/debug_sha3.srcs/sources_1/bd/diagramm/ipshared/d350/hdl/ip_sha3v5_v1_0_S00_AXI.vhd:6206]
WARNING: [Synth 8-6014] Unused sequential element slv_reg277_reg was removed.  [/home/anzhelika/projekt/diplom/debug_progectv5/debug_sha3/debug_sha3.srcs/sources_1/bd/diagramm/ipshared/d350/hdl/ip_sha3v5_v1_0_S00_AXI.vhd:6205]
WARNING: [Synth 8-6014] Unused sequential element slv_reg276_reg was removed.  [/home/anzhelika/projekt/diplom/debug_progectv5/debug_sha3/debug_sha3.srcs/sources_1/bd/diagramm/ipshared/d350/hdl/ip_sha3v5_v1_0_S00_AXI.vhd:6204]
WARNING: [Synth 8-6014] Unused sequential element slv_reg275_reg was removed.  [/home/anzhelika/projekt/diplom/debug_progectv5/debug_sha3/debug_sha3.srcs/sources_1/bd/diagramm/ipshared/d350/hdl/ip_sha3v5_v1_0_S00_AXI.vhd:6203]
WARNING: [Synth 8-6014] Unused sequential element slv_reg274_reg was removed.  [/home/anzhelika/projekt/diplom/debug_progectv5/debug_sha3/debug_sha3.srcs/sources_1/bd/diagramm/ipshared/d350/hdl/ip_sha3v5_v1_0_S00_AXI.vhd:6202]
WARNING: [Synth 8-6014] Unused sequential element slv_reg273_reg was removed.  [/home/anzhelika/projekt/diplom/debug_progectv5/debug_sha3/debug_sha3.srcs/sources_1/bd/diagramm/ipshared/d350/hdl/ip_sha3v5_v1_0_S00_AXI.vhd:6201]
WARNING: [Synth 8-6014] Unused sequential element slv_reg272_reg was removed.  [/home/anzhelika/projekt/diplom/debug_progectv5/debug_sha3/debug_sha3.srcs/sources_1/bd/diagramm/ipshared/d350/hdl/ip_sha3v5_v1_0_S00_AXI.vhd:6200]
WARNING: [Synth 8-6014] Unused sequential element slv_reg271_reg was removed.  [/home/anzhelika/projekt/diplom/debug_progectv5/debug_sha3/debug_sha3.srcs/sources_1/bd/diagramm/ipshared/d350/hdl/ip_sha3v5_v1_0_S00_AXI.vhd:6199]
WARNING: [Synth 8-6014] Unused sequential element slv_reg270_reg was removed.  [/home/anzhelika/projekt/diplom/debug_progectv5/debug_sha3/debug_sha3.srcs/sources_1/bd/diagramm/ipshared/d350/hdl/ip_sha3v5_v1_0_S00_AXI.vhd:6198]
WARNING: [Synth 8-6014] Unused sequential element slv_reg269_reg was removed.  [/home/anzhelika/projekt/diplom/debug_progectv5/debug_sha3/debug_sha3.srcs/sources_1/bd/diagramm/ipshared/d350/hdl/ip_sha3v5_v1_0_S00_AXI.vhd:6196]
WARNING: [Synth 8-6014] Unused sequential element slv_reg268_reg was removed.  [/home/anzhelika/projekt/diplom/debug_progectv5/debug_sha3/debug_sha3.srcs/sources_1/bd/diagramm/ipshared/d350/hdl/ip_sha3v5_v1_0_S00_AXI.vhd:6195]
WARNING: [Synth 8-6014] Unused sequential element slv_reg267_reg was removed.  [/home/anzhelika/projekt/diplom/debug_progectv5/debug_sha3/debug_sha3.srcs/sources_1/bd/diagramm/ipshared/d350/hdl/ip_sha3v5_v1_0_S00_AXI.vhd:6194]
WARNING: [Synth 8-6014] Unused sequential element slv_reg265_reg was removed.  [/home/anzhelika/projekt/diplom/debug_progectv5/debug_sha3/debug_sha3.srcs/sources_1/bd/diagramm/ipshared/d350/hdl/ip_sha3v5_v1_0_S00_AXI.vhd:6192]
WARNING: [Synth 8-6014] Unused sequential element slv_reg166_reg was removed.  [/home/anzhelika/projekt/diplom/debug_progectv5/debug_sha3/debug_sha3.srcs/sources_1/bd/diagramm/ipshared/d350/hdl/ip_sha3v5_v1_0_S00_AXI.vhd:6087]
WARNING: [Synth 8-6014] Unused sequential element slv_reg263_reg was removed.  [/home/anzhelika/projekt/diplom/debug_progectv5/debug_sha3/debug_sha3.srcs/sources_1/bd/diagramm/ipshared/d350/hdl/ip_sha3v5_v1_0_S00_AXI.vhd:6190]
WARNING: [Synth 8-6014] Unused sequential element slv_reg262_reg was removed.  [/home/anzhelika/projekt/diplom/debug_progectv5/debug_sha3/debug_sha3.srcs/sources_1/bd/diagramm/ipshared/d350/hdl/ip_sha3v5_v1_0_S00_AXI.vhd:6189]
WARNING: [Synth 8-6014] Unused sequential element slv_reg261_reg was removed.  [/home/anzhelika/projekt/diplom/debug_progectv5/debug_sha3/debug_sha3.srcs/sources_1/bd/diagramm/ipshared/d350/hdl/ip_sha3v5_v1_0_S00_AXI.vhd:6188]
WARNING: [Synth 8-6014] Unused sequential element slv_reg260_reg was removed.  [/home/anzhelika/projekt/diplom/debug_progectv5/debug_sha3/debug_sha3.srcs/sources_1/bd/diagramm/ipshared/d350/hdl/ip_sha3v5_v1_0_S00_AXI.vhd:6187]
WARNING: [Synth 8-6014] Unused sequential element slv_reg259_reg was removed.  [/home/anzhelika/projekt/diplom/debug_progectv5/debug_sha3/debug_sha3.srcs/sources_1/bd/diagramm/ipshared/d350/hdl/ip_sha3v5_v1_0_S00_AXI.vhd:6186]
WARNING: [Synth 8-6014] Unused sequential element slv_reg258_reg was removed.  [/home/anzhelika/projekt/diplom/debug_progectv5/debug_sha3/debug_sha3.srcs/sources_1/bd/diagramm/ipshared/d350/hdl/ip_sha3v5_v1_0_S00_AXI.vhd:6185]
WARNING: [Synth 8-6014] Unused sequential element slv_reg257_reg was removed.  [/home/anzhelika/projekt/diplom/debug_progectv5/debug_sha3/debug_sha3.srcs/sources_1/bd/diagramm/ipshared/d350/hdl/ip_sha3v5_v1_0_S00_AXI.vhd:6184]
WARNING: [Synth 8-6014] Unused sequential element slv_reg256_reg was removed.  [/home/anzhelika/projekt/diplom/debug_progectv5/debug_sha3/debug_sha3.srcs/sources_1/bd/diagramm/ipshared/d350/hdl/ip_sha3v5_v1_0_S00_AXI.vhd:6183]
WARNING: [Synth 8-6014] Unused sequential element slv_reg255_reg was removed.  [/home/anzhelika/projekt/diplom/debug_progectv5/debug_sha3/debug_sha3.srcs/sources_1/bd/diagramm/ipshared/d350/hdl/ip_sha3v5_v1_0_S00_AXI.vhd:6182]
WARNING: [Synth 8-6014] Unused sequential element slv_reg254_reg was removed.  [/home/anzhelika/projekt/diplom/debug_progectv5/debug_sha3/debug_sha3.srcs/sources_1/bd/diagramm/ipshared/d350/hdl/ip_sha3v5_v1_0_S00_AXI.vhd:6181]
WARNING: [Synth 8-6014] Unused sequential element slv_reg253_reg was removed.  [/home/anzhelika/projekt/diplom/debug_progectv5/debug_sha3/debug_sha3.srcs/sources_1/bd/diagramm/ipshared/d350/hdl/ip_sha3v5_v1_0_S00_AXI.vhd:6180]
WARNING: [Synth 8-6014] Unused sequential element slv_reg252_reg was removed.  [/home/anzhelika/projekt/diplom/debug_progectv5/debug_sha3/debug_sha3.srcs/sources_1/bd/diagramm/ipshared/d350/hdl/ip_sha3v5_v1_0_S00_AXI.vhd:6179]
WARNING: [Synth 8-6014] Unused sequential element slv_reg249_reg was removed.  [/home/anzhelika/projekt/diplom/debug_progectv5/debug_sha3/debug_sha3.srcs/sources_1/bd/diagramm/ipshared/d350/hdl/ip_sha3v5_v1_0_S00_AXI.vhd:6174]
WARNING: [Synth 8-6014] Unused sequential element slv_reg248_reg was removed.  [/home/anzhelika/projekt/diplom/debug_progectv5/debug_sha3/debug_sha3.srcs/sources_1/bd/diagramm/ipshared/d350/hdl/ip_sha3v5_v1_0_S00_AXI.vhd:6173]
WARNING: [Synth 8-6014] Unused sequential element slv_reg247_reg was removed.  [/home/anzhelika/projekt/diplom/debug_progectv5/debug_sha3/debug_sha3.srcs/sources_1/bd/diagramm/ipshared/d350/hdl/ip_sha3v5_v1_0_S00_AXI.vhd:6172]
WARNING: [Synth 8-6014] Unused sequential element slv_reg246_reg was removed.  [/home/anzhelika/projekt/diplom/debug_progectv5/debug_sha3/debug_sha3.srcs/sources_1/bd/diagramm/ipshared/d350/hdl/ip_sha3v5_v1_0_S00_AXI.vhd:6171]
WARNING: [Synth 8-6014] Unused sequential element slv_reg243_reg was removed.  [/home/anzhelika/projekt/diplom/debug_progectv5/debug_sha3/debug_sha3.srcs/sources_1/bd/diagramm/ipshared/d350/hdl/ip_sha3v5_v1_0_S00_AXI.vhd:6168]
WARNING: [Synth 8-6014] Unused sequential element slv_reg242_reg was removed.  [/home/anzhelika/projekt/diplom/debug_progectv5/debug_sha3/debug_sha3.srcs/sources_1/bd/diagramm/ipshared/d350/hdl/ip_sha3v5_v1_0_S00_AXI.vhd:6167]
WARNING: [Synth 8-6014] Unused sequential element slv_reg241_reg was removed.  [/home/anzhelika/projekt/diplom/debug_progectv5/debug_sha3/debug_sha3.srcs/sources_1/bd/diagramm/ipshared/d350/hdl/ip_sha3v5_v1_0_S00_AXI.vhd:6166]
WARNING: [Synth 8-6014] Unused sequential element slv_reg240_reg was removed.  [/home/anzhelika/projekt/diplom/debug_progectv5/debug_sha3/debug_sha3.srcs/sources_1/bd/diagramm/ipshared/d350/hdl/ip_sha3v5_v1_0_S00_AXI.vhd:6165]
WARNING: [Synth 8-6014] Unused sequential element slv_reg165_reg was removed.  [/home/anzhelika/projekt/diplom/debug_progectv5/debug_sha3/debug_sha3.srcs/sources_1/bd/diagramm/ipshared/d350/hdl/ip_sha3v5_v1_0_S00_AXI.vhd:6086]
WARNING: [Synth 8-6014] Unused sequential element slv_reg164_reg was removed.  [/home/anzhelika/projekt/diplom/debug_progectv5/debug_sha3/debug_sha3.srcs/sources_1/bd/diagramm/ipshared/d350/hdl/ip_sha3v5_v1_0_S00_AXI.vhd:6085]
WARNING: [Synth 8-6014] Unused sequential element slv_reg163_reg was removed.  [/home/anzhelika/projekt/diplom/debug_progectv5/debug_sha3/debug_sha3.srcs/sources_1/bd/diagramm/ipshared/d350/hdl/ip_sha3v5_v1_0_S00_AXI.vhd:6084]
WARNING: [Synth 8-6014] Unused sequential element slv_reg162_reg was removed.  [/home/anzhelika/projekt/diplom/debug_progectv5/debug_sha3/debug_sha3.srcs/sources_1/bd/diagramm/ipshared/d350/hdl/ip_sha3v5_v1_0_S00_AXI.vhd:6083]
WARNING: [Synth 8-6014] Unused sequential element slv_reg161_reg was removed.  [/home/anzhelika/projekt/diplom/debug_progectv5/debug_sha3/debug_sha3.srcs/sources_1/bd/diagramm/ipshared/d350/hdl/ip_sha3v5_v1_0_S00_AXI.vhd:6082]
WARNING: [Synth 8-6014] Unused sequential element slv_reg160_reg was removed.  [/home/anzhelika/projekt/diplom/debug_progectv5/debug_sha3/debug_sha3.srcs/sources_1/bd/diagramm/ipshared/d350/hdl/ip_sha3v5_v1_0_S00_AXI.vhd:6081]
WARNING: [Synth 8-6014] Unused sequential element slv_reg159_reg was removed.  [/home/anzhelika/projekt/diplom/debug_progectv5/debug_sha3/debug_sha3.srcs/sources_1/bd/diagramm/ipshared/d350/hdl/ip_sha3v5_v1_0_S00_AXI.vhd:6080]
WARNING: [Synth 8-6014] Unused sequential element slv_reg158_reg was removed.  [/home/anzhelika/projekt/diplom/debug_progectv5/debug_sha3/debug_sha3.srcs/sources_1/bd/diagramm/ipshared/d350/hdl/ip_sha3v5_v1_0_S00_AXI.vhd:6079]
WARNING: [Synth 8-6014] Unused sequential element slv_reg155_reg was removed.  [/home/anzhelika/projekt/diplom/debug_progectv5/debug_sha3/debug_sha3.srcs/sources_1/bd/diagramm/ipshared/d350/hdl/ip_sha3v5_v1_0_S00_AXI.vhd:6076]
WARNING: [Synth 8-6014] Unused sequential element slv_reg154_reg was removed.  [/home/anzhelika/projekt/diplom/debug_progectv5/debug_sha3/debug_sha3.srcs/sources_1/bd/diagramm/ipshared/d350/hdl/ip_sha3v5_v1_0_S00_AXI.vhd:6075]
WARNING: [Synth 8-6014] Unused sequential element slv_reg153_reg was removed.  [/home/anzhelika/projekt/diplom/debug_progectv5/debug_sha3/debug_sha3.srcs/sources_1/bd/diagramm/ipshared/d350/hdl/ip_sha3v5_v1_0_S00_AXI.vhd:6074]
WARNING: [Synth 8-6014] Unused sequential element slv_reg151_reg was removed.  [/home/anzhelika/projekt/diplom/debug_progectv5/debug_sha3/debug_sha3.srcs/sources_1/bd/diagramm/ipshared/d350/hdl/ip_sha3v5_v1_0_S00_AXI.vhd:6072]
WARNING: [Synth 8-6014] Unused sequential element slv_reg150_reg was removed.  [/home/anzhelika/projekt/diplom/debug_progectv5/debug_sha3/debug_sha3.srcs/sources_1/bd/diagramm/ipshared/d350/hdl/ip_sha3v5_v1_0_S00_AXI.vhd:6071]
WARNING: [Synth 8-6014] Unused sequential element slv_reg239_reg was removed.  [/home/anzhelika/projekt/diplom/debug_progectv5/debug_sha3/debug_sha3.srcs/sources_1/bd/diagramm/ipshared/d350/hdl/ip_sha3v5_v1_0_S00_AXI.vhd:6164]
WARNING: [Synth 8-6014] Unused sequential element slv_reg238_reg was removed.  [/home/anzhelika/projekt/diplom/debug_progectv5/debug_sha3/debug_sha3.srcs/sources_1/bd/diagramm/ipshared/d350/hdl/ip_sha3v5_v1_0_S00_AXI.vhd:6163]
WARNING: [Synth 8-6014] Unused sequential element slv_reg237_reg was removed.  [/home/anzhelika/projekt/diplom/debug_progectv5/debug_sha3/debug_sha3.srcs/sources_1/bd/diagramm/ipshared/d350/hdl/ip_sha3v5_v1_0_S00_AXI.vhd:6162]
WARNING: [Synth 8-6014] Unused sequential element slv_reg236_reg was removed.  [/home/anzhelika/projekt/diplom/debug_progectv5/debug_sha3/debug_sha3.srcs/sources_1/bd/diagramm/ipshared/d350/hdl/ip_sha3v5_v1_0_S00_AXI.vhd:6161]
WARNING: [Synth 8-6014] Unused sequential element slv_reg235_reg was removed.  [/home/anzhelika/projekt/diplom/debug_progectv5/debug_sha3/debug_sha3.srcs/sources_1/bd/diagramm/ipshared/d350/hdl/ip_sha3v5_v1_0_S00_AXI.vhd:6160]
WARNING: [Synth 8-6014] Unused sequential element slv_reg234_reg was removed.  [/home/anzhelika/projekt/diplom/debug_progectv5/debug_sha3/debug_sha3.srcs/sources_1/bd/diagramm/ipshared/d350/hdl/ip_sha3v5_v1_0_S00_AXI.vhd:6159]
WARNING: [Synth 8-6014] Unused sequential element slv_reg101_reg was removed.  [/home/anzhelika/projekt/diplom/debug_progectv5/debug_sha3/debug_sha3.srcs/sources_1/bd/diagramm/ipshared/d350/hdl/ip_sha3v5_v1_0_S00_AXI.vhd:6018]
WARNING: [Synth 8-6014] Unused sequential element slv_reg100_reg was removed.  [/home/anzhelika/projekt/diplom/debug_progectv5/debug_sha3/debug_sha3.srcs/sources_1/bd/diagramm/ipshared/d350/hdl/ip_sha3v5_v1_0_S00_AXI.vhd:6017]
WARNING: [Synth 8-6014] Unused sequential element slv_reg233_reg was removed.  [/home/anzhelika/projekt/diplom/debug_progectv5/debug_sha3/debug_sha3.srcs/sources_1/bd/diagramm/ipshared/d350/hdl/ip_sha3v5_v1_0_S00_AXI.vhd:6158]
INFO: [Synth 8-4471] merging register 'slv_reg314_reg[31:0]' into 'slv_reg264_reg[31:0]' [/home/anzhelika/projekt/diplom/debug_progectv5/debug_sha3/debug_sha3.srcs/sources_1/bd/diagramm/ipshared/d350/hdl/ip_sha3v5_v1_0_S00_AXI.vhd:6244]
INFO: [Synth 8-4471] merging register 'slv_reg316_reg[31:0]' into 'slv_reg266_reg[31:0]' [/home/anzhelika/projekt/diplom/debug_progectv5/debug_sha3/debug_sha3.srcs/sources_1/bd/diagramm/ipshared/d350/hdl/ip_sha3v5_v1_0_S00_AXI.vhd:6246]
INFO: [Synth 8-4471] merging register 'slv_reg330_reg[31:0]' into 'slv_reg280_reg[31:0]' [/home/anzhelika/projekt/diplom/debug_progectv5/debug_sha3/debug_sha3.srcs/sources_1/bd/diagramm/ipshared/d350/hdl/ip_sha3v5_v1_0_S00_AXI.vhd:6261]
INFO: [Synth 8-4471] merging register 'slv_reg336_reg[31:0]' into 'slv_reg286_reg[31:0]' [/home/anzhelika/projekt/diplom/debug_progectv5/debug_sha3/debug_sha3.srcs/sources_1/bd/diagramm/ipshared/d350/hdl/ip_sha3v5_v1_0_S00_AXI.vhd:6267]
INFO: [Synth 8-4471] merging register 'slv_reg337_reg[31:0]' into 'slv_reg287_reg[31:0]' [/home/anzhelika/projekt/diplom/debug_progectv5/debug_sha3/debug_sha3.srcs/sources_1/bd/diagramm/ipshared/d350/hdl/ip_sha3v5_v1_0_S00_AXI.vhd:6268]
INFO: [Synth 8-4471] merging register 'slv_reg346_reg[31:0]' into 'slv_reg296_reg[31:0]' [/home/anzhelika/projekt/diplom/debug_progectv5/debug_sha3/debug_sha3.srcs/sources_1/bd/diagramm/ipshared/d350/hdl/ip_sha3v5_v1_0_S00_AXI.vhd:6277]
INFO: [Synth 8-4471] merging register 'slv_reg347_reg[31:0]' into 'slv_reg297_reg[31:0]' [/home/anzhelika/projekt/diplom/debug_progectv5/debug_sha3/debug_sha3.srcs/sources_1/bd/diagramm/ipshared/d350/hdl/ip_sha3v5_v1_0_S00_AXI.vhd:6278]
INFO: [Synth 8-4471] merging register 'slv_reg216_reg[31:0]' into 'slv_reg152_reg[31:0]' [/home/anzhelika/projekt/diplom/debug_progectv5/debug_sha3/debug_sha3.srcs/sources_1/bd/diagramm/ipshared/d350/hdl/ip_sha3v5_v1_0_S00_AXI.vhd:6140]
INFO: [Common 17-14] Message 'Synth 8-4471' appears 100 times and further instances of the messages will be disabled. Use the Tcl command set_msg_config to change the current settings.
WARNING: [Synth 8-6014] Unused sequential element slv_reg314_reg was removed.  [/home/anzhelika/projekt/diplom/debug_progectv5/debug_sha3/debug_sha3.srcs/sources_1/bd/diagramm/ipshared/d350/hdl/ip_sha3v5_v1_0_S00_AXI.vhd:6244]
WARNING: [Synth 8-6014] Unused sequential element slv_reg316_reg was removed.  [/home/anzhelika/projekt/diplom/debug_progectv5/debug_sha3/debug_sha3.srcs/sources_1/bd/diagramm/ipshared/d350/hdl/ip_sha3v5_v1_0_S00_AXI.vhd:6246]
WARNING: [Synth 8-6014] Unused sequential element slv_reg330_reg was removed.  [/home/anzhelika/projekt/diplom/debug_progectv5/debug_sha3/debug_sha3.srcs/sources_1/bd/diagramm/ipshared/d350/hdl/ip_sha3v5_v1_0_S00_AXI.vhd:6261]
WARNING: [Synth 8-6014] Unused sequential element slv_reg336_reg was removed.  [/home/anzhelika/projekt/diplom/debug_progectv5/debug_sha3/debug_sha3.srcs/sources_1/bd/diagramm/ipshared/d350/hdl/ip_sha3v5_v1_0_S00_AXI.vhd:6267]
WARNING: [Synth 8-6014] Unused sequential element slv_reg337_reg was removed.  [/home/anzhelika/projekt/diplom/debug_progectv5/debug_sha3/debug_sha3.srcs/sources_1/bd/diagramm/ipshared/d350/hdl/ip_sha3v5_v1_0_S00_AXI.vhd:6268]
WARNING: [Synth 8-6014] Unused sequential element slv_reg346_reg was removed.  [/home/anzhelika/projekt/diplom/debug_progectv5/debug_sha3/debug_sha3.srcs/sources_1/bd/diagramm/ipshared/d350/hdl/ip_sha3v5_v1_0_S00_AXI.vhd:6277]
WARNING: [Synth 8-6014] Unused sequential element slv_reg347_reg was removed.  [/home/anzhelika/projekt/diplom/debug_progectv5/debug_sha3/debug_sha3.srcs/sources_1/bd/diagramm/ipshared/d350/hdl/ip_sha3v5_v1_0_S00_AXI.vhd:6278]
INFO: [Common 17-14] Message 'Synth 8-6014' appears 100 times and further instances of the messages will be disabled. Use the Tcl command set_msg_config to change the current settings.
WARNING: [Synth 8-3331] design diagramm_ip_sha3v5_0_0 has unconnected port s00_axi_awprot[2]
WARNING: [Synth 8-3331] design diagramm_ip_sha3v5_0_0 has unconnected port s00_axi_awprot[1]
WARNING: [Synth 8-3331] design diagramm_ip_sha3v5_0_0 has unconnected port s00_axi_awprot[0]
WARNING: [Synth 8-3331] design diagramm_ip_sha3v5_0_0 has unconnected port s00_axi_arprot[2]
WARNING: [Synth 8-3331] design diagramm_ip_sha3v5_0_0 has unconnected port s00_axi_arprot[1]
WARNING: [Synth 8-3331] design diagramm_ip_sha3v5_0_0 has unconnected port s00_axi_arprot[0]
INFO: [Synth 8-3333] propagating constant 0 across sequential element (ip_sha3v5_v1_0_S00_AXI_insti_0/\S_vector1_reg[1216] )
INFO: [Synth 8-3333] propagating constant 0 across sequential element (ip_sha3v5_v1_0_S00_AXI_insti_0/\S_vector1_reg[1538] )
INFO: [Synth 8-3333] propagating constant 0 across sequential element (ip_sha3v5_v1_0_S00_AXI_insti_0/\S_vector1_reg[1410] )
INFO: [Synth 8-3333] propagating constant 0 across sequential element (ip_sha3v5_v1_0_S00_AXI_insti_0/\S_vector1_reg[1346] )
INFO: [Synth 8-3333] propagating constant 0 across sequential element (ip_sha3v5_v1_0_S00_AXI_insti_0/\S_vector1_reg[1282] )
INFO: [Synth 8-3333] propagating constant 0 across sequential element (ip_sha3v5_v1_0_S00_AXI_insti_0/\S_vector1_reg[1539] )
INFO: [Synth 8-3333] propagating constant 0 across sequential element (ip_sha3v5_v1_0_S00_AXI_insti_0/\S_vector1_reg[1411] )
INFO: [Synth 8-3333] propagating constant 0 across sequential element (ip_sha3v5_v1_0_S00_AXI_insti_0/\S_vector1_reg[1347] )
INFO: [Synth 8-3333] propagating constant 0 across sequential element (ip_sha3v5_v1_0_S00_AXI_insti_0/\S_vector1_reg[1283] )
INFO: [Synth 8-3333] propagating constant 0 across sequential element (ip_sha3v5_v1_0_S00_AXI_insti_0/\S_vector1_reg[1219] )
INFO: [Synth 8-3333] propagating constant 0 across sequential element (ip_sha3v5_v1_0_S00_AXI_insti_0/\S_vector1_reg[1220] )
INFO: [Synth 8-3333] propagating constant 0 across sequential element (ip_sha3v5_v1_0_S00_AXI_insti_0/\S_vector1_reg[1349] )
INFO: [Synth 8-3333] propagating constant 0 across sequential element (ip_sha3v5_v1_0_S00_AXI_insti_0/\S_vector1_reg[1222] )
INFO: [Synth 8-3333] propagating constant 0 across sequential element (ip_sha3v5_v1_0_S00_AXI_insti_0/\S_vector1_reg[1255] )
INFO: [Synth 8-3333] propagating constant 0 across sequential element (ip_sha3v5_v1_0_S00_AXI_insti_0/\S_vector1_reg[1544] )
INFO: [Synth 8-3333] propagating constant 0 across sequential element (ip_sha3v5_v1_0_S00_AXI_insti_0/\S_vector1_reg[1416] )
INFO: [Synth 8-3333] propagating constant 0 across sequential element (ip_sha3v5_v1_0_S00_AXI_insti_0/\S_vector1_reg[1352] )
INFO: [Synth 8-3333] propagating constant 0 across sequential element (ip_sha3v5_v1_0_S00_AXI_insti_0/\S_vector1_reg[1256] )
INFO: [Synth 8-3333] propagating constant 0 across sequential element (ip_sha3v5_v1_0_S00_AXI_insti_0/\S_vector1_reg[1257] )
INFO: [Synth 8-3333] propagating constant 0 across sequential element (ip_sha3v5_v1_0_S00_AXI_insti_0/\S_vector1_reg[1225] )
INFO: [Synth 8-3333] propagating constant 0 across sequential element (ip_sha3v5_v1_0_S00_AXI_insti_0/\S_vector1_reg[1546] )
INFO: [Synth 8-3333] propagating constant 0 across sequential element (ip_sha3v5_v1_0_S00_AXI_insti_0/\S_vector1_reg[1418] )
INFO: [Synth 8-3333] propagating constant 0 across sequential element (ip_sha3v5_v1_0_S00_AXI_insti_0/\S_vector1_reg[1354] )
INFO: [Synth 8-3333] propagating constant 0 across sequential element (ip_sha3v5_v1_0_S00_AXI_insti_0/\S_vector1_reg[1290] )
INFO: [Synth 8-3333] propagating constant 0 across sequential element (ip_sha3v5_v1_0_S00_AXI_insti_0/\S_vector1_reg[1226] )
INFO: [Synth 8-3333] propagating constant 0 across sequential element (ip_sha3v5_v1_0_S00_AXI_insti_0/\S_vector1_reg[1548] )
INFO: [Synth 8-3333] propagating constant 0 across sequential element (ip_sha3v5_v1_0_S00_AXI_insti_0/\S_vector1_reg[1420] )
INFO: [Synth 8-3333] propagating constant 0 across sequential element (ip_sha3v5_v1_0_S00_AXI_insti_0/\S_vector1_reg[1356] )
INFO: [Synth 8-3333] propagating constant 0 across sequential element (ip_sha3v5_v1_0_S00_AXI_insti_0/\S_vector1_reg[1549] )
INFO: [Synth 8-3333] propagating constant 0 across sequential element (ip_sha3v5_v1_0_S00_AXI_insti_0/\S_vector1_reg[1421] )
INFO: [Synth 8-3333] propagating constant 0 across sequential element (ip_sha3v5_v1_0_S00_AXI_insti_0/\S_vector1_reg[1357] )
INFO: [Synth 8-3333] propagating constant 0 across sequential element (ip_sha3v5_v1_0_S00_AXI_insti_0/\S_vector1_reg[1293] )
INFO: [Synth 8-3333] propagating constant 0 across sequential element (ip_sha3v5_v1_0_S00_AXI_insti_0/\S_vector1_reg[1229] )
INFO: [Synth 8-3333] propagating constant 0 across sequential element (ip_sha3v5_v1_0_S00_AXI_insti_0/\S_vector1_reg[1583] )
INFO: [Synth 8-3333] propagating constant 0 across sequential element (ip_sha3v5_v1_0_S00_AXI_insti_0/\S_vector1_reg[1455] )
INFO: [Synth 8-3333] propagating constant 0 across sequential element (ip_sha3v5_v1_0_S00_AXI_insti_0/\S_vector1_reg[1391] )
INFO: [Synth 8-3333] propagating constant 0 across sequential element (ip_sha3v5_v1_0_S00_AXI_insti_0/\S_vector1_reg[1327] )
INFO: [Synth 8-3333] propagating constant 0 across sequential element (ip_sha3v5_v1_0_S00_AXI_insti_0/\S_vector1_reg[1263] )
INFO: [Synth 8-3333] propagating constant 0 across sequential element (ip_sha3v5_v1_0_S00_AXI_insti_0/\S_vector1_reg[1552] )
INFO: [Synth 8-3333] propagating constant 0 across sequential element (ip_sha3v5_v1_0_S00_AXI_insti_0/\S_vector1_reg[1424] )
INFO: [Synth 8-3333] propagating constant 0 across sequential element (ip_sha3v5_v1_0_S00_AXI_insti_0/\S_vector1_reg[1360] )
INFO: [Synth 8-3333] propagating constant 0 across sequential element (ip_sha3v5_v1_0_S00_AXI_insti_0/\S_vector1_reg[1296] )
INFO: [Synth 8-3333] propagating constant 0 across sequential element (ip_sha3v5_v1_0_S00_AXI_insti_0/\S_vector1_reg[1264] )
INFO: [Synth 8-3333] propagating constant 0 across sequential element (ip_sha3v5_v1_0_S00_AXI_insti_0/\S_vector1_reg[1232] )
INFO: [Synth 8-3333] propagating constant 0 across sequential element (ip_sha3v5_v1_0_S00_AXI_insti_0/\S_vector1_reg[1553] )
INFO: [Synth 8-3333] propagating constant 0 across sequential element (ip_sha3v5_v1_0_S00_AXI_insti_0/\S_vector1_reg[1425] )
INFO: [Synth 8-3333] propagating constant 0 across sequential element (ip_sha3v5_v1_0_S00_AXI_insti_0/\S_vector1_reg[1361] )
INFO: [Synth 8-3333] propagating constant 0 across sequential element (ip_sha3v5_v1_0_S00_AXI_insti_0/\S_vector1_reg[1297] )
INFO: [Synth 8-3333] propagating constant 0 across sequential element (ip_sha3v5_v1_0_S00_AXI_insti_0/\S_vector1_reg[1233] )
INFO: [Synth 8-3333] propagating constant 0 across sequential element (ip_sha3v5_v1_0_S00_AXI_insti_0/\S_vector1_reg[1266] )
INFO: [Synth 8-3333] propagating constant 0 across sequential element (ip_sha3v5_v1_0_S00_AXI_insti_0/\S_vector1_reg[1234] )
INFO: [Synth 8-3333] propagating constant 0 across sequential element (ip_sha3v5_v1_0_S00_AXI_insti_0/\S_vector1_reg[1587] )
INFO: [Synth 8-3333] propagating constant 0 across sequential element (ip_sha3v5_v1_0_S00_AXI_insti_0/\S_vector1_reg[1459] )
INFO: [Synth 8-3333] propagating constant 0 across sequential element (ip_sha3v5_v1_0_S00_AXI_insti_0/\S_vector1_reg[1395] )
INFO: [Synth 8-3333] propagating constant 0 across sequential element (ip_sha3v5_v1_0_S00_AXI_insti_0/\S_vector1_reg[1331] )
INFO: [Synth 8-3333] propagating constant 0 across sequential element (ip_sha3v5_v1_0_S00_AXI_insti_0/\S_vector1_reg[1267] )
INFO: [Synth 8-3333] propagating constant 0 across sequential element (ip_sha3v5_v1_0_S00_AXI_insti_0/\S_vector1_reg[1268] )
INFO: [Synth 8-3333] propagating constant 0 across sequential element (ip_sha3v5_v1_0_S00_AXI_insti_0/\S_vector1_reg[1269] )
INFO: [Synth 8-3333] propagating constant 0 across sequential element (ip_sha3v5_v1_0_S00_AXI_insti_0/\S_vector1_reg[1238] )
INFO: [Synth 8-3333] propagating constant 0 across sequential element (ip_sha3v5_v1_0_S00_AXI_insti_0/\S_vector1_reg[1592] )
INFO: [Synth 8-3333] propagating constant 0 across sequential element (ip_sha3v5_v1_0_S00_AXI_insti_0/\S_vector1_reg[1464] )
INFO: [Synth 8-3333] propagating constant 0 across sequential element (ip_sha3v5_v1_0_S00_AXI_insti_0/\S_vector1_reg[1368] )
INFO: [Synth 8-3333] propagating constant 0 across sequential element (ip_sha3v5_v1_0_S00_AXI_insti_0/\S_vector1_reg[1561] )
INFO: [Synth 8-3333] propagating constant 0 across sequential element (ip_sha3v5_v1_0_S00_AXI_insti_0/\S_vector1_reg[1433] )
INFO: [Synth 8-3333] propagating constant 0 across sequential element (ip_sha3v5_v1_0_S00_AXI_insti_0/\S_vector1_reg[1369] )
INFO: [Synth 8-3333] propagating constant 0 across sequential element (ip_sha3v5_v1_0_S00_AXI_insti_0/\S_vector1_reg[1305] )
INFO: [Synth 8-3333] propagating constant 0 across sequential element (ip_sha3v5_v1_0_S00_AXI_insti_0/\S_vector1_reg[1273] )
INFO: [Synth 8-3333] propagating constant 0 across sequential element (ip_sha3v5_v1_0_S00_AXI_insti_0/\S_vector1_reg[1241] )
INFO: [Synth 8-3333] propagating constant 0 across sequential element (ip_sha3v5_v1_0_S00_AXI_insti_0/\S_vector1_reg[1594] )
INFO: [Synth 8-3333] propagating constant 0 across sequential element (ip_sha3v5_v1_0_S00_AXI_insti_0/\S_vector1_reg[1466] )
INFO: [Synth 8-3333] propagating constant 0 across sequential element (ip_sha3v5_v1_0_S00_AXI_insti_0/\S_vector1_reg[1402] )
INFO: [Synth 8-3333] propagating constant 0 across sequential element (ip_sha3v5_v1_0_S00_AXI_insti_0/\S_vector1_reg[1338] )
INFO: [Synth 8-3333] propagating constant 0 across sequential element (ip_sha3v5_v1_0_S00_AXI_insti_0/\S_vector1_reg[1274] )
INFO: [Synth 8-3333] propagating constant 0 across sequential element (ip_sha3v5_v1_0_S00_AXI_insti_0/\S_vector1_reg[1242] )
INFO: [Synth 8-3333] propagating constant 0 across sequential element (ip_sha3v5_v1_0_S00_AXI_insti_0/\S_vector1_reg[1275] )
INFO: [Synth 8-3333] propagating constant 0 across sequential element (ip_sha3v5_v1_0_S00_AXI_insti_0/\S_vector1_reg[1596] )
INFO: [Synth 8-3333] propagating constant 0 across sequential element (ip_sha3v5_v1_0_S00_AXI_insti_0/\S_vector1_reg[1564] )
INFO: [Synth 8-3333] propagating constant 0 across sequential element (ip_sha3v5_v1_0_S00_AXI_insti_0/\S_vector1_reg[1468] )
INFO: [Synth 8-3333] propagating constant 0 across sequential element (ip_sha3v5_v1_0_S00_AXI_insti_0/\S_vector1_reg[1436] )
INFO: [Synth 8-3333] propagating constant 0 across sequential element (ip_sha3v5_v1_0_S00_AXI_insti_0/\S_vector1_reg[1404] )
INFO: [Synth 8-3333] propagating constant 0 across sequential element (ip_sha3v5_v1_0_S00_AXI_insti_0/\S_vector1_reg[1372] )
INFO: [Synth 8-3333] propagating constant 0 across sequential element (ip_sha3v5_v1_0_S00_AXI_insti_0/\S_vector1_reg[1340] )
INFO: [Synth 8-3333] propagating constant 0 across sequential element (ip_sha3v5_v1_0_S00_AXI_insti_0/\S_vector1_reg[1308] )
INFO: [Synth 8-3333] propagating constant 0 across sequential element (ip_sha3v5_v1_0_S00_AXI_insti_0/\S_vector1_reg[1276] )
INFO: [Synth 8-3333] propagating constant 0 across sequential element (ip_sha3v5_v1_0_S00_AXI_insti_0/\S_vector1_reg[1244] )
INFO: [Synth 8-3333] propagating constant 0 across sequential element (ip_sha3v5_v1_0_S00_AXI_insti_0/\S_vector1_reg[1278] )
INFO: [Synth 8-3333] propagating constant 0 across sequential element (ip_sha3v5_v1_0_S00_AXI_insti_0/\S_vector1_reg[1599] )
INFO: [Synth 8-3333] propagating constant 0 across sequential element (ip_sha3v5_v1_0_S00_AXI_insti_0/\S_vector1_reg[1471] )
INFO: [Synth 8-3333] propagating constant 0 across sequential element (ip_sha3v5_v1_0_S00_AXI_insti_0/\S_vector1_reg[1407] )
INFO: [Synth 8-3333] propagating constant 0 across sequential element (ip_sha3v5_v1_0_S00_AXI_insti_0/\S_vector1_reg[1218] )
INFO: [Synth 8-3333] propagating constant 0 across sequential element (ip_sha3v5_v1_0_S00_AXI_insti_0/\S_vector1_reg[1350] )
INFO: [Synth 8-3333] propagating constant 0 across sequential element (ip_sha3v5_v1_0_S00_AXI_insti_0/\S_vector1_reg[1414] )
INFO: [Synth 8-3333] propagating constant 0 across sequential element (ip_sha3v5_v1_0_S00_AXI_insti_0/\S_vector1_reg[1542] )
INFO: [Synth 8-3333] propagating constant 0 across sequential element (ip_sha3v5_v1_0_S00_AXI_insti_0/\S_vector1_reg[1231] )
INFO: [Synth 8-3333] propagating constant 0 across sequential element (ip_sha3v5_v1_0_S00_AXI_insti_0/\S_vector1_reg[1362] )
INFO: [Synth 8-3333] propagating constant 0 across sequential element (ip_sha3v5_v1_0_S00_AXI_insti_0/\S_vector1_reg[1426] )
INFO: [Synth 8-3333] propagating constant 0 across sequential element (ip_sha3v5_v1_0_S00_AXI_insti_0/\S_vector1_reg[1554] )
INFO: [Synth 8-3333] propagating constant 0 across sequential element (ip_sha3v5_v1_0_S00_AXI_insti_0/\S_vector1_reg[1367] )
INFO: [Synth 8-3333] propagating constant 0 across sequential element (ip_sha3v5_v1_0_S00_AXI_insti_0/\S_vector1_reg[1559] )
INFO: [Synth 8-3333] propagating constant 0 across sequential element (ip_sha3v5_v1_0_S00_AXI_insti_0/\S_vector1_reg[1541] )
INFO: [Common 17-14] Message 'Synth 8-3333' appears 100 times and further instances of the messages will be disabled. Use the Tcl command set_msg_config to change the current settings.
INFO: [Synth 8-3886] merging instance 'ip_sha3v5_v1_0_S00_AXI_insti_0/slv_reg199_reg[0]' (FDE) to 'ip_sha3v5_v1_0_S00_AXI_insti_0/slv_reg148_reg[18]'
INFO: [Synth 8-3886] merging instance 'ip_sha3v5_v1_0_S00_AXI_insti_0/slv_reg198_reg[0]' (FDE) to 'ip_sha3v5_v1_0_S00_AXI_insti_0/slv_reg149_reg[18]'
INFO: [Synth 8-3886] merging instance 'ip_sha3v5_v1_0_S00_AXI_insti_0/slv_reg197_reg[0]' (FDE) to 'ip_sha3v5_v1_0_S00_AXI_insti_0/slv_reg147_reg[8]'
INFO: [Synth 8-3886] merging instance 'ip_sha3v5_v1_0_S00_AXI_insti_0/slv_reg196_reg[0]' (FDE) to 'ip_sha3v5_v1_0_S00_AXI_insti_0/slv_reg146_reg[8]'
INFO: [Synth 8-3886] merging instance 'ip_sha3v5_v1_0_S00_AXI_insti_0/slv_reg229_reg[0]' (FDE) to 'ip_sha3v5_v1_0_S00_AXI_insti_0/slv_reg145_reg[3]'
INFO: [Synth 8-3886] merging instance 'ip_sha3v5_v1_0_S00_AXI_insti_0/slv_reg228_reg[0]' (FDE) to 'ip_sha3v5_v1_0_S00_AXI_insti_0/slv_reg144_reg[3]'
INFO: [Synth 8-3886] merging instance 'ip_sha3v5_v1_0_S00_AXI_insti_0/slv_reg213_reg[0]' (FDE) to 'ip_sha3v5_v1_0_S00_AXI_insti_0/slv_reg142_reg[30]'
INFO: [Synth 8-3886] merging instance 'ip_sha3v5_v1_0_S00_AXI_insti_0/slv_reg212_reg[0]' (FDE) to 'ip_sha3v5_v1_0_S00_AXI_insti_0/slv_reg143_reg[30]'
INFO: [Synth 8-3886] merging instance 'ip_sha3v5_v1_0_S00_AXI_insti_0/slv_reg207_reg[0]' (FDE) to 'ip_sha3v5_v1_0_S00_AXI_insti_0/slv_reg140_reg[14]'
INFO: [Synth 8-3886] merging instance 'ip_sha3v5_v1_0_S00_AXI_insti_0/slv_reg206_reg[0]' (FDE) to 'ip_sha3v5_v1_0_S00_AXI_insti_0/slv_reg141_reg[14]'
INFO: [Synth 8-3886] merging instance 'ip_sha3v5_v1_0_S00_AXI_insti_0/slv_reg189_reg[0]' (FDE) to 'ip_sha3v5_v1_0_S00_AXI_insti_0/slv_reg138_reg[24]'
INFO: [Synth 8-3886] merging instance 'ip_sha3v5_v1_0_S00_AXI_insti_0/slv_reg188_reg[0]' (FDE) to 'ip_sha3v5_v1_0_S00_AXI_insti_0/slv_reg139_reg[24]'
INFO: [Synth 8-3886] merging instance 'ip_sha3v5_v1_0_S00_AXI_insti_0/slv_reg231_reg[0]' (FDE) to 'ip_sha3v5_v1_0_S00_AXI_insti_0/slv_reg136_reg[11]'
INFO: [Synth 8-3886] merging instance 'ip_sha3v5_v1_0_S00_AXI_insti_0/slv_reg230_reg[0]' (FDE) to 'ip_sha3v5_v1_0_S00_AXI_insti_0/slv_reg137_reg[11]'
INFO: [Synth 8-3886] merging instance 'ip_sha3v5_v1_0_S00_AXI_insti_0/slv_reg225_reg[0]' (FDE) to 'ip_sha3v5_v1_0_S00_AXI_insti_0/slv_reg134_reg[17]'
INFO: [Synth 8-3886] merging instance 'ip_sha3v5_v1_0_S00_AXI_insti_0/slv_reg224_reg[0]' (FDE) to 'ip_sha3v5_v1_0_S00_AXI_insti_0/slv_reg135_reg[17]'
INFO: [Synth 8-3886] merging instance 'ip_sha3v5_v1_0_S00_AXI_insti_0/slv_reg219_reg[0]' (FDE) to 'ip_sha3v5_v1_0_S00_AXI_insti_0/slv_reg133_reg[19]'
INFO: [Synth 8-3886] merging instance 'ip_sha3v5_v1_0_S00_AXI_insti_0/slv_reg218_reg[0]' (FDE) to 'ip_sha3v5_v1_0_S00_AXI_insti_0/slv_reg132_reg[19]'
INFO: [Synth 8-3886] merging instance 'ip_sha3v5_v1_0_S00_AXI_insti_0/slv_reg203_reg[0]' (FDE) to 'ip_sha3v5_v1_0_S00_AXI_insti_0/slv_reg131_reg[23]'
INFO: [Synth 8-3886] merging instance 'ip_sha3v5_v1_0_S00_AXI_insti_0/slv_reg202_reg[0]' (FDE) to 'ip_sha3v5_v1_0_S00_AXI_insti_0/slv_reg130_reg[23]'
INFO: [Synth 8-3886] merging instance 'ip_sha3v5_v1_0_S00_AXI_insti_0/slv_reg179_reg[0]' (FDE) to 'ip_sha3v5_v1_0_S00_AXI_insti_0/slv_reg129_reg[25]'
INFO: [Synth 8-3886] merging instance 'ip_sha3v5_v1_0_S00_AXI_insti_0/slv_reg178_reg[0]' (FDE) to 'ip_sha3v5_v1_0_S00_AXI_insti_0/slv_reg128_reg[25]'
INFO: [Synth 8-3886] merging instance 'ip_sha3v5_v1_0_S00_AXI_insti_0/slv_reg177_reg[0]' (FDE) to 'ip_sha3v5_v1_0_S00_AXI_insti_0/slv_reg126_reg[7]'
INFO: [Synth 8-3886] merging instance 'ip_sha3v5_v1_0_S00_AXI_insti_0/slv_reg176_reg[0]' (FDE) to 'ip_sha3v5_v1_0_S00_AXI_insti_0/slv_reg127_reg[7]'
INFO: [Synth 8-3886] merging instance 'ip_sha3v5_v1_0_S00_AXI_insti_0/slv_reg221_reg[0]' (FDE) to 'ip_sha3v5_v1_0_S00_AXI_insti_0/slv_reg125_reg[21]'
INFO: [Synth 8-3886] merging instance 'ip_sha3v5_v1_0_S00_AXI_insti_0/slv_reg220_reg[0]' (FDE) to 'ip_sha3v5_v1_0_S00_AXI_insti_0/slv_reg124_reg[21]'
INFO: [Synth 8-3886] merging instance 'ip_sha3v5_v1_0_S00_AXI_insti_0/slv_reg215_reg[0]' (FDE) to 'ip_sha3v5_v1_0_S00_AXI_insti_0/slv_reg122_reg[22]'
INFO: [Synth 8-3886] merging instance 'ip_sha3v5_v1_0_S00_AXI_insti_0/slv_reg214_reg[0]' (FDE) to 'ip_sha3v5_v1_0_S00_AXI_insti_0/slv_reg123_reg[22]'
INFO: [Synth 8-3886] merging instance 'ip_sha3v5_v1_0_S00_AXI_insti_0/slv_reg209_reg[0]' (FDE) to 'ip_sha3v5_v1_0_S00_AXI_insti_0/slv_reg120_reg[29]'
INFO: [Synth 8-3886] merging instance 'ip_sha3v5_v1_0_S00_AXI_insti_0/slv_reg208_reg[0]' (FDE) to 'ip_sha3v5_v1_0_S00_AXI_insti_0/slv_reg121_reg[29]'
INFO: [Synth 8-3886] merging instance 'ip_sha3v5_v1_0_S00_AXI_insti_0/slv_reg169_reg[0]' (FDE) to 'ip_sha3v5_v1_0_S00_AXI_insti_0/slv_reg118_reg[12]'
INFO: [Synth 8-3886] merging instance 'ip_sha3v5_v1_0_S00_AXI_insti_0/slv_reg168_reg[0]' (FDE) to 'ip_sha3v5_v1_0_S00_AXI_insti_0/slv_reg119_reg[12]'
INFO: [Synth 8-3886] merging instance 'ip_sha3v5_v1_0_S00_AXI_insti_0/slv_reg167_reg[0]' (FDE) to 'ip_sha3v5_v1_0_S00_AXI_insti_0/slv_reg117_reg[9]'
INFO: [Synth 8-3886] merging instance 'ip_sha3v5_v1_0_S00_AXI_insti_0/slv_reg232_reg[0]' (FDE) to 'ip_sha3v5_v1_0_S00_AXI_insti_0/slv_reg116_reg[9]'
INFO: [Synth 8-3886] merging instance 'ip_sha3v5_v1_0_S00_AXI_insti_0/slv_reg227_reg[0]' (FDE) to 'ip_sha3v5_v1_0_S00_AXI_insti_0/slv_reg114_reg[26]'
INFO: [Synth 8-3886] merging instance 'ip_sha3v5_v1_0_S00_AXI_insti_0/slv_reg226_reg[0]' (FDE) to 'ip_sha3v5_v1_0_S00_AXI_insti_0/slv_reg115_reg[26]'
INFO: [Synth 8-3886] merging instance 'ip_sha3v5_v1_0_S00_AXI_insti_0/slv_reg211_reg[0]' (FDE) to 'ip_sha3v5_v1_0_S00_AXI_insti_0/slv_reg113_reg[20]'
INFO: [Synth 8-3886] merging instance 'ip_sha3v5_v1_0_S00_AXI_insti_0/slv_reg210_reg[0]' (FDE) to 'ip_sha3v5_v1_0_S00_AXI_insti_0/slv_reg112_reg[20]'
INFO: [Synth 8-3886] merging instance 'ip_sha3v5_v1_0_S00_AXI_insti_0/slv_reg205_reg[0]' (FDE) to 'ip_sha3v5_v1_0_S00_AXI_insti_0/slv_reg111_reg[28]'
INFO: [Synth 8-3886] merging instance 'ip_sha3v5_v1_0_S00_AXI_insti_0/slv_reg204_reg[0]' (FDE) to 'ip_sha3v5_v1_0_S00_AXI_insti_0/slv_reg110_reg[28]'
INFO: [Synth 8-3886] merging instance 'ip_sha3v5_v1_0_S00_AXI_insti_0/slv_reg245_reg[0]' (FDE) to 'ip_sha3v5_v1_0_S00_AXI_insti_0/slv_reg108_reg[5]'
INFO: [Synth 8-3886] merging instance 'ip_sha3v5_v1_0_S00_AXI_insti_0/slv_reg244_reg[0]' (FDE) to 'ip_sha3v5_v1_0_S00_AXI_insti_0/slv_reg109_reg[5]'
INFO: [Synth 8-3886] merging instance 'ip_sha3v5_v1_0_S00_AXI_insti_0/slv_reg157_reg[0]' (FDE) to 'ip_sha3v5_v1_0_S00_AXI_insti_0/slv_reg106_reg[4]'
INFO: [Synth 8-3886] merging instance 'ip_sha3v5_v1_0_S00_AXI_insti_0/slv_reg156_reg[0]' (FDE) to 'ip_sha3v5_v1_0_S00_AXI_insti_0/slv_reg107_reg[4]'
INFO: [Synth 8-3886] merging instance 'ip_sha3v5_v1_0_S00_AXI_insti_0/slv_reg223_reg[0]' (FDE) to 'ip_sha3v5_v1_0_S00_AXI_insti_0/slv_reg105_reg[2]'
INFO: [Synth 8-3886] merging instance 'ip_sha3v5_v1_0_S00_AXI_insti_0/slv_reg222_reg[0]' (FDE) to 'ip_sha3v5_v1_0_S00_AXI_insti_0/slv_reg104_reg[2]'
INFO: [Synth 8-3886] merging instance 'ip_sha3v5_v1_0_S00_AXI_insti_0/slv_reg149_reg[0]' (FDE) to 'ip_sha3v5_v1_0_S00_AXI_insti_0/slv_reg199_reg[14]'
INFO: [Synth 8-3886] merging instance 'ip_sha3v5_v1_0_S00_AXI_insti_0/slv_reg148_reg[0]' (FDE) to 'ip_sha3v5_v1_0_S00_AXI_insti_0/slv_reg198_reg[14]'
INFO: [Synth 8-3886] merging instance 'ip_sha3v5_v1_0_S00_AXI_insti_0/slv_reg147_reg[0]' (FDE) to 'ip_sha3v5_v1_0_S00_AXI_insti_0/slv_reg196_reg[24]'
INFO: [Synth 8-3886] merging instance 'ip_sha3v5_v1_0_S00_AXI_insti_0/slv_reg146_reg[0]' (FDE) to 'ip_sha3v5_v1_0_S00_AXI_insti_0/slv_reg197_reg[24]'
INFO: [Synth 8-3886] merging instance 'ip_sha3v5_v1_0_S00_AXI_insti_0/slv_reg145_reg[0]' (FDE) to 'ip_sha3v5_v1_0_S00_AXI_insti_0/slv_reg228_reg[29]'
INFO: [Synth 8-3886] merging instance 'ip_sha3v5_v1_0_S00_AXI_insti_0/slv_reg144_reg[0]' (FDE) to 'ip_sha3v5_v1_0_S00_AXI_insti_0/slv_reg229_reg[29]'
INFO: [Synth 8-3886] merging instance 'ip_sha3v5_v1_0_S00_AXI_insti_0/slv_reg143_reg[0]' (FDE) to 'ip_sha3v5_v1_0_S00_AXI_insti_0/slv_reg213_reg[2]'
INFO: [Synth 8-3886] merging instance 'ip_sha3v5_v1_0_S00_AXI_insti_0/slv_reg142_reg[0]' (FDE) to 'ip_sha3v5_v1_0_S00_AXI_insti_0/slv_reg212_reg[2]'
INFO: [Synth 8-3886] merging instance 'ip_sha3v5_v1_0_S00_AXI_insti_0/slv_reg141_reg[0]' (FDE) to 'ip_sha3v5_v1_0_S00_AXI_insti_0/slv_reg207_reg[18]'
INFO: [Synth 8-3886] merging instance 'ip_sha3v5_v1_0_S00_AXI_insti_0/slv_reg140_reg[0]' (FDE) to 'ip_sha3v5_v1_0_S00_AXI_insti_0/slv_reg206_reg[18]'
INFO: [Synth 8-3886] merging instance 'ip_sha3v5_v1_0_S00_AXI_insti_0/slv_reg139_reg[0]' (FDE) to 'ip_sha3v5_v1_0_S00_AXI_insti_0/slv_reg189_reg[8]'
INFO: [Synth 8-3886] merging instance 'ip_sha3v5_v1_0_S00_AXI_insti_0/slv_reg138_reg[0]' (FDE) to 'ip_sha3v5_v1_0_S00_AXI_insti_0/slv_reg188_reg[8]'
INFO: [Synth 8-3886] merging instance 'ip_sha3v5_v1_0_S00_AXI_insti_0/slv_reg137_reg[0]' (FDE) to 'ip_sha3v5_v1_0_S00_AXI_insti_0/slv_reg231_reg[21]'
INFO: [Synth 8-3886] merging instance 'ip_sha3v5_v1_0_S00_AXI_insti_0/slv_reg136_reg[0]' (FDE) to 'ip_sha3v5_v1_0_S00_AXI_insti_0/slv_reg230_reg[21]'
INFO: [Synth 8-3886] merging instance 'ip_sha3v5_v1_0_S00_AXI_insti_0/slv_reg135_reg[0]' (FDE) to 'ip_sha3v5_v1_0_S00_AXI_insti_0/slv_reg225_reg[15]'
INFO: [Synth 8-3886] merging instance 'ip_sha3v5_v1_0_S00_AXI_insti_0/slv_reg134_reg[0]' (FDE) to 'ip_sha3v5_v1_0_S00_AXI_insti_0/slv_reg224_reg[15]'
INFO: [Synth 8-3886] merging instance 'ip_sha3v5_v1_0_S00_AXI_insti_0/slv_reg133_reg[0]' (FDE) to 'ip_sha3v5_v1_0_S00_AXI_insti_0/slv_reg218_reg[13]'
INFO: [Synth 8-3886] merging instance 'ip_sha3v5_v1_0_S00_AXI_insti_0/slv_reg132_reg[0]' (FDE) to 'ip_sha3v5_v1_0_S00_AXI_insti_0/slv_reg219_reg[13]'
INFO: [Synth 8-3886] merging instance 'ip_sha3v5_v1_0_S00_AXI_insti_0/slv_reg131_reg[0]' (FDE) to 'ip_sha3v5_v1_0_S00_AXI_insti_0/slv_reg202_reg[9]'
INFO: [Synth 8-3886] merging instance 'ip_sha3v5_v1_0_S00_AXI_insti_0/slv_reg130_reg[0]' (FDE) to 'ip_sha3v5_v1_0_S00_AXI_insti_0/slv_reg203_reg[9]'
INFO: [Synth 8-3886] merging instance 'ip_sha3v5_v1_0_S00_AXI_insti_0/slv_reg129_reg[0]' (FDE) to 'ip_sha3v5_v1_0_S00_AXI_insti_0/slv_reg178_reg[7]'
INFO: [Synth 8-3886] merging instance 'ip_sha3v5_v1_0_S00_AXI_insti_0/slv_reg128_reg[0]' (FDE) to 'ip_sha3v5_v1_0_S00_AXI_insti_0/slv_reg179_reg[7]'
INFO: [Synth 8-3886] merging instance 'ip_sha3v5_v1_0_S00_AXI_insti_0/slv_reg127_reg[0]' (FDE) to 'ip_sha3v5_v1_0_S00_AXI_insti_0/slv_reg177_reg[25]'
INFO: [Synth 8-3886] merging instance 'ip_sha3v5_v1_0_S00_AXI_insti_0/slv_reg126_reg[0]' (FDE) to 'ip_sha3v5_v1_0_S00_AXI_insti_0/slv_reg176_reg[25]'
INFO: [Synth 8-3886] merging instance 'ip_sha3v5_v1_0_S00_AXI_insti_0/slv_reg125_reg[0]' (FDE) to 'ip_sha3v5_v1_0_S00_AXI_insti_0/slv_reg220_reg[11]'
INFO: [Synth 8-3886] merging instance 'ip_sha3v5_v1_0_S00_AXI_insti_0/slv_reg124_reg[0]' (FDE) to 'ip_sha3v5_v1_0_S00_AXI_insti_0/slv_reg221_reg[11]'
INFO: [Synth 8-3886] merging instance 'ip_sha3v5_v1_0_S00_AXI_insti_0/slv_reg123_reg[0]' (FDE) to 'ip_sha3v5_v1_0_S00_AXI_insti_0/slv_reg215_reg[10]'
INFO: [Synth 8-3886] merging instance 'ip_sha3v5_v1_0_S00_AXI_insti_0/slv_reg122_reg[0]' (FDE) to 'ip_sha3v5_v1_0_S00_AXI_insti_0/slv_reg214_reg[10]'
INFO: [Synth 8-3886] merging instance 'ip_sha3v5_v1_0_S00_AXI_insti_0/slv_reg121_reg[0]' (FDE) to 'ip_sha3v5_v1_0_S00_AXI_insti_0/slv_reg209_reg[3]'
INFO: [Synth 8-3886] merging instance 'ip_sha3v5_v1_0_S00_AXI_insti_0/slv_reg120_reg[0]' (FDE) to 'ip_sha3v5_v1_0_S00_AXI_insti_0/slv_reg208_reg[3]'
INFO: [Synth 8-3886] merging instance 'ip_sha3v5_v1_0_S00_AXI_insti_0/slv_reg119_reg[0]' (FDE) to 'ip_sha3v5_v1_0_S00_AXI_insti_0/slv_reg169_reg[20]'
INFO: [Synth 8-3886] merging instance 'ip_sha3v5_v1_0_S00_AXI_insti_0/slv_reg118_reg[0]' (FDE) to 'ip_sha3v5_v1_0_S00_AXI_insti_0/slv_reg168_reg[20]'
INFO: [Synth 8-3886] merging instance 'ip_sha3v5_v1_0_S00_AXI_insti_0/slv_reg117_reg[0]' (FDE) to 'ip_sha3v5_v1_0_S00_AXI_insti_0/slv_reg232_reg[23]'
INFO: [Synth 8-3886] merging instance 'ip_sha3v5_v1_0_S00_AXI_insti_0/slv_reg116_reg[0]' (FDE) to 'ip_sha3v5_v1_0_S00_AXI_insti_0/slv_reg167_reg[23]'
INFO: [Synth 8-3886] merging instance 'ip_sha3v5_v1_0_S00_AXI_insti_0/slv_reg115_reg[0]' (FDE) to 'ip_sha3v5_v1_0_S00_AXI_insti_0/slv_reg227_reg[6]'
INFO: [Synth 8-3886] merging instance 'ip_sha3v5_v1_0_S00_AXI_insti_0/slv_reg114_reg[0]' (FDE) to 'ip_sha3v5_v1_0_S00_AXI_insti_0/slv_reg226_reg[6]'
INFO: [Synth 8-3886] merging instance 'ip_sha3v5_v1_0_S00_AXI_insti_0/slv_reg113_reg[0]' (FDE) to 'ip_sha3v5_v1_0_S00_AXI_insti_0/slv_reg210_reg[12]'
INFO: [Synth 8-3886] merging instance 'ip_sha3v5_v1_0_S00_AXI_insti_0/slv_reg112_reg[0]' (FDE) to 'ip_sha3v5_v1_0_S00_AXI_insti_0/slv_reg211_reg[12]'
INFO: [Synth 8-3886] merging instance 'ip_sha3v5_v1_0_S00_AXI_insti_0/slv_reg111_reg[0]' (FDE) to 'ip_sha3v5_v1_0_S00_AXI_insti_0/slv_reg204_reg[4]'
INFO: [Synth 8-3886] merging instance 'ip_sha3v5_v1_0_S00_AXI_insti_0/slv_reg110_reg[0]' (FDE) to 'ip_sha3v5_v1_0_S00_AXI_insti_0/slv_reg205_reg[4]'
INFO: [Synth 8-3886] merging instance 'ip_sha3v5_v1_0_S00_AXI_insti_0/slv_reg109_reg[0]' (FDE) to 'ip_sha3v5_v1_0_S00_AXI_insti_0/slv_reg245_reg[27]'
INFO: [Synth 8-3886] merging instance 'ip_sha3v5_v1_0_S00_AXI_insti_0/slv_reg108_reg[0]' (FDE) to 'ip_sha3v5_v1_0_S00_AXI_insti_0/slv_reg244_reg[27]'
INFO: [Synth 8-3886] merging instance 'ip_sha3v5_v1_0_S00_AXI_insti_0/slv_reg107_reg[0]' (FDE) to 'ip_sha3v5_v1_0_S00_AXI_insti_0/slv_reg157_reg[28]'
INFO: [Synth 8-3886] merging instance 'ip_sha3v5_v1_0_S00_AXI_insti_0/slv_reg106_reg[0]' (FDE) to 'ip_sha3v5_v1_0_S00_AXI_insti_0/slv_reg156_reg[28]'
INFO: [Synth 8-3886] merging instance 'ip_sha3v5_v1_0_S00_AXI_insti_0/slv_reg105_reg[0]' (FDE) to 'ip_sha3v5_v1_0_S00_AXI_insti_0/slv_reg222_reg[30]'
INFO: [Synth 8-3886] merging instance 'ip_sha3v5_v1_0_S00_AXI_insti_0/slv_reg104_reg[0]' (FDE) to 'ip_sha3v5_v1_0_S00_AXI_insti_0/slv_reg223_reg[30]'
INFO: [Synth 8-3886] merging instance 'ip_sha3v5_v1_0_S00_AXI_insti_0/slv_reg103_reg[0]' (FDE) to 'ip_sha3v5_v1_0_S00_AXI_insti_0/slv_reg217_reg[1]'
INFO: [Synth 8-3886] merging instance 'ip_sha3v5_v1_0_S00_AXI_insti_0/slv_reg199_reg[1]' (FDE) to 'ip_sha3v5_v1_0_S00_AXI_insti_0/slv_reg148_reg[19]'
INFO: [Synth 8-3886] merging instance 'ip_sha3v5_v1_0_S00_AXI_insti_0/slv_reg198_reg[1]' (FDE) to 'ip_sha3v5_v1_0_S00_AXI_insti_0/slv_reg149_reg[19]'
INFO: [Synth 8-3886] merging instance 'ip_sha3v5_v1_0_S00_AXI_insti_0/slv_reg197_reg[1]' (FDE) to 'ip_sha3v5_v1_0_S00_AXI_insti_0/slv_reg147_reg[9]'
INFO: [Synth 8-3886] merging instance 'ip_sha3v5_v1_0_S00_AXI_insti_0/slv_reg196_reg[1]' (FDE) to 'ip_sha3v5_v1_0_S00_AXI_insti_0/slv_reg146_reg[9]'
INFO: [Synth 8-3886] merging instance 'ip_sha3v5_v1_0_S00_AXI_insti_0/slv_reg229_reg[1]' (FDE) to 'ip_sha3v5_v1_0_S00_AXI_insti_0/slv_reg145_reg[4]'
INFO: [Synth 8-3886] merging instance 'ip_sha3v5_v1_0_S00_AXI_insti_0/slv_reg228_reg[1]' (FDE) to 'ip_sha3v5_v1_0_S00_AXI_insti_0/slv_reg144_reg[4]'
INFO: [Synth 8-3886] merging instance 'ip_sha3v5_v1_0_S00_AXI_insti_0/slv_reg213_reg[1]' (FDE) to 'ip_sha3v5_v1_0_S00_AXI_insti_0/slv_reg142_reg[31]'
INFO: [Common 17-14] Message 'Synth 8-3886' appears 100 times and further instances of the messages will be disabled. Use the Tcl command set_msg_config to change the current settings.
---------------------------------------------------------------------------------
Finished Cross Boundary and Area Optimization : Time (s): cpu = 00:01:49 ; elapsed = 00:02:23 . Memory (MB): peak = 1943.523 ; gain = 690.988 ; free physical = 310 ; free virtual = 645
---------------------------------------------------------------------------------

Report RTL Partitions: 
+------+----------------------------+------------+----------+
|      |RTL Partition               |Replication |Instances |
+------+----------------------------+------------+----------+
|1     |ip_sha3v5_v1_0_S00_AXI__GB0 |           1|     27457|
|2     |ip_sha3v5_v1_0_S00_AXI__GB1 |           1|      7062|
|3     |ip_sha3v5_v1_0_S00_AXI__GB2 |           1|      1220|
+------+----------------------------+------------+----------+
---------------------------------------------------------------------------------
Start Applying XDC Timing Constraints
---------------------------------------------------------------------------------
---------------------------------------------------------------------------------
Finished Applying XDC Timing Constraints : Time (s): cpu = 00:01:55 ; elapsed = 00:02:32 . Memory (MB): peak = 1943.523 ; gain = 690.988 ; free physical = 145 ; free virtual = 539
---------------------------------------------------------------------------------
---------------------------------------------------------------------------------
Start Timing Optimization
---------------------------------------------------------------------------------
---------------------------------------------------------------------------------
Finished Timing Optimization : Time (s): cpu = 00:01:55 ; elapsed = 00:02:32 . Memory (MB): peak = 1943.523 ; gain = 690.988 ; free physical = 145 ; free virtual = 540
---------------------------------------------------------------------------------

Report RTL Partitions: 
+------+----------------------------+------------+----------+
|      |RTL Partition               |Replication |Instances |
+------+----------------------------+------------+----------+
|1     |ip_sha3v5_v1_0_S00_AXI__GB0 |           1|     27457|
|2     |ip_sha3v5_v1_0_S00_AXI__GB1 |           1|      7062|
|3     |ip_sha3v5_v1_0_S00_AXI__GB2 |           1|      1220|
+------+----------------------------+------------+----------+
---------------------------------------------------------------------------------
Start Technology Mapping
---------------------------------------------------------------------------------
---------------------------------------------------------------------------------
Finished Technology Mapping : Time (s): cpu = 00:02:00 ; elapsed = 00:02:37 . Memory (MB): peak = 1943.523 ; gain = 690.988 ; free physical = 135 ; free virtual = 539
---------------------------------------------------------------------------------

Report RTL Partitions: 
+-+--------------+------------+----------+
| |RTL Partition |Replication |Instances |
+-+--------------+------------+----------+
+-+--------------+------------+----------+
---------------------------------------------------------------------------------
Start IO Insertion
---------------------------------------------------------------------------------
---------------------------------------------------------------------------------
Start Flattening Before IO Insertion
---------------------------------------------------------------------------------
---------------------------------------------------------------------------------
Finished Flattening Before IO Insertion
---------------------------------------------------------------------------------
---------------------------------------------------------------------------------
Start Final Netlist Cleanup
---------------------------------------------------------------------------------
---------------------------------------------------------------------------------
Finished Final Netlist Cleanup
---------------------------------------------------------------------------------
---------------------------------------------------------------------------------
Finished IO Insertion : Time (s): cpu = 00:02:01 ; elapsed = 00:02:39 . Memory (MB): peak = 1943.523 ; gain = 690.988 ; free physical = 119 ; free virtual = 572
---------------------------------------------------------------------------------

Report Check Netlist: 
+------+------------------+-------+---------+-------+------------------+
|      |Item              |Errors |Warnings |Status |Description       |
+------+------------------+-------+---------+-------+------------------+
|1     |multi_driven_nets |      0|        0|Passed |Multi driven nets |
+------+------------------+-------+---------+-------+------------------+
---------------------------------------------------------------------------------
Start Renaming Generated Instances
---------------------------------------------------------------------------------
---------------------------------------------------------------------------------
Finished Renaming Generated Instances : Time (s): cpu = 00:02:01 ; elapsed = 00:02:39 . Memory (MB): peak = 1943.523 ; gain = 690.988 ; free physical = 119 ; free virtual = 572
---------------------------------------------------------------------------------

Report RTL Partitions: 
+-+--------------+------------+----------+
| |RTL Partition |Replication |Instances |
+-+--------------+------------+----------+
+-+--------------+------------+----------+
---------------------------------------------------------------------------------
Start Rebuilding User Hierarchy
---------------------------------------------------------------------------------
---------------------------------------------------------------------------------
Finished Rebuilding User Hierarchy : Time (s): cpu = 00:02:02 ; elapsed = 00:02:40 . Memory (MB): peak = 1943.523 ; gain = 690.988 ; free physical = 118 ; free virtual = 571
---------------------------------------------------------------------------------
---------------------------------------------------------------------------------
Start Renaming Generated Ports
---------------------------------------------------------------------------------
---------------------------------------------------------------------------------
Finished Renaming Generated Ports : Time (s): cpu = 00:02:02 ; elapsed = 00:02:40 . Memory (MB): peak = 1943.523 ; gain = 690.988 ; free physical = 118 ; free virtual = 571
---------------------------------------------------------------------------------
---------------------------------------------------------------------------------
Start Handling Custom Attributes
---------------------------------------------------------------------------------
---------------------------------------------------------------------------------
Finished Handling Custom Attributes : Time (s): cpu = 00:02:05 ; elapsed = 00:02:43 . Memory (MB): peak = 1943.523 ; gain = 690.988 ; free physical = 108 ; free virtual = 571
---------------------------------------------------------------------------------
---------------------------------------------------------------------------------
Start Renaming Generated Nets
---------------------------------------------------------------------------------
---------------------------------------------------------------------------------
Finished Renaming Generated Nets : Time (s): cpu = 00:02:05 ; elapsed = 00:02:43 . Memory (MB): peak = 1943.523 ; gain = 690.988 ; free physical = 106 ; free virtual = 571
---------------------------------------------------------------------------------
---------------------------------------------------------------------------------
Start Writing Synthesis Report
---------------------------------------------------------------------------------

Report BlackBoxes: 
+-+--------------+----------+
| |BlackBox name |Instances |
+-+--------------+----------+
+-+--------------+----------+

Report Cell Usage: 
+------+-------+------+
|      |Cell   |Count |
+------+-------+------+
|1     |CARRY4 |     3|
|2     |LUT1   |    37|
|3     |LUT2   |  2879|
|4     |LUT3   |  1254|
|5     |LUT4   |  1082|
|6     |LUT5   |  1247|
|7     |LUT6   |  5060|
|8     |MUXF7  |  1280|
|9     |MUXF8  |   640|
|10    |FDCE   |  1617|
|11    |FDPE   |  1152|
|12    |FDRE   |  7104|
|13    |FDSE   |    79|
|14    |LDC    |  1152|
+------+-------+------+

Report Instance Areas: 
+------+--------------------------------+-----------------------+------+
|      |Instance                        |Module                 |Cells |
+------+--------------------------------+-----------------------+------+
|1     |top                             |                       | 24586|
|2     |  U0                            |ip_sha3v5_v1_0         | 24586|
|3     |    ip_sha3v5_v1_0_S00_AXI_inst |ip_sha3v5_v1_0_S00_AXI | 24586|
+------+--------------------------------+-----------------------+------+
---------------------------------------------------------------------------------
Finished Writing Synthesis Report : Time (s): cpu = 00:02:05 ; elapsed = 00:02:43 . Memory (MB): peak = 1943.523 ; gain = 690.988 ; free physical = 106 ; free virtual = 571
---------------------------------------------------------------------------------
Synthesis finished with 0 errors, 0 critical warnings and 106 warnings.
Synthesis Optimization Runtime : Time (s): cpu = 00:01:55 ; elapsed = 00:02:22 . Memory (MB): peak = 1947.434 ; gain = 352.297 ; free physical = 1853 ; free virtual = 2427
Synthesis Optimization Complete : Time (s): cpu = 00:02:06 ; elapsed = 00:02:44 . Memory (MB): peak = 1947.434 ; gain = 694.898 ; free physical = 1847 ; free virtual = 2427
INFO: [Project 1-571] Translating synthesized netlist
INFO: [Netlist 29-17] Analyzing 3075 Unisim elements for replacement
INFO: [Netlist 29-28] Unisim Transformation completed in 0 CPU seconds
WARNING: [Netlist 29-101] Netlist 'diagramm_ip_sha3v5_0_0' is not ideal for floorplanning, since the cellview 'ip_sha3v5_v1_0_S00_AXI' contains a large number of primitives.  Please consider enabling hierarchy in synthesis if you want to do floorplanning.
INFO: [Project 1-570] Preparing netlist for logic optimization
INFO: [Opt 31-138] Pushed 0 inverter(s) to 0 load pin(s).
INFO: [Project 1-111] Unisim Transformation Summary:
  A total of 1152 instances were transformed.
  LDC => LDCE: 1152 instances

INFO: [Common 17-83] Releasing license: Synthesis
324 Infos, 118 Warnings, 0 Critical Warnings and 0 Errors encountered.
synth_design completed successfully
synth_design: Time (s): cpu = 00:02:10 ; elapsed = 00:02:48 . Memory (MB): peak = 1983.543 ; gain = 742.574 ; free physical = 1821 ; free virtual = 2462
WARNING: [Constraints 18-5210] No constraint will be written out.
INFO: [Common 17-1381] The checkpoint '/home/anzhelika/projekt/diplom/debug_progectv5/debug_sha3/debug_sha3.runs/diagramm_ip_sha3v5_0_0_synth_1/diagramm_ip_sha3v5_0_0.dcp' has been generated.
